2009.08.31 00:13 B E:\Projects\Creamy's Wonderland\Sources\Alice_Front.jpg <-- Creamy's Wonderland /creamyg.planetquake.gamespy.com/Sources Alice_Front.jpg
2009.08.31 00:13 B E:\Projects\Creamy's Wonderland\Sources\Alice_Side.jpg <-- Creamy's Wonderland /creamyg.planetquake.gamespy.com/Sources Alice_Side.jpg
2009.08.31 00:13 B E:\Projects\Creamy's Wonderland\Sources\Austin_Baseball02.jpg <-- Creamy's Wonderland /creamyg.planetquake.gamespy.com/Sources Austin_Baseball02.jpg
2009.08.31 00:13 B E:\Projects\Creamy's Wonderland\Sources\Austin_Icon(masked).gif <-- Creamy's Wonderland /creamyg.planetquake.gamespy.com/Sources Austin_Icon(masked).gif
2009.08.31 00:13 B E:\Projects\Creamy's Wonderland\Sources\Blossom_-_Knock_Down.gif <-- Creamy's Wonderland /creamyg.planetquake.gamespy.com/Sources Blossom_-_Knock_Down.gif
2009.08.31 00:13 B E:\Projects\Creamy's Wonderland\Sources\Bubbles_-_Knock_Down.gif <-- Creamy's Wonderland /creamyg.planetquake.gamespy.com/Sources Bubbles_-_Knock_Down.gif
2009.08.31 00:13 B E:\Projects\Creamy's Wonderland\Sources\C_Hart01.jpg <-- Creamy's Wonderland /creamyg.planetquake.gamespy.com/Sources C_Hart01.jpg
2009.08.31 00:13 B E:\Projects\Creamy's Wonderland\Sources\C_Hart02.jpg <-- Creamy's Wonderland /creamyg.planetquake.gamespy.com/Sources C_Hart02.jpg
2009.08.31 00:13 B E:\Projects\Creamy's Wonderland\Sources\C_Hart03.jpg <-- Creamy's Wonderland /creamyg.planetquake.gamespy.com/Sources C_Hart03.jpg
2009.08.31 00:13 B E:\Projects\Creamy's Wonderland\Sources\CES_Chassis_-_Left.jpg <-- Creamy's Wonderland /creamyg.planetquake.gamespy.com/Sources CES_Chassis_-_Left.jpg
2009.08.31 00:13 B E:\Projects\Creamy's Wonderland\Sources\CES_Chassis_-_Right.jpg <-- Creamy's Wonderland /creamyg.planetquake.gamespy.com/Sources CES_Chassis_-_Right.jpg
2009.08.31 00:13 B E:\Projects\Creamy's Wonderland\Sources\CES_Final_Glow.jpg <-- Creamy's Wonderland /creamyg.planetquake.gamespy.com/Sources CES_Final_Glow.jpg
2009.08.31 00:13 B E:\Projects\Creamy's Wonderland\Sources\CES_Final_Setup.jpg <-- Creamy's Wonderland /creamyg.planetquake.gamespy.com/Sources CES_Final_Setup.jpg
2009.08.31 00:13 B E:\Projects\Creamy's Wonderland\Sources\chiQ(Jatoten_Rascot).jpg <-- Creamy's Wonderland /creamyg.planetquake.gamespy.com/Sources chiQ(Jatoten_Rascot).jpg
2009.08.31 00:13 B E:\Projects\Creamy's Wonderland\Sources\CI_Photomontage_v2.jpg <-- Creamy's Wonderland /creamyg.planetquake.gamespy.com/Sources CI_Photomontage_v2.jpg
2009.08.31 00:13 B E:\Projects\Creamy's Wonderland\Sources\Creamy's_First_AAA.jpg <-- Creamy's Wonderland /creamyg.planetquake.gamespy.com/Sources Creamy's_First_AAA.jpg
2009.08.31 00:13 B E:\Projects\Creamy's Wonderland\Sources\Creamy's_Second_AAA.jpg <-- Creamy's Wonderland /creamyg.planetquake.gamespy.com/Sources Creamy's_Second_AAA.jpg
2009.08.31 00:13 B E:\Projects\Creamy's Wonderland\Sources\creamy01.jpg <-- Creamy's Wonderland /creamyg.planetquake.gamespy.com/Sources creamy01.jpg
2009.08.31 00:13 B E:\Projects\Creamy's Wonderland\Sources\Creamy_and_his_Baby02.jpg <-- Creamy's Wonderland /creamyg.planetquake.gamespy.com/Sources Creamy_and_his_Baby02.jpg
2009.08.31 00:13 B E:\Projects\Creamy's Wonderland\Sources\Creamy_and_his_Baby03.jpg <-- Creamy's Wonderland /creamyg.planetquake.gamespy.com/Sources Creamy_and_his_Baby03.jpg
2009.08.31 00:13 B E:\Projects\Creamy's Wonderland\Sources\Creamy_As_Devil_Zukin02(Downsampled).jpg <-- Creamy's Wonderland /creamyg.planetquake.gamespy.com/Sources Creamy_As_Devil_Zukin02(Downsampled).jpg
2009.08.31 00:13 B E:\Projects\Creamy's Wonderland\Sources\Creamy_Conquers_Gravity.jpg <-- Creamy's Wonderland /creamyg.planetquake.gamespy.com/Sources Creamy_Conquers_Gravity.jpg
2009.08.31 00:13 B E:\Projects\Creamy's Wonderland\Sources\CW_-_Unwanted_Link.gif <-- Creamy's Wonderland /creamyg.planetquake.gamespy.com/Sources CW_-_Unwanted_Link.gif
2009.08.31 00:13 B E:\Projects\Creamy's Wonderland\Sources\CW_-_Unwanted_Link02.gif <-- Creamy's Wonderland /creamyg.planetquake.gamespy.com/Sources CW_-_Unwanted_Link02.gif
2009.08.31 00:13 B E:\Projects\Creamy's Wonderland\Sources\CW_-_Unwanted_Link03.gif <-- Creamy's Wonderland /creamyg.planetquake.gamespy.com/Sources CW_-_Unwanted_Link03.gif
2009.08.31 00:13 B E:\Projects\Creamy's Wonderland\Sources\Dib_Icon(masked).gif <-- Creamy's Wonderland /creamyg.planetquake.gamespy.com/Sources Dib_Icon(masked).gif
2009.08.31 00:13 B E:\Projects\Creamy's Wonderland\Sources\Dib_Icon01.gif <-- Creamy's Wonderland /creamyg.planetquake.gamespy.com/Sources Dib_Icon01.gif
2009.08.31 00:13 B E:\Projects\Creamy's Wonderland\Sources\Dib_Icon02.gif <-- Creamy's Wonderland /creamyg.planetquake.gamespy.com/Sources Dib_Icon02.gif
2009.08.31 00:13 B E:\Projects\Creamy's Wonderland\Sources\Dib_Icon03.gif <-- Creamy's Wonderland /creamyg.planetquake.gamespy.com/Sources Dib_Icon03.gif
2009.08.31 00:13 B E:\Projects\Creamy's Wonderland\Sources\Dib_Icon04.gif <-- Creamy's Wonderland /creamyg.planetquake.gamespy.com/Sources Dib_Icon04.gif
2009.08.31 00:13 B E:\Projects\Creamy's Wonderland\Sources\Dib_Icon05.gif <-- Creamy's Wonderland /creamyg.planetquake.gamespy.com/Sources Dib_Icon05.gif
2009.08.31 00:13 B E:\Projects\Creamy's Wonderland\Sources\Dib_Icon06.gif <-- Creamy's Wonderland /creamyg.planetquake.gamespy.com/Sources Dib_Icon06.gif
2009.08.31 00:13 B E:\Projects\Creamy's Wonderland\Sources\Dib_Icon07.gif <-- Creamy's Wonderland /creamyg.planetquake.gamespy.com/Sources Dib_Icon07.gif
2009.08.31 00:13 B E:\Projects\Creamy's Wonderland\Sources\Dib_Icon08.gif <-- Creamy's Wonderland /creamyg.planetquake.gamespy.com/Sources Dib_Icon08.gif
2009.08.31 00:13 B E:\Projects\Creamy's Wonderland\Sources\Dib_Icon09.gif <-- Creamy's Wonderland /creamyg.planetquake.gamespy.com/Sources Dib_Icon09.gif
2009.08.31 00:13 B E:\Projects\Creamy's Wonderland\Sources\Dib_Model_Angle01.jpg <-- Creamy's Wonderland /creamyg.planetquake.gamespy.com/Sources Dib_Model_Angle01.jpg
2009.08.31 00:13 B E:\Projects\Creamy's Wonderland\Sources\Dib_Model_Angle02.jpg <-- Creamy's Wonderland /creamyg.planetquake.gamespy.com/Sources Dib_Model_Angle02.jpg
2009.08.31 00:13 B E:\Projects\Creamy's Wonderland\Sources\dib_model_front01.jpg <-- Creamy's Wonderland /creamyg.planetquake.gamespy.com/Sources dib_model_front01.jpg
2009.08.31 00:13 B E:\Projects\Creamy's Wonderland\Sources\Dib_Model_Profile01.jpg <-- Creamy's Wonderland /creamyg.planetquake.gamespy.com/Sources Dib_Model_Profile01.jpg
2009.08.31 00:13 B E:\Projects\Creamy's Wonderland\Sources\Dib_Model_Top01.jpg <-- Creamy's Wonderland /creamyg.planetquake.gamespy.com/Sources Dib_Model_Top01.jpg
2009.08.31 00:13 B E:\Projects\Creamy's Wonderland\Sources\Die_Bitch.jpg <-- Creamy's Wonderland /creamyg.planetquake.gamespy.com/Sources Die_Bitch.jpg
2009.08.31 00:13 B E:\Projects\Creamy's Wonderland\Sources\Diva_Blood01.jpg <-- Creamy's Wonderland /creamyg.planetquake.gamespy.com/Sources Diva_Blood01.jpg
2009.08.31 00:13 B E:\Projects\Creamy's Wonderland\Sources\Diva_Blood02.jpg <-- Creamy's Wonderland /creamyg.planetquake.gamespy.com/Sources Diva_Blood02.jpg
2009.08.31 00:13 B E:\Projects\Creamy's Wonderland\Sources\Dr_Inferno01.jpg <-- Creamy's Wonderland /creamyg.planetquake.gamespy.com/Sources Dr_Inferno01.jpg
2009.08.31 00:13 B E:\Projects\Creamy's Wonderland\Sources\Dr_Inferno02.jpg <-- Creamy's Wonderland /creamyg.planetquake.gamespy.com/Sources Dr_Inferno02.jpg
2009.08.31 00:13 B E:\Projects\Creamy's Wonderland\Sources\driftlock.gif <-- Creamy's Wonderland /creamyg.planetquake.gamespy.com/Sources driftlock.gif
2009.08.31 00:13 B E:\Projects\Creamy's Wonderland\Sources\driftlock1.gif <-- Creamy's Wonderland /creamyg.planetquake.gamespy.com/Sources driftlock1.gif
2009.08.31 00:13 B E:\Projects\Creamy's Wonderland\Sources\driftlock2.gif <-- Creamy's Wonderland /creamyg.planetquake.gamespy.com/Sources driftlock2.gif
2009.08.31 00:14 B E:\Projects\Creamy's Wonderland\Sources\DSC07573-1.JPG <-- Creamy's Wonderland /creamyg.planetquake.gamespy.com/Sources DSC07573-1.JPG
2009.08.31 00:14 B E:\Projects\Creamy's Wonderland\Sources\DSC07574-1.JPG <-- Creamy's Wonderland /creamyg.planetquake.gamespy.com/Sources DSC07574-1.JPG
2009.08.31 00:14 B E:\Projects\Creamy's Wonderland\Sources\DSC07576-1.JPG <-- Creamy's Wonderland /creamyg.planetquake.gamespy.com/Sources DSC07576-1.JPG
2009.08.31 00:14 B E:\Projects\Creamy's Wonderland\Sources\DSC07577-1.JPG <-- Creamy's Wonderland /creamyg.planetquake.gamespy.com/Sources DSC07577-1.JPG
2009.08.31 00:14 B E:\Projects\Creamy's Wonderland\Sources\DSC07579-1.JPG <-- Creamy's Wonderland /creamyg.planetquake.gamespy.com/Sources DSC07579-1.JPG
2009.08.31 00:14 B E:\Projects\Creamy's Wonderland\Sources\DSC07581-1.JPG <-- Creamy's Wonderland /creamyg.planetquake.gamespy.com/Sources DSC07581-1.JPG
2009.08.31 00:14 B E:\Projects\Creamy's Wonderland\Sources\DSCN0624.JPG <-- Creamy's Wonderland /creamyg.planetquake.gamespy.com/Sources DSCN0624.JPG
2009.08.31 00:14 B E:\Projects\Creamy's Wonderland\Sources\DSCN0627.JPG <-- Creamy's Wonderland /creamyg.planetquake.gamespy.com/Sources DSCN0627.JPG
2009.08.31 00:14 B E:\Projects\Creamy's Wonderland\Sources\DSCN0628.JPG <-- Creamy's Wonderland /creamyg.planetquake.gamespy.com/Sources DSCN0628.JPG
2009.08.31 00:14 B E:\Projects\Creamy's Wonderland\Sources\DSCN0629.JPG <-- Creamy's Wonderland /creamyg.planetquake.gamespy.com/Sources DSCN0629.JPG
2009.08.31 00:14 B E:\Projects\Creamy's Wonderland\Sources\DSCN0630.JPG <-- Creamy's Wonderland /creamyg.planetquake.gamespy.com/Sources DSCN0630.JPG
2009.08.31 00:14 B E:\Projects\Creamy's Wonderland\Sources\DSCN0631.JPG <-- Creamy's Wonderland /creamyg.planetquake.gamespy.com/Sources DSCN0631.JPG
2009.08.31 00:14 B E:\Projects\Creamy's Wonderland\Sources\DSCN0632.JPG <-- Creamy's Wonderland /creamyg.planetquake.gamespy.com/Sources DSCN0632.JPG
2009.08.31 00:14 B E:\Projects\Creamy's Wonderland\Sources\DSCN0633.JPG <-- Creamy's Wonderland /creamyg.planetquake.gamespy.com/Sources DSCN0633.JPG
2009.08.31 00:14 B E:\Projects\Creamy's Wonderland\Sources\DSCN0634.JPG <-- Creamy's Wonderland /creamyg.planetquake.gamespy.com/Sources DSCN0634.JPG
2009.08.31 00:14 B E:\Projects\Creamy's Wonderland\Sources\DSCN0635.JPG <-- Creamy's Wonderland /creamyg.planetquake.gamespy.com/Sources DSCN0635.JPG
2009.08.31 00:14 B E:\Projects\Creamy's Wonderland\Sources\DSCN0636.JPG <-- Creamy's Wonderland /creamyg.planetquake.gamespy.com/Sources DSCN0636.JPG
2009.08.31 00:14 B E:\Projects\Creamy's Wonderland\Sources\DSCN0637.JPG <-- Creamy's Wonderland /creamyg.planetquake.gamespy.com/Sources DSCN0637.JPG
2009.08.31 00:14 B E:\Projects\Creamy's Wonderland\Sources\DSCN0638.JPG <-- Creamy's Wonderland /creamyg.planetquake.gamespy.com/Sources DSCN0638.JPG
2009.08.31 00:14 B E:\Projects\Creamy's Wonderland\Sources\DSCN0639.JPG <-- Creamy's Wonderland /creamyg.planetquake.gamespy.com/Sources DSCN0639.JPG
2009.08.31 00:14 B E:\Projects\Creamy's Wonderland\Sources\DSCN0641.JPG <-- Creamy's Wonderland /creamyg.planetquake.gamespy.com/Sources DSCN0641.JPG
2009.08.31 00:15 B E:\Projects\Creamy's Wonderland\Sources\ejw_chestr.gif <-- Creamy's Wonderland /creamyg.planetquake.gamespy.com/Sources ejw_chestr.gif
2009.08.31 00:15 B E:\Projects\Creamy's Wonderland\Sources\Emulated_permission.jpg <-- Creamy's Wonderland /creamyg.planetquake.gamespy.com/Sources Emulated_permission.jpg
2009.08.31 00:15 B E:\Projects\Creamy's Wonderland\Sources\F2K_Flamingo.jpg <-- Creamy's Wonderland /creamyg.planetquake.gamespy.com/Sources F2K_Flamingo.jpg
2009.08.31 00:15 B E:\Projects\Creamy's Wonderland\Sources\Frankie1.gif <-- Creamy's Wonderland /creamyg.planetquake.gamespy.com/Sources Frankie1.gif
2009.08.31 00:15 B E:\Projects\Creamy's Wonderland\Sources\Frankie2.gif <-- Creamy's Wonderland /creamyg.planetquake.gamespy.com/Sources Frankie2.gif
2009.08.31 00:15 B E:\Projects\Creamy's Wonderland\Sources\Frankie3.gif <-- Creamy's Wonderland /creamyg.planetquake.gamespy.com/Sources Frankie3.gif
2009.08.31 00:15 B E:\Projects\Creamy's Wonderland\Sources\Gouken_-_Ground.gif <-- Creamy's Wonderland /creamyg.planetquake.gamespy.com/Sources Gouken_-_Ground.gif
2009.08.31 00:15 B E:\Projects\Creamy's Wonderland\Sources\Gouken_-_Knock_Down.gif <-- Creamy's Wonderland /creamyg.planetquake.gamespy.com/Sources Gouken_-_Knock_Down.gif
2009.08.31 00:15 B E:\Projects\Creamy's Wonderland\Sources\Helga&Summer01.jpg <-- Creamy's Wonderland /creamyg.planetquake.gamespy.com/Sources Helga&Summer01.jpg
2009.08.31 00:15 B E:\Projects\Creamy's Wonderland\Sources\Helga_02.jpg <-- Creamy's Wonderland /creamyg.planetquake.gamespy.com/Sources Helga_02.jpg
2009.08.31 00:15 B E:\Projects\Creamy's Wonderland\Sources\Jatoten&Austin01.jpg <-- Creamy's Wonderland /creamyg.planetquake.gamespy.com/Sources Jatoten&Austin01.jpg
2009.08.31 00:15 B E:\Projects\Creamy's Wonderland\Sources\Jatoten&Austin02.jpg <-- Creamy's Wonderland /creamyg.planetquake.gamespy.com/Sources Jatoten&Austin02.jpg
2009.08.31 00:15 B E:\Projects\Creamy's Wonderland\Sources\Jenny's_boy.jpg <-- Creamy's Wonderland /creamyg.planetquake.gamespy.com/Sources Jenny's_boy.jpg
2009.08.31 00:15 B E:\Projects\Creamy's Wonderland\Sources\JRascot_DFProject.jpg <-- Creamy's Wonderland /creamyg.planetquake.gamespy.com/Sources JRascot_DFProject.jpg
2009.08.31 00:15 B E:\Projects\Creamy's Wonderland\Sources\Lego_Rascot.jpg <-- Creamy's Wonderland /creamyg.planetquake.gamespy.com/Sources Lego_Rascot.jpg
2009.08.31 00:15 B E:\Projects\Creamy's Wonderland\Sources\mlo03.jpg <-- Creamy's Wonderland /creamyg.planetquake.gamespy.com/Sources mlo03.jpg
2009.08.31 00:15 B E:\Projects\Creamy's Wonderland\Sources\Oinkillune_Angles01.jpg <-- Creamy's Wonderland /creamyg.planetquake.gamespy.com/Sources Oinkillune_Angles01.jpg
2009.08.31 00:15 B E:\Projects\Creamy's Wonderland\Sources\Oinkillune_Heads01.jpg <-- Creamy's Wonderland /creamyg.planetquake.gamespy.com/Sources Oinkillune_Heads01.jpg
2009.08.31 00:15 B E:\Projects\Creamy's Wonderland\Sources\Oinkillune_Profile02.jpg <-- Creamy's Wonderland /creamyg.planetquake.gamespy.com/Sources Oinkillune_Profile02.jpg
2009.08.31 00:15 B E:\Projects\Creamy's Wonderland\Sources\Oinkillune_Uneven.jpg <-- Creamy's Wonderland /creamyg.planetquake.gamespy.com/Sources Oinkillune_Uneven.jpg
2009.08.31 00:15 B E:\Projects\Creamy's Wonderland\Sources\P_Blair02.jpg <-- Creamy's Wonderland /creamyg.planetquake.gamespy.com/Sources P_Blair02.jpg
2009.08.31 00:15 B E:\Projects\Creamy's Wonderland\Sources\P_Blair03.jpg <-- Creamy's Wonderland /creamyg.planetquake.gamespy.com/Sources P_Blair03.jpg
2009.08.31 00:15 B E:\Projects\Creamy's Wonderland\Sources\P_Blair04.jpg <-- Creamy's Wonderland /creamyg.planetquake.gamespy.com/Sources P_Blair04.jpg
2009.08.31 00:15 B E:\Projects\Creamy's Wonderland\Sources\PC1.gif <-- Creamy's Wonderland /creamyg.planetquake.gamespy.com/Sources PC1.gif
2009.08.31 00:15 B E:\Projects\Creamy's Wonderland\Sources\PC10.gif <-- Creamy's Wonderland /creamyg.planetquake.gamespy.com/Sources PC10.gif
2009.08.31 00:15 B E:\Projects\Creamy's Wonderland\Sources\PC2.gif <-- Creamy's Wonderland /creamyg.planetquake.gamespy.com/Sources PC2.gif
2009.08.31 00:15 B E:\Projects\Creamy's Wonderland\Sources\PC3.gif <-- Creamy's Wonderland /creamyg.planetquake.gamespy.com/Sources PC3.gif
2009.08.31 00:15 B E:\Projects\Creamy's Wonderland\Sources\PC4.gif <-- Creamy's Wonderland /creamyg.planetquake.gamespy.com/Sources PC4.gif
2009.08.31 00:15 B E:\Projects\Creamy's Wonderland\Sources\PC5.gif <-- Creamy's Wonderland /creamyg.planetquake.gamespy.com/Sources PC5.gif
2009.08.31 00:15 B E:\Projects\Creamy's Wonderland\Sources\PC6.gif <-- Creamy's Wonderland /creamyg.planetquake.gamespy.com/Sources PC6.gif
2009.08.31 00:15 B E:\Projects\Creamy's Wonderland\Sources\PC7.gif <-- Creamy's Wonderland /creamyg.planetquake.gamespy.com/Sources PC7.gif
2009.08.31 00:15 B E:\Projects\Creamy's Wonderland\Sources\PC8.gif <-- Creamy's Wonderland /creamyg.planetquake.gamespy.com/Sources PC8.gif
2009.08.31 00:15 B E:\Projects\Creamy's Wonderland\Sources\PC9.gif <-- Creamy's Wonderland /creamyg.planetquake.gamespy.com/Sources PC9.gif
2009.08.31 00:15 B E:\Projects\Creamy's Wonderland\Sources\PCG.jpg <-- Creamy's Wonderland /creamyg.planetquake.gamespy.com/Sources PCG.jpg
2009.08.31 00:15 B E:\Projects\Creamy's Wonderland\Sources\PoR_permission.jpg <-- Creamy's Wonderland /creamyg.planetquake.gamespy.com/Sources PoR_permission.jpg
2009.08.31 00:15 B E:\Projects\Creamy's Wonderland\Sources\Rascot's_Desktop_1024x768(Millionaire).jpg <-- Creamy's Wonderland /creamyg.planetquake.gamespy.com/Sources Rascot's_Desktop_1024x768(Millionaire).jpg
2009.08.31 00:15 B E:\Projects\Creamy's Wonderland\Sources\Reiko_-_Knock_Down01.gif <-- Creamy's Wonderland /creamyg.planetquake.gamespy.com/Sources Reiko_-_Knock_Down01.gif
2009.08.31 00:15 B E:\Projects\Creamy's Wonderland\Sources\Reiko_-_Knock_Down02.gif <-- Creamy's Wonderland /creamyg.planetquake.gamespy.com/Sources Reiko_-_Knock_Down02.gif
2009.08.31 00:15 B E:\Projects\Creamy's Wonderland\Sources\Reiko_-_Knock_Down03.gif <-- Creamy's Wonderland /creamyg.planetquake.gamespy.com/Sources Reiko_-_Knock_Down03.gif
2009.08.31 00:15 B E:\Projects\Creamy's Wonderland\Sources\Reiko_-_Stand.gif <-- Creamy's Wonderland /creamyg.planetquake.gamespy.com/Sources Reiko_-_Stand.gif
2009.08.31 00:15 B E:\Projects\Creamy's Wonderland\Sources\Royal_Flush.jpg <-- Creamy's Wonderland /creamyg.planetquake.gamespy.com/Sources Royal_Flush.jpg
2009.08.31 00:15 B E:\Projects\Creamy's Wonderland\Sources\sp_j&a.jpg <-- Creamy's Wonderland /creamyg.planetquake.gamespy.com/Sources sp_j&a.jpg
2009.08.31 00:15 B E:\Projects\Creamy's Wonderland\Sources\sp_Rascot.gif <-- Creamy's Wonderland /creamyg.planetquake.gamespy.com/Sources sp_Rascot.gif
2009.08.31 00:15 B E:\Projects\Creamy's Wonderland\Sources\stfu6.jpg <-- Creamy's Wonderland /creamyg.planetquake.gamespy.com/Sources stfu6.jpg
2009.08.31 00:15 B E:\Projects\Creamy's Wonderland\Sources\Stunned.jpg <-- Creamy's Wonderland /creamyg.planetquake.gamespy.com/Sources Stunned.jpg
2009.08.31 00:15 B E:\Projects\Creamy's Wonderland\Sources\Summer_01.jpg <-- Creamy's Wonderland /creamyg.planetquake.gamespy.com/Sources Summer_01.jpg
2009.08.31 00:15 B E:\Projects\Creamy's Wonderland\Sources\Table_Battle_v1.jpg <-- Creamy's Wonderland /creamyg.planetquake.gamespy.com/Sources Table_Battle_v1.jpg
2009.08.31 00:15 B E:\Projects\Creamy's Wonderland\Sources\twin_towers.jpg <-- Creamy's Wonderland /creamyg.planetquake.gamespy.com/Sources twin_towers.jpg
2009.08.31 00:15 B E:\Projects\Creamy's Wonderland\Sources\Westin_permission.jpg <-- Creamy's Wonderland /creamyg.planetquake.gamespy.com/Sources Westin_permission.jpg
2009.08.31 00:16 B E:\Projects\Creamy's Wonderland\Sources\wtf_wtc.jpg <-- Creamy's Wonderland /creamyg.planetquake.gamespy.com/Sources wtf_wtc.jpg
2009.08.31 00:16 B E:\Projects\Creamy's Wonderland\Sources\Alice_Front.jpg --> ftp.hugelaser.com /Sources Alice_Front.jpg
2009.08.31 00:16 B E:\Projects\Creamy's Wonderland\Sources\Alice_Side.jpg --> ftp.hugelaser.com /Sources Alice_Side.jpg
2009.08.31 00:16 B E:\Projects\Creamy's Wonderland\Sources\Austin_Baseball02.jpg --> ftp.hugelaser.com /Sources Austin_Baseball02.jpg
2009.08.31 00:16 B E:\Projects\Creamy's Wonderland\Sources\Austin_Icon(masked).gif --> ftp.hugelaser.com /Sources Austin_Icon(masked).gif
2009.08.31 00:16 B E:\Projects\Creamy's Wonderland\Sources\Blossom_-_Knock_Down.gif --> ftp.hugelaser.com /Sources Blossom_-_Knock_Down.gif
2009.08.31 00:17 B E:\Projects\Creamy's Wonderland\Sources\Bubbles_-_Knock_Down.gif --> ftp.hugelaser.com /Sources Bubbles_-_Knock_Down.gif
2009.08.31 00:17 B E:\Projects\Creamy's Wonderland\Sources\C_Hart01.jpg --> ftp.hugelaser.com /Sources C_Hart01.jpg
2009.08.31 00:17 B E:\Projects\Creamy's Wonderland\Sources\C_Hart02.jpg --> ftp.hugelaser.com /Sources C_Hart02.jpg
2009.08.31 00:17 B E:\Projects\Creamy's Wonderland\Sources\C_Hart03.jpg --> ftp.hugelaser.com /Sources C_Hart03.jpg
2009.08.31 00:17 B E:\Projects\Creamy's Wonderland\Sources\CES_Chassis_-_Left.jpg --> ftp.hugelaser.com /Sources CES_Chassis_-_Left.jpg
2009.08.31 00:17 B E:\Projects\Creamy's Wonderland\Sources\CES_Chassis_-_Right.jpg --> ftp.hugelaser.com /Sources CES_Chassis_-_Right.jpg
2009.08.31 00:17 B E:\Projects\Creamy's Wonderland\Sources\CES_Final_Glow.jpg --> ftp.hugelaser.com /Sources CES_Final_Glow.jpg
2009.08.31 00:17 B E:\Projects\Creamy's Wonderland\Sources\CES_Final_Setup.jpg --> ftp.hugelaser.com /Sources CES_Final_Setup.jpg
2009.08.31 00:17 B E:\Projects\Creamy's Wonderland\Sources\chiQ(Jatoten_Rascot).jpg --> ftp.hugelaser.com /Sources chiQ(Jatoten_Rascot).jpg
2009.08.31 00:17 B E:\Projects\Creamy's Wonderland\Sources\CI_Photomontage_v2.jpg --> ftp.hugelaser.com /Sources CI_Photomontage_v2.jpg
2009.08.31 00:17 B E:\Projects\Creamy's Wonderland\Sources\Creamy's_First_AAA.jpg --> ftp.hugelaser.com /Sources Creamy's_First_AAA.jpg
2009.08.31 00:17 B E:\Projects\Creamy's Wonderland\Sources\Creamy's_Second_AAA.jpg --> ftp.hugelaser.com /Sources Creamy's_Second_AAA.jpg
2009.08.31 00:17 B E:\Projects\Creamy's Wonderland\Sources\creamy01.jpg --> ftp.hugelaser.com /Sources creamy01.jpg
2009.08.31 00:17 B E:\Projects\Creamy's Wonderland\Sources\Creamy_and_his_Baby02.jpg --> ftp.hugelaser.com /Sources Creamy_and_his_Baby02.jpg
2009.08.31 00:17 B E:\Projects\Creamy's Wonderland\Sources\Creamy_and_his_Baby03.jpg --> ftp.hugelaser.com /Sources Creamy_and_his_Baby03.jpg
2009.08.31 00:17 B E:\Projects\Creamy's Wonderland\Sources\Creamy_As_Devil_Zukin02(Downsampled).jpg --> ftp.hugelaser.com /Sources Creamy_As_Devil_Zukin02(Downsampled).jpg
2009.08.31 00:17 B E:\Projects\Creamy's Wonderland\Sources\Creamy_Conquers_Gravity.jpg --> ftp.hugelaser.com /Sources Creamy_Conquers_Gravity.jpg
2009.08.31 00:17 B E:\Projects\Creamy's Wonderland\Sources\CW_-_Unwanted_Link.gif --> ftp.hugelaser.com /Sources CW_-_Unwanted_Link.gif
2009.08.31 00:17 B E:\Projects\Creamy's Wonderland\Sources\CW_-_Unwanted_Link02.gif --> ftp.hugelaser.com /Sources CW_-_Unwanted_Link02.gif
2009.08.31 00:17 B E:\Projects\Creamy's Wonderland\Sources\CW_-_Unwanted_Link03.gif --> ftp.hugelaser.com /Sources CW_-_Unwanted_Link03.gif
2009.08.31 00:17 B E:\Projects\Creamy's Wonderland\Sources\Dib_Icon(masked).gif --> ftp.hugelaser.com /Sources Dib_Icon(masked).gif
2009.08.31 00:17 B E:\Projects\Creamy's Wonderland\Sources\Dib_Icon01.gif --> ftp.hugelaser.com /Sources Dib_Icon01.gif
2009.08.31 00:17 B E:\Projects\Creamy's Wonderland\Sources\Dib_Icon02.gif --> ftp.hugelaser.com /Sources Dib_Icon02.gif
2009.08.31 00:17 B E:\Projects\Creamy's Wonderland\Sources\Dib_Icon03.gif --> ftp.hugelaser.com /Sources Dib_Icon03.gif
2009.08.31 00:17 B E:\Projects\Creamy's Wonderland\Sources\Dib_Icon04.gif --> ftp.hugelaser.com /Sources Dib_Icon04.gif
2009.08.31 00:17 B E:\Projects\Creamy's Wonderland\Sources\Dib_Icon05.gif --> ftp.hugelaser.com /Sources Dib_Icon05.gif
2009.08.31 00:17 B E:\Projects\Creamy's Wonderland\Sources\Dib_Icon06.gif --> ftp.hugelaser.com /Sources Dib_Icon06.gif
2009.08.31 00:17 B E:\Projects\Creamy's Wonderland\Sources\Dib_Icon07.gif --> ftp.hugelaser.com /Sources Dib_Icon07.gif
2009.08.31 00:17 B E:\Projects\Creamy's Wonderland\Sources\Dib_Icon08.gif --> ftp.hugelaser.com /Sources Dib_Icon08.gif
2009.08.31 00:17 B E:\Projects\Creamy's Wonderland\Sources\Dib_Icon09.gif --> ftp.hugelaser.com /Sources Dib_Icon09.gif
2009.08.31 00:17 B E:\Projects\Creamy's Wonderland\Sources\Dib_Model_Angle01.jpg --> ftp.hugelaser.com /Sources Dib_Model_Angle01.jpg
2009.08.31 00:17 B E:\Projects\Creamy's Wonderland\Sources\Dib_Model_Angle02.jpg --> ftp.hugelaser.com /Sources Dib_Model_Angle02.jpg
2009.08.31 00:17 B E:\Projects\Creamy's Wonderland\Sources\dib_model_front01.jpg --> ftp.hugelaser.com /Sources dib_model_front01.jpg
2009.08.31 00:17 B E:\Projects\Creamy's Wonderland\Sources\Dib_Model_Profile01.jpg --> ftp.hugelaser.com /Sources Dib_Model_Profile01.jpg
2009.08.31 00:17 B E:\Projects\Creamy's Wonderland\Sources\Dib_Model_Top01.jpg --> ftp.hugelaser.com /Sources Dib_Model_Top01.jpg
2009.08.31 00:17 B E:\Projects\Creamy's Wonderland\Sources\Die_Bitch.jpg --> ftp.hugelaser.com /Sources Die_Bitch.jpg
2009.08.31 00:17 B E:\Projects\Creamy's Wonderland\Sources\Diva_Blood01.jpg --> ftp.hugelaser.com /Sources Diva_Blood01.jpg
2009.08.31 00:17 B E:\Projects\Creamy's Wonderland\Sources\Diva_Blood02.jpg --> ftp.hugelaser.com /Sources Diva_Blood02.jpg
2009.08.31 00:17 B E:\Projects\Creamy's Wonderland\Sources\Dr_Inferno01.jpg --> ftp.hugelaser.com /Sources Dr_Inferno01.jpg
2009.08.31 00:17 B E:\Projects\Creamy's Wonderland\Sources\Dr_Inferno02.jpg --> ftp.hugelaser.com /Sources Dr_Inferno02.jpg
2009.08.31 00:17 B E:\Projects\Creamy's Wonderland\Sources\driftlock.gif --> ftp.hugelaser.com /Sources driftlock.gif
2009.08.31 00:17 B E:\Projects\Creamy's Wonderland\Sources\driftlock1.gif --> ftp.hugelaser.com /Sources driftlock1.gif
2009.08.31 00:17 B E:\Projects\Creamy's Wonderland\Sources\driftlock2.gif --> ftp.hugelaser.com /Sources driftlock2.gif
2009.08.31 00:17 B E:\Projects\Creamy's Wonderland\Sources\DSC07573-1.JPG --> ftp.hugelaser.com /Sources DSC07573-1.JPG
2009.08.31 00:17 B E:\Projects\Creamy's Wonderland\Sources\DSC07574-1.JPG --> ftp.hugelaser.com /Sources DSC07574-1.JPG
2009.08.31 00:17 B E:\Projects\Creamy's Wonderland\Sources\DSC07576-1.JPG --> ftp.hugelaser.com /Sources DSC07576-1.JPG
2009.08.31 00:18 B E:\Projects\Creamy's Wonderland\Sources\DSC07577-1.JPG --> ftp.hugelaser.com /Sources DSC07577-1.JPG
2009.08.31 00:18 B E:\Projects\Creamy's Wonderland\Sources\DSC07579-1.JPG --> ftp.hugelaser.com /Sources DSC07579-1.JPG
2009.08.31 00:18 B E:\Projects\Creamy's Wonderland\Sources\DSC07581-1.JPG --> ftp.hugelaser.com /Sources DSC07581-1.JPG
2009.08.31 00:18 B E:\Projects\Creamy's Wonderland\Sources\DSCN0624.JPG --> ftp.hugelaser.com /Sources DSCN0624.JPG
2009.08.31 00:18 B E:\Projects\Creamy's Wonderland\Sources\DSCN0627.JPG --> ftp.hugelaser.com /Sources DSCN0627.JPG
2009.08.31 00:18 B E:\Projects\Creamy's Wonderland\Sources\DSCN0628.JPG --> ftp.hugelaser.com /Sources DSCN0628.JPG
2009.08.31 00:18 B E:\Projects\Creamy's Wonderland\Sources\DSCN0629.JPG --> ftp.hugelaser.com /Sources DSCN0629.JPG
2009.08.31 00:18 B E:\Projects\Creamy's Wonderland\Sources\DSCN0630.JPG --> ftp.hugelaser.com /Sources DSCN0630.JPG
2009.08.31 00:18 B E:\Projects\Creamy's Wonderland\Sources\DSCN0631.JPG --> ftp.hugelaser.com /Sources DSCN0631.JPG
2009.08.31 00:19 B E:\Projects\Creamy's Wonderland\Sources\DSCN0632.JPG --> ftp.hugelaser.com /Sources DSCN0632.JPG
2009.08.31 00:19 B E:\Projects\Creamy's Wonderland\Sources\DSCN0633.JPG --> ftp.hugelaser.com /Sources DSCN0633.JPG
2009.08.31 00:19 B E:\Projects\Creamy's Wonderland\Sources\DSCN0634.JPG --> ftp.hugelaser.com /Sources DSCN0634.JPG
2009.08.31 00:19 B E:\Projects\Creamy's Wonderland\Sources\DSCN0635.JPG --> ftp.hugelaser.com /Sources DSCN0635.JPG
2009.08.31 00:19 B E:\Projects\Creamy's Wonderland\Sources\DSCN0636.JPG --> ftp.hugelaser.com /Sources DSCN0636.JPG
2009.08.31 00:19 B E:\Projects\Creamy's Wonderland\Sources\DSCN0637.JPG --> ftp.hugelaser.com /Sources DSCN0637.JPG
2009.08.31 00:19 B E:\Projects\Creamy's Wonderland\Sources\DSCN0638.JPG --> ftp.hugelaser.com /Sources DSCN0638.JPG
2009.08.31 00:19 B E:\Projects\Creamy's Wonderland\Sources\DSCN0639.JPG --> ftp.hugelaser.com /Sources DSCN0639.JPG
2009.08.31 00:19 B E:\Projects\Creamy's Wonderland\Sources\DSCN0641.JPG --> ftp.hugelaser.com /Sources DSCN0641.JPG
2009.08.31 00:20 B E:\Projects\Creamy's Wonderland\Sources\ejw_chestr.gif --> ftp.hugelaser.com /Sources ejw_chestr.gif
2009.08.31 00:20 B E:\Projects\Creamy's Wonderland\Sources\Emulated_permission.jpg --> ftp.hugelaser.com /Sources Emulated_permission.jpg
2009.08.31 00:20 B E:\Projects\Creamy's Wonderland\Sources\F2K_Flamingo.jpg --> ftp.hugelaser.com /Sources F2K_Flamingo.jpg
2009.08.31 00:20 B E:\Projects\Creamy's Wonderland\Sources\Frankie1.gif --> ftp.hugelaser.com /Sources Frankie1.gif
2009.08.31 00:20 B E:\Projects\Creamy's Wonderland\Sources\Frankie2.gif --> ftp.hugelaser.com /Sources Frankie2.gif
2009.08.31 00:20 B E:\Projects\Creamy's Wonderland\Sources\Frankie3.gif --> ftp.hugelaser.com /Sources Frankie3.gif
2009.08.31 00:20 B E:\Projects\Creamy's Wonderland\Sources\Gouken_-_Ground.gif --> ftp.hugelaser.com /Sources Gouken_-_Ground.gif
2009.08.31 00:20 B E:\Projects\Creamy's Wonderland\Sources\Gouken_-_Knock_Down.gif --> ftp.hugelaser.com /Sources Gouken_-_Knock_Down.gif
2009.08.31 00:20 B E:\Projects\Creamy's Wonderland\Sources\Helga&Summer01.jpg --> ftp.hugelaser.com /Sources Helga&Summer01.jpg
2009.08.31 00:20 B E:\Projects\Creamy's Wonderland\Sources\Helga_02.jpg --> ftp.hugelaser.com /Sources Helga_02.jpg
2009.08.31 00:20 B E:\Projects\Creamy's Wonderland\Sources\Jatoten&Austin01.jpg --> ftp.hugelaser.com /Sources Jatoten&Austin01.jpg
2009.08.31 00:20 B E:\Projects\Creamy's Wonderland\Sources\Jatoten&Austin02.jpg --> ftp.hugelaser.com /Sources Jatoten&Austin02.jpg
2009.08.31 00:20 B E:\Projects\Creamy's Wonderland\Sources\Jenny's_boy.jpg --> ftp.hugelaser.com /Sources Jenny's_boy.jpg
2009.08.31 00:20 B E:\Projects\Creamy's Wonderland\Sources\JRascot_DFProject.jpg --> ftp.hugelaser.com /Sources JRascot_DFProject.jpg
2009.08.31 00:20 B E:\Projects\Creamy's Wonderland\Sources\Lego_Rascot.jpg --> ftp.hugelaser.com /Sources Lego_Rascot.jpg
2009.08.31 00:20 B E:\Projects\Creamy's Wonderland\Sources\mlo03.jpg --> ftp.hugelaser.com /Sources mlo03.jpg
2009.08.31 00:20 B E:\Projects\Creamy's Wonderland\Sources\Oinkillune_Angles01.jpg --> ftp.hugelaser.com /Sources Oinkillune_Angles01.jpg
2009.08.31 00:20 B E:\Projects\Creamy's Wonderland\Sources\Oinkillune_Heads01.jpg --> ftp.hugelaser.com /Sources Oinkillune_Heads01.jpg
2009.08.31 00:20 B E:\Projects\Creamy's Wonderland\Sources\Oinkillune_Profile02.jpg --> ftp.hugelaser.com /Sources Oinkillune_Profile02.jpg
2009.08.31 00:20 B E:\Projects\Creamy's Wonderland\Sources\Oinkillune_Uneven.jpg --> ftp.hugelaser.com /Sources Oinkillune_Uneven.jpg
2009.08.31 00:20 B E:\Projects\Creamy's Wonderland\Sources\P_Blair02.jpg --> ftp.hugelaser.com /Sources P_Blair02.jpg
2009.08.31 00:20 B E:\Projects\Creamy's Wonderland\Sources\P_Blair03.jpg --> ftp.hugelaser.com /Sources P_Blair03.jpg
2009.08.31 00:20 B E:\Projects\Creamy's Wonderland\Sources\P_Blair04.jpg --> ftp.hugelaser.com /Sources P_Blair04.jpg
2009.08.31 00:20 B E:\Projects\Creamy's Wonderland\Sources\PC1.gif --> ftp.hugelaser.com /Sources PC1.gif
2009.08.31 00:20 B E:\Projects\Creamy's Wonderland\Sources\PC10.gif --> ftp.hugelaser.com /Sources PC10.gif
2009.08.31 00:20 B E:\Projects\Creamy's Wonderland\Sources\PC2.gif --> ftp.hugelaser.com /Sources PC2.gif
2009.08.31 00:20 B E:\Projects\Creamy's Wonderland\Sources\PC3.gif --> ftp.hugelaser.com /Sources PC3.gif
2009.08.31 00:20 B E:\Projects\Creamy's Wonderland\Sources\PC4.gif --> ftp.hugelaser.com /Sources PC4.gif
2009.08.31 00:20 B E:\Projects\Creamy's Wonderland\Sources\PC5.gif --> ftp.hugelaser.com /Sources PC5.gif
2009.08.31 00:20 B E:\Projects\Creamy's Wonderland\Sources\PC6.gif --> ftp.hugelaser.com /Sources PC6.gif
2009.08.31 00:20 B E:\Projects\Creamy's Wonderland\Sources\PC7.gif --> ftp.hugelaser.com /Sources PC7.gif
2009.08.31 00:20 B E:\Projects\Creamy's Wonderland\Sources\PC8.gif --> ftp.hugelaser.com /Sources PC8.gif
2009.08.31 00:20 B E:\Projects\Creamy's Wonderland\Sources\PC9.gif --> ftp.hugelaser.com /Sources PC9.gif
2009.08.31 00:20 B E:\Projects\Creamy's Wonderland\Sources\PCG.jpg --> ftp.hugelaser.com /Sources PCG.jpg
2009.08.31 00:20 B E:\Projects\Creamy's Wonderland\Sources\PoR_permission.jpg --> ftp.hugelaser.com /Sources PoR_permission.jpg
2009.08.31 00:20 B E:\Projects\Creamy's Wonderland\Sources\Rascot's_Desktop_1024x768(Millionaire).jpg --> ftp.hugelaser.com /Sources Rascot's_Desktop_1024x768(Millionaire).jpg
2009.08.31 00:20 B E:\Projects\Creamy's Wonderland\Sources\Reiko_-_Knock_Down01.gif --> ftp.hugelaser.com /Sources Reiko_-_Knock_Down01.gif
2009.08.31 00:20 B E:\Projects\Creamy's Wonderland\Sources\Reiko_-_Knock_Down02.gif --> ftp.hugelaser.com /Sources Reiko_-_Knock_Down02.gif
2009.08.31 00:20 B E:\Projects\Creamy's Wonderland\Sources\Reiko_-_Knock_Down03.gif --> ftp.hugelaser.com /Sources Reiko_-_Knock_Down03.gif
2009.08.31 00:20 B E:\Projects\Creamy's Wonderland\Sources\Reiko_-_Stand.gif --> ftp.hugelaser.com /Sources Reiko_-_Stand.gif
2009.08.31 00:20 B E:\Projects\Creamy's Wonderland\Sources\Royal_Flush.jpg --> ftp.hugelaser.com /Sources Royal_Flush.jpg
2009.08.31 00:20 B E:\Projects\Creamy's Wonderland\Sources\sp_j&a.jpg --> ftp.hugelaser.com /Sources sp_j&a.jpg
2009.08.31 00:20 B E:\Projects\Creamy's Wonderland\Sources\sp_Rascot.gif --> ftp.hugelaser.com /Sources sp_Rascot.gif
2009.08.31 00:20 B E:\Projects\Creamy's Wonderland\Sources\stfu6.jpg --> ftp.hugelaser.com /Sources stfu6.jpg
2009.08.31 00:20 B E:\Projects\Creamy's Wonderland\Sources\Stunned.jpg --> ftp.hugelaser.com /Sources Stunned.jpg
2009.08.31 00:20 B E:\Projects\Creamy's Wonderland\Sources\Summer_01.jpg --> ftp.hugelaser.com /Sources Summer_01.jpg
2009.08.31 00:20 B E:\Projects\Creamy's Wonderland\Sources\Table_Battle_v1.jpg --> ftp.hugelaser.com /Sources Table_Battle_v1.jpg
2009.08.31 00:20 B E:\Projects\Creamy's Wonderland\Sources\twin_towers.jpg --> ftp.hugelaser.com /Sources twin_towers.jpg
2009.08.31 00:20 B E:\Projects\Creamy's Wonderland\Sources\Westin_permission.jpg --> ftp.hugelaser.com /Sources Westin_permission.jpg
2009.08.31 00:20 B E:\Projects\Creamy's Wonderland\Sources\WS_FTP.LOG --> ftp.hugelaser.com /Sources WS_FTP.LOG
2009.08.31 00:20 B E:\Projects\Creamy's Wonderland\Sources\wtf_wtc.jpg --> ftp.hugelaser.com /Sources wtf_wtc.jpg
