2009.09.07 21:46 B E:\Projects\Creamy's_Wonderland\FP_Frame\Counter_Frame_-_BL.gif --> ftp.hugelaser.com /FP_Frame Counter_Frame_-_BL.gif
2009.09.07 21:46 B E:\Projects\Creamy's_Wonderland\FP_Frame\Counter_Frame_-_Bottom.gif --> ftp.hugelaser.com /FP_Frame Counter_Frame_-_Bottom.gif
2009.09.07 21:46 B E:\Projects\Creamy's_Wonderland\FP_Frame\Counter_Frame_-_BR.gif --> ftp.hugelaser.com /FP_Frame Counter_Frame_-_BR.gif
2009.09.07 21:46 B E:\Projects\Creamy's_Wonderland\FP_Frame\Counter_Frame_-_Left.gif --> ftp.hugelaser.com /FP_Frame Counter_Frame_-_Left.gif
2009.09.07 21:46 B E:\Projects\Creamy's_Wonderland\FP_Frame\Counter_Frame_-_Right.gif --> ftp.hugelaser.com /FP_Frame Counter_Frame_-_Right.gif
2009.09.07 21:46 B E:\Projects\Creamy's_Wonderland\FP_Frame\Counter_Frame_-_TL.gif --> ftp.hugelaser.com /FP_Frame Counter_Frame_-_TL.gif
2009.09.07 21:46 B E:\Projects\Creamy's_Wonderland\FP_Frame\Counter_Frame_-_Top.gif --> ftp.hugelaser.com /FP_Frame Counter_Frame_-_Top.gif
2009.09.07 21:46 B E:\Projects\Creamy's_Wonderland\FP_Frame\Counter_Frame_-_TR.gif --> ftp.hugelaser.com /FP_Frame Counter_Frame_-_TR.gif
2009.09.07 21:46 B E:\Projects\Creamy's_Wonderland\FP_Frame\Mural_Frame_-_Left.gif --> ftp.hugelaser.com /FP_Frame Mural_Frame_-_Left.gif
2009.09.07 21:46 B E:\Projects\Creamy's_Wonderland\FP_Frame\Mural_Frame_-_Right.gif --> ftp.hugelaser.com /FP_Frame Mural_Frame_-_Right.gif
2009.09.07 21:46 B E:\Projects\Creamy's_Wonderland\FP_Frame\Mural_Frame_-_TL.gif --> ftp.hugelaser.com /FP_Frame Mural_Frame_-_TL.gif
2009.09.07 21:46 B E:\Projects\Creamy's_Wonderland\FP_Frame\Mural_Frame_-_Top.gif --> ftp.hugelaser.com /FP_Frame Mural_Frame_-_Top.gif
2009.09.07 21:46 B E:\Projects\Creamy's_Wonderland\FP_Frame\Mural_Frame_-_TR.gif --> ftp.hugelaser.com /FP_Frame Mural_Frame_-_TR.gif
2009.09.07 21:53 B E:\Projects\Creamy's_Wonderland\FP_Frame\Counter_Frame_-_BL.gif --> ftp.hugelaser.com /FP_Frame Counter_Frame_-_BL.gif
2009.09.07 21:53 B E:\Projects\Creamy's_Wonderland\FP_Frame\Counter_Frame_-_Bottom.gif --> ftp.hugelaser.com /FP_Frame Counter_Frame_-_Bottom.gif
2009.09.07 21:53 B E:\Projects\Creamy's_Wonderland\FP_Frame\Counter_Frame_-_BR.gif --> ftp.hugelaser.com /FP_Frame Counter_Frame_-_BR.gif
2009.09.07 21:53 B E:\Projects\Creamy's_Wonderland\FP_Frame\Counter_Frame_-_Left.gif --> ftp.hugelaser.com /FP_Frame Counter_Frame_-_Left.gif
2009.09.07 21:53 B E:\Projects\Creamy's_Wonderland\FP_Frame\Counter_Frame_-_Right.gif --> ftp.hugelaser.com /FP_Frame Counter_Frame_-_Right.gif
2009.09.07 21:53 B E:\Projects\Creamy's_Wonderland\FP_Frame\Counter_Frame_-_TL.gif --> ftp.hugelaser.com /FP_Frame Counter_Frame_-_TL.gif
2009.09.07 21:53 B E:\Projects\Creamy's_Wonderland\FP_Frame\Counter_Frame_-_Top.gif --> ftp.hugelaser.com /FP_Frame Counter_Frame_-_Top.gif
2009.09.07 21:53 B E:\Projects\Creamy's_Wonderland\FP_Frame\Counter_Frame_-_TR.gif --> ftp.hugelaser.com /FP_Frame Counter_Frame_-_TR.gif
2009.09.07 22:07 B E:\Projects\Creamy's_Wonderland\FP_Frame\Mural_Frame_-_TL.gif --> ftp.hugelaser.com /FP_Frame Mural_Frame_-_TL.gif
2009.09.07 22:07 B E:\Projects\Creamy's_Wonderland\FP_Frame\Mural_Frame_-_TR.gif --> ftp.hugelaser.com /FP_Frame Mural_Frame_-_TR.gif
2009.10.02 00:27 B E:\Projects\Creamy's_Wonderland\FP_Frame\Counter_Frame_-_Bottom.gif --> ftp.hugelaser.com /FP_Frame Counter_Frame_-_Bottom.gif
2009.10.02 00:27 B E:\Projects\Creamy's_Wonderland\FP_Frame\Counter_Frame_-_BL.gif --> ftp.hugelaser.com /FP_Frame Counter_Frame_-_BL.gif
