2014.01.07 13:23 B E:\Projects\Creamy's_Wonderland\CGF\Home_Movies\CGF_-_Home_Movies(fs).html --> www.jdluke.com /CGF/Home_Movies CGF_-_Home_Movies(fs).html
2014.01.07 13:23 B E:\Projects\Creamy's_Wonderland\CGF\Home_Movies\CGF_-_Home_Movies(lfm).html --> www.jdluke.com /CGF/Home_Movies CGF_-_Home_Movies(lfm).html
2014.01.07 13:23 B E:\Projects\Creamy's_Wonderland\CGF\Home_Movies\Miscellaneous(fs).html --> www.jdluke.com /CGF/Home_Movies Miscellaneous(fs).html
2014.01.07 13:23 B E:\Projects\Creamy's_Wonderland\CGF\Home_Movies\Miscellaneous(lfm).html --> www.jdluke.com /CGF/Home_Movies Miscellaneous(lfm).html
2014.01.07 13:23 B E:\Projects\Creamy's_Wonderland\CGF\Home_Movies\Teasing_Austin(fs).html --> www.jdluke.com /CGF/Home_Movies Teasing_Austin(fs).html
2014.01.07 13:23 B E:\Projects\Creamy's_Wonderland\CGF\Home_Movies\Teasing_Austin(lfm).html --> www.jdluke.com /CGF/Home_Movies Teasing_Austin(lfm).html
2014.01.12 18:02 B E:\Projects\Creamy's_Wonderland\CGF\Home_Movies\Miscellaneous.html --> www.jdluke.com /CGF/Home_Movies Miscellaneous.html
2014.01.12 18:02 B E:\Projects\Creamy's_Wonderland\CGF\Home_Movies\Teasing_Austin.html --> www.jdluke.com /CGF/Home_Movies Teasing_Austin.html
2014.01.12 18:02 B E:\Projects\Creamy's_Wonderland\CGF\Home_Movies\CGF_-_Home_Movies.html --> www.jdluke.com /CGF/Home_Movies CGF_-_Home_Movies.html
2014.01.12 22:02 B E:\Projects\Creamy's_Wonderland\cgf\Home_Movies\Teasing_Austin(fs).html --> www.jdluke.com /CGF/Home_Movies Teasing_Austin(fs).html
2014.01.12 22:02 B E:\Projects\Creamy's_Wonderland\cgf\Home_Movies\Miscellaneous(fs).html --> www.jdluke.com /CGF/Home_Movies Miscellaneous(fs).html
2014.01.12 22:02 B E:\Projects\Creamy's_Wonderland\cgf\Home_Movies\CGF_-_Home_Movies(fs).html --> www.jdluke.com /CGF/Home_Movies CGF_-_Home_Movies(fs).html
2014.01.12 22:09 B E:\Projects\Creamy's_Wonderland\cgf\Home_Movies\CGF_-_Home_Movies(fs).html --> www.jdluke.com /CGF CGF_-_Home_Movies(fs).html
2014.05.09 23:14 B E:\Projects\Creamy's_Wonderland\CGF\Home_Movies\Teasing_Austin.html --> www.jdluke.com /CGF/Home_Movies Teasing_Austin.html
2015.01.24 22:46 B E:\Projects\Creamy's_Wonderland\CGF\Home_Movies\Miscellaneous.html --> www.jdluke.com /CGF/Home_Movies Miscellaneous.html
2015.01.24 22:46 B E:\Projects\Creamy's_Wonderland\CGF\Home_Movies\Teasing_Austin.html --> www.jdluke.com /CGF/Home_Movies Teasing_Austin.html
2017.05.17 23:08 B F:\Projects\Creamy's_Wonderland\CGF\Home_Movies\Miscellaneous.html --> www.jdluke.com /CGF/Home_Movies Miscellaneous.html
2017.05.17 23:12 B F:\Projects\Creamy's_Wonderland\CGF\Home_Movies\Miscellaneous.html --> www.jdluke.com /CGF/Home_Movies Miscellaneous.html
2017.05.17 23:13 B F:\Projects\Creamy's_Wonderland\CGF\Home_Movies\Miscellaneous.html --> www.jdluke.com /CGF/Home_Movies Miscellaneous.html
2017.05.17 23:13 B F:\Projects\Creamy's_Wonderland\CGF\Home_Movies\Miscellaneous.html --> www.jdluke.com /CGF/Home_Movies Miscellaneous.html
2017.05.17 23:14 B F:\Projects\Creamy's_Wonderland\CGF\Home_Movies\Miscellaneous.html --> www.jdluke.com /CGF/Home_Movies Miscellaneous.html
2017.05.17 23:19 B F:\Projects\Creamy's_Wonderland\CGF\Home_Movies\Miscellaneous.html --> www.jdluke.com /CGF/Home_Movies Miscellaneous.html
2017.05.17 23:20 B F:\Projects\Creamy's_Wonderland\CGF\Home_Movies\Miscellaneous.html --> www.jdluke.com /CGF/Home_Movies Miscellaneous.html
2017.05.17 23:24 B F:\Projects\Creamy's_Wonderland\CGF\Home_Movies\Miscellaneous.html --> www.jdluke.com /CGF/Home_Movies Miscellaneous.html
2017.05.17 23:25 B F:\Projects\Creamy's_Wonderland\CGF\Home_Movies\Miscellaneous.html --> www.jdluke.com /CGF/Home_Movies Miscellaneous.html
2017.05.17 23:26 B F:\Projects\Creamy's_Wonderland\CGF\Home_Movies\Miscellaneous.html --> www.jdluke.com /CGF/Home_Movies Miscellaneous.html
2017.05.17 23:27 B F:\Projects\Creamy's_Wonderland\CGF\Home_Movies\Miscellaneous.html --> www.jdluke.com /CGF/Home_Movies Miscellaneous.html
2018.01.14 18:52 B E:\Projects\Creamy's_Wonderland\CGF\Home_Movies\Miscellaneous.html --> www.jdluke.com /CGF/Home_Movies Miscellaneous.html
2018.01.14 19:02 B E:\Projects\Creamy's_Wonderland\CGF\Home_Movies\Miscellaneous.html --> www.jdluke.com /CGF/Home_Movies Miscellaneous.html
2018.01.14 19:40 B E:\Projects\Creamy's_Wonderland\CGF\Home_Movies\Miscellaneous.html --> www.jdluke.com /CGF/Home_Movies Miscellaneous.html
2018.02.04 19:04 B E:\Projects\Creamy's_Wonderland\CGF\Home_Movies\Teasing_Austin.html --> www.jdluke.com /CGF/Home_Movies Teasing_Austin.html
