2004.10.02 22:07 B E:\Projects\Creamy's Wonderland\Builds\CES\Photos\Front_Panel.html --> hosting.gamespy.com /planetquake/polycount/cottages/iwow/Builds/CES/Photos Front_Panel.html
2004.10.02 22:07 B E:\Projects\Creamy's Wonderland\Builds\CES\Photos\Wires&Cables.html --> hosting.gamespy.com /planetquake/polycount/cottages/iwow/Builds/CES/Photos Wires&Cables.html
2004.10.02 22:07 B E:\Projects\Creamy's Wonderland\Builds\CES\Photos\Top_Hatch.html --> hosting.gamespy.com /planetquake/polycount/cottages/iwow/Builds/CES/Photos Top_Hatch.html
2004.10.02 22:07 B E:\Projects\Creamy's Wonderland\Builds\CES\Photos\Tools.html --> hosting.gamespy.com /planetquake/polycount/cottages/iwow/Builds/CES/Photos Tools.html
2004.10.02 22:07 B E:\Projects\Creamy's Wonderland\Builds\CES\Photos\The_Mess.html --> hosting.gamespy.com /planetquake/polycount/cottages/iwow/Builds/CES/Photos The_Mess.html
2004.10.02 22:07 B E:\Projects\Creamy's Wonderland\Builds\CES\Photos\Side_Panels.html --> hosting.gamespy.com /planetquake/polycount/cottages/iwow/Builds/CES/Photos Side_Panels.html
2004.10.02 22:07 B E:\Projects\Creamy's Wonderland\Builds\CES\Photos\Power&HDD_LEDs.html --> hosting.gamespy.com /planetquake/polycount/cottages/iwow/Builds/CES/Photos Power&HDD_LEDs.html
2004.10.02 22:07 B E:\Projects\Creamy's Wonderland\Builds\CES\Photos\Miscellaneous.html --> hosting.gamespy.com /planetquake/polycount/cottages/iwow/Builds/CES/Photos Miscellaneous.html
2004.10.02 22:07 B E:\Projects\Creamy's Wonderland\Builds\CES\Photos\Drives.html --> hosting.gamespy.com /planetquake/polycount/cottages/iwow/Builds/CES/Photos Drives.html
2004.10.02 22:07 B E:\Projects\Creamy's Wonderland\Builds\CES\Photos\Chassis_Construction.html --> hosting.gamespy.com /planetquake/polycount/cottages/iwow/Builds/CES/Photos Chassis_Construction.html
2004.10.02 22:07 B E:\Projects\Creamy's Wonderland\Builds\CES\Photos\Fans&Grills.html --> hosting.gamespy.com /planetquake/polycount/cottages/iwow/Builds/CES/Photos Fans&Grills.html
2004.10.02 22:07 B E:\Projects\Creamy's Wonderland\Builds\CES\Photos\Coating_Tests.html --> hosting.gamespy.com /planetquake/polycount/cottages/iwow/Builds/CES/Photos Coating_Tests.html
2004.10.02 22:07 B E:\Projects\Creamy's Wonderland\Builds\CES\Photos\Power&Reset_Buttons.html --> hosting.gamespy.com /planetquake/polycount/cottages/iwow/Builds/CES/Photos Power&Reset_Buttons.html
2004.10.02 22:07 B E:\Projects\Creamy's Wonderland\Builds\CES\Photos\Angle_Iron_Patterns.html --> hosting.gamespy.com /planetquake/polycount/cottages/iwow/Builds/CES/Photos Angle_Iron_Patterns.html
2004.10.22 22:51 B E:\Projects\Creamy's Wonderland\Builds\CES\Photos\Miscellaneous.html --> hosting.gamespy.com /planetquake/polycount/cottages/iwow/Builds/CES/Photos Miscellaneous.html
2004.10.22 22:51 B E:\Projects\Creamy's Wonderland\Builds\CES\Photos\Tools.html --> hosting.gamespy.com /planetquake/polycount/cottages/iwow/Builds/CES/Photos Tools.html
2004.10.22 22:51 B E:\Projects\Creamy's Wonderland\Builds\CES\Photos\Top_Hatch.html --> hosting.gamespy.com /planetquake/polycount/cottages/iwow/Builds/CES/Photos Top_Hatch.html
2005.06.29 00:34 B E:\Projects\Creamy's Wonderland\Builds\CES\Photos\Miscellaneous.html --> hosting.gamespy.com /planetquake/polycount/cottages/iwow/Builds/CES/Photos Miscellaneous.html
2005.06.29 00:34 B E:\Projects\Creamy's Wonderland\Builds\CES\Photos\The_Mess.html --> hosting.gamespy.com /planetquake/polycount/cottages/iwow/Builds/CES/Photos The_Mess.html
2005.06.29 00:34 B E:\Projects\Creamy's Wonderland\Builds\CES\Photos\Wires&Cables.html --> hosting.gamespy.com /planetquake/polycount/cottages/iwow/Builds/CES/Photos Wires&Cables.html
2005.06.29 00:34 B E:\Projects\Creamy's Wonderland\Builds\CES\Photos\Tools.html --> hosting.gamespy.com /planetquake/polycount/cottages/iwow/Builds/CES/Photos Tools.html
2005.06.29 00:34 B E:\Projects\Creamy's Wonderland\Builds\CES\Photos\Drives.html --> hosting.gamespy.com /planetquake/polycount/cottages/iwow/Builds/CES/Photos Drives.html
2005.06.29 00:34 B E:\Projects\Creamy's Wonderland\Builds\CES\Photos\Fans&Grills.html --> hosting.gamespy.com /planetquake/polycount/cottages/iwow/Builds/CES/Photos Fans&Grills.html
2005.06.29 00:34 B E:\Projects\Creamy's Wonderland\Builds\CES\Photos\Power&HDD_LEDs.html --> hosting.gamespy.com /planetquake/polycount/cottages/iwow/Builds/CES/Photos Power&HDD_LEDs.html
2005.06.29 00:34 B E:\Projects\Creamy's Wonderland\Builds\CES\Photos\Power&Reset_Buttons.html --> hosting.gamespy.com /planetquake/polycount/cottages/iwow/Builds/CES/Photos Power&Reset_Buttons.html
2005.06.29 00:34 B E:\Projects\Creamy's Wonderland\Builds\CES\Photos\Coating_Tests.html --> hosting.gamespy.com /planetquake/polycount/cottages/iwow/Builds/CES/Photos Coating_Tests.html
2005.06.29 00:34 B E:\Projects\Creamy's Wonderland\Builds\CES\Photos\Angle_Iron_Patterns.html --> hosting.gamespy.com /planetquake/polycount/cottages/iwow/Builds/CES/Photos Angle_Iron_Patterns.html
2005.06.29 00:34 B E:\Projects\Creamy's Wonderland\Builds\CES\Photos\Side_Panels.html --> hosting.gamespy.com /planetquake/polycount/cottages/iwow/Builds/CES/Photos Side_Panels.html
2005.06.29 00:34 B E:\Projects\Creamy's Wonderland\Builds\CES\Photos\Top_Hatch.html --> hosting.gamespy.com /planetquake/polycount/cottages/iwow/Builds/CES/Photos Top_Hatch.html
2005.06.29 00:34 B E:\Projects\Creamy's Wonderland\Builds\CES\Photos\Front_Panel.html --> hosting.gamespy.com /planetquake/polycount/cottages/iwow/Builds/CES/Photos Front_Panel.html
2005.06.29 00:34 B E:\Projects\Creamy's Wonderland\Builds\CES\Photos\Chassis_Construction.html --> hosting.gamespy.com /planetquake/polycount/cottages/iwow/Builds/CES/Photos Chassis_Construction.html
2005.09.05 15:23 B C:\Projects\Creamy's Wonderland\Builds\CES\Photos\Tools.html --> hosting.gamespy.com /planetquake/polycount/cottages/iwow/Builds/CES/Photos Tools.html
2005.09.05 15:23 B C:\Projects\Creamy's Wonderland\Builds\CES\Photos\Top_Hatch.html --> hosting.gamespy.com /planetquake/polycount/cottages/iwow/Builds/CES/Photos Top_Hatch.html
2006.07.01 15:56 B E:\Projects\Creamy's Wonderland\Builds\CES\Photos\Top_Hatch.html --> web.planethosting.gamespy.com /iwow.cottages.polycount.com/Builds/CES/Photos Top_Hatch.html
2006.07.01 15:56 B E:\Projects\Creamy's Wonderland\Builds\CES\Photos\Wires&Cables.html --> web.planethosting.gamespy.com /iwow.cottages.polycount.com/Builds/CES/Photos Wires&Cables.html
2006.07.01 15:56 B E:\Projects\Creamy's Wonderland\Builds\CES\Photos\Tools.html --> web.planethosting.gamespy.com /iwow.cottages.polycount.com/Builds/CES/Photos Tools.html
2006.07.01 15:56 B E:\Projects\Creamy's Wonderland\Builds\CES\Photos\The_Mess.html --> web.planethosting.gamespy.com /iwow.cottages.polycount.com/Builds/CES/Photos The_Mess.html
2006.07.01 15:56 B E:\Projects\Creamy's Wonderland\Builds\CES\Photos\Side_Panels.html --> web.planethosting.gamespy.com /iwow.cottages.polycount.com/Builds/CES/Photos Side_Panels.html
2006.07.01 15:56 B E:\Projects\Creamy's Wonderland\Builds\CES\Photos\Power&Reset_Buttons.html --> web.planethosting.gamespy.com /iwow.cottages.polycount.com/Builds/CES/Photos Power&Reset_Buttons.html
2006.07.01 15:56 B E:\Projects\Creamy's Wonderland\Builds\CES\Photos\Power&HDD_LEDs.html --> web.planethosting.gamespy.com /iwow.cottages.polycount.com/Builds/CES/Photos Power&HDD_LEDs.html
2006.07.01 15:56 B E:\Projects\Creamy's Wonderland\Builds\CES\Photos\Chassis_Construction.html --> web.planethosting.gamespy.com /iwow.cottages.polycount.com/Builds/CES/Photos Chassis_Construction.html
2006.07.01 15:56 B E:\Projects\Creamy's Wonderland\Builds\CES\Photos\Miscellaneous.html --> web.planethosting.gamespy.com /iwow.cottages.polycount.com/Builds/CES/Photos Miscellaneous.html
2006.07.01 15:56 B E:\Projects\Creamy's Wonderland\Builds\CES\Photos\Front_Panel.html --> web.planethosting.gamespy.com /iwow.cottages.polycount.com/Builds/CES/Photos Front_Panel.html
2006.07.01 15:56 B E:\Projects\Creamy's Wonderland\Builds\CES\Photos\Fans&Grills.html --> web.planethosting.gamespy.com /iwow.cottages.polycount.com/Builds/CES/Photos Fans&Grills.html
2006.07.01 15:56 B E:\Projects\Creamy's Wonderland\Builds\CES\Photos\Drives.html --> web.planethosting.gamespy.com /iwow.cottages.polycount.com/Builds/CES/Photos Drives.html
2006.07.01 15:56 B E:\Projects\Creamy's Wonderland\Builds\CES\Photos\Coating_Tests.html --> web.planethosting.gamespy.com /iwow.cottages.polycount.com/Builds/CES/Photos Coating_Tests.html
2006.07.01 15:56 B E:\Projects\Creamy's Wonderland\Builds\CES\Photos\Angle_Iron_Patterns.html --> web.planethosting.gamespy.com /iwow.cottages.polycount.com/Builds/CES/Photos Angle_Iron_Patterns.html
2006.07.01 23:37 B E:\Projects\Creamy's Wonderland\Builds\CES\Photos\Wires&Cables.html --> web.planethosting.gamespy.com /iwow.cottages.polycount.com/Builds/CES/Photos Wires&Cables.html
2006.07.01 23:37 B E:\Projects\Creamy's Wonderland\Builds\CES\Photos\Top_Hatch.html --> web.planethosting.gamespy.com /iwow.cottages.polycount.com/Builds/CES/Photos Top_Hatch.html
2006.07.01 23:37 B E:\Projects\Creamy's Wonderland\Builds\CES\Photos\Tools.html --> web.planethosting.gamespy.com /iwow.cottages.polycount.com/Builds/CES/Photos Tools.html
2006.07.01 23:37 B E:\Projects\Creamy's Wonderland\Builds\CES\Photos\The_Mess.html --> web.planethosting.gamespy.com /iwow.cottages.polycount.com/Builds/CES/Photos The_Mess.html
2006.07.01 23:37 B E:\Projects\Creamy's Wonderland\Builds\CES\Photos\Side_Panels.html --> web.planethosting.gamespy.com /iwow.cottages.polycount.com/Builds/CES/Photos Side_Panels.html
2006.07.01 23:37 B E:\Projects\Creamy's Wonderland\Builds\CES\Photos\Power&Reset_Buttons.html --> web.planethosting.gamespy.com /iwow.cottages.polycount.com/Builds/CES/Photos Power&Reset_Buttons.html
2006.07.01 23:37 B E:\Projects\Creamy's Wonderland\Builds\CES\Photos\Power&HDD_LEDs.html --> web.planethosting.gamespy.com /iwow.cottages.polycount.com/Builds/CES/Photos Power&HDD_LEDs.html
2006.07.01 23:37 B E:\Projects\Creamy's Wonderland\Builds\CES\Photos\Miscellaneous.html --> web.planethosting.gamespy.com /iwow.cottages.polycount.com/Builds/CES/Photos Miscellaneous.html
2006.07.01 23:37 B E:\Projects\Creamy's Wonderland\Builds\CES\Photos\Front_Panel.html --> web.planethosting.gamespy.com /iwow.cottages.polycount.com/Builds/CES/Photos Front_Panel.html
2006.07.01 23:37 B E:\Projects\Creamy's Wonderland\Builds\CES\Photos\Fans&Grills.html --> web.planethosting.gamespy.com /iwow.cottages.polycount.com/Builds/CES/Photos Fans&Grills.html
2006.07.01 23:37 B E:\Projects\Creamy's Wonderland\Builds\CES\Photos\Drives.html --> web.planethosting.gamespy.com /iwow.cottages.polycount.com/Builds/CES/Photos Drives.html
2006.07.01 23:37 B E:\Projects\Creamy's Wonderland\Builds\CES\Photos\Coating_Tests.html --> web.planethosting.gamespy.com /iwow.cottages.polycount.com/Builds/CES/Photos Coating_Tests.html
2006.07.01 23:37 B E:\Projects\Creamy's Wonderland\Builds\CES\Photos\Chassis_Construction.html --> web.planethosting.gamespy.com /iwow.cottages.polycount.com/Builds/CES/Photos Chassis_Construction.html
2006.07.01 23:37 B E:\Projects\Creamy's Wonderland\Builds\CES\Photos\Angle_Iron_Patterns.html --> web.planethosting.gamespy.com /iwow.cottages.polycount.com/Builds/CES/Photos Angle_Iron_Patterns.html
2007.07.01 20:08 B E:\Projects\Creamy's Wonderland\Builds\CES\Photos\Wires&Cables.html --> web.planethosting.gamespy.com /iwow.cottages.polycount.com/Builds/CES/Photos Wires&Cables.html
2007.07.01 20:08 B E:\Projects\Creamy's Wonderland\Builds\CES\Photos\Top_Hatch.html --> web.planethosting.gamespy.com /iwow.cottages.polycount.com/Builds/CES/Photos Top_Hatch.html
2007.07.01 20:08 B E:\Projects\Creamy's Wonderland\Builds\CES\Photos\Tools.html --> web.planethosting.gamespy.com /iwow.cottages.polycount.com/Builds/CES/Photos Tools.html
2007.07.01 20:08 B E:\Projects\Creamy's Wonderland\Builds\CES\Photos\The_Mess.html --> web.planethosting.gamespy.com /iwow.cottages.polycount.com/Builds/CES/Photos The_Mess.html
2007.07.01 20:08 B E:\Projects\Creamy's Wonderland\Builds\CES\Photos\Power&Reset_Buttons.html --> web.planethosting.gamespy.com /iwow.cottages.polycount.com/Builds/CES/Photos Power&Reset_Buttons.html
2007.07.01 20:08 B E:\Projects\Creamy's Wonderland\Builds\CES\Photos\Power&HDD_LEDs.html --> web.planethosting.gamespy.com /iwow.cottages.polycount.com/Builds/CES/Photos Power&HDD_LEDs.html
2007.07.01 20:08 B E:\Projects\Creamy's Wonderland\Builds\CES\Photos\Side_Panels.html --> web.planethosting.gamespy.com /iwow.cottages.polycount.com/Builds/CES/Photos Side_Panels.html
2007.07.01 20:08 B E:\Projects\Creamy's Wonderland\Builds\CES\Photos\Miscellaneous.html --> web.planethosting.gamespy.com /iwow.cottages.polycount.com/Builds/CES/Photos Miscellaneous.html
2007.07.01 20:08 B E:\Projects\Creamy's Wonderland\Builds\CES\Photos\Front_Panel.html --> web.planethosting.gamespy.com /iwow.cottages.polycount.com/Builds/CES/Photos Front_Panel.html
2007.07.01 20:08 B E:\Projects\Creamy's Wonderland\Builds\CES\Photos\Fans&Grills.html --> web.planethosting.gamespy.com /iwow.cottages.polycount.com/Builds/CES/Photos Fans&Grills.html
2007.07.01 20:08 B E:\Projects\Creamy's Wonderland\Builds\CES\Photos\Drives.html --> web.planethosting.gamespy.com /iwow.cottages.polycount.com/Builds/CES/Photos Drives.html
2007.07.01 20:08 B E:\Projects\Creamy's Wonderland\Builds\CES\Photos\Coating_Tests.html --> web.planethosting.gamespy.com /iwow.cottages.polycount.com/Builds/CES/Photos Coating_Tests.html
2007.07.01 20:08 B E:\Projects\Creamy's Wonderland\Builds\CES\Photos\Chassis_Construction.html --> web.planethosting.gamespy.com /iwow.cottages.polycount.com/Builds/CES/Photos Chassis_Construction.html
2007.07.01 20:08 B E:\Projects\Creamy's Wonderland\Builds\CES\Photos\Angle_Iron_Patterns.html --> web.planethosting.gamespy.com /iwow.cottages.polycount.com/Builds/CES/Photos Angle_Iron_Patterns.html
2009.05.03 18:44 B E:\Projects\Creamy's Wonderland\Builds\CES\Photos\Angle_Iron_Patterns.html <-- Creamy's Wonderland /creamyg.planetquake.gamespy.com/Builds/CES/Photos Angle_Iron_Patterns.html
2009.05.03 18:44 B E:\Projects\Creamy's Wonderland\Builds\CES\Photos\Chassis_Construction.html <-- Creamy's Wonderland /creamyg.planetquake.gamespy.com/Builds/CES/Photos Chassis_Construction.html
2009.05.03 18:44 B E:\Projects\Creamy's Wonderland\Builds\CES\Photos\Coating_Tests.html <-- Creamy's Wonderland /creamyg.planetquake.gamespy.com/Builds/CES/Photos Coating_Tests.html
2009.05.03 18:44 B E:\Projects\Creamy's Wonderland\Builds\CES\Photos\Drives.html <-- Creamy's Wonderland /creamyg.planetquake.gamespy.com/Builds/CES/Photos Drives.html
2009.05.03 18:44 B E:\Projects\Creamy's Wonderland\Builds\CES\Photos\Fans&Grills.html <-- Creamy's Wonderland /creamyg.planetquake.gamespy.com/Builds/CES/Photos Fans&Grills.html
2009.05.03 18:44 B E:\Projects\Creamy's Wonderland\Builds\CES\Photos\Front_Panel.html <-- Creamy's Wonderland /creamyg.planetquake.gamespy.com/Builds/CES/Photos Front_Panel.html
2009.05.03 18:44 B E:\Projects\Creamy's Wonderland\Builds\CES\Photos\Miscellaneous.html <-- Creamy's Wonderland /creamyg.planetquake.gamespy.com/Builds/CES/Photos Miscellaneous.html
2009.05.03 18:44 B E:\Projects\Creamy's Wonderland\Builds\CES\Photos\Power&HDD_LEDs.html <-- Creamy's Wonderland /creamyg.planetquake.gamespy.com/Builds/CES/Photos Power&HDD_LEDs.html
2009.05.03 18:44 B E:\Projects\Creamy's Wonderland\Builds\CES\Photos\Power&Reset_Buttons.html <-- Creamy's Wonderland /creamyg.planetquake.gamespy.com/Builds/CES/Photos Power&Reset_Buttons.html
2009.05.03 18:44 B E:\Projects\Creamy's Wonderland\Builds\CES\Photos\Side_Panels.html <-- Creamy's Wonderland /creamyg.planetquake.gamespy.com/Builds/CES/Photos Side_Panels.html
2009.05.03 18:44 B E:\Projects\Creamy's Wonderland\Builds\CES\Photos\The_Mess.html <-- Creamy's Wonderland /creamyg.planetquake.gamespy.com/Builds/CES/Photos The_Mess.html
2009.05.03 18:44 B E:\Projects\Creamy's Wonderland\Builds\CES\Photos\Tools.html <-- Creamy's Wonderland /creamyg.planetquake.gamespy.com/Builds/CES/Photos Tools.html
2009.05.03 18:44 B E:\Projects\Creamy's Wonderland\Builds\CES\Photos\Top_Hatch.html <-- Creamy's Wonderland /creamyg.planetquake.gamespy.com/Builds/CES/Photos Top_Hatch.html
2009.05.03 18:44 B E:\Projects\Creamy's Wonderland\Builds\CES\Photos\Wires&Cables.html <-- Creamy's Wonderland /creamyg.planetquake.gamespy.com/Builds/CES/Photos Wires&Cables.html
2009.05.03 22:40 B E:\Projects\Creamy's Wonderland\Builds\CES\Photos\Angle_Iron_Patterns.html --> web.planethosting.gamespy.com /creamyg.planetquake.gamespy.com/Builds/CES/Photos Angle_Iron_Patterns.html
2009.05.03 23:13 B E:\Projects\Creamy's Wonderland\Builds\CES\Photos\Wires&Cables.html --> web.planethosting.gamespy.com /creamyg.planetquake.gamespy.com/Builds/CES/Photos Wires&Cables.html
2009.05.03 23:13 B E:\Projects\Creamy's Wonderland\Builds\CES\Photos\Top_Hatch.html --> web.planethosting.gamespy.com /creamyg.planetquake.gamespy.com/Builds/CES/Photos Top_Hatch.html
2009.05.03 23:13 B E:\Projects\Creamy's Wonderland\Builds\CES\Photos\Miscellaneous.html --> web.planethosting.gamespy.com /creamyg.planetquake.gamespy.com/Builds/CES/Photos Miscellaneous.html
2009.05.03 23:13 B E:\Projects\Creamy's Wonderland\Builds\CES\Photos\Tools.html --> web.planethosting.gamespy.com /creamyg.planetquake.gamespy.com/Builds/CES/Photos Tools.html
2009.05.03 23:13 B E:\Projects\Creamy's Wonderland\Builds\CES\Photos\The_Mess.html --> web.planethosting.gamespy.com /creamyg.planetquake.gamespy.com/Builds/CES/Photos The_Mess.html
2009.05.03 23:13 B E:\Projects\Creamy's Wonderland\Builds\CES\Photos\Side_Panels.html --> web.planethosting.gamespy.com /creamyg.planetquake.gamespy.com/Builds/CES/Photos Side_Panels.html
2009.05.03 23:13 B E:\Projects\Creamy's Wonderland\Builds\CES\Photos\Power&Reset_Buttons.html --> web.planethosting.gamespy.com /creamyg.planetquake.gamespy.com/Builds/CES/Photos Power&Reset_Buttons.html
2009.05.03 23:13 B E:\Projects\Creamy's Wonderland\Builds\CES\Photos\Power&HDD_LEDs.html --> web.planethosting.gamespy.com /creamyg.planetquake.gamespy.com/Builds/CES/Photos Power&HDD_LEDs.html
2009.05.03 23:13 B E:\Projects\Creamy's Wonderland\Builds\CES\Photos\Front_Panel.html --> web.planethosting.gamespy.com /creamyg.planetquake.gamespy.com/Builds/CES/Photos Front_Panel.html
2009.05.03 23:13 B E:\Projects\Creamy's Wonderland\Builds\CES\Photos\Fans&Grills.html --> web.planethosting.gamespy.com /creamyg.planetquake.gamespy.com/Builds/CES/Photos Fans&Grills.html
2009.05.03 23:13 B E:\Projects\Creamy's Wonderland\Builds\CES\Photos\Drives.html --> web.planethosting.gamespy.com /creamyg.planetquake.gamespy.com/Builds/CES/Photos Drives.html
2009.05.03 23:13 B E:\Projects\Creamy's Wonderland\Builds\CES\Photos\Coating_Tests.html --> web.planethosting.gamespy.com /creamyg.planetquake.gamespy.com/Builds/CES/Photos Coating_Tests.html
2009.05.03 23:13 B E:\Projects\Creamy's Wonderland\Builds\CES\Photos\Chassis_Construction.html --> web.planethosting.gamespy.com /creamyg.planetquake.gamespy.com/Builds/CES/Photos Chassis_Construction.html
2009.10.10 15:51 B E:\Projects\Creamy's_Wonderland\IGN\Builds\CES\Photos\Coating_Tests.html <-- Creamy's Wonderland /creamyg.planetquake.gamespy.com/Builds/CES/Photos Coating_Tests.html
2009.10.14 04:04 B E:\Projects\Creamy's_Wonderland\IGN\Builds\CES\Photos\The_Mess.html <-- Creamy's Wonderland /creamyg.planetquake.gamespy.com/Builds/CES/Photos The_Mess.html
