2009.09.11 11:08 B E:\Projects\Creamy's_Wonderland\Games\Games_-_Main_Page(fs).html --> ftp.hugelaser.com /Games Games_-_Main_Page(fs).html
2009.09.11 11:08 B E:\Projects\Creamy's_Wonderland\Games\Games_-_Main_Page(lfm).html --> ftp.hugelaser.com /Games Games_-_Main_Page(lfm).html
2009.09.11 11:09 B E:\Projects\Creamy's_Wonderland\Games\Games_-_Main_Page(lfm).html --> ftp.hugelaser.com /Games Games_-_Main_Page(lfm).html
2009.09.11 11:12 B E:\Projects\Creamy's_Wonderland\Games\Games_-_Main_Page(lfm).html --> ftp.hugelaser.com /Games Games_-_Main_Page(lfm).html
2009.09.11 11:26 B E:\Projects\Creamy's_Wonderland\Games\Games_-_Main_Page(lfm).html --> ftp.hugelaser.com /Games Games_-_Main_Page(lfm).html
2009.09.11 14:58 B E:\Projects\Creamy's_Wonderland\Games\Games_-_Main_Page(lfm).html --> ftp.hugelaser.com /Games Games_-_Main_Page(lfm).html
2009.09.11 18:04 B E:\Projects\Creamy's_Wonderland\Games\Games_-_Main_Page(lfm).html --> ftp.hugelaser.com /Games Games_-_Main_Page(lfm).html
2009.09.11 18:12 B E:\Projects\Creamy's_Wonderland\Games\Games_-_Main_Page(lfm).html --> ftp.hugelaser.com /Games Games_-_Main_Page(lfm).html
2009.09.12 21:00 B E:\Projects\Creamy's_Wonderland\Games\Games_-_Main_Page(lfm).html --> ftp.hugelaser.com /Games Games_-_Main_Page(lfm).html
2009.09.12 23:23 B E:\Projects\Creamy's_Wonderland\Games\Games_-_Main_Page(lfm).html --> ftp.hugelaser.com /Games Games_-_Main_Page(lfm).html
2009.09.13 01:44 B E:\Projects\Creamy's_Wonderland\Games\Games_-_Main_Page(fs).html --> ftp.hugelaser.com /Games Games_-_Main_Page(fs).html
2009.09.24 22:13 B E:\Projects\Creamy's_Wonderland\Games\Games_-_Main_Page.html --> ftp.hugelaser.com /Games Games_-_Main_Page.html
2009.09.27 16:43 B E:\Projects\Creamy's_Wonderland\Games\Games_-_Main_Page.html --> ftp.hugelaser.com /Games Games_-_Main_Page.html
2009.09.27 17:05 B E:\Projects\Creamy's_Wonderland\Games\Games_-_Main_Page.html --> ftp.hugelaser.com /Games Games_-_Main_Page.html
2009.11.01 15:21 B E:\Projects\Creamy's_Wonderland\Games\Games_-_Main_Page.html --> ftp.hugelaser.com /Games Games_-_Main_Page.html
2013.12.12 21:06 B E:\Projects\Creamy's_Wonderland\Games\Games_-_Main_Page(fs).html --> www.jdluke.com /Games Games_-_Main_Page(fs).html
2013.12.12 21:06 B E:\Projects\Creamy's_Wonderland\Games\Games_-_Main_Page(lfm).html --> www.jdluke.com /Games Games_-_Main_Page(lfm).html
2013.12.12 21:06 B E:\Projects\Creamy's_Wonderland\Games\Games_-_Main_Page.html --> www.jdluke.com /Games Games_-_Main_Page.html
2014.01.12 22:22 B E:\Projects\Creamy's_Wonderland\Games\Games_-_Main_Page(lfm).html --> www.jdluke.com /Games Games_-_Main_Page(lfm).html
2014.01.12 23:52 B E:\Projects\Creamy's_Wonderland\Games\Games_-_Main_Page(lfm).html --> www.jdluke.com /Games Games_-_Main_Page(lfm).html
