2009.08.30 19:21 B E:\Projects\Creamy's Wonderland\adcode.txt <-- Creamy's Wonderland (HL) / adcode.txt
2009.08.30 19:37 B E:\Projects\Creamy's Wonderland\index.html --> ftp.hugelaser.com / index.html
2009.08.30 20:00 B E:\Projects\Creamy's Wonderland\index.html --> ftp.hugelaser.com / index.html
2009.08.30 20:10 B E:\Projects\Creamy's Wonderland\index.html --> ftp.hugelaser.com / index.html
2009.09.01 00:03 B E:\Projects\Creamy's_Wonderland\index.html --> ftp.hugelaser.com / index.html
2009.09.01 00:06 B E:\Projects\Creamy's_Wonderland\index.html --> ftp.hugelaser.com / index.html
2009.09.01 00:09 B E:\Projects\Creamy's_Wonderland\index.html --> ftp.hugelaser.com / index.html
2009.09.01 00:12 B E:\Projects\Creamy's_Wonderland\index.html --> ftp.hugelaser.com / index.html
2009.09.01 00:21 B E:\Projects\Creamy's_Wonderland\index.html --> ftp.hugelaser.com / index.html
2009.09.01 00:22 B E:\Projects\Creamy's_Wonderland\index.html --> ftp.hugelaser.com / index.html
2009.09.01 00:23 B E:\Projects\Creamy's_Wonderland\index.html --> ftp.hugelaser.com / index.html
2009.09.01 00:43 B E:\Projects\Creamy's_Wonderland\index.html --> ftp.hugelaser.com / index.html
2009.09.07 22:44 B E:\Projects\Creamy's_Wonderland\CW_-_Front_Page(lfm).html --> ftp.hugelaser.com / CW_-_Front_Page(lfm).html
2009.09.07 22:44 B E:\Projects\Creamy's_Wonderland\CW_-_Front_Page.html --> ftp.hugelaser.com / CW_-_Front_Page.html
2009.09.07 23:12 B E:\Projects\Creamy's_Wonderland\CW_-_Front_Page.html --> ftp.hugelaser.com / CW_-_Front_Page.html
2009.09.07 23:21 B E:\Projects\Creamy's_Wonderland\CW_-_Front_Page.html --> ftp.hugelaser.com / CW_-_Front_Page.html
2009.09.08 00:26 B E:\Projects\Creamy's_Wonderland\CW_-_Front_Page.html --> ftp.hugelaser.com / CW_-_Front_Page.html
2009.09.08 00:27 B E:\Projects\Creamy's_Wonderland\CW_-_Front_Page.html --> ftp.hugelaser.com / CW_-_Front_Page.html
2009.09.08 00:36 B E:\Projects\Creamy's_Wonderland\index.html --> ftp.hugelaser.com / index.html
2009.09.08 00:42 B E:\Projects\Creamy's_Wonderland\index.html --> ftp.hugelaser.com / index.html
2009.09.08 01:13 B E:\Projects\Creamy's_Wonderland\CW_-_Front_Page.html --> ftp.hugelaser.com / CW_-_Front_Page.html
2009.09.11 12:05 B E:\Projects\Creamy's_Wonderland\Font-PressStartK.zip --> ftp.hugelaser.com / Font-PressStartK.zip
2009.09.11 18:04 B E:\Projects\Creamy's_Wonderland\CW_-_Front_Page(lfm).html --> ftp.hugelaser.com / CW_-_Front_Page(lfm).html
2009.09.11 18:12 B E:\Projects\Creamy's_Wonderland\CW_-_Front_Page(lfm).html --> ftp.hugelaser.com / CW_-_Front_Page(lfm).html
2009.09.11 18:13 B E:\Projects\Creamy's_Wonderland\CW_-_Front_Page.html --> ftp.hugelaser.com / CW_-_Front_Page.html
2009.09.12 20:58 B E:\Projects\Creamy's_Wonderland\CW_-_Front_Page(lfm).html --> ftp.hugelaser.com / CW_-_Front_Page(lfm).html
2009.09.13 02:08 B E:\Projects\Creamy's_Wonderland\CW_-_Front_Page.html --> ftp.hugelaser.com / CW_-_Front_Page.html
2009.09.13 19:29 B E:\Projects\Creamy's_Wonderland\CW_-_Front_Page.html --> ftp.hugelaser.com / CW_-_Front_Page.html
2009.09.13 20:16 B E:\Projects\Creamy's_Wonderland\Long_H_Line.gif --> ftp.hugelaser.com / Long_H_Line.gif
2009.09.13 20:17 B E:\Projects\Creamy's_Wonderland\CW_-_Front_Page.html --> ftp.hugelaser.com / CW_-_Front_Page.html
2009.09.13 20:22 B E:\Projects\Creamy's_Wonderland\Long_H_Line.gif --> ftp.hugelaser.com / Long_H_Line.gif
2009.09.18 20:32 B E:\Projects\Creamy's_Wonderland\Short_H_Line.gif --> ftp.hugelaser.com / Short_H_Line.gif
2009.09.18 21:01 B E:\Projects\Creamy's_Wonderland\Short_H_Line.gif --> ftp.hugelaser.com / Short_H_Line.gif
2009.09.30 02:07 B E:\Projects\Creamy's_Wonderland\CW_-_Front_Page.html --> ftp.hugelaser.com / CW_-_Front_Page.html
2009.10.02 16:42 B E:\Projects\Creamy's_Wonderland\CW_-_Front_Page.html --> ftp.hugelaser.com / CW_-_Front_Page.html
2009.11.01 15:36 B E:\Projects\Creamy's_Wonderland\CW_-_Front_Page.html --> ftp.hugelaser.com / CW_-_Front_Page.html
2009.11.29 23:37 B E:\Projects\Creamy's_Wonderland\CW_-_Front_Page.html --> ftp.hugelaser.com / CW_-_Front_Page.html
2010.03.02 17:08 B E:\Projects\Creamy's_Wonderland\CW_-_Front_Page.html --> ftp.hugelaser.com / CW_-_Front_Page.html
2010.03.12 23:20 B E:\Projects\Creamy's_Wonderland\CW_-_Front_Page.html --> ftp.hugelaser.com / CW_-_Front_Page.html
2010.03.12 23:45 B E:\Projects\Creamy's_Wonderland\CW_-_Front_Page.html --> ftp.hugelaser.com / CW_-_Front_Page.html
2010.03.12 23:45 B E:\Projects\Creamy's_Wonderland\CW_-_Front_Page.html --> ftp.hugelaser.com / CW_-_Front_Page.html
2010.05.05 01:49 B E:\Projects\Creamy's_Wonderland\CW_-_Front_Page.html --> ftp.hugelaser.com / CW_-_Front_Page.html
2010.09.28 23:53 B E:\Projects\Creamy's_Wonderland\CW_-_Front_Page.html --> ftp.hugelaser.com / CW_-_Front_Page.html
2010.10.02 14:32 B E:\Projects\Creamy's_Wonderland\CW_-_Front_Page.html --> ftp.hugelaser.com / CW_-_Front_Page.html
2010.10.02 14:41 B E:\Projects\Creamy's_Wonderland\CW_-_Front_Page.html --> ftp.hugelaser.com / CW_-_Front_Page.html
2010.10.02 14:43 B E:\Projects\Creamy's_Wonderland\CW_-_Front_Page.html --> ftp.hugelaser.com / CW_-_Front_Page.html
2010.10.02 14:46 B E:\Projects\Creamy's_Wonderland\CW_-_Front_Page.html --> ftp.hugelaser.com / CW_-_Front_Page.html
2010.12.16 23:52 B E:\Projects\Creamy's_Wonderland\CW_-_Front_Page.html --> ftp.hugelaser.com / CW_-_Front_Page.html
2011.05.25 00:11 B E:\Projects\Creamy's_Wonderland\CW_-_Front_Page.html --> ftp.hugelaser.com / CW_-_Front_Page.html
2011.05.27 17:18 B E:\Projects\Creamy's_Wonderland\CW_-_Front_Page.html --> ftp.hugelaser.com / CW_-_Front_Page.html
2011.08.02 21:54 B E:\Projects\Creamy's_Wonderland\CW_-_Front_Page.html --> ftp.hugelaser.com / CW_-_Front_Page.html
2011.08.02 22:47 B E:\Projects\Creamy's_Wonderland\CW_-_Front_Page.html --> ftp.hugelaser.com / CW_-_Front_Page.html
2011.08.02 22:49 B E:\Projects\Creamy's_Wonderland\CW_-_Front_Page.html --> ftp.hugelaser.com / CW_-_Front_Page.html
2012.06.15 22:22 B E:\Projects\Creamy's_Wonderland\CW_-_Front_Page.html --> ftp.hugelaser.com / CW_-_Front_Page.html
2013.01.15 21:10 B E:\Projects\Creamy's_Wonderland\CW_-_Front_Page.html --> ftp.hugelaser.com / CW_-_Front_Page.html
2013.01.15 21:11 B E:\Projects\Creamy's_Wonderland\CW_-_Front_Page.html --> ftp.hugelaser.com / CW_-_Front_Page.html
2013.04.25 22:10 B E:\Projects\Creamy's_Wonderland\CW_-_Front_Page.html --> ftp.hugelaser.com / CW_-_Front_Page.html
2013.12.12 21:06 B E:\Projects\Creamy's_Wonderland\CW_-_Front_Page(lfm).html --> www.jdluke.com / CW_-_Front_Page(lfm).html
2013.12.12 21:06 B E:\Projects\Creamy's_Wonderland\CW_-_Front_Page.html --> www.jdluke.com / CW_-_Front_Page.html
2013.12.12 21:06 B E:\Projects\Creamy's_Wonderland\index.html --> www.jdluke.com / index.html
2013.12.12 21:24 B E:\Projects\Creamy's_Wonderland\index.html --> www.jdluke.com / index.html
2013.12.12 21:40 B E:\Projects\Creamy's_Wonderland\CW_-_Front_Page.html --> www.jdluke.com / CW_-_Front_Page.html
2013.12.12 21:42 B E:\Projects\Creamy's_Wonderland\CW_-_Front_Page.html --> www.jdluke.com / CW_-_Front_Page.html
2014.01.12 18:03 B E:\Projects\Creamy's_Wonderland\CW_-_Front_Page.html --> www.jdluke.com / CW_-_Front_Page.html
2014.01.12 18:03 B E:\Projects\Creamy's_Wonderland\CW_-_Front_Page(lfm).html --> www.jdluke.com / CW_-_Front_Page(lfm).html
2014.01.12 18:18 B E:\Projects\Creamy's_Wonderland\CW_-_Front_Page(lfm).html --> www.jdluke.com / CW_-_Front_Page(lfm).html
2014.01.12 18:18 B E:\Projects\Creamy's_Wonderland\CW_-_Front_Page.html --> www.jdluke.com / CW_-_Front_Page.html
2014.05.20 23:28 B E:\Projects\Creamy's_Wonderland\CW_-_Front_Page.html --> www.jdluke.com / CW_-_Front_Page.html
2015.01.24 22:51 B E:\Projects\Creamy's_Wonderland\CW_-_Front_Page.html --> www.jdluke.com / CW_-_Front_Page.html
2015.06.14 12:44 B E:\Projects\Creamy's_Wonderland\CW_-_Front_Page.html --> www.jdluke.com / CW_-_Front_Page.html
2015.09.22 17:27 B E:\Projects\Creamy's_Wonderland\CW_-_Front_Page.html --> www.jdluke.com / CW_-_Front_Page.html
2015.10.23 21:28 B E:\Projects\Creamy's_Wonderland\CW_-_Front_Page.html --> www.jdluke.com / CW_-_Front_Page.html
2015.11.18 18:35 B E:\Projects\Creamy's_Wonderland\CW_-_Front_Page.html --> www.jdluke.com / CW_-_Front_Page.html
2015.11.18 20:23 B E:\Projects\Creamy's_Wonderland\CW_-_Front_Page.html --> www.jdluke.com / CW_-_Front_Page.html
2015.11.18 20:24 B E:\Projects\Creamy's_Wonderland\CW_-_Front_Page.html --> www.jdluke.com / CW_-_Front_Page.html
2015.12.15 10:17 B E:\Projects\Creamy's_Wonderland\CW_-_Front_Page.html --> www.jdluke.com / CW_-_Front_Page.html
2015.12.15 10:23 B E:\Projects\Creamy's_Wonderland\CW_-_Front_Page.html --> www.jdluke.com / CW_-_Front_Page.html
2015.12.17 13:13 B E:\Projects\Creamy's_Wonderland\CW_-_Front_Page.html --> www.jdluke.com / CW_-_Front_Page.html
2016.01.11 15:18 B H:\Projects\Creamy's_Wonderland\CW_-_Front_Page.html --> www.jdluke.com / CW_-_Front_Page.html
2016.01.24 19:11 B F:\Projects\Creamy's_Wonderland\CW_-_Front_Page.html --> www.jdluke.com / CW_-_Front_Page.html
2016.03.11 20:03 B E:\Projects\Creamy's_Wonderland\CW_-_Front_Page.html --> www.jdluke.com / CW_-_Front_Page.html
2016.08.06 06:37 B F:\Projects\Creamy's_Wonderland\CW_-_Front_Page.html --> www.jdluke.com / CW_-_Front_Page.html
2016.08.16 08:54 B E:\MX-LX Backup\Projects\Creamy's_Wonderland\CW_-_Front_Page.html --> www.jdluke.com / CW_-_Front_Page.html
2016.10.02 09:23 B F:\Projects\Creamy's_Wonderland\CW_-_Front_Page.html --> www.jdluke.com / CW_-_Front_Page.html
2016.10.02 09:27 B F:\Projects\Creamy's_Wonderland\CW_-_Front_Page.html --> www.jdluke.com / CW_-_Front_Page.html
