2014.01.07 13:23 B E:\Projects\Creamy's_Wonderland\CGF\Mirrors\Docs\agnosticman77 - Genocide In The Bible & William Lane Craig- The Atheist Experience_-_YouTube_Info.doc --> www.jdluke.com /CGF/Mirrors/Docs agnosticman77 - Genocide In The Bible & William Lane Craig- The Atheist Experience_-_YouTube_Info.doc
2014.01.07 13:23 B E:\Projects\Creamy's_Wonderland\CGF\Mirrors\Docs\AronRa - My afterthoughts on the Hitchens-Dembski debate.doc --> www.jdluke.com /CGF/Mirrors/Docs AronRa - My afterthoughts on the Hitchens-Dembski debate.doc
2014.01.07 13:23 B E:\Projects\Creamy's_Wonderland\CGF\Mirrors\Docs\atheistcartoons - Creationism- A Cautionary Tale.doc --> www.jdluke.com /CGF/Mirrors/Docs atheistcartoons - Creationism- A Cautionary Tale.doc
2014.01.07 13:23 B E:\Projects\Creamy's_Wonderland\CGF\Mirrors\Docs\coughlan666 - Gathering Storm by Coughlan666 (RATED R).doc --> www.jdluke.com /CGF/Mirrors/Docs coughlan666 - Gathering Storm by Coughlan666 (RATED R).doc
2014.01.07 13:23 B E:\Projects\Creamy's_Wonderland\CGF\Mirrors\Docs\DARKJAKE13 - NBA Jam Wii - Backboard Smash Gameplay.doc --> www.jdluke.com /CGF/Mirrors/Docs DARKJAKE13 - NBA Jam Wii - Backboard Smash Gameplay.doc
2014.01.07 13:23 B E:\Projects\Creamy's_Wonderland\CGF\Mirrors\Docs\Desertphile - Re- 'Evolution, and Creation.... its real people!'.doc --> www.jdluke.com /CGF/Mirrors/Docs Desertphile - Re- 'Evolution, and Creation.... its real people!'.doc
2014.01.07 13:23 B E:\Projects\Creamy's_Wonderland\CGF\Mirrors\Docs\FeministObsession1 - False Flagged-You Can't Be Pro-war & Pro-life.doc --> www.jdluke.com /CGF/Mirrors/Docs FeministObsession1 - False Flagged-You Can't Be Pro-war & Pro-life.doc
2014.01.07 13:23 B E:\Projects\Creamy's_Wonderland\CGF\Mirrors\Docs\firedoglake - Keith Olbermann - 8 years in 8 minutes.doc --> www.jdluke.com /CGF/Mirrors/Docs firedoglake - Keith Olbermann - 8 years in 8 minutes.doc
2014.01.07 13:23 B E:\Projects\Creamy's_Wonderland\CGF\Mirrors\Docs\fonkex - pÇÉsê¥Tƒ¦pâƒpé»pÇæpâƒpé»püîpâPpââpâöpâ+tòÑpüùpüªpâƒpââpâöpâ+.doc --> www.jdluke.com /CGF/Mirrors/Docs fonkex - pÇÉsê¥Tƒ¦pâƒpé»pÇæpâƒpé»püîpâPpââpâöpâ+tòÑpüùpüªpâƒpââpâöpâ+.doc
2014.01.07 13:23 B E:\Projects\Creamy's_Wonderland\CGF\Mirrors\Docs\hillsongchurch - creation science.doc --> www.jdluke.com /CGF/Mirrors/Docs hillsongchurch - creation science.doc
2014.01.07 13:23 B E:\Projects\Creamy's_Wonderland\CGF\Mirrors\Docs\JeepersMedia - Be a HERO and Help STOP SOPA Now!! I'll tell you How!.doc --> www.jdluke.com /CGF/Mirrors/Docs JeepersMedia - Be a HERO and Help STOP SOPA Now!! I'll tell you How!.doc
2014.01.07 13:23 B E:\Projects\Creamy's_Wonderland\CGF\Mirrors\Docs\jezuzfreek777 - Jezuzfreek777 Account Suspended.doc --> www.jdluke.com /CGF/Mirrors/Docs jezuzfreek777 - Jezuzfreek777 Account Suspended.doc
2014.01.07 13:23 B E:\Projects\Creamy's_Wonderland\CGF\Mirrors\Docs\Mattmon2 - Christian sabotage of Africa AIDS programs.doc --> www.jdluke.com /CGF/Mirrors/Docs Mattmon2 - Christian sabotage of Africa AIDS programs.doc
2014.01.07 13:23 B E:\Projects\Creamy's_Wonderland\CGF\Mirrors\Docs\pinkyshow - Apartheid Is So Gay.doc --> www.jdluke.com /CGF/Mirrors/Docs pinkyshow - Apartheid Is So Gay.doc
2014.01.07 13:23 B E:\Projects\Creamy's_Wonderland\CGF\Mirrors\Docs\pmokadakeisuke - Okada and Hara- First Contact.doc --> www.jdluke.com /CGF/Mirrors/Docs pmokadakeisuke - Okada and Hara- First Contact.doc
2014.01.07 13:23 B E:\Projects\Creamy's_Wonderland\CGF\Mirrors\Docs\princeroy - Hyper Combo Finish 3.doc --> www.jdluke.com /CGF/Mirrors/Docs princeroy - Hyper Combo Finish 3.doc
2014.01.07 13:23 B E:\Projects\Creamy's_Wonderland\CGF\Mirrors\Docs\stonedcommander - venomfangx is dead to me.doc --> www.jdluke.com /CGF/Mirrors/Docs stonedcommander - venomfangx is dead to me.doc
2014.01.07 13:23 B E:\Projects\Creamy's_Wonderland\CGF\Mirrors\Docs\straightd0pe - Censorship will not stand.doc --> www.jdluke.com /CGF/Mirrors/Docs straightd0pe - Censorship will not stand.doc
2014.01.07 13:23 B E:\Projects\Creamy's_Wonderland\CGF\Mirrors\Docs\TheProf1988 - Lesbian Pedophile (Boycott the Age of Consent!).doc --> www.jdluke.com /CGF/Mirrors/Docs TheProf1988 - Lesbian Pedophile (Boycott the Age of Consent!).doc
2014.01.07 13:23 B E:\Projects\Creamy's_Wonderland\CGF\Mirrors\Docs\TheThinkingAtheist - The Center of all Things.doc --> www.jdluke.com /CGF/Mirrors/Docs TheThinkingAtheist - The Center of all Things.doc
2014.01.07 13:23 B E:\Projects\Creamy's_Wonderland\CGF\Mirrors\Docs\Thunderf00t - BURN MUHAMMAD BURN!!!!.doc --> www.jdluke.com /CGF/Mirrors/Docs Thunderf00t - BURN MUHAMMAD BURN!!!!.doc
2014.01.07 13:23 B E:\Projects\Creamy's_Wonderland\CGF\Mirrors\Docs\Thunderf00t - South Park vs Islam.doc --> www.jdluke.com /CGF/Mirrors/Docs Thunderf00t - South Park vs Islam.doc
2014.01.07 13:23 B E:\Projects\Creamy's_Wonderland\CGF\Mirrors\Docs\Thunderf00t - The Humiliation of William Lane Craig.doc --> www.jdluke.com /CGF/Mirrors/Docs Thunderf00t - The Humiliation of William Lane Craig.doc
2014.01.07 13:23 B E:\Projects\Creamy's_Wonderland\CGF\Mirrors\Docs\Vogter2100 - I used to hate age fascism and I still do!.doc --> www.jdluke.com /CGF/Mirrors/Docs Vogter2100 - I used to hate age fascism and I still do!.doc
2014.01.07 13:23 B E:\Projects\Creamy's_Wonderland\CGF\Mirrors\Docs\Vogter2100 - Security vs Freedom (surveilance or not).doc --> www.jdluke.com /CGF/Mirrors/Docs Vogter2100 - Security vs Freedom (surveilance or not).doc
2014.01.07 13:23 B E:\Projects\Creamy's_Wonderland\CGF\Mirrors\Docs\Vogter2100 - Things about religion that pisses me off.doc --> www.jdluke.com /CGF/Mirrors/Docs Vogter2100 - Things about religion that pisses me off.doc
2014.01.07 13:23 B E:\Projects\Creamy's_Wonderland\CGF\Mirrors\Docs\ZOMGitsCriss - Islam is so wonderful and sciency and peaceful.doc --> www.jdluke.com /CGF/Mirrors/Docs ZOMGitsCriss - Islam is so wonderful and sciency and peaceful.doc
2014.01.24 20:54 B E:\Projects\Creamy's_Wonderland\cgf\Mirrors\Docs\Desertphile - Re- 'Evolution, and Creation.... its real people!'.doc --> www.jdluke.com /CGF/Mirrors/Docs Desertphile - Re- 'Evolution, and Creation.... its real people!'.doc
2014.03.07 23:37 B E:\Projects\Creamy's_Wonderland\cgf\Mirrors\Docs\Libertarianist - Evolution is a lie.doc --> www.jdluke.com /CGF/Mirrors/Docs Libertarianist - Evolution is a lie.doc
2014.06.07 23:02 B E:\Projects\Creamy's_Wonderland\CGF\Mirrors\Docs\Vogter2100 - Christian fundies and their imorality.doc --> www.jdluke.com /CGF/Mirrors/Docs Vogter2100 - Christian fundies and their imorality.doc
2014.06.08 13:11 B E:\Projects\Creamy's_Wonderland\CGF\Mirrors\Docs\Vogter2100 - Christian fundies and their imorality.doc --> www.jdluke.com /CGF/Mirrors/Docs Vogter2100 - Christian fundies and their imorality.doc
2015.07.19 09:11 B E:\Projects\Creamy's_Wonderland\CGF\Mirrors\Docs\Libertarianist - Evolution is a lie.doc --> www.jdluke.com /CGF/Mirrors/Docs Libertarianist - Evolution is a lie.doc
2015.07.19 09:11 B E:\Projects\Creamy's_Wonderland\CGF\Mirrors\Docs\pmokadakeisuke - Okada and Hara- First Contact.doc --> www.jdluke.com /CGF/Mirrors/Docs pmokadakeisuke - Okada and Hara- First Contact.doc
2015.07.19 09:11 B E:\Projects\Creamy's_Wonderland\CGF\Mirrors\Docs\DARKJAKE13 - NBA Jam Wii - Backboard Smash Gameplay.doc --> www.jdluke.com /CGF/Mirrors/Docs DARKJAKE13 - NBA Jam Wii - Backboard Smash Gameplay.doc
2015.08.05 23:43 B E:\Projects\Creamy's_Wonderland\CGF\Mirrors\Docs\lydiechan - If Hermey Were Gay.doc --> www.jdluke.com /CGF/Mirrors/Docs lydiechan - If Hermey Were Gay.doc
2015.12.06 17:15 B E:\Projects\Creamy's_Wonderland\CGF\Mirrors\Docs\Ttop429 - Descpicable Me Minions.doc --> www.jdluke.com /CGF/Mirrors/Docs Ttop429 - Descpicable Me Minions.doc
2016.06.06 03:06 B F:\Projects\Creamy's_Wonderland\CGF\Mirrors\Docs\logicked - YouTuber faces years in jail for insulting Islam and Christianity_-_YouTube_Info.doc --> www.jdluke.com /CGF/Mirrors/Docs logicked - YouTuber faces years in jail for insulting Islam and Christianity_-_YouTube_Info.doc
2016.06.06 04:50 B F:\Projects\Creamy's_Wonderland\CGF\Mirrors\Docs\logicked - YouTuber faces years in jail for insulting Islam and Christianity.doc --> www.jdluke.com /CGF/Mirrors/Docs logicked - YouTuber faces years in jail for insulting Islam and Christianity.doc
2016.06.16 03:40 B F:\Projects\Creamy's_Wonderland\CGF\Mirrors\Docs\BrainAndButter - Refuting Islam With Their Own Quran.doc --> www.jdluke.com /CGF/Mirrors/Docs BrainAndButter - Refuting Islam With Their Own Quran.doc
2016.06.16 04:42 B K:\Projects\Creamy's_Wonderland\CGF\Mirrors\Docs\BrainAndButter - Refuting Islam With Their Own Quran.doc --> www.jdluke.com /CGF/Mirrors/Docs BrainAndButter - Refuting Islam With Their Own Quran.doc
2017.05.28 10:53 B E:\Projects\Creamy's_Wonderland\CGF\Mirrors\Docs\DieselsChannel - Audiosurf - DJ Hero's 'Shout vs. Pjanoo'.doc --> www.jdluke.com /CGF/Mirrors/Docs DieselsChannel - Audiosurf - DJ Hero's 'Shout vs. Pjanoo'.doc
