2003.01.03 06:30 B C:\Projects\Creamy's_Wonderland\art_gallery\art_bcc_projects(fs).html <-- Creamy's Wonderland /polycount/cottages/iwow/art_gallery art_bcc_projects(fs).html
2003.01.03 06:30 B C:\Projects\Creamy's_Wonderland\art_gallery\art_bcc_projects(lfm).html <-- Creamy's Wonderland /polycount/cottages/iwow/art_gallery art_bcc_projects(lfm).html
2003.01.03 06:30 B C:\Projects\Creamy's_Wonderland\art_gallery\art_bcc_projects.html <-- Creamy's Wonderland /polycount/cottages/iwow/art_gallery art_bcc_projects.html
2003.01.03 06:30 B C:\Projects\Creamy's_Wonderland\art_gallery\art_fans(fs).html <-- Creamy's Wonderland /polycount/cottages/iwow/art_gallery art_fans(fs).html
2003.01.03 06:30 B C:\Projects\Creamy's_Wonderland\art_gallery\art_fans(lfm).html <-- Creamy's Wonderland /polycount/cottages/iwow/art_gallery art_fans(lfm).html
2003.01.03 06:30 B C:\Projects\Creamy's_Wonderland\art_gallery\art_fans.html <-- Creamy's Wonderland /polycount/cottages/iwow/art_gallery art_fans.html
2003.01.03 06:30 B C:\Projects\Creamy's_Wonderland\art_gallery\art_murals(fs).html <-- Creamy's Wonderland /polycount/cottages/iwow/art_gallery art_murals(fs).html
2003.01.03 06:30 B C:\Projects\Creamy's_Wonderland\art_gallery\art_murals(lfm).html <-- Creamy's Wonderland /polycount/cottages/iwow/art_gallery art_murals(lfm).html
2003.01.03 06:30 B C:\Projects\Creamy's_Wonderland\art_gallery\art_murals.html <-- Creamy's Wonderland /polycount/cottages/iwow/art_gallery art_murals.html
2003.01.03 18:27 B C:\Projects\Creamy's_Wonderland\art_gallery\art_murals.html --> www.planetquake.com /polycount/cottages/iwow/art_gallery art_murals.html
2003.05.20 22:13 B E:\Projects\Creamy's Wonderland\art_gallery\art_murals.html --> www.planetquake.com /polycount/cottages/iwow/Art_Gallery art_murals.html
2003.07.30 23:58 B E:\Projects\Creamy's Wonderland\art_gallery\art_murals(lfm).html --> www.planetquake.com /polycount/cottages/iwow/Art_Gallery art_murals(lfm).html
2003.07.30 23:58 B E:\Projects\Creamy's Wonderland\art_gallery\art_fans.html --> www.planetquake.com /polycount/cottages/iwow/Art_Gallery art_fans.html
2003.07.30 23:58 B E:\Projects\Creamy's Wonderland\art_gallery\art_fans(lfm).html --> www.planetquake.com /polycount/cottages/iwow/Art_Gallery art_fans(lfm).html
2003.07.30 23:58 B E:\Projects\Creamy's Wonderland\art_gallery\art_bcc_projects(lfm).html --> www.planetquake.com /polycount/cottages/iwow/Art_Gallery art_bcc_projects(lfm).html
2004.10.02 22:04 B E:\Projects\Creamy's Wonderland\art_gallery\art_murals(lfm).html --> hosting.gamespy.com /planetquake/polycount/cottages/iwow/Art_Gallery art_murals(lfm).html
2004.10.02 22:05 B E:\Projects\Creamy's Wonderland\art_gallery\art_fans(lfm).html --> hosting.gamespy.com /planetquake/polycount/cottages/iwow/Art_Gallery art_fans(lfm).html
2004.10.02 22:05 B E:\Projects\Creamy's Wonderland\art_gallery\art_bcc_projects(lfm).html --> hosting.gamespy.com /planetquake/polycount/cottages/iwow/Art_Gallery art_bcc_projects(lfm).html
2004.10.02 22:05 B E:\Projects\Creamy's Wonderland\art_gallery\art_fans.html --> hosting.gamespy.com /planetquake/polycount/cottages/iwow/Art_Gallery art_fans.html
2004.10.03 23:05 B E:\Projects\Creamy's Wonderland\art_gallery\art_murals.html --> hosting.gamespy.com /planetquake/polycount/cottages/iwow/Art_Gallery art_murals.html
2005.09.05 15:26 B C:\Projects\Creamy's Wonderland\art_gallery\art_gifts(fs).html --> hosting.gamespy.com /planetquake/polycount/cottages/iwow/Art_Gallery art_gifts(fs).html
2005.09.05 15:26 B C:\Projects\Creamy's Wonderland\art_gallery\art_murals(lfm).html --> hosting.gamespy.com /planetquake/polycount/cottages/iwow/Art_Gallery art_murals(lfm).html
2005.09.05 15:26 B C:\Projects\Creamy's Wonderland\art_gallery\art_bcc_projects(lfm).html --> hosting.gamespy.com /planetquake/polycount/cottages/iwow/Art_Gallery art_bcc_projects(lfm).html
2005.09.05 15:26 B C:\Projects\Creamy's Wonderland\art_gallery\art_gifts.html --> hosting.gamespy.com /planetquake/polycount/cottages/iwow/Art_Gallery art_gifts.html
2005.09.05 15:26 B C:\Projects\Creamy's Wonderland\art_gallery\art_murals.html --> hosting.gamespy.com /planetquake/polycount/cottages/iwow/Art_Gallery art_murals.html
2005.09.05 15:26 B C:\Projects\Creamy's Wonderland\art_gallery\art_bcc_projects.html --> hosting.gamespy.com /planetquake/polycount/cottages/iwow/Art_Gallery art_bcc_projects.html
2005.09.05 15:59 B C:\Projects\Creamy's Wonderland\art_gallery\art_gifts(lfm).html --> hosting.gamespy.com /planetquake/polycount/cottages/iwow/Art_Gallery art_gifts(lfm).html
2005.10.02 22:46 B C:\Projects\Creamy's Wonderland\art_gallery\art_murals.html --> hosting.gamespy.com /planetquake/polycount/cottages/iwow/Art_Gallery art_murals.html
2005.10.02 22:46 B C:\Projects\Creamy's Wonderland\art_gallery\art_murals(lfm).html --> hosting.gamespy.com /planetquake/polycount/cottages/iwow/Art_Gallery art_murals(lfm).html
2005.10.02 22:46 B C:\Projects\Creamy's Wonderland\art_gallery\art_gifts(lfm).html --> hosting.gamespy.com /planetquake/polycount/cottages/iwow/Art_Gallery art_gifts(lfm).html
2005.10.02 22:46 B C:\Projects\Creamy's Wonderland\art_gallery\art_bcc_projects(lfm).html --> hosting.gamespy.com /planetquake/polycount/cottages/iwow/Art_Gallery art_bcc_projects(lfm).html
2006.07.01 15:57 B E:\Projects\Creamy's Wonderland\Art_Gallery\Art_Murals(fs).html --> web.planethosting.gamespy.com /iwow.cottages.polycount.com/Art_Gallery Art_Murals(fs).html
2006.07.01 15:57 B E:\Projects\Creamy's Wonderland\Art_Gallery\Art_Gifts(fs).html --> web.planethosting.gamespy.com /iwow.cottages.polycount.com/Art_Gallery Art_Gifts(fs).html
2006.07.01 15:57 B E:\Projects\Creamy's Wonderland\Art_Gallery\Art_BCC_Projects(fs).html --> web.planethosting.gamespy.com /iwow.cottages.polycount.com/Art_Gallery Art_BCC_Projects(fs).html
2006.07.01 15:57 B E:\Projects\Creamy's Wonderland\Art_Gallery\Art_Murals(lfm).html --> web.planethosting.gamespy.com /iwow.cottages.polycount.com/Art_Gallery Art_Murals(lfm).html
2006.07.01 15:57 B E:\Projects\Creamy's Wonderland\Art_Gallery\Art_Gifts(lfm).html --> web.planethosting.gamespy.com /iwow.cottages.polycount.com/Art_Gallery Art_Gifts(lfm).html
2006.07.01 15:57 B E:\Projects\Creamy's Wonderland\Art_Gallery\Art_BCC_Projects(lfm).html --> web.planethosting.gamespy.com /iwow.cottages.polycount.com/Art_Gallery Art_BCC_Projects(lfm).html
2006.07.01 15:57 B E:\Projects\Creamy's Wonderland\Art_Gallery\Art_Murals.html --> web.planethosting.gamespy.com /iwow.cottages.polycount.com/Art_Gallery Art_Murals.html
2006.07.01 15:57 B E:\Projects\Creamy's Wonderland\Art_Gallery\Art_Gifts.html --> web.planethosting.gamespy.com /iwow.cottages.polycount.com/Art_Gallery Art_Gifts.html
2006.07.01 15:57 B E:\Projects\Creamy's Wonderland\Art_Gallery\Art_BCC_Projects.html --> web.planethosting.gamespy.com /iwow.cottages.polycount.com/Art_Gallery Art_BCC_Projects.html
2006.07.01 17:14 B E:\Projects\Creamy's Wonderland\Art_Gallery\Art_Gifts(lfm).html --> web.planethosting.gamespy.com /iwow.cottages.polycount.com/Art_Gallery Art_Gifts(lfm).html
2006.07.01 17:14 B E:\Projects\Creamy's Wonderland\Art_Gallery\Art_BCC_Projects(lfm).html --> web.planethosting.gamespy.com /iwow.cottages.polycount.com/Art_Gallery Art_BCC_Projects(lfm).html
2006.07.01 17:17 B E:\Projects\Creamy's Wonderland\Art_Gallery\Art_Gifts(lfm).html --> web.planethosting.gamespy.com /iwow.cottages.polycount.com/Art_Gallery Art_Gifts(lfm).html
2006.07.01 17:17 B E:\Projects\Creamy's Wonderland\Art_Gallery\Art_BCC_Projects(lfm).html --> web.planethosting.gamespy.com /iwow.cottages.polycount.com/Art_Gallery Art_BCC_Projects(lfm).html
2006.07.01 17:52 B E:\Projects\Creamy's Wonderland\Art_Gallery\Art_Gifts(lfm).html --> web.planethosting.gamespy.com /iwow.cottages.polycount.com/Art_Gallery Art_Gifts(lfm).html
2006.07.01 17:52 B E:\Projects\Creamy's Wonderland\Art_Gallery\Art_BCC_Projects(lfm).html --> web.planethosting.gamespy.com /iwow.cottages.polycount.com/Art_Gallery Art_BCC_Projects(lfm).html
2007.07.01 20:09 B E:\Projects\Creamy's Wonderland\Art_Gallery\Art_Murals.html --> web.planethosting.gamespy.com /iwow.cottages.polycount.com/Art_Gallery Art_Murals.html
2007.07.01 20:09 B E:\Projects\Creamy's Wonderland\Art_Gallery\Art_Gifts.html --> web.planethosting.gamespy.com /iwow.cottages.polycount.com/Art_Gallery Art_Gifts.html
2007.07.01 20:09 B E:\Projects\Creamy's Wonderland\Art_Gallery\Art_BCC_Projects.html --> web.planethosting.gamespy.com /iwow.cottages.polycount.com/Art_Gallery Art_BCC_Projects.html
2007.10.02 21:19 B E:\Projects\Creamy's Wonderland\Art_Gallery\Art_Murals.html --> web.planethosting.gamespy.com /iwow.cottages.polycount.com/Art_Gallery Art_Murals.html
2007.12.09 18:03 B E:\Projects\Creamy's Wonderland\Art_Gallery\Art_FanArt(fs).html --> web.planethosting.gamespy.com /iwow.cottages.polycount.com/Art_Gallery Art_FanArt(fs).html
2007.12.09 18:04 B E:\Projects\Creamy's Wonderland\Art_Gallery\Art_FanArt.html --> web.planethosting.gamespy.com /iwow.cottages.polycount.com/Art_Gallery Art_FanArt.html
2007.12.09 18:04 B E:\Projects\Creamy's Wonderland\Art_Gallery\Art_Gifts(lfm).html --> web.planethosting.gamespy.com /iwow.cottages.polycount.com/Art_Gallery Art_Gifts(lfm).html
2007.12.09 18:04 B E:\Projects\Creamy's Wonderland\Art_Gallery\Art_FanArt(lfm).html --> web.planethosting.gamespy.com /iwow.cottages.polycount.com/Art_Gallery Art_FanArt(lfm).html
2007.12.09 18:04 B E:\Projects\Creamy's Wonderland\Art_Gallery\Art_Murals(lfm).html --> web.planethosting.gamespy.com /iwow.cottages.polycount.com/Art_Gallery Art_Murals(lfm).html
2007.12.09 18:04 B E:\Projects\Creamy's Wonderland\Art_Gallery\Art_BCC_Projects(lfm).html --> web.planethosting.gamespy.com /iwow.cottages.polycount.com/Art_Gallery Art_BCC_Projects(lfm).html
2007.12.09 18:20 B E:\Projects\Creamy's Wonderland\Art_Gallery\Art_FanArt.html --> web.planethosting.gamespy.com /iwow.cottages.polycount.com/Art_Gallery Art_FanArt.html
2007.12.09 18:36 B E:\Projects\Creamy's Wonderland\Art_Gallery\Art_FanArt.html --> web.planethosting.gamespy.com /iwow.cottages.polycount.com/Art_Gallery Art_FanArt.html
2009.05.03 23:54 B E:\Projects\Creamy's Wonderland\Art_Gallery\Art_BCC_Projects.html <-- Creamy's Wonderland /creamyg.planetquake.gamespy.com/Art_Gallery Art_BCC_Projects.html
2009.05.03 23:54 B E:\Projects\Creamy's Wonderland\Art_Gallery\Art_Fans.html <-- Creamy's Wonderland /creamyg.planetquake.gamespy.com/Art_Gallery Art_Fans.html
2009.05.03 23:54 B E:\Projects\Creamy's Wonderland\Art_Gallery\Art_Gifts.html <-- Creamy's Wonderland /creamyg.planetquake.gamespy.com/Art_Gallery Art_Gifts.html
2009.05.03 23:54 B E:\Projects\Creamy's Wonderland\Art_Gallery\Art_Murals.html <-- Creamy's Wonderland /creamyg.planetquake.gamespy.com/Art_Gallery Art_Murals.html
2009.05.04 00:02 B E:\Projects\Creamy's Wonderland\Art_Gallery\Art_BCC_Projects.html --> web.planethosting.gamespy.com /creamyg.planetquake.gamespy.com/Art_Gallery Art_BCC_Projects.html
2009.05.04 02:16 B E:\Projects\Creamy's Wonderland\Art_Gallery\Art_FanArt.html <-- Creamy's Wonderland /creamyg.planetquake.gamespy.com/Art_Gallery Art_FanArt.html
2009.05.04 02:19 B E:\Projects\Creamy's Wonderland\Art_Gallery\Art_FanArt.html --> web.planethosting.gamespy.com /creamyg.planetquake.gamespy.com/Art_Gallery Art_FanArt.html
2009.05.04 02:34 B E:\Projects\Creamy's Wonderland\Art_Gallery\Art_FanArt.html --> web.planethosting.gamespy.com /creamyg.planetquake.gamespy.com/Art_Gallery Art_FanArt.html
2009.05.04 02:34 B E:\Projects\Creamy's Wonderland\Art_Gallery\Art_Murals.html --> web.planethosting.gamespy.com /creamyg.planetquake.gamespy.com/Art_Gallery Art_Murals.html
2009.05.04 02:34 B E:\Projects\Creamy's Wonderland\Art_Gallery\Art_Gifts.html --> web.planethosting.gamespy.com /creamyg.planetquake.gamespy.com/Art_Gallery Art_Gifts.html
2009.05.04 02:34 B E:\Projects\Creamy's Wonderland\Art_Gallery\Art_BCC_Projects.html --> web.planethosting.gamespy.com /creamyg.planetquake.gamespy.com/Art_Gallery Art_BCC_Projects.html
2009.05.04 02:36 B E:\Projects\Creamy's Wonderland\Art_Gallery\Art_FanArt.html --> web.planethosting.gamespy.com /creamyg.planetquake.gamespy.com/Art_Gallery Art_FanArt.html
2009.05.04 02:36 B E:\Projects\Creamy's Wonderland\Art_Gallery\Art_Murals.html --> web.planethosting.gamespy.com /creamyg.planetquake.gamespy.com/Art_Gallery Art_Murals.html
2009.05.04 02:36 B E:\Projects\Creamy's Wonderland\Art_Gallery\Art_Gifts.html --> web.planethosting.gamespy.com /creamyg.planetquake.gamespy.com/Art_Gallery Art_Gifts.html
2009.05.04 02:36 B E:\Projects\Creamy's Wonderland\Art_Gallery\Art_BCC_Projects.html --> web.planethosting.gamespy.com /creamyg.planetquake.gamespy.com/Art_Gallery Art_BCC_Projects.html
2009.05.04 02:38 B E:\Projects\Creamy's Wonderland\Art_Gallery\Art_Murals.html --> web.planethosting.gamespy.com /creamyg.planetquake.gamespy.com/Art_Gallery Art_Murals.html
2009.05.04 21:59 B E:\Projects\Creamy's Wonderland\Art_Gallery\Art_Murals.html <-- Creamy's Wonderland /creamyg.planetquake.gamespy.com/Art_Gallery Art_Murals.html
2009.05.04 21:59 B E:\Projects\Creamy's Wonderland\Art_Gallery\Art_Gifts.html <-- Creamy's Wonderland /creamyg.planetquake.gamespy.com/Art_Gallery Art_Gifts.html
2009.05.04 21:59 B E:\Projects\Creamy's Wonderland\Art_Gallery\Art_FanArt.html <-- Creamy's Wonderland /creamyg.planetquake.gamespy.com/Art_Gallery Art_FanArt.html
2009.05.04 21:59 B E:\Projects\Creamy's Wonderland\Art_Gallery\Art_BCC_Projects.html <-- Creamy's Wonderland /creamyg.planetquake.gamespy.com/Art_Gallery Art_BCC_Projects.html
2009.05.04 21:59 B E:\Projects\Creamy's Wonderland\Art_Gallery\Art_Murals(fs).html <-- Creamy's Wonderland /creamyg.planetquake.gamespy.com/Art_Gallery Art_Murals(fs).html
2009.05.04 21:59 B E:\Projects\Creamy's Wonderland\Art_Gallery\Art_Gifts(lfm).html <-- Creamy's Wonderland /creamyg.planetquake.gamespy.com/Art_Gallery Art_Gifts(lfm).html
2009.05.04 21:59 B E:\Projects\Creamy's Wonderland\Art_Gallery\Art_Gifts(fs).html <-- Creamy's Wonderland /creamyg.planetquake.gamespy.com/Art_Gallery Art_Gifts(fs).html
2009.05.04 21:59 B E:\Projects\Creamy's Wonderland\Art_Gallery\Art_FanArt(lfm).html <-- Creamy's Wonderland /creamyg.planetquake.gamespy.com/Art_Gallery Art_FanArt(lfm).html
2009.05.04 21:59 B E:\Projects\Creamy's Wonderland\Art_Gallery\Art_FanArt(fs).html <-- Creamy's Wonderland /creamyg.planetquake.gamespy.com/Art_Gallery Art_FanArt(fs).html
2009.05.04 21:59 B E:\Projects\Creamy's Wonderland\Art_Gallery\Art_BCC_Projects(fs).html <-- Creamy's Wonderland /creamyg.planetquake.gamespy.com/Art_Gallery Art_BCC_Projects(fs).html
2009.05.04 21:59 B E:\Projects\Creamy's Wonderland\Art_Gallery\Art_Murals(lfm).html <-- Creamy's Wonderland /creamyg.planetquake.gamespy.com/Art_Gallery Art_Murals(lfm).html
2009.05.04 21:59 B E:\Projects\Creamy's Wonderland\Art_Gallery\Art_BCC_Projects(lfm).html <-- Creamy's Wonderland /creamyg.planetquake.gamespy.com/Art_Gallery Art_BCC_Projects(lfm).html
2009.05.04 22:04 B E:\Projects\Creamy's Wonderland\Art_Gallery\Art_Murals(lfm).html --> web.planethosting.gamespy.com /creamyg.planetquake.gamespy.com/Art_Gallery Art_Murals(lfm).html
2009.05.04 22:04 B E:\Projects\Creamy's Wonderland\Art_Gallery\Art_Gifts(lfm).html --> web.planethosting.gamespy.com /creamyg.planetquake.gamespy.com/Art_Gallery Art_Gifts(lfm).html
2009.05.04 22:04 B E:\Projects\Creamy's Wonderland\Art_Gallery\Art_FanArt(lfm).html --> web.planethosting.gamespy.com /creamyg.planetquake.gamespy.com/Art_Gallery Art_FanArt(lfm).html
2009.05.04 22:04 B E:\Projects\Creamy's Wonderland\Art_Gallery\Art_BCC_Projects(lfm).html --> web.planethosting.gamespy.com /creamyg.planetquake.gamespy.com/Art_Gallery Art_BCC_Projects(lfm).html
2009.05.17 03:11 B E:\Projects\Creamy's Wonderland\Art_Gallery\Art_BCC_Projects.html --> web.planethosting.gamespy.com /creamyg.planetquake.gamespy.com/Art_Gallery Art_BCC_Projects.html
