2009.09.11 17:56 B E:\Projects\Creamy's_Wonderland\Games\Stepmania\Games_-_Stepmania(fs).html --> ftp.hugelaser.com /Games/Stepmania Games_-_Stepmania(fs).html
2009.09.11 17:56 B E:\Projects\Creamy's_Wonderland\Games\Stepmania\Games_-_Stepmania(lfm).html --> ftp.hugelaser.com /Games/Stepmania Games_-_Stepmania(lfm).html
2009.09.11 18:00 B E:\Projects\Creamy's_Wonderland\Games\Stepmania\Songpacks(fs).html --> ftp.hugelaser.com /Games/Stepmania Songpacks(fs).html
2009.09.11 18:00 B E:\Projects\Creamy's_Wonderland\Games\Stepmania\Songpacks(lfm).html --> ftp.hugelaser.com /Games/Stepmania Songpacks(lfm).html
2009.09.11 18:13 B E:\Projects\Creamy's_Wonderland\Games\Stepmania\Games_-_Stepmania(lfm).html --> ftp.hugelaser.com /Games/Stepmania Games_-_Stepmania(lfm).html
2009.09.11 18:13 B E:\Projects\Creamy's_Wonderland\Games\Stepmania\Songpacks(lfm).html --> ftp.hugelaser.com /Games/Stepmania Songpacks(lfm).html
2009.09.12 21:00 B E:\Projects\Creamy's_Wonderland\Games\Stepmania\Songpacks(lfm).html --> ftp.hugelaser.com /Games/Stepmania Songpacks(lfm).html
2009.09.12 21:00 B E:\Projects\Creamy's_Wonderland\Games\Stepmania\Games_-_Stepmania(lfm).html --> ftp.hugelaser.com /Games/Stepmania Games_-_Stepmania(lfm).html
2009.09.13 01:44 B E:\Projects\Creamy's_Wonderland\Games\Stepmania\Songpacks(fs).html --> ftp.hugelaser.com /Games/Stepmania Songpacks(fs).html
2009.09.13 01:44 B E:\Projects\Creamy's_Wonderland\Games\Stepmania\Games_-_Stepmania(fs).html --> ftp.hugelaser.com /Games/Stepmania Games_-_Stepmania(fs).html
2009.09.29 01:43 B E:\Projects\Creamy's_Wonderland\Games\Stepmania\Games_-_Stepmania.html --> ftp.hugelaser.com /Games/Stepmania Games_-_Stepmania.html
2009.09.29 01:43 B E:\Projects\Creamy's_Wonderland\Games\Stepmania\Games_-_Stepmania(lfm).html --> ftp.hugelaser.com /Games/Stepmania Games_-_Stepmania(lfm).html
2009.09.30 02:07 B E:\Projects\Creamy's_Wonderland\Games\Stepmania\Song_Packs_-_CreamyMix01.html --> ftp.hugelaser.com /Games/Stepmania Song_Packs_-_CreamyMix01.html
2009.09.30 02:07 B E:\Projects\Creamy's_Wonderland\Games\Stepmania\Song_Packs.html --> ftp.hugelaser.com /Games/Stepmania Song_Packs.html
2009.09.30 02:15 B E:\Projects\Creamy's_Wonderland\Games\Stepmania\Song_Packs(fs).html --> ftp.hugelaser.com /Games/Stepmania Song_Packs(fs).html
2009.09.30 02:22 B E:\Projects\Creamy's_Wonderland\Games\Stepmania\Song_Packs.html --> ftp.hugelaser.com /Games/Stepmania Song_Packs.html
2009.09.30 02:25 B E:\Projects\Creamy's_Wonderland\Games\Stepmania\Song_Packs_-_CreamyMix01.html --> ftp.hugelaser.com /Games/Stepmania Song_Packs_-_CreamyMix01.html
2009.09.30 03:46 B E:\Projects\Creamy's_Wonderland\Games\Stepmania\Song_Packs_-_CreamyMix01.html --> ftp.hugelaser.com /Games/Stepmania Song_Packs_-_CreamyMix01.html
2009.09.30 04:22 B E:\Projects\Creamy's_Wonderland\Games\Stepmania\Song_Packs_-_CreamyMix01.html --> ftp.hugelaser.com /Games/Stepmania Song_Packs_-_CreamyMix01.html
2009.09.30 23:42 B E:\Projects\Creamy's_Wonderland\Games\Stepmania\Song_Packs_-_CreamyMix01.html --> ftp.hugelaser.com /Games/Stepmania Song_Packs_-_CreamyMix01.html
2013.01.05 23:36 B E:\Projects\Creamy's_Wonderland\Games\Stepmania\Games_-_Stepmania.html --> ftp.hugelaser.com /Games/Stepmania Games_-_Stepmania.html
2013.01.06 00:21 B E:\Projects\Creamy's_Wonderland\Games\Stepmania\Song_Packs.html --> ftp.hugelaser.com /Games/Stepmania Song_Packs.html
2013.01.06 01:08 B E:\Projects\Creamy's_Wonderland\Games\Stepmania\Song_Packs_-_CreamyMix01.html --> ftp.hugelaser.com /Games/Stepmania Song_Packs_-_CreamyMix01.html
2013.01.06 01:09 B E:\Projects\Creamy's_Wonderland\Games\Stepmania\Song_Packs.html --> ftp.hugelaser.com /Games/Stepmania Song_Packs.html
2013.12.12 21:08 B E:\Projects\Creamy's_Wonderland\Games\Stepmania\Games_-_Stepmania(fs).html --> www.jdluke.com /Games/Stepmania Games_-_Stepmania(fs).html
2013.12.12 21:08 B E:\Projects\Creamy's_Wonderland\Games\Stepmania\Games_-_Stepmania(lfm).html --> www.jdluke.com /Games/Stepmania Games_-_Stepmania(lfm).html
2013.12.12 21:08 B E:\Projects\Creamy's_Wonderland\Games\Stepmania\Games_-_Stepmania.html --> www.jdluke.com /Games/Stepmania Games_-_Stepmania.html
2013.12.12 21:08 B E:\Projects\Creamy's_Wonderland\Games\Stepmania\Song_Packs(fs).html --> www.jdluke.com /Games/Stepmania Song_Packs(fs).html
2013.12.12 21:08 B E:\Projects\Creamy's_Wonderland\Games\Stepmania\Song_Packs(lfm).html --> www.jdluke.com /Games/Stepmania Song_Packs(lfm).html
2013.12.12 21:08 B E:\Projects\Creamy's_Wonderland\Games\Stepmania\Song_Packs.html --> www.jdluke.com /Games/Stepmania Song_Packs.html
2013.12.12 21:08 B E:\Projects\Creamy's_Wonderland\Games\Stepmania\Song_Packs_-_CreamyMix01.html --> www.jdluke.com /Games/Stepmania Song_Packs_-_CreamyMix01.html
2014.01.12 22:22 B E:\Projects\Creamy's_Wonderland\Games\Stepmania\Song_Packs(lfm).html --> www.jdluke.com /Games/Stepmania Song_Packs(lfm).html
2014.01.12 22:22 B E:\Projects\Creamy's_Wonderland\Games\Stepmania\Games_-_Stepmania(lfm).html --> www.jdluke.com /Games/Stepmania Games_-_Stepmania(lfm).html
2014.01.12 23:52 B E:\Projects\Creamy's_Wonderland\Games\Stepmania\Song_Packs(lfm).html --> www.jdluke.com /Games/Stepmania Song_Packs(lfm).html
2014.01.12 23:52 B E:\Projects\Creamy's_Wonderland\Games\Stepmania\Games_-_Stepmania(lfm).html --> www.jdluke.com /Games/Stepmania Games_-_Stepmania(lfm).html
