2009.09.27 21:37 B E:\Projects\Creamy's_Wonderland\Games\Quake2\PPMs\Pics\Ballflinger.gif <-- Creamy's Wonderland (HL) /Games/Quake2/PPMs/Pics Ballflinger.gif
2009.09.27 21:37 B E:\Projects\Creamy's_Wonderland\Games\Quake2\PPMs\Pics\Chuckie_i.gif <-- Creamy's Wonderland (HL) /Games/Quake2/PPMs/Pics Chuckie_i.gif
2009.09.27 21:37 B E:\Projects\Creamy's_Wonderland\Games\Quake2\PPMs\Pics\Dib_i.gif <-- Creamy's Wonderland (HL) /Games/Quake2/PPMs/Pics Dib_i.gif
2009.09.27 21:37 B E:\Projects\Creamy's_Wonderland\Games\Quake2\PPMs\Pics\Dis_Card_-_JRa.jpg <-- Creamy's Wonderland (HL) /Games/Quake2/PPMs/Pics Dis_Card_-_JRa.jpg
2009.09.27 21:37 B E:\Projects\Creamy's_Wonderland\Games\Quake2\PPMs\Pics\PPM_Profile_-_CFi_-_Left.jpg <-- Creamy's Wonderland (HL) /Games/Quake2/PPMs/Pics PPM_Profile_-_CFi_-_Left.jpg
2009.09.27 21:37 B E:\Projects\Creamy's_Wonderland\Games\Quake2\PPMs\Pics\PPM_Profile_-_CFi_-_Right.jpg <-- Creamy's Wonderland (HL) /Games/Quake2/PPMs/Pics PPM_Profile_-_CFi_-_Right.jpg
2009.09.27 21:37 B E:\Projects\Creamy's_Wonderland\Games\Quake2\PPMs\Pics\PPM_Profile_-_Dib_-_Left.jpg <-- Creamy's Wonderland (HL) /Games/Quake2/PPMs/Pics PPM_Profile_-_Dib_-_Left.jpg
2009.09.27 21:37 B E:\Projects\Creamy's_Wonderland\Games\Quake2\PPMs\Pics\PPM_Profile_-_Dib_-_Right.jpg <-- Creamy's Wonderland (HL) /Games/Quake2/PPMs/Pics PPM_Profile_-_Dib_-_Right.jpg
2009.09.27 21:37 B E:\Projects\Creamy's_Wonderland\Games\Quake2\PPMs\Pics\PPM_Profile_-_TTo_-_Left.jpg <-- Creamy's Wonderland (HL) /Games/Quake2/PPMs/Pics PPM_Profile_-_TTo_-_Left.jpg
2009.09.27 21:37 B E:\Projects\Creamy's_Wonderland\Games\Quake2\PPMs\Pics\PPM_Profile_-_TTo_-_Right.jpg <-- Creamy's Wonderland (HL) /Games/Quake2/PPMs/Pics PPM_Profile_-_TTo_-_Right.jpg
2009.09.27 21:37 B E:\Projects\Creamy's_Wonderland\Games\Quake2\PPMs\Pics\PPM_Stats_-_CFi_-_Left.jpg <-- Creamy's Wonderland (HL) /Games/Quake2/PPMs/Pics PPM_Stats_-_CFi_-_Left.jpg
2009.09.27 21:37 B E:\Projects\Creamy's_Wonderland\Games\Quake2\PPMs\Pics\PPM_Stats_-_CFi_-_Right.jpg <-- Creamy's Wonderland (HL) /Games/Quake2/PPMs/Pics PPM_Stats_-_CFi_-_Right.jpg
2009.09.27 21:37 B E:\Projects\Creamy's_Wonderland\Games\Quake2\PPMs\Pics\PPM_Stats_-_Dib_-_Left.jpg <-- Creamy's Wonderland (HL) /Games/Quake2/PPMs/Pics PPM_Stats_-_Dib_-_Left.jpg
2009.09.27 21:37 B E:\Projects\Creamy's_Wonderland\Games\Quake2\PPMs\Pics\PPM_Stats_-_Dib_-_Right.jpg <-- Creamy's Wonderland (HL) /Games/Quake2/PPMs/Pics PPM_Stats_-_Dib_-_Right.jpg
2009.09.27 21:37 B E:\Projects\Creamy's_Wonderland\Games\Quake2\PPMs\Pics\PPM_Stats_-_TTo_-_Left.jpg <-- Creamy's Wonderland (HL) /Games/Quake2/PPMs/Pics PPM_Stats_-_TTo_-_Left.jpg
2009.09.27 21:37 B E:\Projects\Creamy's_Wonderland\Games\Quake2\PPMs\Pics\PPM_Stats_-_TTo_-_Right.jpg <-- Creamy's Wonderland (HL) /Games/Quake2/PPMs/Pics PPM_Stats_-_TTo_-_Right.jpg
2009.09.27 21:37 B E:\Projects\Creamy's_Wonderland\Games\Quake2\PPMs\Pics\Q2_Card_-_CFi.jpg <-- Creamy's Wonderland (HL) /Games/Quake2/PPMs/Pics Q2_Card_-_CFi.jpg
2009.09.27 21:37 B E:\Projects\Creamy's_Wonderland\Games\Quake2\PPMs\Pics\Q2_Card_-_Dib.jpg <-- Creamy's Wonderland (HL) /Games/Quake2/PPMs/Pics Q2_Card_-_Dib.jpg
2009.09.27 21:37 B E:\Projects\Creamy's_Wonderland\Games\Quake2\PPMs\Pics\Q2_Card_-_TTo.jpg <-- Creamy's Wonderland (HL) /Games/Quake2/PPMs/Pics Q2_Card_-_TTo.jpg
2009.09.27 21:37 B E:\Projects\Creamy's_Wonderland\Games\Quake2\PPMs\Pics\Tony_i.gif <-- Creamy's Wonderland (HL) /Games/Quake2/PPMs/Pics Tony_i.gif
2013.01.05 17:47 B E:\Projects\Creamy's_Wonderland\Games\Quake2\PPMs\Pics\Ballflinger.gif --> ftp.hugelaser.com /Games/Quake2/PPMs/Pics Ballflinger.gif
2013.01.05 17:47 B E:\Projects\Creamy's_Wonderland\Games\Quake2\PPMs\Pics\Chuckie_i.gif --> ftp.hugelaser.com /Games/Quake2/PPMs/Pics Chuckie_i.gif
