2008.04.13 17:37 B E:\Projects\MUGEN\Misc Graphics\Movelist\Backward.gif --> web.planethosting.gamespy.com /iwow.cottages.polycount.com/Games/MUGEN/Misc Graphics/Movelist Backward.gif
2008.04.13 17:37 B E:\Projects\MUGEN\Misc Graphics\Movelist\DB.gif --> web.planethosting.gamespy.com /iwow.cottages.polycount.com/Games/MUGEN/Misc Graphics/Movelist DB.gif
2008.04.13 17:37 B E:\Projects\MUGEN\Misc Graphics\Movelist\DF.gif --> web.planethosting.gamespy.com /iwow.cottages.polycount.com/Games/MUGEN/Misc Graphics/Movelist DF.gif
2008.04.13 17:37 B E:\Projects\MUGEN\Misc Graphics\Movelist\Down.gif --> web.planethosting.gamespy.com /iwow.cottages.polycount.com/Games/MUGEN/Misc Graphics/Movelist Down.gif
2008.04.13 17:37 B E:\Projects\MUGEN\Misc Graphics\Movelist\FCB.gif --> web.planethosting.gamespy.com /iwow.cottages.polycount.com/Games/MUGEN/Misc Graphics/Movelist FCB.gif
2008.04.13 17:37 B E:\Projects\MUGEN\Misc Graphics\Movelist\FCF.gif --> web.planethosting.gamespy.com /iwow.cottages.polycount.com/Games/MUGEN/Misc Graphics/Movelist FCF.gif
2008.04.13 17:37 B E:\Projects\MUGEN\Misc Graphics\Movelist\Forward.gif --> web.planethosting.gamespy.com /iwow.cottages.polycount.com/Games/MUGEN/Misc Graphics/Movelist Forward.gif
2008.04.13 17:37 B E:\Projects\MUGEN\Misc Graphics\Movelist\HCB.gif --> web.planethosting.gamespy.com /iwow.cottages.polycount.com/Games/MUGEN/Misc Graphics/Movelist HCB.gif
2008.04.13 17:37 B E:\Projects\MUGEN\Misc Graphics\Movelist\HCF.gif --> web.planethosting.gamespy.com /iwow.cottages.polycount.com/Games/MUGEN/Misc Graphics/Movelist HCF.gif
2008.04.13 17:37 B E:\Projects\MUGEN\Misc Graphics\Movelist\Key_Template.gif --> web.planethosting.gamespy.com /iwow.cottages.polycount.com/Games/MUGEN/Misc Graphics/Movelist Key_Template.gif
2008.04.13 17:37 B E:\Projects\MUGEN\Misc Graphics\Movelist\Key_Template.psd --> web.planethosting.gamespy.com /iwow.cottages.polycount.com/Games/MUGEN/Misc Graphics/Movelist Key_Template.psd
2008.04.13 17:37 B E:\Projects\MUGEN\Misc Graphics\Movelist\Neutral.gif --> web.planethosting.gamespy.com /iwow.cottages.polycount.com/Games/MUGEN/Misc Graphics/Movelist Neutral.gif
2008.04.13 17:38 B E:\Projects\MUGEN\Misc Graphics\Movelist\QCB.gif --> web.planethosting.gamespy.com /iwow.cottages.polycount.com/Games/MUGEN/Misc Graphics/Movelist QCB.gif
2008.04.13 17:38 B E:\Projects\MUGEN\Misc Graphics\Movelist\QCF.gif --> web.planethosting.gamespy.com /iwow.cottages.polycount.com/Games/MUGEN/Misc Graphics/Movelist QCF.gif
2008.04.13 17:38 B E:\Projects\MUGEN\Misc Graphics\Movelist\Thumbs.db --> web.planethosting.gamespy.com /iwow.cottages.polycount.com/Games/MUGEN/Misc Graphics/Movelist Thumbs.db
2008.04.13 17:38 B E:\Projects\MUGEN\Misc Graphics\Movelist\UB.gif --> web.planethosting.gamespy.com /iwow.cottages.polycount.com/Games/MUGEN/Misc Graphics/Movelist UB.gif
2008.04.13 17:38 B E:\Projects\MUGEN\Misc Graphics\Movelist\UF.gif --> web.planethosting.gamespy.com /iwow.cottages.polycount.com/Games/MUGEN/Misc Graphics/Movelist UF.gif
2008.04.13 17:38 B E:\Projects\MUGEN\Misc Graphics\Movelist\Up.gif --> web.planethosting.gamespy.com /iwow.cottages.polycount.com/Games/MUGEN/Misc Graphics/Movelist Up.gif
2008.04.13 17:38 B E:\Projects\MUGEN\Misc Graphics\Movelist\ZB.gif --> web.planethosting.gamespy.com /iwow.cottages.polycount.com/Games/MUGEN/Misc Graphics/Movelist ZB.gif
2008.04.13 17:38 B E:\Projects\MUGEN\Misc Graphics\Movelist\ZF.gif --> web.planethosting.gamespy.com /iwow.cottages.polycount.com/Games/MUGEN/Misc Graphics/Movelist ZF.gif
2008.04.13 18:23 B E:\Projects\Creamy's Wonderland\Games\MUGEN\Movelist\Backward(Green).gif --> web.planethosting.gamespy.com /iwow.cottages.polycount.com/Games/MUGEN/Movelist Backward(Green).gif
2008.04.13 18:23 B E:\Projects\Creamy's Wonderland\Games\MUGEN\Movelist\Backward(Red).gif --> web.planethosting.gamespy.com /iwow.cottages.polycount.com/Games/MUGEN/Movelist Backward(Red).gif
2008.04.13 18:23 B E:\Projects\Creamy's Wonderland\Games\MUGEN\Movelist\Backward(Yellow).gif --> web.planethosting.gamespy.com /iwow.cottages.polycount.com/Games/MUGEN/Movelist Backward(Yellow).gif
2008.04.13 18:23 B E:\Projects\Creamy's Wonderland\Games\MUGEN\Movelist\DB(Green).gif --> web.planethosting.gamespy.com /iwow.cottages.polycount.com/Games/MUGEN/Movelist DB(Green).gif
2008.04.13 18:23 B E:\Projects\Creamy's Wonderland\Games\MUGEN\Movelist\DB(Red).gif --> web.planethosting.gamespy.com /iwow.cottages.polycount.com/Games/MUGEN/Movelist DB(Red).gif
2008.04.13 18:23 B E:\Projects\Creamy's Wonderland\Games\MUGEN\Movelist\DB(Yellow).gif --> web.planethosting.gamespy.com /iwow.cottages.polycount.com/Games/MUGEN/Movelist DB(Yellow).gif
2008.04.13 18:23 B E:\Projects\Creamy's Wonderland\Games\MUGEN\Movelist\DF(Green).gif --> web.planethosting.gamespy.com /iwow.cottages.polycount.com/Games/MUGEN/Movelist DF(Green).gif
2008.04.13 18:23 B E:\Projects\Creamy's Wonderland\Games\MUGEN\Movelist\DF(Red).gif --> web.planethosting.gamespy.com /iwow.cottages.polycount.com/Games/MUGEN/Movelist DF(Red).gif
2008.04.13 18:23 B E:\Projects\Creamy's Wonderland\Games\MUGEN\Movelist\DF(Yellow).gif --> web.planethosting.gamespy.com /iwow.cottages.polycount.com/Games/MUGEN/Movelist DF(Yellow).gif
2008.04.13 18:23 B E:\Projects\Creamy's Wonderland\Games\MUGEN\Movelist\Down(Green).gif --> web.planethosting.gamespy.com /iwow.cottages.polycount.com/Games/MUGEN/Movelist Down(Green).gif
2008.04.13 18:23 B E:\Projects\Creamy's Wonderland\Games\MUGEN\Movelist\Down(Red).gif --> web.planethosting.gamespy.com /iwow.cottages.polycount.com/Games/MUGEN/Movelist Down(Red).gif
2008.04.13 18:23 B E:\Projects\Creamy's Wonderland\Games\MUGEN\Movelist\Down(Yellow).gif --> web.planethosting.gamespy.com /iwow.cottages.polycount.com/Games/MUGEN/Movelist Down(Yellow).gif
2008.04.13 18:23 B E:\Projects\Creamy's Wonderland\Games\MUGEN\Movelist\FCB(Green).gif --> web.planethosting.gamespy.com /iwow.cottages.polycount.com/Games/MUGEN/Movelist FCB(Green).gif
2008.04.13 18:23 B E:\Projects\Creamy's Wonderland\Games\MUGEN\Movelist\FCB(Red).gif --> web.planethosting.gamespy.com /iwow.cottages.polycount.com/Games/MUGEN/Movelist FCB(Red).gif
2008.04.13 18:23 B E:\Projects\Creamy's Wonderland\Games\MUGEN\Movelist\FCB(Yellow).gif --> web.planethosting.gamespy.com /iwow.cottages.polycount.com/Games/MUGEN/Movelist FCB(Yellow).gif
2008.04.13 18:23 B E:\Projects\Creamy's Wonderland\Games\MUGEN\Movelist\FCF(Green).gif --> web.planethosting.gamespy.com /iwow.cottages.polycount.com/Games/MUGEN/Movelist FCF(Green).gif
2008.04.13 18:23 B E:\Projects\Creamy's Wonderland\Games\MUGEN\Movelist\FCF(Red).gif --> web.planethosting.gamespy.com /iwow.cottages.polycount.com/Games/MUGEN/Movelist FCF(Red).gif
2008.04.13 18:23 B E:\Projects\Creamy's Wonderland\Games\MUGEN\Movelist\FCF(Yellow).gif --> web.planethosting.gamespy.com /iwow.cottages.polycount.com/Games/MUGEN/Movelist FCF(Yellow).gif
2008.04.13 18:23 B E:\Projects\Creamy's Wonderland\Games\MUGEN\Movelist\Forward(Green).gif --> web.planethosting.gamespy.com /iwow.cottages.polycount.com/Games/MUGEN/Movelist Forward(Green).gif
2008.04.13 18:23 B E:\Projects\Creamy's Wonderland\Games\MUGEN\Movelist\Forward(Red).gif --> web.planethosting.gamespy.com /iwow.cottages.polycount.com/Games/MUGEN/Movelist Forward(Red).gif
2008.04.13 18:23 B E:\Projects\Creamy's Wonderland\Games\MUGEN\Movelist\Forward(Yellow).gif --> web.planethosting.gamespy.com /iwow.cottages.polycount.com/Games/MUGEN/Movelist Forward(Yellow).gif
2008.04.13 18:23 B E:\Projects\Creamy's Wonderland\Games\MUGEN\Movelist\HCB(Green).gif --> web.planethosting.gamespy.com /iwow.cottages.polycount.com/Games/MUGEN/Movelist HCB(Green).gif
2008.04.13 18:23 B E:\Projects\Creamy's Wonderland\Games\MUGEN\Movelist\HCB(Red).gif --> web.planethosting.gamespy.com /iwow.cottages.polycount.com/Games/MUGEN/Movelist HCB(Red).gif
2008.04.13 18:23 B E:\Projects\Creamy's Wonderland\Games\MUGEN\Movelist\HCB(Yellow).gif --> web.planethosting.gamespy.com /iwow.cottages.polycount.com/Games/MUGEN/Movelist HCB(Yellow).gif
2008.04.13 18:23 B E:\Projects\Creamy's Wonderland\Games\MUGEN\Movelist\HCF(Green).gif --> web.planethosting.gamespy.com /iwow.cottages.polycount.com/Games/MUGEN/Movelist HCF(Green).gif
2008.04.13 18:23 B E:\Projects\Creamy's Wonderland\Games\MUGEN\Movelist\HCF(Red).gif --> web.planethosting.gamespy.com /iwow.cottages.polycount.com/Games/MUGEN/Movelist HCF(Red).gif
2008.04.13 18:23 B E:\Projects\Creamy's Wonderland\Games\MUGEN\Movelist\HCF(Yellow).gif --> web.planethosting.gamespy.com /iwow.cottages.polycount.com/Games/MUGEN/Movelist HCF(Yellow).gif
2008.04.13 18:23 B E:\Projects\Creamy's Wonderland\Games\MUGEN\Movelist\Key_Template.gif --> web.planethosting.gamespy.com /iwow.cottages.polycount.com/Games/MUGEN/Movelist Key_Template.gif
2008.04.13 18:23 B E:\Projects\Creamy's Wonderland\Games\MUGEN\Movelist\Key_Template.psd --> web.planethosting.gamespy.com /iwow.cottages.polycount.com/Games/MUGEN/Movelist Key_Template.psd
2008.04.13 18:23 B E:\Projects\Creamy's Wonderland\Games\MUGEN\Movelist\Neutral(Green).gif --> web.planethosting.gamespy.com /iwow.cottages.polycount.com/Games/MUGEN/Movelist Neutral(Green).gif
2008.04.13 18:23 B E:\Projects\Creamy's Wonderland\Games\MUGEN\Movelist\Neutral(Red).gif --> web.planethosting.gamespy.com /iwow.cottages.polycount.com/Games/MUGEN/Movelist Neutral(Red).gif
2008.04.13 18:23 B E:\Projects\Creamy's Wonderland\Games\MUGEN\Movelist\Neutral(Yellow).gif --> web.planethosting.gamespy.com /iwow.cottages.polycount.com/Games/MUGEN/Movelist Neutral(Yellow).gif
2008.04.13 18:23 B E:\Projects\Creamy's Wonderland\Games\MUGEN\Movelist\QCB(Green).gif --> web.planethosting.gamespy.com /iwow.cottages.polycount.com/Games/MUGEN/Movelist QCB(Green).gif
2008.04.13 18:23 B E:\Projects\Creamy's Wonderland\Games\MUGEN\Movelist\QCB(Red).gif --> web.planethosting.gamespy.com /iwow.cottages.polycount.com/Games/MUGEN/Movelist QCB(Red).gif
2008.04.13 18:23 B E:\Projects\Creamy's Wonderland\Games\MUGEN\Movelist\QCB(Yellow).gif --> web.planethosting.gamespy.com /iwow.cottages.polycount.com/Games/MUGEN/Movelist QCB(Yellow).gif
2008.04.13 18:23 B E:\Projects\Creamy's Wonderland\Games\MUGEN\Movelist\QCF(Green).gif --> web.planethosting.gamespy.com /iwow.cottages.polycount.com/Games/MUGEN/Movelist QCF(Green).gif
2008.04.13 18:23 B E:\Projects\Creamy's Wonderland\Games\MUGEN\Movelist\QCF(Red).gif --> web.planethosting.gamespy.com /iwow.cottages.polycount.com/Games/MUGEN/Movelist QCF(Red).gif
2008.04.13 18:23 B E:\Projects\Creamy's Wonderland\Games\MUGEN\Movelist\QCF(Yellow).gif --> web.planethosting.gamespy.com /iwow.cottages.polycount.com/Games/MUGEN/Movelist QCF(Yellow).gif
2008.04.13 18:23 B E:\Projects\Creamy's Wonderland\Games\MUGEN\Movelist\Thumbs.db --> web.planethosting.gamespy.com /iwow.cottages.polycount.com/Games/MUGEN/Movelist Thumbs.db
2008.04.13 18:23 B E:\Projects\Creamy's Wonderland\Games\MUGEN\Movelist\UB(Green).gif --> web.planethosting.gamespy.com /iwow.cottages.polycount.com/Games/MUGEN/Movelist UB(Green).gif
2008.04.13 18:23 B E:\Projects\Creamy's Wonderland\Games\MUGEN\Movelist\UB(Red).gif --> web.planethosting.gamespy.com /iwow.cottages.polycount.com/Games/MUGEN/Movelist UB(Red).gif
2008.04.13 18:23 B E:\Projects\Creamy's Wonderland\Games\MUGEN\Movelist\UB(Yellow).gif --> web.planethosting.gamespy.com /iwow.cottages.polycount.com/Games/MUGEN/Movelist UB(Yellow).gif
2008.04.13 18:23 B E:\Projects\Creamy's Wonderland\Games\MUGEN\Movelist\UF(Green).gif --> web.planethosting.gamespy.com /iwow.cottages.polycount.com/Games/MUGEN/Movelist UF(Green).gif
2008.04.13 18:23 B E:\Projects\Creamy's Wonderland\Games\MUGEN\Movelist\UF(Red).gif --> web.planethosting.gamespy.com /iwow.cottages.polycount.com/Games/MUGEN/Movelist UF(Red).gif
2008.04.13 18:23 B E:\Projects\Creamy's Wonderland\Games\MUGEN\Movelist\UF(Yellow).gif --> web.planethosting.gamespy.com /iwow.cottages.polycount.com/Games/MUGEN/Movelist UF(Yellow).gif
2008.04.13 18:23 B E:\Projects\Creamy's Wonderland\Games\MUGEN\Movelist\Up(Green).gif --> web.planethosting.gamespy.com /iwow.cottages.polycount.com/Games/MUGEN/Movelist Up(Green).gif
2008.04.13 18:23 B E:\Projects\Creamy's Wonderland\Games\MUGEN\Movelist\Up(Red).gif --> web.planethosting.gamespy.com /iwow.cottages.polycount.com/Games/MUGEN/Movelist Up(Red).gif
2008.04.13 18:23 B E:\Projects\Creamy's Wonderland\Games\MUGEN\Movelist\Up(Yellow).gif --> web.planethosting.gamespy.com /iwow.cottages.polycount.com/Games/MUGEN/Movelist Up(Yellow).gif
2009.09.30 23:53 B E:\Projects\Creamy's_Wonderland\Games\MUGEN\Characters\Pics\Movelist\WS_FTP.LOG <-- Creamy's Wonderland /creamyg.planetquake.gamespy.com/Games/MUGEN/Movelist WS_FTP.LOG
2009.09.30 23:53 B E:\Projects\Creamy's_Wonderland\Games\MUGEN\Characters\Pics\Movelist\ZB(Green).gif <-- Creamy's Wonderland /creamyg.planetquake.gamespy.com/Games/MUGEN/Movelist ZB(Green).gif
2009.09.30 23:53 B E:\Projects\Creamy's_Wonderland\Games\MUGEN\Characters\Pics\Movelist\ZB(Red).gif <-- Creamy's Wonderland /creamyg.planetquake.gamespy.com/Games/MUGEN/Movelist ZB(Red).gif
2009.09.30 23:53 B E:\Projects\Creamy's_Wonderland\Games\MUGEN\Characters\Pics\Movelist\ZB(White).gif <-- Creamy's Wonderland /creamyg.planetquake.gamespy.com/Games/MUGEN/Movelist ZB(White).gif
2009.09.30 23:53 B E:\Projects\Creamy's_Wonderland\Games\MUGEN\Characters\Pics\Movelist\ZB(Yellow).gif <-- Creamy's Wonderland /creamyg.planetquake.gamespy.com/Games/MUGEN/Movelist ZB(Yellow).gif
2009.09.30 23:53 B E:\Projects\Creamy's_Wonderland\Games\MUGEN\Characters\Pics\Movelist\ZF(Green).gif <-- Creamy's Wonderland /creamyg.planetquake.gamespy.com/Games/MUGEN/Movelist ZF(Green).gif
2009.09.30 23:53 B E:\Projects\Creamy's_Wonderland\Games\MUGEN\Characters\Pics\Movelist\ZF(Red).gif <-- Creamy's Wonderland /creamyg.planetquake.gamespy.com/Games/MUGEN/Movelist ZF(Red).gif
2009.09.30 23:53 B E:\Projects\Creamy's_Wonderland\Games\MUGEN\Characters\Pics\Movelist\ZF(White).gif <-- Creamy's Wonderland /creamyg.planetquake.gamespy.com/Games/MUGEN/Movelist ZF(White).gif
2009.09.30 23:53 B E:\Projects\Creamy's_Wonderland\Games\MUGEN\Characters\Pics\Movelist\ZF(Yellow).gif <-- Creamy's Wonderland /creamyg.planetquake.gamespy.com/Games/MUGEN/Movelist ZF(Yellow).gif
2009.10.01 00:27 B E:\Projects\Creamy's_Wonderland\Games\MUGEN\Characters\Pics\Movelist\Backward(Green).gif --> ftp.hugelaser.com /Games/MUGEN/Characters/Pics/Movelist Backward(Green).gif
2009.10.01 00:27 B E:\Projects\Creamy's_Wonderland\Games\MUGEN\Characters\Pics\Movelist\Backward(Red).gif --> ftp.hugelaser.com /Games/MUGEN/Characters/Pics/Movelist Backward(Red).gif
2009.10.01 00:27 B E:\Projects\Creamy's_Wonderland\Games\MUGEN\Characters\Pics\Movelist\Backward(White).gif --> ftp.hugelaser.com /Games/MUGEN/Characters/Pics/Movelist Backward(White).gif
2009.10.01 00:27 B E:\Projects\Creamy's_Wonderland\Games\MUGEN\Characters\Pics\Movelist\Backward(Yellow).gif --> ftp.hugelaser.com /Games/MUGEN/Characters/Pics/Movelist Backward(Yellow).gif
2009.10.01 00:27 B E:\Projects\Creamy's_Wonderland\Games\MUGEN\Characters\Pics\Movelist\DB(Green).gif --> ftp.hugelaser.com /Games/MUGEN/Characters/Pics/Movelist DB(Green).gif
2009.10.01 00:27 B E:\Projects\Creamy's_Wonderland\Games\MUGEN\Characters\Pics\Movelist\DB(Red).gif --> ftp.hugelaser.com /Games/MUGEN/Characters/Pics/Movelist DB(Red).gif
2009.10.01 00:27 B E:\Projects\Creamy's_Wonderland\Games\MUGEN\Characters\Pics\Movelist\DB(White).gif --> ftp.hugelaser.com /Games/MUGEN/Characters/Pics/Movelist DB(White).gif
2009.10.01 00:27 B E:\Projects\Creamy's_Wonderland\Games\MUGEN\Characters\Pics\Movelist\DB(Yellow).gif --> ftp.hugelaser.com /Games/MUGEN/Characters/Pics/Movelist DB(Yellow).gif
2009.10.01 00:27 B E:\Projects\Creamy's_Wonderland\Games\MUGEN\Characters\Pics\Movelist\DF(Green).gif --> ftp.hugelaser.com /Games/MUGEN/Characters/Pics/Movelist DF(Green).gif
2009.10.01 00:27 B E:\Projects\Creamy's_Wonderland\Games\MUGEN\Characters\Pics\Movelist\DF(Red).gif --> ftp.hugelaser.com /Games/MUGEN/Characters/Pics/Movelist DF(Red).gif
2009.10.01 00:27 B E:\Projects\Creamy's_Wonderland\Games\MUGEN\Characters\Pics\Movelist\DF(White).gif --> ftp.hugelaser.com /Games/MUGEN/Characters/Pics/Movelist DF(White).gif
2009.10.01 00:27 B E:\Projects\Creamy's_Wonderland\Games\MUGEN\Characters\Pics\Movelist\DF(Yellow).gif --> ftp.hugelaser.com /Games/MUGEN/Characters/Pics/Movelist DF(Yellow).gif
2009.10.01 00:27 B E:\Projects\Creamy's_Wonderland\Games\MUGEN\Characters\Pics\Movelist\Down(Green).gif --> ftp.hugelaser.com /Games/MUGEN/Characters/Pics/Movelist Down(Green).gif
2009.10.01 00:27 B E:\Projects\Creamy's_Wonderland\Games\MUGEN\Characters\Pics\Movelist\Down(Red).gif --> ftp.hugelaser.com /Games/MUGEN/Characters/Pics/Movelist Down(Red).gif
2009.10.01 00:27 B E:\Projects\Creamy's_Wonderland\Games\MUGEN\Characters\Pics\Movelist\Down(White).gif --> ftp.hugelaser.com /Games/MUGEN/Characters/Pics/Movelist Down(White).gif
2009.10.01 00:27 B E:\Projects\Creamy's_Wonderland\Games\MUGEN\Characters\Pics\Movelist\Down(Yellow).gif --> ftp.hugelaser.com /Games/MUGEN/Characters/Pics/Movelist Down(Yellow).gif
2009.10.01 00:27 B E:\Projects\Creamy's_Wonderland\Games\MUGEN\Characters\Pics\Movelist\FCB(Green).gif --> ftp.hugelaser.com /Games/MUGEN/Characters/Pics/Movelist FCB(Green).gif
2009.10.01 00:27 B E:\Projects\Creamy's_Wonderland\Games\MUGEN\Characters\Pics\Movelist\FCB(Red).gif --> ftp.hugelaser.com /Games/MUGEN/Characters/Pics/Movelist FCB(Red).gif
2009.10.01 00:27 B E:\Projects\Creamy's_Wonderland\Games\MUGEN\Characters\Pics\Movelist\FCB(White).gif --> ftp.hugelaser.com /Games/MUGEN/Characters/Pics/Movelist FCB(White).gif
2009.10.01 00:27 B E:\Projects\Creamy's_Wonderland\Games\MUGEN\Characters\Pics\Movelist\FCB(Yellow).gif --> ftp.hugelaser.com /Games/MUGEN/Characters/Pics/Movelist FCB(Yellow).gif
2009.10.01 00:27 B E:\Projects\Creamy's_Wonderland\Games\MUGEN\Characters\Pics\Movelist\FCF(Green).gif --> ftp.hugelaser.com /Games/MUGEN/Characters/Pics/Movelist FCF(Green).gif
2009.10.01 00:27 B E:\Projects\Creamy's_Wonderland\Games\MUGEN\Characters\Pics\Movelist\FCF(Red).gif --> ftp.hugelaser.com /Games/MUGEN/Characters/Pics/Movelist FCF(Red).gif
2009.10.01 00:27 B E:\Projects\Creamy's_Wonderland\Games\MUGEN\Characters\Pics\Movelist\FCF(White).gif --> ftp.hugelaser.com /Games/MUGEN/Characters/Pics/Movelist FCF(White).gif
2009.10.01 00:27 B E:\Projects\Creamy's_Wonderland\Games\MUGEN\Characters\Pics\Movelist\FCF(Yellow).gif --> ftp.hugelaser.com /Games/MUGEN/Characters/Pics/Movelist FCF(Yellow).gif
2009.10.01 00:27 B E:\Projects\Creamy's_Wonderland\Games\MUGEN\Characters\Pics\Movelist\Forward(Green).gif --> ftp.hugelaser.com /Games/MUGEN/Characters/Pics/Movelist Forward(Green).gif
2009.10.01 00:27 B E:\Projects\Creamy's_Wonderland\Games\MUGEN\Characters\Pics\Movelist\Forward(Red).gif --> ftp.hugelaser.com /Games/MUGEN/Characters/Pics/Movelist Forward(Red).gif
2009.10.01 00:27 B E:\Projects\Creamy's_Wonderland\Games\MUGEN\Characters\Pics\Movelist\Forward(White).gif --> ftp.hugelaser.com /Games/MUGEN/Characters/Pics/Movelist Forward(White).gif
2009.10.01 00:27 B E:\Projects\Creamy's_Wonderland\Games\MUGEN\Characters\Pics\Movelist\Forward(Yellow).gif --> ftp.hugelaser.com /Games/MUGEN/Characters/Pics/Movelist Forward(Yellow).gif
2009.10.01 00:27 B E:\Projects\Creamy's_Wonderland\Games\MUGEN\Characters\Pics\Movelist\HCB(Green).gif --> ftp.hugelaser.com /Games/MUGEN/Characters/Pics/Movelist HCB(Green).gif
2009.10.01 00:27 B E:\Projects\Creamy's_Wonderland\Games\MUGEN\Characters\Pics\Movelist\HCB(Red).gif --> ftp.hugelaser.com /Games/MUGEN/Characters/Pics/Movelist HCB(Red).gif
2009.10.01 00:27 B E:\Projects\Creamy's_Wonderland\Games\MUGEN\Characters\Pics\Movelist\HCB(White).gif --> ftp.hugelaser.com /Games/MUGEN/Characters/Pics/Movelist HCB(White).gif
2009.10.01 00:27 B E:\Projects\Creamy's_Wonderland\Games\MUGEN\Characters\Pics\Movelist\HCB(Yellow).gif --> ftp.hugelaser.com /Games/MUGEN/Characters/Pics/Movelist HCB(Yellow).gif
2009.10.01 00:27 B E:\Projects\Creamy's_Wonderland\Games\MUGEN\Characters\Pics\Movelist\HCF(Green).gif --> ftp.hugelaser.com /Games/MUGEN/Characters/Pics/Movelist HCF(Green).gif
2009.10.01 00:27 B E:\Projects\Creamy's_Wonderland\Games\MUGEN\Characters\Pics\Movelist\HCF(Red).gif --> ftp.hugelaser.com /Games/MUGEN/Characters/Pics/Movelist HCF(Red).gif
2009.10.01 00:27 B E:\Projects\Creamy's_Wonderland\Games\MUGEN\Characters\Pics\Movelist\HCF(White).gif --> ftp.hugelaser.com /Games/MUGEN/Characters/Pics/Movelist HCF(White).gif
2009.10.01 00:27 B E:\Projects\Creamy's_Wonderland\Games\MUGEN\Characters\Pics\Movelist\HCF(Yellow).gif --> ftp.hugelaser.com /Games/MUGEN/Characters/Pics/Movelist HCF(Yellow).gif
2009.10.01 00:27 B E:\Projects\Creamy's_Wonderland\Games\MUGEN\Characters\Pics\Movelist\Key_Template.gif --> ftp.hugelaser.com /Games/MUGEN/Characters/Pics/Movelist Key_Template.gif
2009.10.01 00:27 B E:\Projects\Creamy's_Wonderland\Games\MUGEN\Characters\Pics\Movelist\Key_Template.psd --> ftp.hugelaser.com /Games/MUGEN/Characters/Pics/Movelist Key_Template.psd
2009.10.01 00:27 B E:\Projects\Creamy's_Wonderland\Games\MUGEN\Characters\Pics\Movelist\Neutral(Green).gif --> ftp.hugelaser.com /Games/MUGEN/Characters/Pics/Movelist Neutral(Green).gif
2009.10.01 00:27 B E:\Projects\Creamy's_Wonderland\Games\MUGEN\Characters\Pics\Movelist\Neutral(Red).gif --> ftp.hugelaser.com /Games/MUGEN/Characters/Pics/Movelist Neutral(Red).gif
2009.10.01 00:27 B E:\Projects\Creamy's_Wonderland\Games\MUGEN\Characters\Pics\Movelist\Neutral(White).gif --> ftp.hugelaser.com /Games/MUGEN/Characters/Pics/Movelist Neutral(White).gif
2009.10.01 00:27 B E:\Projects\Creamy's_Wonderland\Games\MUGEN\Characters\Pics\Movelist\Neutral(Yellow).gif --> ftp.hugelaser.com /Games/MUGEN/Characters/Pics/Movelist Neutral(Yellow).gif
2009.10.01 00:27 B E:\Projects\Creamy's_Wonderland\Games\MUGEN\Characters\Pics\Movelist\QCB(Green).gif --> ftp.hugelaser.com /Games/MUGEN/Characters/Pics/Movelist QCB(Green).gif
2009.10.01 00:27 B E:\Projects\Creamy's_Wonderland\Games\MUGEN\Characters\Pics\Movelist\QCB(Red).gif --> ftp.hugelaser.com /Games/MUGEN/Characters/Pics/Movelist QCB(Red).gif
2009.10.01 00:27 B E:\Projects\Creamy's_Wonderland\Games\MUGEN\Characters\Pics\Movelist\QCB(White).gif --> ftp.hugelaser.com /Games/MUGEN/Characters/Pics/Movelist QCB(White).gif
2009.10.01 00:27 B E:\Projects\Creamy's_Wonderland\Games\MUGEN\Characters\Pics\Movelist\QCB(Yellow).gif --> ftp.hugelaser.com /Games/MUGEN/Characters/Pics/Movelist QCB(Yellow).gif
2009.10.01 00:27 B E:\Projects\Creamy's_Wonderland\Games\MUGEN\Characters\Pics\Movelist\QCF(Green).gif --> ftp.hugelaser.com /Games/MUGEN/Characters/Pics/Movelist QCF(Green).gif
2009.10.01 00:27 B E:\Projects\Creamy's_Wonderland\Games\MUGEN\Characters\Pics\Movelist\QCF(Red).gif --> ftp.hugelaser.com /Games/MUGEN/Characters/Pics/Movelist QCF(Red).gif
2009.10.01 00:27 B E:\Projects\Creamy's_Wonderland\Games\MUGEN\Characters\Pics\Movelist\QCF(White).gif --> ftp.hugelaser.com /Games/MUGEN/Characters/Pics/Movelist QCF(White).gif
2009.10.01 00:27 B E:\Projects\Creamy's_Wonderland\Games\MUGEN\Characters\Pics\Movelist\QCF(Yellow).gif --> ftp.hugelaser.com /Games/MUGEN/Characters/Pics/Movelist QCF(Yellow).gif
2009.10.01 00:27 B E:\Projects\Creamy's_Wonderland\Games\MUGEN\Characters\Pics\Movelist\Thumbs.db --> ftp.hugelaser.com /Games/MUGEN/Characters/Pics/Movelist Thumbs.db
2009.10.01 00:27 B E:\Projects\Creamy's_Wonderland\Games\MUGEN\Characters\Pics\Movelist\UB(Green).gif --> ftp.hugelaser.com /Games/MUGEN/Characters/Pics/Movelist UB(Green).gif
2009.10.01 00:27 B E:\Projects\Creamy's_Wonderland\Games\MUGEN\Characters\Pics\Movelist\UB(Red).gif --> ftp.hugelaser.com /Games/MUGEN/Characters/Pics/Movelist UB(Red).gif
2009.10.01 00:27 B E:\Projects\Creamy's_Wonderland\Games\MUGEN\Characters\Pics\Movelist\UB(White).gif --> ftp.hugelaser.com /Games/MUGEN/Characters/Pics/Movelist UB(White).gif
2009.10.01 00:27 B E:\Projects\Creamy's_Wonderland\Games\MUGEN\Characters\Pics\Movelist\UB(Yellow).gif --> ftp.hugelaser.com /Games/MUGEN/Characters/Pics/Movelist UB(Yellow).gif
2009.10.01 00:27 B E:\Projects\Creamy's_Wonderland\Games\MUGEN\Characters\Pics\Movelist\UF(Green).gif --> ftp.hugelaser.com /Games/MUGEN/Characters/Pics/Movelist UF(Green).gif
2009.10.01 00:27 B E:\Projects\Creamy's_Wonderland\Games\MUGEN\Characters\Pics\Movelist\UF(Red).gif --> ftp.hugelaser.com /Games/MUGEN/Characters/Pics/Movelist UF(Red).gif
2009.10.01 00:27 B E:\Projects\Creamy's_Wonderland\Games\MUGEN\Characters\Pics\Movelist\UF(White).gif --> ftp.hugelaser.com /Games/MUGEN/Characters/Pics/Movelist UF(White).gif
2009.10.01 00:27 B E:\Projects\Creamy's_Wonderland\Games\MUGEN\Characters\Pics\Movelist\UF(Yellow).gif --> ftp.hugelaser.com /Games/MUGEN/Characters/Pics/Movelist UF(Yellow).gif
2009.10.01 00:27 B E:\Projects\Creamy's_Wonderland\Games\MUGEN\Characters\Pics\Movelist\Up(Green).gif --> ftp.hugelaser.com /Games/MUGEN/Characters/Pics/Movelist Up(Green).gif
2009.10.01 00:27 B E:\Projects\Creamy's_Wonderland\Games\MUGEN\Characters\Pics\Movelist\Up(Red).gif --> ftp.hugelaser.com /Games/MUGEN/Characters/Pics/Movelist Up(Red).gif
2009.10.01 00:27 B E:\Projects\Creamy's_Wonderland\Games\MUGEN\Characters\Pics\Movelist\Up(White).gif --> ftp.hugelaser.com /Games/MUGEN/Characters/Pics/Movelist Up(White).gif
2009.10.01 00:27 B E:\Projects\Creamy's_Wonderland\Games\MUGEN\Characters\Pics\Movelist\Up(Yellow).gif --> ftp.hugelaser.com /Games/MUGEN/Characters/Pics/Movelist Up(Yellow).gif
2009.10.01 00:27 B E:\Projects\Creamy's_Wonderland\Games\MUGEN\Characters\Pics\Movelist\WS_FTP.LOG --> ftp.hugelaser.com /Games/MUGEN/Characters/Pics/Movelist WS_FTP.LOG
2009.10.01 00:27 B E:\Projects\Creamy's_Wonderland\Games\MUGEN\Characters\Pics\Movelist\ZB(Green).gif --> ftp.hugelaser.com /Games/MUGEN/Characters/Pics/Movelist ZB(Green).gif
2009.10.01 00:27 B E:\Projects\Creamy's_Wonderland\Games\MUGEN\Characters\Pics\Movelist\ZB(Red).gif --> ftp.hugelaser.com /Games/MUGEN/Characters/Pics/Movelist ZB(Red).gif
2009.10.01 00:27 B E:\Projects\Creamy's_Wonderland\Games\MUGEN\Characters\Pics\Movelist\ZB(White).gif --> ftp.hugelaser.com /Games/MUGEN/Characters/Pics/Movelist ZB(White).gif
2009.10.01 00:27 B E:\Projects\Creamy's_Wonderland\Games\MUGEN\Characters\Pics\Movelist\ZB(Yellow).gif --> ftp.hugelaser.com /Games/MUGEN/Characters/Pics/Movelist ZB(Yellow).gif
2009.10.01 00:27 B E:\Projects\Creamy's_Wonderland\Games\MUGEN\Characters\Pics\Movelist\ZF(Green).gif --> ftp.hugelaser.com /Games/MUGEN/Characters/Pics/Movelist ZF(Green).gif
2009.10.01 00:27 B E:\Projects\Creamy's_Wonderland\Games\MUGEN\Characters\Pics\Movelist\ZF(Red).gif --> ftp.hugelaser.com /Games/MUGEN/Characters/Pics/Movelist ZF(Red).gif
2009.10.01 00:27 B E:\Projects\Creamy's_Wonderland\Games\MUGEN\Characters\Pics\Movelist\ZF(White).gif --> ftp.hugelaser.com /Games/MUGEN/Characters/Pics/Movelist ZF(White).gif
2009.10.01 00:27 B E:\Projects\Creamy's_Wonderland\Games\MUGEN\Characters\Pics\Movelist\ZF(Yellow).gif --> ftp.hugelaser.com /Games/MUGEN/Characters/Pics/Movelist ZF(Yellow).gif
