2009.09.30 23:45 B E:\Projects\Creamy's_Wonderland\Games\MUGEN\Characters\Pics\Bubbles_-_Portrait.gif <-- Creamy's Wonderland /creamyg.planetquake.gamespy.com/Games/MUGEN/Edits/Characters Bubbles_-_Portrait.gif
2009.09.30 23:45 B E:\Projects\Creamy's_Wonderland\Games\MUGEN\Characters\Pics\Bubbles_-_Stance.gif <-- Creamy's Wonderland /creamyg.planetquake.gamespy.com/Games/MUGEN/Edits/Characters Bubbles_-_Stance.gif
2009.09.30 23:45 B E:\Projects\Creamy's_Wonderland\Games\MUGEN\Characters\Pics\Dan_-_Portrait.gif <-- Creamy's Wonderland /creamyg.planetquake.gamespy.com/Games/MUGEN/Edits/Characters Dan_-_Portrait.gif
2009.09.30 23:45 B E:\Projects\Creamy's_Wonderland\Games\MUGEN\Characters\Pics\Dan_-_Stance.gif <-- Creamy's Wonderland /creamyg.planetquake.gamespy.com/Games/MUGEN/Edits/Characters Dan_-_Stance.gif
2009.09.30 23:45 B E:\Projects\Creamy's_Wonderland\Games\MUGEN\Characters\Pics\Guile_-_Portrait.gif <-- Creamy's Wonderland /creamyg.planetquake.gamespy.com/Games/MUGEN/Edits/Characters Guile_-_Portrait.gif
2009.09.30 23:45 B E:\Projects\Creamy's_Wonderland\Games\MUGEN\Characters\Pics\Guile_-_Stance.gif <-- Creamy's Wonderland /creamyg.planetquake.gamespy.com/Games/MUGEN/Edits/Characters Guile_-_Stance.gif
2009.09.30 23:45 B E:\Projects\Creamy's_Wonderland\Games\MUGEN\Characters\Pics\HB_-_Portrait.gif <-- Creamy's Wonderland /creamyg.planetquake.gamespy.com/Games/MUGEN/Edits/Characters HB_-_Portrait.gif
2009.09.30 23:45 B E:\Projects\Creamy's_Wonderland\Games\MUGEN\Characters\Pics\HB_-_Stance.gif <-- Creamy's Wonderland /creamyg.planetquake.gamespy.com/Games/MUGEN/Edits/Characters HB_-_Stance.gif
2009.09.30 23:45 B E:\Projects\Creamy's_Wonderland\Games\MUGEN\Characters\Pics\Makoto_-_Portrait.gif <-- Creamy's Wonderland /creamyg.planetquake.gamespy.com/Games/MUGEN/Edits/Characters Makoto_-_Portrait.gif
2009.09.30 23:45 B E:\Projects\Creamy's_Wonderland\Games\MUGEN\Characters\Pics\Makoto_-_Stance.gif <-- Creamy's Wonderland /creamyg.planetquake.gamespy.com/Games/MUGEN/Edits/Characters Makoto_-_Stance.gif
2009.09.30 23:45 B E:\Projects\Creamy's_Wonderland\Games\MUGEN\Characters\Pics\Ryoko_Izumo_-_Portrait.gif <-- Creamy's Wonderland /creamyg.planetquake.gamespy.com/Games/MUGEN/Edits/Characters Ryoko_Izumo_-_Portrait.gif
2009.09.30 23:46 B E:\Projects\Creamy's_Wonderland\Games\MUGEN\Characters\Pics\Ryoko_Izumo_-_Screenshot01.jpg <-- Creamy's Wonderland /creamyg.planetquake.gamespy.com/Games/MUGEN/Edits/Characters Ryoko_Izumo_-_Screenshot01.jpg
2009.09.30 23:46 B E:\Projects\Creamy's_Wonderland\Games\MUGEN\Characters\Pics\Ryoko_Izumo_-_Screenshot02.jpg <-- Creamy's Wonderland /creamyg.planetquake.gamespy.com/Games/MUGEN/Edits/Characters Ryoko_Izumo_-_Screenshot02.jpg
2009.09.30 23:46 B E:\Projects\Creamy's_Wonderland\Games\MUGEN\Characters\Pics\Ryoko_Izumo_-_Screenshot03.jpg <-- Creamy's Wonderland /creamyg.planetquake.gamespy.com/Games/MUGEN/Edits/Characters Ryoko_Izumo_-_Screenshot03.jpg
2009.09.30 23:46 B E:\Projects\Creamy's_Wonderland\Games\MUGEN\Characters\Pics\Ryoko_Izumo_-_Screenshot04.jpg <-- Creamy's Wonderland /creamyg.planetquake.gamespy.com/Games/MUGEN/Edits/Characters Ryoko_Izumo_-_Screenshot04.jpg
2009.09.30 23:46 B E:\Projects\Creamy's_Wonderland\Games\MUGEN\Characters\Pics\Ryoko_Izumo_-_Screenshot05.jpg <-- Creamy's Wonderland /creamyg.planetquake.gamespy.com/Games/MUGEN/Edits/Characters Ryoko_Izumo_-_Screenshot05.jpg
2009.09.30 23:46 B E:\Projects\Creamy's_Wonderland\Games\MUGEN\Characters\Pics\Ryoko_Izumo_-_Screenshot06.jpg <-- Creamy's Wonderland /creamyg.planetquake.gamespy.com/Games/MUGEN/Edits/Characters Ryoko_Izumo_-_Screenshot06.jpg
2009.09.30 23:46 B E:\Projects\Creamy's_Wonderland\Games\MUGEN\Characters\Pics\Ryoko_Izumo_-_Stance.gif <-- Creamy's Wonderland /creamyg.planetquake.gamespy.com/Games/MUGEN/Edits/Characters Ryoko_Izumo_-_Stance.gif
2009.09.30 23:46 B E:\Projects\Creamy's_Wonderland\Games\MUGEN\Characters\Pics\samurai_jack_-_Big_Wave.gif <-- Creamy's Wonderland /creamyg.planetquake.gamespy.com/Games/MUGEN/Edits/Characters samurai_jack_-_Big_Wave.gif
2009.09.30 23:46 B E:\Projects\Creamy's_Wonderland\Games\MUGEN\Characters\Pics\samurai_jack_-_Bow.gif <-- Creamy's Wonderland /creamyg.planetquake.gamespy.com/Games/MUGEN/Edits/Characters samurai_jack_-_Bow.gif
2009.09.30 23:46 B E:\Projects\Creamy's_Wonderland\Games\MUGEN\Characters\Pics\samurai_jack_-_Fire_Wave.gif <-- Creamy's Wonderland /creamyg.planetquake.gamespy.com/Games/MUGEN/Edits/Characters samurai_jack_-_Fire_Wave.gif
2009.09.30 23:46 B E:\Projects\Creamy's_Wonderland\Games\MUGEN\Characters\Pics\samurai_jack_-_Ground_Smash.gif <-- Creamy's Wonderland /creamyg.planetquake.gamespy.com/Games/MUGEN/Edits/Characters samurai_jack_-_Ground_Smash.gif
2009.09.30 23:46 B E:\Projects\Creamy's_Wonderland\Games\MUGEN\Characters\Pics\SJ_-_Portrait.gif <-- Creamy's Wonderland /creamyg.planetquake.gamespy.com/Games/MUGEN/Edits/Characters SJ_-_Portrait.gif
2009.09.30 23:46 B E:\Projects\Creamy's_Wonderland\Games\MUGEN\Characters\Pics\SJ_-_Stance.gif <-- Creamy's Wonderland /creamyg.planetquake.gamespy.com/Games/MUGEN/Edits/Characters SJ_-_Stance.gif
2009.09.30 23:46 B E:\Projects\Creamy's_Wonderland\Games\MUGEN\Characters\Pics\Underdog_-_Portrait.gif <-- Creamy's Wonderland /creamyg.planetquake.gamespy.com/Games/MUGEN/Edits/Characters Underdog_-_Portrait.gif
2009.09.30 23:46 B E:\Projects\Creamy's_Wonderland\Games\MUGEN\Characters\Pics\Underdog_-_Stance.gif <-- Creamy's Wonderland /creamyg.planetquake.gamespy.com/Games/MUGEN/Edits/Characters Underdog_-_Stance.gif
2009.09.30 23:49 B E:\Projects\Creamy's_Wonderland\Games\MUGEN\Characters\Pics\Andore_Jr_-_Portrait.gif <-- Creamy's Wonderland /creamyg.planetquake.gamespy.com/Games/MUGEN/Hosted/Characters Andore_Jr_-_Portrait.gif
2009.09.30 23:49 B E:\Projects\Creamy's_Wonderland\Games\MUGEN\Characters\Pics\Andore_Jr_-_Stance.gif <-- Creamy's Wonderland /creamyg.planetquake.gamespy.com/Games/MUGEN/Hosted/Characters Andore_Jr_-_Stance.gif
2009.09.30 23:49 B E:\Projects\Creamy's_Wonderland\Games\MUGEN\Characters\Pics\Blaque_-_Portrait.gif <-- Creamy's Wonderland /creamyg.planetquake.gamespy.com/Games/MUGEN/Hosted/Characters Blaque_-_Portrait.gif
2009.09.30 23:49 B E:\Projects\Creamy's_Wonderland\Games\MUGEN\Characters\Pics\Blaque_-_Stance.gif <-- Creamy's Wonderland /creamyg.planetquake.gamespy.com/Games/MUGEN/Hosted/Characters Blaque_-_Stance.gif
2009.09.30 23:49 B E:\Projects\Creamy's_Wonderland\Games\MUGEN\Characters\Pics\Fiunn_-_Portrait.gif <-- Creamy's Wonderland /creamyg.planetquake.gamespy.com/Games/MUGEN/Hosted/Characters Fiunn_-_Portrait.gif
2009.09.30 23:49 B E:\Projects\Creamy's_Wonderland\Games\MUGEN\Characters\Pics\Fiunn_-_Stance.gif <-- Creamy's Wonderland /creamyg.planetquake.gamespy.com/Games/MUGEN/Hosted/Characters Fiunn_-_Stance.gif
2009.09.30 23:49 B E:\Projects\Creamy's_Wonderland\Games\MUGEN\Characters\Pics\Kim_Kaphwan_-_Portrait.gif <-- Creamy's Wonderland /creamyg.planetquake.gamespy.com/Games/MUGEN/Hosted/Characters Kim_Kaphwan_-_Portrait.gif
2009.09.30 23:49 B E:\Projects\Creamy's_Wonderland\Games\MUGEN\Characters\Pics\Kim_Kaphwan_-_Stance.gif <-- Creamy's Wonderland /creamyg.planetquake.gamespy.com/Games/MUGEN/Hosted/Characters Kim_Kaphwan_-_Stance.gif
2009.09.30 23:49 B E:\Projects\Creamy's_Wonderland\Games\MUGEN\Characters\Pics\Reiko_Hikari_-_Portrait.gif <-- Creamy's Wonderland /creamyg.planetquake.gamespy.com/Games/MUGEN/Hosted/Characters Reiko_Hikari_-_Portrait.gif
2009.09.30 23:49 B E:\Projects\Creamy's_Wonderland\Games\MUGEN\Characters\Pics\Reiko_Hikari_-_Stance.gif <-- Creamy's Wonderland /creamyg.planetquake.gamespy.com/Games/MUGEN/Hosted/Characters Reiko_Hikari_-_Stance.gif
2009.10.01 00:27 B E:\Projects\Creamy's_Wonderland\Games\MUGEN\Characters\Pics\Andore_Jr_-_Portrait.gif --> ftp.hugelaser.com /Games/MUGEN/Characters/Pics Andore_Jr_-_Portrait.gif
2009.10.01 00:27 B E:\Projects\Creamy's_Wonderland\Games\MUGEN\Characters\Pics\Andore_Jr_-_Stance.gif --> ftp.hugelaser.com /Games/MUGEN/Characters/Pics Andore_Jr_-_Stance.gif
2009.10.01 00:27 B E:\Projects\Creamy's_Wonderland\Games\MUGEN\Characters\Pics\Blaque_-_Portrait.gif --> ftp.hugelaser.com /Games/MUGEN/Characters/Pics Blaque_-_Portrait.gif
2009.10.01 00:27 B E:\Projects\Creamy's_Wonderland\Games\MUGEN\Characters\Pics\Blaque_-_Stance.gif --> ftp.hugelaser.com /Games/MUGEN/Characters/Pics Blaque_-_Stance.gif
2009.10.01 00:27 B E:\Projects\Creamy's_Wonderland\Games\MUGEN\Characters\Pics\Bubbles_-_Portrait.gif --> ftp.hugelaser.com /Games/MUGEN/Characters/Pics Bubbles_-_Portrait.gif
2009.10.01 00:27 B E:\Projects\Creamy's_Wonderland\Games\MUGEN\Characters\Pics\Bubbles_-_Stance.gif --> ftp.hugelaser.com /Games/MUGEN/Characters/Pics Bubbles_-_Stance.gif
2009.10.01 00:27 B E:\Projects\Creamy's_Wonderland\Games\MUGEN\Characters\Pics\Dan_-_Portrait.gif --> ftp.hugelaser.com /Games/MUGEN/Characters/Pics Dan_-_Portrait.gif
2009.10.01 00:27 B E:\Projects\Creamy's_Wonderland\Games\MUGEN\Characters\Pics\Dan_-_Stance.gif --> ftp.hugelaser.com /Games/MUGEN/Characters/Pics Dan_-_Stance.gif
2009.10.01 00:27 B E:\Projects\Creamy's_Wonderland\Games\MUGEN\Characters\Pics\Fiunn_-_Portrait.gif --> ftp.hugelaser.com /Games/MUGEN/Characters/Pics Fiunn_-_Portrait.gif
2009.10.01 00:27 B E:\Projects\Creamy's_Wonderland\Games\MUGEN\Characters\Pics\Fiunn_-_Stance.gif --> ftp.hugelaser.com /Games/MUGEN/Characters/Pics Fiunn_-_Stance.gif
2009.10.01 00:27 B E:\Projects\Creamy's_Wonderland\Games\MUGEN\Characters\Pics\Guile_-_Portrait.gif --> ftp.hugelaser.com /Games/MUGEN/Characters/Pics Guile_-_Portrait.gif
2009.10.01 00:27 B E:\Projects\Creamy's_Wonderland\Games\MUGEN\Characters\Pics\Guile_-_Stance.gif --> ftp.hugelaser.com /Games/MUGEN/Characters/Pics Guile_-_Stance.gif
2009.10.01 00:27 B E:\Projects\Creamy's_Wonderland\Games\MUGEN\Characters\Pics\HB_-_Portrait.gif --> ftp.hugelaser.com /Games/MUGEN/Characters/Pics HB_-_Portrait.gif
2009.10.01 00:27 B E:\Projects\Creamy's_Wonderland\Games\MUGEN\Characters\Pics\HB_-_Stance.gif --> ftp.hugelaser.com /Games/MUGEN/Characters/Pics HB_-_Stance.gif
2009.10.01 00:27 B E:\Projects\Creamy's_Wonderland\Games\MUGEN\Characters\Pics\Kim_Kaphwan_-_Portrait.gif --> ftp.hugelaser.com /Games/MUGEN/Characters/Pics Kim_Kaphwan_-_Portrait.gif
2009.10.01 00:27 B E:\Projects\Creamy's_Wonderland\Games\MUGEN\Characters\Pics\Kim_Kaphwan_-_Stance.gif --> ftp.hugelaser.com /Games/MUGEN/Characters/Pics Kim_Kaphwan_-_Stance.gif
2009.10.01 00:27 B E:\Projects\Creamy's_Wonderland\Games\MUGEN\Characters\Pics\Makoto_-_Portrait.gif --> ftp.hugelaser.com /Games/MUGEN/Characters/Pics Makoto_-_Portrait.gif
2009.10.01 00:27 B E:\Projects\Creamy's_Wonderland\Games\MUGEN\Characters\Pics\Makoto_-_Stance.gif --> ftp.hugelaser.com /Games/MUGEN/Characters/Pics Makoto_-_Stance.gif
2009.10.01 00:27 B E:\Projects\Creamy's_Wonderland\Games\MUGEN\Characters\Pics\Reiko_Hikari_-_Portrait.gif --> ftp.hugelaser.com /Games/MUGEN/Characters/Pics Reiko_Hikari_-_Portrait.gif
2009.10.01 00:27 B E:\Projects\Creamy's_Wonderland\Games\MUGEN\Characters\Pics\Reiko_Hikari_-_Stance.gif --> ftp.hugelaser.com /Games/MUGEN/Characters/Pics Reiko_Hikari_-_Stance.gif
2009.10.01 00:27 B E:\Projects\Creamy's_Wonderland\Games\MUGEN\Characters\Pics\Ryoko_Izumo_-_Portrait.gif --> ftp.hugelaser.com /Games/MUGEN/Characters/Pics Ryoko_Izumo_-_Portrait.gif
2009.10.01 00:27 B E:\Projects\Creamy's_Wonderland\Games\MUGEN\Characters\Pics\Ryoko_Izumo_-_Screenshot01.jpg --> ftp.hugelaser.com /Games/MUGEN/Characters/Pics Ryoko_Izumo_-_Screenshot01.jpg
2009.10.01 00:27 B E:\Projects\Creamy's_Wonderland\Games\MUGEN\Characters\Pics\Ryoko_Izumo_-_Screenshot02.jpg --> ftp.hugelaser.com /Games/MUGEN/Characters/Pics Ryoko_Izumo_-_Screenshot02.jpg
2009.10.01 00:27 B E:\Projects\Creamy's_Wonderland\Games\MUGEN\Characters\Pics\Ryoko_Izumo_-_Screenshot03.jpg --> ftp.hugelaser.com /Games/MUGEN/Characters/Pics Ryoko_Izumo_-_Screenshot03.jpg
2009.10.01 00:27 B E:\Projects\Creamy's_Wonderland\Games\MUGEN\Characters\Pics\Ryoko_Izumo_-_Screenshot04.jpg --> ftp.hugelaser.com /Games/MUGEN/Characters/Pics Ryoko_Izumo_-_Screenshot04.jpg
2009.10.01 00:27 B E:\Projects\Creamy's_Wonderland\Games\MUGEN\Characters\Pics\Ryoko_Izumo_-_Screenshot05.jpg --> ftp.hugelaser.com /Games/MUGEN/Characters/Pics Ryoko_Izumo_-_Screenshot05.jpg
2009.10.01 00:27 B E:\Projects\Creamy's_Wonderland\Games\MUGEN\Characters\Pics\Ryoko_Izumo_-_Screenshot06.jpg --> ftp.hugelaser.com /Games/MUGEN/Characters/Pics Ryoko_Izumo_-_Screenshot06.jpg
2009.10.01 00:27 B E:\Projects\Creamy's_Wonderland\Games\MUGEN\Characters\Pics\Ryoko_Izumo_-_Stance.gif --> ftp.hugelaser.com /Games/MUGEN/Characters/Pics Ryoko_Izumo_-_Stance.gif
2009.10.01 00:27 B E:\Projects\Creamy's_Wonderland\Games\MUGEN\Characters\Pics\samurai_jack_-_Big_Wave.gif --> ftp.hugelaser.com /Games/MUGEN/Characters/Pics samurai_jack_-_Big_Wave.gif
2009.10.01 00:28 B E:\Projects\Creamy's_Wonderland\Games\MUGEN\Characters\Pics\samurai_jack_-_Bow.gif --> ftp.hugelaser.com /Games/MUGEN/Characters/Pics samurai_jack_-_Bow.gif
2009.10.01 00:28 B E:\Projects\Creamy's_Wonderland\Games\MUGEN\Characters\Pics\samurai_jack_-_Fire_Wave.gif --> ftp.hugelaser.com /Games/MUGEN/Characters/Pics samurai_jack_-_Fire_Wave.gif
2009.10.01 00:28 B E:\Projects\Creamy's_Wonderland\Games\MUGEN\Characters\Pics\samurai_jack_-_Ground_Smash.gif --> ftp.hugelaser.com /Games/MUGEN/Characters/Pics samurai_jack_-_Ground_Smash.gif
2009.10.01 00:28 B E:\Projects\Creamy's_Wonderland\Games\MUGEN\Characters\Pics\SJ_-_Portrait.gif --> ftp.hugelaser.com /Games/MUGEN/Characters/Pics SJ_-_Portrait.gif
2009.10.01 00:28 B E:\Projects\Creamy's_Wonderland\Games\MUGEN\Characters\Pics\SJ_-_Stance.gif --> ftp.hugelaser.com /Games/MUGEN/Characters/Pics SJ_-_Stance.gif
2009.10.01 00:28 B E:\Projects\Creamy's_Wonderland\Games\MUGEN\Characters\Pics\Underdog_-_Portrait.gif --> ftp.hugelaser.com /Games/MUGEN/Characters/Pics Underdog_-_Portrait.gif
2009.10.01 00:28 B E:\Projects\Creamy's_Wonderland\Games\MUGEN\Characters\Pics\Underdog_-_Stance.gif --> ftp.hugelaser.com /Games/MUGEN/Characters/Pics Underdog_-_Stance.gif
2009.10.01 00:28 B E:\Projects\Creamy's_Wonderland\Games\MUGEN\Characters\Pics\WS_FTP.LOG --> ftp.hugelaser.com /Games/MUGEN/Characters/Pics WS_FTP.LOG
2013.01.01 16:40 B E:\Projects\Creamy's_Wonderland\Games\MUGEN\Characters\Pics\GikoNeko_-_Stance(GikoNeko).gif --> ftp.hugelaser.com /Games/mugen/Characters/Pics GikoNeko_-_Stance(GikoNeko).gif
2013.01.01 16:40 B E:\Projects\Creamy's_Wonderland\Games\MUGEN\Characters\Pics\Rimul_Aileron_-_Stance.gif --> ftp.hugelaser.com /Games/mugen/Characters/Pics Rimul_Aileron_-_Stance.gif
2013.01.01 16:40 B E:\Projects\Creamy's_Wonderland\Games\MUGEN\Characters\Pics\GikoNeko_-_Portrait.gif --> ftp.hugelaser.com /Games/mugen/Characters/Pics GikoNeko_-_Portrait.gif
2013.01.01 16:40 B E:\Projects\Creamy's_Wonderland\Games\MUGEN\Characters\Pics\Rimul_Aileron_-_Portrait.gif --> ftp.hugelaser.com /Games/mugen/Characters/Pics Rimul_Aileron_-_Portrait.gif
2013.01.01 16:40 B E:\Projects\Creamy's_Wonderland\Games\MUGEN\Characters\Pics\Valkyrie_-_Portrait.gif --> ftp.hugelaser.com /Games/mugen/Characters/Pics Valkyrie_-_Portrait.gif
2013.01.01 16:40 B E:\Projects\Creamy's_Wonderland\Games\MUGEN\Characters\Pics\Valkyrie_-_Stance(Walkure).gif --> ftp.hugelaser.com /Games/mugen/Characters/Pics Valkyrie_-_Stance(Walkure).gif
2013.01.03 23:00 B E:\Projects\Creamy's_Wonderland\Games\MUGEN\Characters\Pics\GikoNeko_-_Stance(Blue).gif --> ftp.hugelaser.com /Games/mugen/Characters/Pics GikoNeko_-_Stance(Blue).gif
2013.01.03 23:00 B E:\Projects\Creamy's_Wonderland\Games\MUGEN\Characters\Pics\GikoNeko_-_Stance(GikoNeko).gif --> ftp.hugelaser.com /Games/mugen/Characters/Pics GikoNeko_-_Stance(GikoNeko).gif
2013.01.03 23:00 B E:\Projects\Creamy's_Wonderland\Games\MUGEN\Characters\Pics\GikoNeko_-_Stance(Green).gif --> ftp.hugelaser.com /Games/mugen/Characters/Pics GikoNeko_-_Stance(Green).gif
2013.01.03 23:00 B E:\Projects\Creamy's_Wonderland\Games\MUGEN\Characters\Pics\GikoNeko_-_Stance(Orange).gif --> ftp.hugelaser.com /Games/mugen/Characters/Pics GikoNeko_-_Stance(Orange).gif
2013.01.03 23:00 B E:\Projects\Creamy's_Wonderland\Games\MUGEN\Characters\Pics\GikoNeko_-_Stance(Red).gif --> ftp.hugelaser.com /Games/mugen/Characters/Pics GikoNeko_-_Stance(Red).gif
2013.01.03 23:00 B E:\Projects\Creamy's_Wonderland\Games\MUGEN\Characters\Pics\GikoNeko_-_Stance(Yellow).gif --> ftp.hugelaser.com /Games/mugen/Characters/Pics GikoNeko_-_Stance(Yellow).gif
2013.01.03 23:00 B E:\Projects\Creamy's_Wonderland\Games\MUGEN\Characters\Pics\Rimul_Aileron_-_Stance(Blue).gif --> ftp.hugelaser.com /Games/mugen/Characters/Pics Rimul_Aileron_-_Stance(Blue).gif
2013.01.03 23:01 B E:\Projects\Creamy's_Wonderland\Games\MUGEN\Characters\Pics\Rimul_Aileron_-_Stance(Goth).gif --> ftp.hugelaser.com /Games/mugen/Characters/Pics Rimul_Aileron_-_Stance(Goth).gif
2013.01.03 23:01 B E:\Projects\Creamy's_Wonderland\Games\MUGEN\Characters\Pics\Rimul_Aileron_-_Stance(Green).gif --> ftp.hugelaser.com /Games/mugen/Characters/Pics Rimul_Aileron_-_Stance(Green).gif
2013.01.03 23:01 B E:\Projects\Creamy's_Wonderland\Games\MUGEN\Characters\Pics\Rimul_Aileron_-_Stance(Monochrome).gif --> ftp.hugelaser.com /Games/mugen/Characters/Pics Rimul_Aileron_-_Stance(Monochrome).gif
2013.01.03 23:01 B E:\Projects\Creamy's_Wonderland\Games\MUGEN\Characters\Pics\Rimul_Aileron_-_Stance(Red).gif --> ftp.hugelaser.com /Games/mugen/Characters/Pics Rimul_Aileron_-_Stance(Red).gif
2013.01.03 23:01 B E:\Projects\Creamy's_Wonderland\Games\MUGEN\Characters\Pics\Rimul_Aileron_-_Stance(Rimle).gif --> ftp.hugelaser.com /Games/mugen/Characters/Pics Rimul_Aileron_-_Stance(Rimle).gif
2013.01.03 23:01 B E:\Projects\Creamy's_Wonderland\Games\MUGEN\Characters\Pics\Rimul_Aileron_-_Stance.gif --> ftp.hugelaser.com /Games/mugen/Characters/Pics Rimul_Aileron_-_Stance.gif
2013.01.03 23:01 B E:\Projects\Creamy's_Wonderland\Games\MUGEN\Characters\Pics\Valkyrie_-_Stance(Blue).gif --> ftp.hugelaser.com /Games/mugen/Characters/Pics Valkyrie_-_Stance(Blue).gif
2013.01.03 23:01 B E:\Projects\Creamy's_Wonderland\Games\MUGEN\Characters\Pics\Valkyrie_-_Stance(Evil).gif --> ftp.hugelaser.com /Games/mugen/Characters/Pics Valkyrie_-_Stance(Evil).gif
2013.01.03 23:01 B E:\Projects\Creamy's_Wonderland\Games\MUGEN\Characters\Pics\Valkyrie_-_Stance(Green).gif --> ftp.hugelaser.com /Games/mugen/Characters/Pics Valkyrie_-_Stance(Green).gif
2013.01.03 23:01 B E:\Projects\Creamy's_Wonderland\Games\MUGEN\Characters\Pics\Valkyrie_-_Stance(Paladin).gif --> ftp.hugelaser.com /Games/mugen/Characters/Pics Valkyrie_-_Stance(Paladin).gif
2013.01.03 23:01 B E:\Projects\Creamy's_Wonderland\Games\MUGEN\Characters\Pics\Valkyrie_-_Stance(Red).gif --> ftp.hugelaser.com /Games/mugen/Characters/Pics Valkyrie_-_Stance(Red).gif
2013.01.03 23:01 B E:\Projects\Creamy's_Wonderland\Games\MUGEN\Characters\Pics\Valkyrie_-_Stance(Walkure).gif --> ftp.hugelaser.com /Games/mugen/Characters/Pics Valkyrie_-_Stance(Walkure).gif
2015.09.19 14:50 B E:\Projects\Creamy's_Wonderland\Games\MUGEN\Characters\Pics\Luigi_-_Portrait.gif --> www.jdluke.com /Games/MUGEN/Characters/Pics Luigi_-_Portrait.gif
2015.09.19 14:50 B E:\Projects\Creamy's_Wonderland\Games\MUGEN\Characters\Pics\Luigi_-_Stance.gif --> www.jdluke.com /Games/MUGEN/Characters/Pics Luigi_-_Stance.gif
2016.08.06 01:37 B F:\Projects\Creamy's_Wonderland\Games\MUGEN\Characters\Pics\Roy_-_Portrait.gif --> www.jdluke.com /Games/MUGEN/Characters/Pics Roy_-_Portrait.gif
2016.08.06 01:37 B F:\Projects\Creamy's_Wonderland\Games\MUGEN\Characters\Pics\Roy_-_Stance.gif --> www.jdluke.com /Games/MUGEN/Characters/Pics Roy_-_Stance.gif
2016.08.15 08:08 B F:\Projects\Creamy's_Wonderland\Games\MUGEN\Characters\Pics\Arina_Makihara_-_Portrait.gif --> www.jdluke.com /Games/MUGEN/Characters/Pics Arina_Makihara_-_Portrait.gif
2016.08.15 08:08 B F:\Projects\Creamy's_Wonderland\Games\MUGEN\Characters\Pics\Rai_Bakuoh_-_Portrait.gif --> www.jdluke.com /Games/MUGEN/Characters/Pics Rai_Bakuoh_-_Portrait.gif
2016.08.15 08:08 B F:\Projects\Creamy's_Wonderland\Games\MUGEN\Characters\Pics\Rai_Bakuoh_-_Stance.gif --> www.jdluke.com /Games/MUGEN/Characters/Pics Rai_Bakuoh_-_Stance.gif
2016.08.15 08:08 B F:\Projects\Creamy's_Wonderland\Games\MUGEN\Characters\Pics\Arina_Makihara_-_Stance.gif --> www.jdluke.com /Games/MUGEN/Characters/Pics Arina_Makihara_-_Stance.gif
2016.10.02 07:58 B F:\Projects\Creamy's_Wonderland\Games\MUGEN\Characters\Pics\Rucheca_-_Stance.gif --> www.jdluke.com /Games/MUGEN/Characters/Pics Rucheca_-_Stance.gif
2016.10.02 07:58 B F:\Projects\Creamy's_Wonderland\Games\MUGEN\Characters\Pics\Rucheca_-_Portrait.gif --> www.jdluke.com /Games/MUGEN/Characters/Pics Rucheca_-_Portrait.gif
2016.10.02 07:58 B F:\Projects\Creamy's_Wonderland\Games\MUGEN\Characters\Pics\Shartel_-_Stance.gif --> www.jdluke.com /Games/MUGEN/Characters/Pics Shartel_-_Stance.gif
2016.10.02 07:58 B F:\Projects\Creamy's_Wonderland\Games\MUGEN\Characters\Pics\Shartel_-_Portrait.gif --> www.jdluke.com /Games/MUGEN/Characters/Pics Shartel_-_Portrait.gif
