2014.07.08 23:59 B E:\Projects\Creamy's_Wonderland\CGF\CGF_-_Main_Page.html --> www.jdluke.com /CGF CGF_-_Main_Page.html
2015.01.24 22:42 B E:\Projects\Creamy's_Wonderland\CGF\CGF_-_Main_Page.html --> www.jdluke.com /CGF CGF_-_Main_Page.html
2015.06.13 11:29 B E:\Projects\Creamy's_Wonderland\CGF\CGF_-_Main_Page.html --> www.jdluke.com /CGF CGF_-_Main_Page.html
2015.06.13 11:33 B E:\Projects\Creamy's_Wonderland\CGF\CGF_-_Main_Page.html --> www.jdluke.com /CGF CGF_-_Main_Page.html
2015.06.13 11:35 B E:\Projects\Creamy's_Wonderland\CGF\CGF_-_Main_Page.html --> www.jdluke.com /CGF CGF_-_Main_Page.html
2015.06.24 23:36 B E:\Projects\Creamy's_Wonderland\CGF\CGF_-_Main_Page.html --> www.jdluke.com /CGF CGF_-_Main_Page.html
2015.07.05 23:49 B E:\Projects\Creamy's_Wonderland\CGF\CGF_-_Main_Page.html --> www.jdluke.com /CGF CGF_-_Main_Page.html
2015.07.15 23:32 B E:\Projects\Creamy's_Wonderland\CGF\CGF_-_Main_Page.html --> www.jdluke.com /CGF CGF_-_Main_Page.html
2015.07.26 23:46 B E:\Projects\Creamy's_Wonderland\CGF\CGF_-_Main_Page.html --> www.jdluke.com /CGF CGF_-_Main_Page.html
2015.08.05 23:54 B E:\Projects\Creamy's_Wonderland\CGF\CGF_-_Main_Page.html --> www.jdluke.com /CGF CGF_-_Main_Page.html
2015.08.05 23:56 B E:\Projects\Creamy's_Wonderland\CGF\CGF_-_Main_Page.html --> www.jdluke.com /CGF CGF_-_Main_Page.html
2015.08.05 23:57 B E:\Projects\Creamy's_Wonderland\CGF\CGF_-_Main_Page.html --> www.jdluke.com /CGF CGF_-_Main_Page.html
2015.08.06 00:00 B E:\Projects\Creamy's_Wonderland\CGF\CGF_-_Main_Page.html --> www.jdluke.com /CGF CGF_-_Main_Page.html
2015.08.16 23:26 B E:\Projects\Creamy's_Wonderland\CGF\CGF_-_Main_Page.html --> www.jdluke.com /CGF CGF_-_Main_Page.html
2015.08.26 23:37 B E:\Projects\Creamy's_Wonderland\CGF\CGF_-_Main_Page.html --> www.jdluke.com /CGF CGF_-_Main_Page.html
2015.09.06 23:42 B E:\Projects\Creamy's_Wonderland\CGF\CGF_-_Main_Page.html --> www.jdluke.com /CGF CGF_-_Main_Page.html
2016.01.10 23:21 B H:\Projects\Creamy's_Wonderland\CGF\CGF_-_Main_Page.html --> www.jdluke.com /CGF CGF_-_Main_Page.html
2016.01.10 23:27 B H:\Projects\Creamy's_Wonderland\CGF\CGF_-_Main_Page.html --> www.jdluke.com /CGF CGF_-_Main_Page.html
2016.01.20 22:33 B H:\Projects\Creamy's_Wonderland\CGF\CGF_-_Main_Page.html --> www.jdluke.com /CGF CGF_-_Main_Page.html
2016.03.02 21:33 B E:\Projects\Creamy's_Wonderland\CGF\CGF_-_Main_Page.html --> www.jdluke.com /CGF CGF_-_Main_Page.html
2016.03.13 19:10 B E:\Projects\Creamy's_Wonderland\CGF\CGF_-_Main_Page.html --> www.jdluke.com /CGF CGF_-_Main_Page.html
2016.03.13 19:16 B E:\Projects\Creamy's_Wonderland\CGF\CGF_-_Main_Page.html --> www.jdluke.com /CGF CGF_-_Main_Page.html
2016.03.13 19:22 B E:\Projects\Creamy's_Wonderland\CGF\CGF_-_Main_Page.html --> www.jdluke.com /CGF CGF_-_Main_Page.html
2016.03.23 23:30 B F:\Projects\Creamy's_Wonderland\CGF\CGF_-_Main_Page.html --> www.jdluke.com /CGF CGF_-_Main_Page.html
2016.04.03 19:30 B E:\Projects\Creamy's_Wonderland\CGF\CGF_-_Main_Page.html --> www.jdluke.com /CGF CGF_-_Main_Page.html
2016.04.14 01:08 B E:\Projects\Creamy's_Wonderland\CGF\CGF_-_Main_Page.html --> www.jdluke.com /CGF CGF_-_Main_Page.html
2016.04.25 18:44 B E:\Projects\Creamy's_Wonderland\CGF\CGF_-_Main_Page.html --> www.jdluke.com /CGF CGF_-_Main_Page.html
2016.05.19 06:14 B F:\Projects\Creamy's_Wonderland\CGF\CGF_-_Main_Page.html --> www.jdluke.com /CGF CGF_-_Main_Page.html
2016.05.25 13:34 B F:\Projects\Creamy's_Wonderland\CGF\CGF_-_Main_Page.html --> www.jdluke.com /CGF CGF_-_Main_Page.html
2016.06.06 15:50 B F:\Projects\Creamy's_Wonderland\CGF\CGF_-_Main_Page.html --> www.jdluke.com /CGF CGF_-_Main_Page.html
2016.07.26 22:24 B K:\Projects\Creamy's_Wonderland\CGF\CGF_-_Main_Page.html --> www.jdluke.com /CGF CGF_-_Main_Page.html
2016.08.17 23:44 B F:\Projects\Creamy's_Wonderland\CGF\CGF_-_Main_Page.html --> www.jdluke.com /CGF CGF_-_Main_Page.html
2016.08.29 01:11 B K:\Projects\Creamy's_Wonderland\CGF\CGF_-_Main_Page.html --> www.jdluke.com /CGF CGF_-_Main_Page.html
2016.08.29 01:20 B K:\Projects\Creamy's_Wonderland\CGF\CGF_-_Main_Page.html --> www.jdluke.com /CGF CGF_-_Main_Page.html
2016.09.08 18:14 B K:\Projects\Creamy's_Wonderland\CGF\CGF_-_Main_Page.html --> www.jdluke.com /CGF CGF_-_Main_Page.html
2016.09.18 21:59 B K:\Projects\Creamy's_Wonderland\CGF\CGF_-_Main_Page.html --> www.jdluke.com /CGF CGF_-_Main_Page.html
2016.09.28 23:01 B K:\Projects\Creamy's_Wonderland\CGF\CGF_-_Main_Page.html --> www.jdluke.com /CGF CGF_-_Main_Page.html
2016.10.05 04:57 B E:\Projects\Creamy's_Wonderland\CGF\CGF_-_Main_Page.html --> www.jdluke.com /CGF CGF_-_Main_Page.html
2016.10.09 14:55 B E:\Projects\Creamy's_Wonderland\CGF\CGF_-_Main_Page.html --> www.jdluke.com /CGF CGF_-_Main_Page.html
2016.10.09 15:07 B E:\Projects\Creamy's_Wonderland\CGF\CGF_-_Main_Page.html --> www.jdluke.com /CGF/VG_Longplays CGF_-_Main_Page.html
2016.10.09 15:07 B E:\Projects\Creamy's_Wonderland\CGF\CGF_-_Main_Page.html --> www.jdluke.com /CGF CGF_-_Main_Page.html
2016.10.09 15:12 B E:\Projects\Creamy's_Wonderland\CGF\CGF_-_Main_Page.html --> www.jdluke.com /CGF CGF_-_Main_Page.html
2016.10.22 17:54 B E:\Projects\Creamy's_Wonderland\CGF\CGF_-_Main_Page.html --> www.jdluke.com /CGF CGF_-_Main_Page.html
2016.10.22 17:58 B E:\Projects\Creamy's_Wonderland\CGF\CGF_-_Main_Page.html --> www.jdluke.com /CGF CGF_-_Main_Page.html
2016.10.22 17:59 B E:\Projects\Creamy's_Wonderland\CGF\CGF_-_Main_Page.html --> www.jdluke.com /CGF CGF_-_Main_Page.html
2016.10.22 18:01 B E:\Projects\Creamy's_Wonderland\CGF\CGF_-_Main_Page.html --> www.jdluke.com /CGF CGF_-_Main_Page.html
2016.10.30 22:41 B E:\Projects\Creamy's_Wonderland\CGF\CGF_-_Main_Page.html --> www.jdluke.com /CGF CGF_-_Main_Page.html
2016.11.24 14:08 B E:\Projects\Creamy's_Wonderland\CGF\CGF_-_Main_Page.html --> www.jdluke.com /CGF CGF_-_Main_Page.html
2016.12.01 02:47 B F:\Projects\Creamy's_Wonderland\CGF\CGF_-_Main_Page.html --> www.jdluke.com /CGF CGF_-_Main_Page.html
2016.12.11 23:47 B F:\Projects\Creamy's_Wonderland\CGF\CGF_-_Main_Page.html --> www.jdluke.com /CGF CGF_-_Main_Page.html
2016.12.23 03:26 B K:\Projects\Creamy's_Wonderland\CGF\CGF_-_Main_Page.html --> www.jdluke.com /CGF CGF_-_Main_Page.html
2017.01.03 14:32 B F:\Projects\Creamy's_Wonderland\CGF\CGF_-_Main_Page.html --> www.jdluke.com /CGF CGF_-_Main_Page.html
2017.01.03 15:15 B F:\Projects\Creamy's_Wonderland\CGF\CGF_-_Main_Page.html --> www.jdluke.com /CGF CGF_-_Main_Page.html
2017.01.11 23:15 B E:\Projects\Creamy's_Wonderland\CGF\CGF_-_Main_Page.html --> www.jdluke.com /CGF CGF_-_Main_Page.html
2017.01.22 18:58 B E:\Projects\Creamy's_Wonderland\CGF\CGF_-_Main_Page.html --> www.jdluke.com /CGF CGF_-_Main_Page.html
2017.02.01 23:44 B E:\Projects\Creamy's_Wonderland\CGF\CGF_-_Main_Page.html --> www.jdluke.com /CGF CGF_-_Main_Page.html
2017.02.22 17:02 B E:\Projects\Creamy's_Wonderland\CGF\CGF_-_Main_Page.html --> www.jdluke.com /CGF CGF_-_Main_Page.html
2017.02.22 17:04 B E:\Projects\Creamy's_Wonderland\CGF\CGF_-_Main_Page.html --> www.jdluke.com /CGF CGF_-_Main_Page.html
2017.03.06 20:12 B F:\Projects\Creamy's_Wonderland\CGF\CGF_-_Main_Page.html --> www.jdluke.com /CGF CGF_-_Main_Page.html
2017.03.28 16:47 B F:\Projects\Creamy's_Wonderland\CGF\CGF_-_Main_Page.html --> www.jdluke.com /CGF CGF_-_Main_Page.html
2017.04.05 22:51 B E:\Projects\Creamy's_Wonderland\CGF\CGF_-_Main_Page.html --> www.jdluke.com /CGF CGF_-_Main_Page.html
2017.04.16 23:44 B E:\Projects\Creamy's_Wonderland\CGF\CGF_-_Main_Page.html --> www.jdluke.com /CGF CGF_-_Main_Page.html
2017.04.16 23:48 B E:\Projects\Creamy's_Wonderland\CGF\CGF_-_Main_Page.html --> www.jdluke.com /CGF CGF_-_Main_Page.html
2017.04.16 23:52 B E:\Projects\Creamy's_Wonderland\CGF\CGF_-_Main_Page.html --> www.jdluke.com /CGF CGF_-_Main_Page.html
2017.04.27 23:43 B E:\Projects\Creamy's_Wonderland\CGF\CGF_-_Main_Page.html --> www.jdluke.com /CGF CGF_-_Main_Page.html
2017.05.07 23:35 B E:\Projects\Creamy's_Wonderland\CGF\CGF_-_Main_Page.html --> www.jdluke.com /CGF CGF_-_Main_Page.html
2017.05.17 23:35 B F:\Projects\Creamy's_Wonderland\CGF\CGF_-_Main_Page.html --> www.jdluke.com /CGF CGF_-_Main_Page.html
2017.09.11 00:24 B E:\MX-LX Backup\Projects\Creamy's_Wonderland\CGF\CGF_-_Main_Page.html --> www.jdluke.com /CGF CGF_-_Main_Page.html
2017.09.11 00:27 B E:\MX-LX Backup\Projects\Creamy's_Wonderland\CGF\CGF_-_Main_Page.html --> www.jdluke.com /CGF CGF_-_Main_Page.html
2017.09.11 00:41 B E:\MX-LX Backup\Projects\Creamy's_Wonderland\CGF\CGF_-_Main_Page.html --> www.jdluke.com /CGF CGF_-_Main_Page.html
2017.09.20 23:53 B E:\MX-LX Backup\Projects\Creamy's_Wonderland\CGF\CGF_-_Main_Page.html --> www.jdluke.com /CGF CGF_-_Main_Page.html
2017.10.03 20:59 B E:\Projects\Creamy's_Wonderland\CGF\CGF_-_Main_Page.html --> www.jdluke.com /CGF CGF_-_Main_Page.html
2017.10.12 00:09 B E:\Projects\Creamy's_Wonderland\CGF\CGF_-_Main_Page.html --> www.jdluke.com /CGF CGF_-_Main_Page.html
2017.10.22 23:56 B E:\Projects\Creamy's_Wonderland\CGF\CGF_-_Main_Page.html --> www.jdluke.com /CGF CGF_-_Main_Page.html
2017.11.12 14:43 B E:\Projects\Creamy's_Wonderland\CGF\CGF_-_Main_Page.html --> www.jdluke.com /CGF CGF_-_Main_Page.html
2017.12.03 23:27 B E:\Projects\Creamy's_Wonderland\CGF\CGF_-_Main_Page.html --> www.jdluke.com /CGF CGF_-_Main_Page.html
2017.12.24 19:28 B E:\Projects\Creamy's_Wonderland\CGF\CGF_-_Main_Page.html --> www.jdluke.com /CGF CGF_-_Main_Page.html
2018.01.14 20:06 B E:\Projects\Creamy's_Wonderland\CGF\CGF_-_Main_Page.html --> www.jdluke.com /CGF CGF_-_Main_Page.html
2018.02.04 19:05 B E:\Projects\Creamy's_Wonderland\CGF\CGF_-_Main_Page.html --> www.jdluke.com /CGF CGF_-_Main_Page.html
2018.02.26 22:45 B E:\Projects\Creamy's_Wonderland\CGF\CGF_-_Main_Page.html --> www.jdluke.com /CGF CGF_-_Main_Page.html
2018.02.26 22:46 B E:\Projects\Creamy's_Wonderland\CGF\CGF_-_Main_Page.html --> www.jdluke.com /CGF CGF_-_Main_Page.html
2018.02.26 22:48 B E:\Projects\Creamy's_Wonderland\CGF\CGF_-_Main_Page.html --> www.jdluke.com /CGF CGF_-_Main_Page.html
2018.02.26 23:15 B E:\Projects\Creamy's_Wonderland\CGF\CGF_-_Main_Page.html --> www.jdluke.com /CGF CGF_-_Main_Page.html
2018.02.26 23:24 B E:\Projects\Creamy's_Wonderland\CGF\CGF_-_Main_Page.html --> www.jdluke.com /CGF CGF_-_Main_Page.html
2018.02.26 23:25 B E:\Projects\Creamy's_Wonderland\CGF\CGF_-_Main_Page.html --> www.jdluke.com /CGF CGF_-_Main_Page.html
2018.02.26 23:27 B E:\Projects\Creamy's_Wonderland\CGF\CGF_-_Main_Page.html --> www.jdluke.com /CGF CGF_-_Main_Page.html
2018.02.26 23:31 B E:\Projects\Creamy's_Wonderland\CGF\CGF_-_Main_Page.html --> www.jdluke.com /CGF CGF_-_Main_Page.html
2018.03.19 17:37 B E:\Projects\Creamy's_Wonderland\CGF\CGF_-_Main_Page.html <-- Creamy's Wonderland(JDL) /CGF CGF_-_Main_Page.html
2018.03.29 20:46 B E:\Projects\Creamy's_Wonderland\CGF\CGF_-_Main_Page.html --> www.jdluke.com /CGF CGF_-_Main_Page.html
2018.04.08 21:26 B E:\Projects\Creamy's_Wonderland\CGF\CGF_-_Main_Page.html --> www.jdluke.com /CGF CGF_-_Main_Page.html
2018.04.18 16:53 B E:\Projects\Creamy's_Wonderland\CGF\CGF_-_Main_Page.html --> www.jdluke.com /CGF CGF_-_Main_Page.html
2018.04.29 16:48 B E:\Projects\Creamy's_Wonderland\CGF\CGF_-_Main_Page.html --> www.jdluke.com /CGF CGF_-_Main_Page.html
2018.05.09 23:47 B E:\Projects\Creamy's_Wonderland\CGF\CGF_-_Main_Page.html --> www.jdluke.com /CGF CGF_-_Main_Page.html
2018.05.27 14:31 B E:\Projects\Creamy's_Wonderland\CGF\CGF_-_Main_Page.html --> www.jdluke.com /CGF CGF_-_Main_Page.html
2018.08.04 08:44 B E:\Projects\Creamy's_Wonderland\CGF\CGF_-_Main_Page.html --> www.jdluke.com /CGF CGF_-_Main_Page.html
2018.08.04 08:48 B E:\Projects\Creamy's_Wonderland\CGF\CGF_-_Main_Page.html --> www.jdluke.com /CGF CGF_-_Main_Page.html
