2014.01.07 13:23 B E:\Projects\Creamy's_Wonderland\CGF\Mirrors\Thumbs\agnosticman77 - Genocide In The Bible & William Lane Craig- The Atheist Experience.jpg --> www.jdluke.com /CGF/Mirrors/Thumbs agnosticman77 - Genocide In The Bible & William Lane Craig- The Atheist Experience.jpg
2014.01.07 13:23 B E:\Projects\Creamy's_Wonderland\CGF\Mirrors\Thumbs\AronRa - My afterthoughts on the Hitchens-Dembski debate.jpg --> www.jdluke.com /CGF/Mirrors/Thumbs AronRa - My afterthoughts on the Hitchens-Dembski debate.jpg
2014.01.07 13:23 B E:\Projects\Creamy's_Wonderland\CGF\Mirrors\Thumbs\atheistcartoons - Creationism- A Cautionary Tale.jpg --> www.jdluke.com /CGF/Mirrors/Thumbs atheistcartoons - Creationism- A Cautionary Tale.jpg
2014.01.07 13:23 B E:\Projects\Creamy's_Wonderland\CGF\Mirrors\Thumbs\coughlan666 - Gathering Storm by Coughlan666 (RATED R).jpg --> www.jdluke.com /CGF/Mirrors/Thumbs coughlan666 - Gathering Storm by Coughlan666 (RATED R).jpg
2014.01.07 13:23 B E:\Projects\Creamy's_Wonderland\CGF\Mirrors\Thumbs\DARKJAKE13 - NBA Jam Wii - Backboard Smash Gameplay.jpg --> www.jdluke.com /CGF/Mirrors/Thumbs DARKJAKE13 - NBA Jam Wii - Backboard Smash Gameplay.jpg
2014.01.07 13:23 B E:\Projects\Creamy's_Wonderland\CGF\Mirrors\Thumbs\Desertphile - Re- 'Evolution, and Creation.... its real people!'.jpg --> www.jdluke.com /CGF/Mirrors/Thumbs Desertphile - Re- 'Evolution, and Creation.... its real people!'.jpg
2014.01.07 13:23 B E:\Projects\Creamy's_Wonderland\CGF\Mirrors\Thumbs\FeministObsession1 - False Flagged-You Can't Be Pro-war & Pro-life.jpg --> www.jdluke.com /CGF/Mirrors/Thumbs FeministObsession1 - False Flagged-You Can't Be Pro-war & Pro-life.jpg
2014.01.07 13:23 B E:\Projects\Creamy's_Wonderland\CGF\Mirrors\Thumbs\firedoglake - Keith Olbermann - 8 years in 8 minutes.jpg --> www.jdluke.com /CGF/Mirrors/Thumbs firedoglake - Keith Olbermann - 8 years in 8 minutes.jpg
2014.01.07 13:23 B E:\Projects\Creamy's_Wonderland\CGF\Mirrors\Thumbs\fonkex - pÇÉsê¥Tƒ¦pâƒpé»pÇæpâƒpé»püîpâPpââpâöpâ+tòÑpüùpüªpâƒpââpâöpâ+.jpg --> www.jdluke.com /CGF/Mirrors/Thumbs fonkex - pÇÉsê¥Tƒ¦pâƒpé»pÇæpâƒpé»püîpâPpââpâöpâ+tòÑpüùpüªpâƒpââpâöpâ+.jpg
2014.01.07 13:23 B E:\Projects\Creamy's_Wonderland\CGF\Mirrors\Thumbs\hillsongchurch - creation science.jpg --> www.jdluke.com /CGF/Mirrors/Thumbs hillsongchurch - creation science.jpg
2014.01.07 13:23 B E:\Projects\Creamy's_Wonderland\CGF\Mirrors\Thumbs\JeepersMedia - Be a HERO and Help STOP SOPA Now!! I'll tell you How!.jpg --> www.jdluke.com /CGF/Mirrors/Thumbs JeepersMedia - Be a HERO and Help STOP SOPA Now!! I'll tell you How!.jpg
2014.01.07 13:23 B E:\Projects\Creamy's_Wonderland\CGF\Mirrors\Thumbs\jezuzfreek777 - Jezuzfreek777 Account Suspended.jpg --> www.jdluke.com /CGF/Mirrors/Thumbs jezuzfreek777 - Jezuzfreek777 Account Suspended.jpg
2014.01.07 13:23 B E:\Projects\Creamy's_Wonderland\CGF\Mirrors\Thumbs\Mattmon2 - Christian sabotage of Africa AIDS programs.jpg --> www.jdluke.com /CGF/Mirrors/Thumbs Mattmon2 - Christian sabotage of Africa AIDS programs.jpg
2014.01.07 13:23 B E:\Projects\Creamy's_Wonderland\CGF\Mirrors\Thumbs\pinkyshow - Apartheid Is So Gay.jpg --> www.jdluke.com /CGF/Mirrors/Thumbs pinkyshow - Apartheid Is So Gay.jpg
2014.01.07 13:23 B E:\Projects\Creamy's_Wonderland\CGF\Mirrors\Thumbs\pmokadakeisuke - Okada and Hara- First Contact.jpg --> www.jdluke.com /CGF/Mirrors/Thumbs pmokadakeisuke - Okada and Hara- First Contact.jpg
2014.01.07 13:23 B E:\Projects\Creamy's_Wonderland\CGF\Mirrors\Thumbs\princeroy - Hyper Combo Finish 3.jpg --> www.jdluke.com /CGF/Mirrors/Thumbs princeroy - Hyper Combo Finish 3.jpg
2014.01.07 13:23 B E:\Projects\Creamy's_Wonderland\CGF\Mirrors\Thumbs\stonedcommander - venomfangx is dead to me.jpg --> www.jdluke.com /CGF/Mirrors/Thumbs stonedcommander - venomfangx is dead to me.jpg
2014.01.07 13:23 B E:\Projects\Creamy's_Wonderland\CGF\Mirrors\Thumbs\straightd0pe - Censorship will not stand.jpg --> www.jdluke.com /CGF/Mirrors/Thumbs straightd0pe - Censorship will not stand.jpg
2014.01.07 13:23 B E:\Projects\Creamy's_Wonderland\CGF\Mirrors\Thumbs\TheProf1988 - Lesbian Pedophile (Boycott the Age of Consent!).jpg --> www.jdluke.com /CGF/Mirrors/Thumbs TheProf1988 - Lesbian Pedophile (Boycott the Age of Consent!).jpg
2014.01.07 13:23 B E:\Projects\Creamy's_Wonderland\CGF\Mirrors\Thumbs\TheThinkingAtheist - The Center of all Things.jpg --> www.jdluke.com /CGF/Mirrors/Thumbs TheThinkingAtheist - The Center of all Things.jpg
2014.01.07 13:23 B E:\Projects\Creamy's_Wonderland\CGF\Mirrors\Thumbs\Thumbs.db --> www.jdluke.com /CGF/Mirrors/Thumbs Thumbs.db
2014.01.07 13:23 B E:\Projects\Creamy's_Wonderland\CGF\Mirrors\Thumbs\Thunderf00t - BURN MUHAMMAD BURN!!!!.jpg --> www.jdluke.com /CGF/Mirrors/Thumbs Thunderf00t - BURN MUHAMMAD BURN!!!!.jpg
2014.01.07 13:23 B E:\Projects\Creamy's_Wonderland\CGF\Mirrors\Thumbs\Thunderf00t - South Park vs Islam.jpg --> www.jdluke.com /CGF/Mirrors/Thumbs Thunderf00t - South Park vs Islam.jpg
2014.01.07 13:23 B E:\Projects\Creamy's_Wonderland\CGF\Mirrors\Thumbs\Thunderf00t - The Humiliation of William Lane Craig.jpg --> www.jdluke.com /CGF/Mirrors/Thumbs Thunderf00t - The Humiliation of William Lane Craig.jpg
2014.01.07 13:23 B E:\Projects\Creamy's_Wonderland\CGF\Mirrors\Thumbs\Vogter2100 - I used to hate age fascism and I still do!.jpg --> www.jdluke.com /CGF/Mirrors/Thumbs Vogter2100 - I used to hate age fascism and I still do!.jpg
2014.01.07 13:23 B E:\Projects\Creamy's_Wonderland\CGF\Mirrors\Thumbs\Vogter2100 - Security vs Freedom (surveilance or not).jpg --> www.jdluke.com /CGF/Mirrors/Thumbs Vogter2100 - Security vs Freedom (surveilance or not).jpg
2014.01.07 13:23 B E:\Projects\Creamy's_Wonderland\CGF\Mirrors\Thumbs\Vogter2100 - Things about religion that pisses me off.jpg --> www.jdluke.com /CGF/Mirrors/Thumbs Vogter2100 - Things about religion that pisses me off.jpg
2014.01.07 13:23 B E:\Projects\Creamy's_Wonderland\CGF\Mirrors\Thumbs\ZOMGitsCriss - Islam is so wonderful and sciency and peaceful.jpg --> www.jdluke.com /CGF/Mirrors/Thumbs ZOMGitsCriss - Islam is so wonderful and sciency and peaceful.jpg
2014.03.07 23:41 B E:\Projects\Creamy's_Wonderland\cgf\Mirrors\Thumbs\Libertarianist - Evolution is a lie.jpg --> www.jdluke.com /CGF/Mirrors/Thumbs Libertarianist - Evolution is a lie.jpg
2014.06.07 23:03 B E:\Projects\Creamy's_Wonderland\CGF\Mirrors\Thumbs\Vogter2100 - Christian fundies and their imorality.jpg --> www.jdluke.com /CGF/Mirrors/Thumbs Vogter2100 - Christian fundies and their imorality.jpg
2015.08.05 23:43 B E:\Projects\Creamy's_Wonderland\CGF\Mirrors\Thumbs\lydiechan - If Hermey Were Gay.jpg --> www.jdluke.com /CGF/Mirrors/Thumbs lydiechan - If Hermey Were Gay.jpg
2015.12.06 17:15 B E:\Projects\Creamy's_Wonderland\CGF\Mirrors\Thumbs\Ttop429 - Descpicable Me Minions.jpg --> www.jdluke.com /CGF/Mirrors/Thumbs Ttop429 - Descpicable Me Minions.jpg
2016.06.06 03:22 B F:\Projects\Creamy's_Wonderland\CGF\Mirrors\Thumbs\logicked - YouTuber faces years in jail for insulting Islam and Christianity.jpg --> www.jdluke.com /CGF/Mirrors/Thumbs logicked - YouTuber faces years in jail for insulting Islam and Christianity.jpg
2016.06.16 03:40 B F:\Projects\Creamy's_Wonderland\CGF\Mirrors\Thumbs\BrainAndButter - Refuting Islam With Their Own Quran.jpg --> www.jdluke.com /CGF/Mirrors/Thumbs BrainAndButter - Refuting Islam With Their Own Quran.jpg
2017.05.28 10:53 B E:\Projects\Creamy's_Wonderland\CGF\Mirrors\Thumbs\DieselsChannel - Audiosurf - DJ Hero's 'Shout vs. Pjanoo'.jpg --> www.jdluke.com /CGF/Mirrors/Thumbs DieselsChannel - Audiosurf - DJ Hero's 'Shout vs. Pjanoo'.jpg
