2009.09.11 18:24 B E:\Projects\Creamy's_Wonderland\Games\MUGEN\Games_-_MUGEN(lfm).html --> ftp.hugelaser.com /Games/MUGEN Games_-_MUGEN(lfm).html
2009.09.11 18:26 B E:\Projects\Creamy's_Wonderland\Games\MUGEN\Games_-_MUGEN(fs).html --> ftp.hugelaser.com /Games/MUGEN Games_-_MUGEN(fs).html
2009.09.11 19:09 B E:\Projects\Creamy's_Wonderland\Games\MUGEN\Characters(fs).html --> ftp.hugelaser.com /Games/MUGEN Characters(fs).html
2009.09.11 19:09 B E:\Projects\Creamy's_Wonderland\Games\MUGEN\Characters(lfm).html --> ftp.hugelaser.com /Games/MUGEN Characters(lfm).html
2009.09.11 19:09 B E:\Projects\Creamy's_Wonderland\Games\MUGEN\Tournaments(fs).html --> ftp.hugelaser.com /Games/MUGEN Tournaments(fs).html
2009.09.11 19:09 B E:\Projects\Creamy's_Wonderland\Games\MUGEN\Tournaments(lfm).html --> ftp.hugelaser.com /Games/MUGEN Tournaments(lfm).html
2009.09.12 21:00 B E:\Projects\Creamy's_Wonderland\Games\MUGEN\Tournaments(lfm).html --> ftp.hugelaser.com /Games/MUGEN Tournaments(lfm).html
2009.09.12 21:00 B E:\Projects\Creamy's_Wonderland\Games\MUGEN\Games_-_MUGEN(lfm).html --> ftp.hugelaser.com /Games/MUGEN Games_-_MUGEN(lfm).html
2009.09.12 21:00 B E:\Projects\Creamy's_Wonderland\Games\MUGEN\Characters(lfm).html --> ftp.hugelaser.com /Games/MUGEN Characters(lfm).html
2009.09.13 01:44 B E:\Projects\Creamy's_Wonderland\Games\MUGEN\Tournaments(fs).html --> ftp.hugelaser.com /Games/MUGEN Tournaments(fs).html
2009.09.13 01:44 B E:\Projects\Creamy's_Wonderland\Games\MUGEN\Games_-_MUGEN(fs).html --> ftp.hugelaser.com /Games/MUGEN Games_-_MUGEN(fs).html
2009.09.13 01:44 B E:\Projects\Creamy's_Wonderland\Games\MUGEN\Characters(fs).html --> ftp.hugelaser.com /Games/MUGEN Characters(fs).html
2009.09.30 23:43 B E:\Projects\Creamy's_Wonderland\Games\MUGEN\Characters.html --> ftp.hugelaser.com /Games/MUGEN Characters.html
2009.09.30 23:43 B E:\Projects\Creamy's_Wonderland\Games\MUGEN\Games_-_MUGEN.html --> ftp.hugelaser.com /Games/MUGEN Games_-_MUGEN.html
2009.10.01 15:45 B E:\Projects\Creamy's_Wonderland\Games\MUGEN\Characters.html --> ftp.hugelaser.com /Games/MUGEN Characters.html
2009.10.01 19:55 B E:\Projects\Creamy's_Wonderland\Games\MUGEN\Characters_-_Brandy_Oteigh.html --> ftp.hugelaser.com /Games/MUGEN Characters_-_Brandy_Oteigh.html
2009.10.01 19:55 B E:\Projects\Creamy's_Wonderland\Games\MUGEN\Characters.html --> ftp.hugelaser.com /Games/MUGEN Characters.html
2009.10.01 19:55 B E:\Projects\Creamy's_Wonderland\Games\MUGEN\Games_-_MUGEN.html --> ftp.hugelaser.com /Games/MUGEN Games_-_MUGEN.html
2009.10.01 20:14 B E:\Projects\Creamy's_Wonderland\Games\MUGEN\Characters_-_Brandy_Oteigh.html --> ftp.hugelaser.com /Games/MUGEN Characters_-_Brandy_Oteigh.html
2009.10.01 20:16 B E:\Projects\Creamy's_Wonderland\Games\MUGEN\Characters_-_Brandy_Oteigh.html --> ftp.hugelaser.com /Games/MUGEN Characters_-_Brandy_Oteigh.html
2009.10.01 20:44 B E:\Projects\Creamy's_Wonderland\Games\MUGEN\Characters_-_Brandy_Oteigh.html --> ftp.hugelaser.com /Games/MUGEN Characters_-_Brandy_Oteigh.html
2009.10.01 23:38 B E:\Projects\Creamy's_Wonderland\Games\MUGEN\Tournaments_-_2E2008.html --> ftp.hugelaser.com /Games/MUGEN Tournaments_-_2E2008.html
2009.10.01 23:38 B E:\Projects\Creamy's_Wonderland\Games\MUGEN\Tournaments.html --> ftp.hugelaser.com /Games/MUGEN Tournaments.html
2009.10.01 23:38 B E:\Projects\Creamy's_Wonderland\Games\MUGEN\Characters.html --> ftp.hugelaser.com /Games/MUGEN Characters.html
2009.10.06 01:19 B E:\Projects\Creamy's_Wonderland\Games\MUGEN\Characters.html --> ftp.hugelaser.com /Games/MUGEN Characters.html
2009.10.06 01:19 B E:\Projects\Creamy's_Wonderland\Games\MUGEN\Games_-_MUGEN.html --> ftp.hugelaser.com /Games/MUGEN Games_-_MUGEN.html
2009.10.06 22:01 B E:\Projects\Creamy's_Wonderland\Games\MUGEN\Characters.html --> ftp.hugelaser.com /Games/MUGEN Characters.html
2009.11.01 15:21 B E:\Projects\Creamy's_Wonderland\Games\MUGEN\Characters_-_Brandy_Oteigh.html --> ftp.hugelaser.com /Games/MUGEN Characters_-_Brandy_Oteigh.html
2009.11.01 15:21 B E:\Projects\Creamy's_Wonderland\Games\MUGEN\Characters.html --> ftp.hugelaser.com /Games/MUGEN Characters.html
2009.11.01 15:21 B E:\Projects\Creamy's_Wonderland\Games\MUGEN\Tournaments_-_2J2008.html --> ftp.hugelaser.com /Games/MUGEN Tournaments_-_2J2008.html
2009.11.29 23:36 B E:\Projects\Creamy's_Wonderland\Games\MUGEN\Characters_-_Brandy_Oteigh.html --> ftp.hugelaser.com /Games/MUGEN Characters_-_Brandy_Oteigh.html
2009.11.29 23:36 B E:\Projects\Creamy's_Wonderland\Games\MUGEN\Characters.html --> ftp.hugelaser.com /Games/MUGEN Characters.html
2009.11.29 23:36 B E:\Projects\Creamy's_Wonderland\Games\MUGEN\Tournaments_-_2J2008.html --> ftp.hugelaser.com /Games/MUGEN Tournaments_-_2J2008.html
2010.03.02 17:07 B E:\Projects\Creamy's_Wonderland\Games\MUGEN\Characters_-_Brandy_Oteigh.html --> ftp.hugelaser.com /Games/MUGEN Characters_-_Brandy_Oteigh.html
2010.03.02 17:07 B E:\Projects\Creamy's_Wonderland\Games\MUGEN\Characters.html --> ftp.hugelaser.com /Games/MUGEN Characters.html
2010.03.02 17:10 B E:\Projects\Creamy's_Wonderland\Games\MUGEN\Tournaments_-_2J2008.html --> ftp.hugelaser.com /Games/MUGEN Tournaments_-_2J2008.html
2010.03.12 23:20 B E:\Projects\Creamy's_Wonderland\Games\MUGEN\Characters.html --> ftp.hugelaser.com /Games/MUGEN Characters.html
2010.03.12 23:20 B E:\Projects\Creamy's_Wonderland\Games\MUGEN\Tournaments_-_2J2008.html --> ftp.hugelaser.com /Games/MUGEN Tournaments_-_2J2008.html
2010.03.12 23:20 B E:\Projects\Creamy's_Wonderland\Games\MUGEN\Characters_-_Brandy_Oteigh.html --> ftp.hugelaser.com /Games/MUGEN Characters_-_Brandy_Oteigh.html
2010.03.12 23:20 B E:\Projects\Creamy's_Wonderland\Games\MUGEN\Characters_-_Brandy_Oteigh(Karate_Gi).html --> ftp.hugelaser.com /Games/MUGEN Characters_-_Brandy_Oteigh(Karate_Gi).html
2010.03.12 23:24 B E:\Projects\Creamy's_Wonderland\Games\MUGEN\Characters_-_Brandy_Oteigh(Karate_Gi).html --> ftp.hugelaser.com /Games/MUGEN Characters_-_Brandy_Oteigh(Karate_Gi).html
2010.05.05 01:49 B E:\Projects\Creamy's_Wonderland\Games\MUGEN\Characters_-_Brandy_Oteigh(Karate_Gi).html --> ftp.hugelaser.com /Games/MUGEN Characters_-_Brandy_Oteigh(Karate_Gi).html
2010.05.05 01:49 B E:\Projects\Creamy's_Wonderland\Games\MUGEN\Characters.html --> ftp.hugelaser.com /Games/MUGEN Characters.html
2010.05.05 01:49 B E:\Projects\Creamy's_Wonderland\Games\MUGEN\Tournaments_-_2J2008.html --> ftp.hugelaser.com /Games/MUGEN Tournaments_-_2J2008.html
2010.05.05 01:49 B E:\Projects\Creamy's_Wonderland\Games\MUGEN\Characters_-_Brandy_Oteigh.html --> ftp.hugelaser.com /Games/MUGEN Characters_-_Brandy_Oteigh.html
2010.09.28 23:47 B E:\Projects\Creamy's_Wonderland\Games\MUGEN\Tournaments_-_2J2008.html --> ftp.hugelaser.com /Games/MUGEN Tournaments_-_2J2008.html
2010.09.28 23:52 B E:\Projects\Creamy's_Wonderland\Games\MUGEN\Characters.html --> ftp.hugelaser.com /Games/MUGEN Characters.html
2010.09.29 00:05 B E:\Projects\Creamy's_Wonderland\Games\MUGEN\Characters.html --> ftp.hugelaser.com /Games/MUGEN Characters.html
2010.10.02 14:32 B E:\Projects\Creamy's_Wonderland\Games\MUGEN\Tournaments_-_2J2008.html --> ftp.hugelaser.com /Games/MUGEN Tournaments_-_2J2008.html
2010.12.16 23:51 B E:\Projects\Creamy's_Wonderland\Games\MUGEN\Characters_-_Brandy_Oteigh(Karate_Gi).html --> ftp.hugelaser.com /Games/MUGEN Characters_-_Brandy_Oteigh(Karate_Gi).html
2010.12.16 23:51 B E:\Projects\Creamy's_Wonderland\Games\MUGEN\Characters_-_Brandy_Oteigh.html --> ftp.hugelaser.com /Games/MUGEN Characters_-_Brandy_Oteigh.html
2010.12.16 23:51 B E:\Projects\Creamy's_Wonderland\Games\MUGEN\Characters.html --> ftp.hugelaser.com /Games/MUGEN Characters.html
2010.12.16 23:52 B E:\Projects\Creamy's_Wonderland\Games\MUGEN\Characters_-_Brandy_Oteigh(Karate_Gi).html --> ftp.hugelaser.com /Games/MUGEN Characters_-_Brandy_Oteigh(Karate_Gi).html
2011.05.25 00:06 B E:\Projects\Creamy's_Wonderland\Games\MUGEN\Characters_-_Creamy_Goodness.html --> ftp.hugelaser.com /Games/MUGEN Characters_-_Creamy_Goodness.html
2011.05.25 00:06 B E:\Projects\Creamy's_Wonderland\Games\MUGEN\Characters_-_Creamy_Goodness(Karate_Gi).html --> ftp.hugelaser.com /Games/MUGEN Characters_-_Creamy_Goodness(Karate_Gi).html
2011.05.25 00:06 B E:\Projects\Creamy's_Wonderland\Games\MUGEN\Characters_-_Brandy_Oteigh.html --> ftp.hugelaser.com /Games/MUGEN Characters_-_Brandy_Oteigh.html
2011.05.25 00:06 B E:\Projects\Creamy's_Wonderland\Games\MUGEN\Characters.html --> ftp.hugelaser.com /Games/MUGEN Characters.html
2011.05.27 17:21 B E:\Projects\Creamy's_Wonderland\Games\MUGEN\Characters_-_Creamy_Goodness.html --> ftp.hugelaser.com /Games/MUGEN Characters_-_Creamy_Goodness.html
2011.05.27 17:21 B E:\Projects\Creamy's_Wonderland\Games\MUGEN\Characters_-_Brandy_Oteigh.html --> ftp.hugelaser.com /Games/MUGEN Characters_-_Brandy_Oteigh.html
2011.05.27 17:22 B E:\Projects\Creamy's_Wonderland\Games\MUGEN\Characters_-_Brandy_Oteigh.html --> ftp.hugelaser.com /Games/MUGEN Characters_-_Brandy_Oteigh.html
2011.05.27 17:26 B E:\Projects\Creamy's_Wonderland\Games\MUGEN\Characters_-_Creamy_Goodness.html --> ftp.hugelaser.com /Games/MUGEN Characters_-_Creamy_Goodness.html
2011.08.02 21:53 B E:\Projects\Creamy's_Wonderland\Games\MUGEN\Tournaments_-_2J2008.html --> ftp.hugelaser.com /Games/MUGEN Tournaments_-_2J2008.html
2011.08.02 21:53 B E:\Projects\Creamy's_Wonderland\Games\MUGEN\Characters_-_Brandy_Oteigh.html --> ftp.hugelaser.com /Games/MUGEN Characters_-_Brandy_Oteigh.html
2011.08.02 21:53 B E:\Projects\Creamy's_Wonderland\Games\MUGEN\Characters.html --> ftp.hugelaser.com /Games/MUGEN Characters.html
2011.08.02 21:53 B E:\Projects\Creamy's_Wonderland\Games\MUGEN\Characters_-_Creamy_Goodness.html --> ftp.hugelaser.com /Games/MUGEN Characters_-_Creamy_Goodness.html
2011.08.02 21:53 B E:\Projects\Creamy's_Wonderland\Games\MUGEN\Characters_-_Creamy_Goodness(Karate_Gi).html --> ftp.hugelaser.com /Games/MUGEN Characters_-_Creamy_Goodness(Karate_Gi).html
2011.08.02 21:53 B E:\Projects\Creamy's_Wonderland\Games\MUGEN\Characters_-_Brandy_Oteigh(Karate_Gi).html --> ftp.hugelaser.com /Games/MUGEN Characters_-_Brandy_Oteigh(Karate_Gi).html
2012.03.15 18:25 B E:\Projects\Creamy's_Wonderland\Games\MUGEN\Characters_-_Brandy_Oteigh(Karate_Gi).html --> ftp.hugelaser.com /Games/MUGEN Characters_-_Brandy_Oteigh(Karate_Gi).html
2012.03.15 18:25 B E:\Projects\Creamy's_Wonderland\Games\MUGEN\Characters_-_Brandy_Oteigh.html --> ftp.hugelaser.com /Games/MUGEN Characters_-_Brandy_Oteigh.html
2012.03.15 18:25 B E:\Projects\Creamy's_Wonderland\Games\MUGEN\Characters.html --> ftp.hugelaser.com /Games/MUGEN Characters.html
2012.06.15 22:22 B E:\Projects\Creamy's_Wonderland\Games\MUGEN\Characters.html --> ftp.hugelaser.com /Games/MUGEN Characters.html
2012.06.15 23:00 B E:\Projects\Creamy's_Wonderland\Games\MUGEN\Characters.html --> ftp.hugelaser.com /Games/MUGEN Characters.html
2012.06.15 23:31 B E:\Projects\Creamy's_Wonderland\Games\MUGEN\Characters.html --> ftp.hugelaser.com /Games/MUGEN Characters.html
2013.01.01 16:38 B E:\Projects\Creamy's_Wonderland\Games\MUGEN\Characters.html --> ftp.hugelaser.com /Games/mugen Characters.html
2013.01.04 14:06 B E:\Projects\Creamy's_Wonderland\Games\MUGEN\Characters.html --> ftp.hugelaser.com /Games/mugen Characters.html
2013.01.04 15:31 B E:\Projects\Creamy's_Wonderland\Games\MUGEN\Characters.html --> ftp.hugelaser.com /Games/mugen Characters.html
2013.01.05 17:12 B E:\Projects\Creamy's_Wonderland\Games\MUGEN\Characters.html --> ftp.hugelaser.com /Games/mugen Characters.html
2013.01.05 17:14 B E:\Projects\Creamy's_Wonderland\Games\MUGEN\Characters.html --> ftp.hugelaser.com /Games/mugen Characters.html
2013.01.05 17:22 B E:\Projects\Creamy's_Wonderland\Games\MUGEN\Characters.html --> ftp.hugelaser.com /Games/mugen Characters.html
