2007.12.09 18:14 B E:\Projects\Creamy's Wonderland\Games\MUGEN\MUGEN_Intro(lfm).html --> web.planethosting.gamespy.com /iwow.cottages.polycount.com/Games/MUGEN MUGEN_Intro(lfm).html
2007.12.09 18:14 B E:\Projects\Creamy's Wonderland\Games\MUGEN\MUGEN_Intro(fs).html --> web.planethosting.gamespy.com /iwow.cottages.polycount.com/Games/MUGEN MUGEN_Intro(fs).html
2007.12.09 18:14 B E:\Projects\Creamy's Wonderland\Games\MUGEN\MUGEN_Intro.html --> web.planethosting.gamespy.com /iwow.cottages.polycount.com/Games/MUGEN MUGEN_Intro.html
2008.04.19 23:19 B E:\Projects\Creamy's Wonderland\Games\MUGEN\Tournaments_Page(fs).html --> web.planethosting.gamespy.com /iwow.cottages.polycount.com/Games/MUGEN Tournaments_Page(fs).html
2008.04.19 23:19 B E:\Projects\Creamy's Wonderland\Games\MUGEN\Characters_Page(fs).html --> web.planethosting.gamespy.com /iwow.cottages.polycount.com/Games/MUGEN Characters_Page(fs).html
2008.04.19 23:19 B E:\Projects\Creamy's Wonderland\Games\MUGEN\Tournaments_Page(lfm).html --> web.planethosting.gamespy.com /iwow.cottages.polycount.com/Games/MUGEN Tournaments_Page(lfm).html
2008.04.19 23:19 B E:\Projects\Creamy's Wonderland\Games\MUGEN\Tournament_-_2E2008.html --> web.planethosting.gamespy.com /iwow.cottages.polycount.com/Games/MUGEN Tournament_-_2E2008.html
2008.04.19 23:19 B E:\Projects\Creamy's Wonderland\Games\MUGEN\Characters_Page(lfm).html --> web.planethosting.gamespy.com /iwow.cottages.polycount.com/Games/MUGEN Characters_Page(lfm).html
2008.04.19 23:19 B E:\Projects\Creamy's Wonderland\Games\MUGEN\MUGEN_Intro.html --> web.planethosting.gamespy.com /iwow.cottages.polycount.com/Games/MUGEN MUGEN_Intro.html
2008.04.19 23:19 B E:\Projects\Creamy's Wonderland\Games\MUGEN\MUGEN_Intro(lfm).html --> web.planethosting.gamespy.com /iwow.cottages.polycount.com/Games/MUGEN MUGEN_Intro(lfm).html
2008.04.19 23:19 B E:\Projects\Creamy's Wonderland\Games\MUGEN\Characters_Page.html --> web.planethosting.gamespy.com /iwow.cottages.polycount.com/Games/MUGEN Characters_Page.html
2008.04.19 23:19 B E:\Projects\Creamy's Wonderland\Games\MUGEN\Character_-_Brandy_Oteigh.html --> web.planethosting.gamespy.com /iwow.cottages.polycount.com/Games/MUGEN Character_-_Brandy_Oteigh.html
2008.04.19 23:19 B E:\Projects\Creamy's Wonderland\Games\MUGEN\Tournaments_Page.html --> web.planethosting.gamespy.com /iwow.cottages.polycount.com/Games/MUGEN Tournaments_Page.html
2008.04.19 23:19 B E:\Projects\Creamy's Wonderland\Games\MUGEN\MUGEN_Intro_BKU01.html --> web.planethosting.gamespy.com /iwow.cottages.polycount.com/Games/MUGEN MUGEN_Intro_BKU01.html
2008.04.19 23:29 B E:\Projects\Creamy's Wonderland\Games\MUGEN\Tournaments_Page.html --> web.planethosting.gamespy.com /iwow.cottages.polycount.com/Games/MUGEN Tournaments_Page.html
2008.04.19 23:30 B E:\Projects\Creamy's Wonderland\Games\MUGEN\Tournaments_Page.html --> web.planethosting.gamespy.com /iwow.cottages.polycount.com/Games/MUGEN Tournaments_Page.html
2008.06.04 23:38 B E:\Projects\Creamy's Wonderland\Games\MUGEN\Tournaments_-_2E2008.html --> web.planethosting.gamespy.com /iwow.cottages.polycount.com/Games/MUGEN Tournaments_-_2E2008.html
2008.06.04 23:38 B E:\Projects\Creamy's Wonderland\Games\MUGEN\Character_-_Brandy_Oteigh.html --> web.planethosting.gamespy.com /iwow.cottages.polycount.com/Games/MUGEN Character_-_Brandy_Oteigh.html
2008.06.04 23:38 B E:\Projects\Creamy's Wonderland\Games\MUGEN\Characters_Page.html --> web.planethosting.gamespy.com /iwow.cottages.polycount.com/Games/MUGEN Characters_Page.html
2008.06.04 23:49 B E:\Projects\Creamy's Wonderland\Games\MUGEN\Characters_Page.html --> web.planethosting.gamespy.com /iwow.cottages.polycount.com/Games/MUGEN Characters_Page.html
2008.07.02 19:19 B E:\Projects\Creamy's Wonderland\Games\MUGEN\Tournaments_-_2E2008.html --> web.planethosting.gamespy.com /iwow.cottages.polycount.com/Games/MUGEN Tournaments_-_2E2008.html
2008.07.02 19:19 B E:\Projects\Creamy's Wonderland\Games\MUGEN\Characters_Page.html --> web.planethosting.gamespy.com /iwow.cottages.polycount.com/Games/MUGEN Characters_Page.html
2008.07.02 19:19 B E:\Projects\Creamy's Wonderland\Games\MUGEN\Character_-_Brandy_Oteigh.html --> web.planethosting.gamespy.com /iwow.cottages.polycount.com/Games/MUGEN Character_-_Brandy_Oteigh.html
2008.07.02 19:21 B E:\Projects\Creamy's Wonderland\Games\MUGEN\Character_-_Brandy_Oteigh.html --> web.planethosting.gamespy.com /iwow.cottages.polycount.com/Games/MUGEN Character_-_Brandy_Oteigh.html
2008.07.02 19:42 B E:\Projects\Creamy's Wonderland\Games\MUGEN\Character_-_Brandy_Oteigh.html --> web.planethosting.gamespy.com /iwow.cottages.polycount.com/Games/MUGEN Character_-_Brandy_Oteigh.html
2008.08.16 23:54 B E:\Projects\Creamy's Wonderland\Games\MUGEN\Character_-_Brandy_Oteigh.html --> web.planethosting.gamespy.com /iwow.cottages.polycount.com/Games/MUGEN Character_-_Brandy_Oteigh.html
2008.08.16 23:54 B E:\Projects\Creamy's Wonderland\Games\MUGEN\Tournaments_Page.html --> web.planethosting.gamespy.com /iwow.cottages.polycount.com/Games/MUGEN Tournaments_Page.html
2008.08.16 23:54 B E:\Projects\Creamy's Wonderland\Games\MUGEN\Tournaments_-_2E2008.html --> web.planethosting.gamespy.com /iwow.cottages.polycount.com/Games/MUGEN Tournaments_-_2E2008.html
2008.08.16 23:54 B E:\Projects\Creamy's Wonderland\Games\MUGEN\Characters_Page.html --> web.planethosting.gamespy.com /iwow.cottages.polycount.com/Games/MUGEN Characters_Page.html
2008.08.17 00:31 B E:\Projects\Creamy's Wonderland\Games\MUGEN\Characters_Page.html --> web.planethosting.gamespy.com /iwow.cottages.polycount.com/Games/MUGEN Characters_Page.html
2008.08.17 00:32 B E:\Projects\Creamy's Wonderland\Games\MUGEN\Characters_Page.html --> web.planethosting.gamespy.com /iwow.cottages.polycount.com/Games/MUGEN Characters_Page.html
2008.08.17 00:35 B E:\Projects\Creamy's Wonderland\Games\MUGEN\Characters_Page.html --> web.planethosting.gamespy.com /iwow.cottages.polycount.com/Games/MUGEN Characters_Page.html
2008.09.28 23:50 B E:\Projects\Creamy's Wonderland\Games\MUGEN\Tournaments_-_2E2008.html --> web.planethosting.gamespy.com /iwow.cottages.polycount.com/Games/MUGEN Tournaments_-_2E2008.html
2008.09.28 23:50 B E:\Projects\Creamy's Wonderland\Games\MUGEN\Characters_Page.html --> web.planethosting.gamespy.com /iwow.cottages.polycount.com/Games/MUGEN Characters_Page.html
2008.09.28 23:50 B E:\Projects\Creamy's Wonderland\Games\MUGEN\Character_-_Brandy_Oteigh.html --> web.planethosting.gamespy.com /iwow.cottages.polycount.com/Games/MUGEN Character_-_Brandy_Oteigh.html
2008.09.28 23:54 B E:\Projects\Creamy's Wonderland\Games\MUGEN\Characters_Page.html --> web.planethosting.gamespy.com /iwow.cottages.polycount.com/Games/MUGEN Characters_Page.html
2008.09.29 00:05 B E:\Projects\Creamy's Wonderland\Games\MUGEN\Tournaments_-_2E2008.html --> web.planethosting.gamespy.com /iwow.cottages.polycount.com/Games/MUGEN Tournaments_-_2E2008.html
2008.12.02 23:39 B E:\Projects\Creamy's Wonderland\Games\MUGEN\Tournaments_-_2E2008.html --> web.planethosting.gamespy.com /iwow.cottages.polycount.com/Games/MUGEN Tournaments_-_2E2008.html
2008.12.02 23:39 B E:\Projects\Creamy's Wonderland\Games\MUGEN\Character_-_Brandy_Oteigh.html --> web.planethosting.gamespy.com /iwow.cottages.polycount.com/Games/MUGEN Character_-_Brandy_Oteigh.html
2008.12.02 23:39 B E:\Projects\Creamy's Wonderland\Games\MUGEN\Characters_Page.html --> web.planethosting.gamespy.com /iwow.cottages.polycount.com/Games/MUGEN Characters_Page.html
2008.12.07 15:32 B E:\Projects\Creamy's Wonderland\Games\MUGEN\Characters_Page.html --> web.planethosting.gamespy.com /iwow.cottages.polycount.com/Games/MUGEN Characters_Page.html
2009.04.09 18:00 B E:\Projects\Creamy's Wonderland\Games\MUGEN\MUGEN_Intro.html <-- Creamy's Wonderland /creamyg.planetquake.gamespy.com/Games/MUGEN MUGEN_Intro.html
2009.04.09 18:04 B E:\Projects\Creamy's Wonderland\Games\MUGEN\MUGEN_Intro.html --> web.planethosting.gamespy.com /creamyg.planetquake.gamespy.com/Games/MUGEN MUGEN_Intro.html
2009.04.09 18:10 B E:\Projects\Creamy's Wonderland\Games\MUGEN\MUGEN_Intro.html --> web.planethosting.gamespy.com /creamyg.planetquake.gamespy.com/Games/MUGEN MUGEN_Intro.html
2009.04.09 18:10 B E:\Projects\Creamy's Wonderland\Games\MUGEN\MUGEN_Intro.html --> web.planethosting.gamespy.com /creamyg.planetquake.gamespy.com/Games/MUGEN MUGEN_Intro.html
2009.04.09 18:24 B E:\Projects\Creamy's Wonderland\Games\MUGEN\Characters_Page.html <-- Creamy's Wonderland /creamyg.planetquake.gamespy.com/Games/MUGEN Characters_Page.html
2009.04.09 18:32 B E:\Projects\Creamy's Wonderland\Games\MUGEN\Characters_Page.html --> web.planethosting.gamespy.com /creamyg.planetquake.gamespy.com/Games/MUGEN Characters_Page.html
2009.04.09 19:02 B E:\Projects\Creamy's Wonderland\Games\MUGEN\Characters_Page.html --> web.planethosting.gamespy.com /creamyg.planetquake.gamespy.com/Games/MUGEN Characters_Page.html
2009.04.09 19:04 B E:\Projects\Creamy's Wonderland\Games\MUGEN\Characters_Page.html --> web.planethosting.gamespy.com /creamyg.planetquake.gamespy.com/Games/MUGEN Characters_Page.html
2009.04.09 19:21 B E:\Projects\Creamy's Wonderland\Games\MUGEN\Characters_Page.html --> web.planethosting.gamespy.com /creamyg.planetquake.gamespy.com/Games/MUGEN Characters_Page.html
2009.04.09 19:30 B E:\Projects\Creamy's Wonderland\Games\MUGEN\Characters_Page.html <-- Creamy's Wonderland /creamyg.planetquake.gamespy.com/Games/MUGEN Characters_Page.html
2009.04.09 19:31 B E:\Projects\Creamy's Wonderland\Games\MUGEN\Characters_Page.html <-- Creamy's Wonderland /creamyg.planetquake.gamespy.com/Games/MUGEN Characters_Page.html
2009.04.09 19:32 B E:\Projects\Creamy's Wonderland\Games\MUGEN\Characters_Page.html <-- Creamy's Wonderland /creamyg.planetquake.gamespy.com/Games/MUGEN Characters_Page.html
2009.04.09 19:34 B E:\Projects\Creamy's Wonderland\Games\MUGEN\Character_-_Brandy_Oteigh.html <-- Creamy's Wonderland /creamyg.planetquake.gamespy.com/Games/MUGEN Character_-_Brandy_Oteigh.html
2009.04.09 19:51 B E:\Projects\Creamy's Wonderland\Games\MUGEN\Character_-_Brandy_Oteigh.html --> web.planethosting.gamespy.com /creamyg.planetquake.gamespy.com/Games/MUGEN Character_-_Brandy_Oteigh.html
2009.04.09 19:54 B E:\Projects\Creamy's Wonderland\Games\MUGEN\Characters_Page.html --> web.planethosting.gamespy.com /creamyg.planetquake.gamespy.com/Games/MUGEN Characters_Page.html
2009.04.09 19:54 B E:\Projects\Creamy's Wonderland\Games\MUGEN\Character_-_Brandy_Oteigh.html --> web.planethosting.gamespy.com /creamyg.planetquake.gamespy.com/Games/MUGEN Character_-_Brandy_Oteigh.html
2009.04.09 19:55 B E:\Projects\Creamy's Wonderland\Games\MUGEN\Characters_Page.html --> web.planethosting.gamespy.com /creamyg.planetquake.gamespy.com/Games/MUGEN Characters_Page.html
2009.04.09 19:56 B E:\Projects\Creamy's Wonderland\Games\MUGEN\Characters_Page.html --> web.planethosting.gamespy.com /creamyg.planetquake.gamespy.com/Games/MUGEN Characters_Page.html
2009.04.09 20:03 B E:\Projects\Creamy's Wonderland\Games\MUGEN\Tournaments_Page.html <-- Creamy's Wonderland /creamyg.planetquake.gamespy.com/Games/MUGEN Tournaments_Page.html
2009.04.09 20:05 B E:\Projects\Creamy's Wonderland\Games\MUGEN\Tournaments_Page.html --> web.planethosting.gamespy.com /creamyg.planetquake.gamespy.com/Games/MUGEN Tournaments_Page.html
2009.04.09 20:12 B E:\Projects\Creamy's Wonderland\Games\MUGEN\Tournaments_-_2E2008.html <-- Creamy's Wonderland /creamyg.planetquake.gamespy.com/Games/MUGEN Tournaments_-_2E2008.html
2009.04.09 20:14 B E:\Projects\Creamy's Wonderland\Games\MUGEN\Tournaments_-_2E2008.html --> web.planethosting.gamespy.com /creamyg.planetquake.gamespy.com/Games/MUGEN Tournaments_-_2E2008.html
2009.04.09 20:58 B E:\Projects\Creamy's Wonderland\Games\MUGEN\Tournaments_Page.html --> web.planethosting.gamespy.com /creamyg.planetquake.gamespy.com/Games/MUGEN Tournaments_Page.html
2009.04.09 20:58 B E:\Projects\Creamy's Wonderland\Games\MUGEN\Tournaments_-_2E2008.html --> web.planethosting.gamespy.com /creamyg.planetquake.gamespy.com/Games/MUGEN Tournaments_-_2E2008.html
2009.05.10 21:13 B E:\Projects\Creamy's Wonderland\Games\MUGEN\Characters_Page.html --> web.planethosting.gamespy.com /creamyg.planetquake.gamespy.com/Games/MUGEN Characters_Page.html
2009.05.17 03:13 B E:\Projects\Creamy's Wonderland\Games\MUGEN\Tournaments_-_2E2008.html --> web.planethosting.gamespy.com /creamyg.planetquake.gamespy.com/Games/MUGEN Tournaments_-_2E2008.html
2009.05.17 03:13 B E:\Projects\Creamy's Wonderland\Games\MUGEN\Characters_Page.html --> web.planethosting.gamespy.com /creamyg.planetquake.gamespy.com/Games/MUGEN Characters_Page.html
2009.05.17 03:13 B E:\Projects\Creamy's Wonderland\Games\MUGEN\Character_-_Brandy_Oteigh.html --> web.planethosting.gamespy.com /creamyg.planetquake.gamespy.com/Games/MUGEN Character_-_Brandy_Oteigh.html
2009.07.13 21:53 B E:\Projects\Creamy's Wonderland\Games\MUGEN\Character_-_Brandy_Oteigh.html --> web.planethosting.gamespy.com /creamyg.planetquake.gamespy.com/Games/MUGEN Character_-_Brandy_Oteigh.html
2009.07.15 15:30 B E:\Projects\Creamy's Wonderland\Games\MUGEN\Characters_Page.html --> web.planethosting.gamespy.com /creamyg.planetquake.gamespy.com/Games/MUGEN Characters_Page.html
2009.08.11 23:50 B E:\Projects\Creamy's Wonderland\Games\MUGEN\Character_-_Brandy_Oteigh.html --> web.planethosting.gamespy.com /creamyg.planetquake.gamespy.com/Games/MUGEN Character_-_Brandy_Oteigh.html
2009.08.11 23:50 B E:\Projects\Creamy's Wonderland\Games\MUGEN\Tournaments_-_2E2008.html --> web.planethosting.gamespy.com /creamyg.planetquake.gamespy.com/Games/MUGEN Tournaments_-_2E2008.html
2009.08.11 23:50 B E:\Projects\Creamy's Wonderland\Games\MUGEN\Characters_Page.html --> web.planethosting.gamespy.com /creamyg.planetquake.gamespy.com/Games/MUGEN Characters_Page.html
2009.08.12 00:21 B E:\Projects\Creamy's Wonderland\Games\MUGEN\Character_-_Brandy_Oteigh.html --> web.planethosting.gamespy.com /creamyg.planetquake.gamespy.com/Games/MUGEN Character_-_Brandy_Oteigh.html
2009.10.01 22:08 B E:\Projects\Creamy's_Wonderland\IGN\Games\MUGEN\Tournaments_-_2E2008.html <-- Creamy's Wonderland /creamyg.planetquake.gamespy.com/Games/MUGEN Tournaments_-_2E2008.html
