2009.09.07 09:20 B E:\Projects\Creamy's_Wonderland\LFM\Original\Art_Gallery_-_BCC_Projects.psd --> ftp.hugelaser.com /LFM/Original Art_Gallery_-_BCC_Projects.psd
2009.09.07 09:20 B E:\Projects\Creamy's_Wonderland\LFM\Original\Art_Gallery_-_Fan_Art.psd --> ftp.hugelaser.com /LFM/Original Art_Gallery_-_Fan_Art.psd
2009.09.07 09:20 B E:\Projects\Creamy's_Wonderland\LFM\Original\Art_Gallery_-_Front_Page_Murals.psd --> ftp.hugelaser.com /LFM/Original Art_Gallery_-_Front_Page_Murals.psd
2009.09.07 09:20 B E:\Projects\Creamy's_Wonderland\LFM\Original\Art_Gallery_-_Gift_Art.psd --> ftp.hugelaser.com /LFM/Original Art_Gallery_-_Gift_Art.psd
2009.09.07 09:20 B E:\Projects\Creamy's_Wonderland\LFM\Original\Builds_-_CES.psd --> ftp.hugelaser.com /LFM/Original Builds_-_CES.psd
2009.09.07 09:20 B E:\Projects\Creamy's_Wonderland\LFM\Original\Games_-_MUGEN.psd --> ftp.hugelaser.com /LFM/Original Games_-_MUGEN.psd
2009.09.07 09:20 B E:\Projects\Creamy's_Wonderland\LFM\Original\Games_-_Quake2.psd --> ftp.hugelaser.com /LFM/Original Games_-_Quake2.psd
2009.09.07 09:20 B E:\Projects\Creamy's_Wonderland\LFM\Original\Games_-_Stepmania.psd --> ftp.hugelaser.com /LFM/Original Games_-_Stepmania.psd
2009.09.07 09:20 B E:\Projects\Creamy's_Wonderland\LFM\Original\LFM_-_Art_Gallery.psd --> ftp.hugelaser.com /LFM/Original LFM_-_Art_Gallery.psd
2009.09.07 09:20 B E:\Projects\Creamy's_Wonderland\LFM\Original\LFM_-_Builds.psd --> ftp.hugelaser.com /LFM/Original LFM_-_Builds.psd
2009.09.07 09:20 B E:\Projects\Creamy's_Wonderland\LFM\Original\LFM_-_Creamy's_Wonderland.psd --> ftp.hugelaser.com /LFM/Original LFM_-_Creamy's_Wonderland.psd
2009.09.07 09:20 B E:\Projects\Creamy's_Wonderland\LFM\Original\LFM_-_Games.psd --> ftp.hugelaser.com /LFM/Original LFM_-_Games.psd
2009.09.07 09:20 B E:\Projects\Creamy's_Wonderland\LFM\Original\LFM_-_Links.psd --> ftp.hugelaser.com /LFM/Original LFM_-_Links.psd
2009.09.07 09:20 B E:\Projects\Creamy's_Wonderland\LFM\Original\LFM_-_Live_Events.psd --> ftp.hugelaser.com /LFM/Original LFM_-_Live_Events.psd
2009.09.07 09:20 B E:\Projects\Creamy's_Wonderland\LFM\Original\LFM_-_News_Archive.psd --> ftp.hugelaser.com /LFM/Original LFM_-_News_Archive.psd
2009.09.07 09:20 B E:\Projects\Creamy's_Wonderland\LFM\Original\Live_Events_-_QuakeCon.psd --> ftp.hugelaser.com /LFM/Original Live_Events_-_QuakeCon.psd
2009.09.07 09:20 B E:\Projects\Creamy's_Wonderland\LFM\Original\Thumbs.db --> ftp.hugelaser.com /LFM/Original Thumbs.db
2009.09.12 20:46 B E:\Projects\Creamy's_Wonderland\LFM\Original\News_Archive_-_S11-20.psd --> ftp.hugelaser.com /LFM/Original News_Archive_-_S11-20.psd
2009.09.12 20:46 B E:\Projects\Creamy's_Wonderland\LFM\Original\News_Archive_-_S01-10.psd --> ftp.hugelaser.com /LFM/Original News_Archive_-_S01-10.psd
2009.09.12 20:46 B E:\Projects\Creamy's_Wonderland\LFM\Original\Games_-_Stepmania.psd --> ftp.hugelaser.com /LFM/Original Games_-_Stepmania.psd
2009.09.12 20:46 B E:\Projects\Creamy's_Wonderland\LFM\Original\LFM_-_Contact.psd --> ftp.hugelaser.com /LFM/Original LFM_-_Contact.psd
2009.09.14 01:01 B E:\Projects\Creamy's_Wonderland\LFM\Original\News_Archive_-_Block01.psd --> ftp.hugelaser.com /LFM/Original News_Archive_-_Block01.psd
2009.09.14 01:01 B E:\Projects\Creamy's_Wonderland\LFM\Original\News_Archive_-_Block02.psd --> ftp.hugelaser.com /LFM/Original News_Archive_-_Block02.psd
