2014.01.07 13:23 B E:\Projects\Creamy's_Wonderland\CGF\Mirrors\CGF_-_Mirrors(fs).html --> www.jdluke.com /CGF/Mirrors CGF_-_Mirrors(fs).html
2014.01.07 13:23 B E:\Projects\Creamy's_Wonderland\CGF\Mirrors\CGF_-_Mirrors(lfm).html --> www.jdluke.com /CGF/Mirrors CGF_-_Mirrors(lfm).html
2014.01.12 18:02 B E:\Projects\Creamy's_Wonderland\CGF\Mirrors\CGF_-_Mirrors.html --> www.jdluke.com /CGF/Mirrors CGF_-_Mirrors.html
2014.01.12 22:02 B E:\Projects\Creamy's_Wonderland\cgf\Mirrors\CGF_-_Mirrors(fs).html --> www.jdluke.com /CGF/Mirrors CGF_-_Mirrors(fs).html
2014.03.07 23:42 B E:\Projects\Creamy's_Wonderland\cgf\Mirrors\CGF_-_Mirrors.html --> www.jdluke.com /CGF/Mirrors CGF_-_Mirrors.html
2014.03.07 23:47 B E:\Projects\Creamy's_Wonderland\cgf\Mirrors\CGF_-_Mirrors.html --> www.jdluke.com /CGF/Mirrors CGF_-_Mirrors.html
2014.03.07 23:48 B E:\Projects\Creamy's_Wonderland\cgf\Mirrors\CGF_-_Mirrors.html --> www.jdluke.com /CGF/Mirrors CGF_-_Mirrors.html
2014.03.07 23:49 B E:\Projects\Creamy's_Wonderland\cgf\Mirrors\CGF_-_Mirrors.html --> www.jdluke.com /CGF/Mirrors CGF_-_Mirrors.html
2014.03.07 23:53 B E:\Projects\Creamy's_Wonderland\cgf\Mirrors\CGF_-_Mirrors.html --> www.jdluke.com /CGF/Mirrors CGF_-_Mirrors.html
2014.03.07 23:54 B E:\Projects\Creamy's_Wonderland\cgf\Mirrors\CGF_-_Mirrors.html --> www.jdluke.com /CGF/Mirrors CGF_-_Mirrors.html
2014.03.08 02:20 B E:\Projects\Creamy's_Wonderland\cgf\Mirrors\CGF_-_Mirrors.html --> www.jdluke.com /CGF/Mirrors CGF_-_Mirrors.html
2014.06.07 23:19 B E:\Projects\Creamy's_Wonderland\CGF\Mirrors\CGF_-_Mirrors.html --> www.jdluke.com /CGF/Mirrors CGF_-_Mirrors.html
2014.06.07 23:23 B E:\Projects\Creamy's_Wonderland\CGF\Mirrors\CGF_-_Mirrors.html --> www.jdluke.com /CGF/Mirrors CGF_-_Mirrors.html
2014.06.07 23:24 B E:\Projects\Creamy's_Wonderland\CGF\Mirrors\CGF_-_Mirrors.html --> www.jdluke.com /CGF/Mirrors CGF_-_Mirrors.html
2014.06.07 23:35 B E:\Projects\Creamy's_Wonderland\CGF\Mirrors\CGF_-_Mirrors.html --> www.jdluke.com /CGF/Mirrors CGF_-_Mirrors.html
2014.06.07 23:39 B E:\Projects\Creamy's_Wonderland\CGF\Mirrors\CGF_-_Mirrors.html --> www.jdluke.com /CGF/Mirrors CGF_-_Mirrors.html
2014.06.07 23:40 B E:\Projects\Creamy's_Wonderland\CGF\Mirrors\CGF_-_Mirrors.html --> www.jdluke.com /CGF/Mirrors CGF_-_Mirrors.html
2014.06.07 23:42 B E:\Projects\Creamy's_Wonderland\CGF\Mirrors\CGF_-_Mirrors.html --> www.jdluke.com /CGF/Mirrors CGF_-_Mirrors.html
2014.06.07 23:50 B E:\Projects\Creamy's_Wonderland\CGF\Mirrors\CGF_-_Mirrors.html --> www.jdluke.com /CGF/Mirrors CGF_-_Mirrors.html
2014.06.08 13:34 B E:\Projects\Creamy's_Wonderland\CGF\Mirrors\CGF_-_Mirrors.html --> www.jdluke.com /CGF/Mirrors CGF_-_Mirrors.html
2015.01.24 22:43 B E:\Projects\Creamy's_Wonderland\CGF\Mirrors\CGF_-_Mirrors.html --> www.jdluke.com /CGF/Mirrors CGF_-_Mirrors.html
2015.08.05 23:54 B E:\Projects\Creamy's_Wonderland\CGF\Mirrors\CGF_-_Mirrors.html --> www.jdluke.com /CGF/Mirrors CGF_-_Mirrors.html
2015.08.06 00:45 B E:\Projects\Creamy's_Wonderland\CGF\Mirrors\CGF_-_Mirrors.html --> www.jdluke.com /CGF/Mirrors CGF_-_Mirrors.html
2015.08.06 00:49 B E:\Projects\Creamy's_Wonderland\CGF\Mirrors\CGF_-_Mirrors_BKU04.html --> www.jdluke.com /CGF/Mirrors CGF_-_Mirrors_BKU04.html
2015.08.06 00:50 B E:\Projects\Creamy's_Wonderland\CGF\Mirrors\CGF_-_Mirrors_BKU05.html --> www.jdluke.com /CGF/Mirrors CGF_-_Mirrors_BKU05.html
2015.08.06 00:59 B E:\Projects\Creamy's_Wonderland\CGF\Mirrors\CGF_-_Mirrors.html --> www.jdluke.com /CGF/Mirrors CGF_-_Mirrors.html
2015.12.09 15:08 B E:\Projects\Creamy's_Wonderland\CGF\Mirrors\CGF_-_Mirrors.html --> www.jdluke.com /CGF/Mirrors CGF_-_Mirrors.html
2015.12.09 21:30 B E:\Projects\Creamy's_Wonderland\CGF\Mirrors\CGF_-_Mirrors_BKU07.html --> www.jdluke.com /CGF/Mirrors CGF_-_Mirrors_BKU07.html
2015.12.09 21:32 B E:\Projects\Creamy's_Wonderland\CGF\Mirrors\CGF_-_Mirrors(temp).html --> www.jdluke.com /CGF/Mirrors CGF_-_Mirrors(temp).html
2015.12.09 21:35 B E:\Projects\Creamy's_Wonderland\CGF\Mirrors\CGF_-_Mirrors(temp).html --> www.jdluke.com /CGF/Mirrors CGF_-_Mirrors(temp).html
2015.12.09 21:36 B E:\Projects\Creamy's_Wonderland\CGF\Mirrors\CGF_-_Mirrors(temp).html --> www.jdluke.com /CGF/Mirrors CGF_-_Mirrors(temp).html
2015.12.09 21:37 B E:\Projects\Creamy's_Wonderland\CGF\Mirrors\CGF_-_Mirrors(temp).html --> www.jdluke.com /CGF/Mirrors CGF_-_Mirrors(temp).html
2015.12.09 21:37 B E:\Projects\Creamy's_Wonderland\CGF\Mirrors\CGF_-_Mirrors(temp).html --> www.jdluke.com /CGF/Mirrors CGF_-_Mirrors(temp).html
2015.12.09 21:38 B E:\Projects\Creamy's_Wonderland\CGF\Mirrors\CGF_-_Mirrors(temp).html --> www.jdluke.com /CGF/Mirrors CGF_-_Mirrors(temp).html
2015.12.09 21:39 B E:\Projects\Creamy's_Wonderland\CGF\Mirrors\CGF_-_Mirrors(temp).html --> www.jdluke.com /CGF/Mirrors CGF_-_Mirrors(temp).html
2015.12.09 21:43 B E:\Projects\Creamy's_Wonderland\CGF\Mirrors\CGF_-_Mirrors(temp).html --> www.jdluke.com /CGF/Mirrors CGF_-_Mirrors(temp).html
2015.12.09 21:45 B E:\Projects\Creamy's_Wonderland\CGF\Mirrors\CGF_-_Mirrors(temp).html --> www.jdluke.com /CGF/Mirrors CGF_-_Mirrors(temp).html
2015.12.09 21:46 B E:\Projects\Creamy's_Wonderland\CGF\Mirrors\CGF_-_Mirrors(temp).html --> www.jdluke.com /CGF/Mirrors CGF_-_Mirrors(temp).html
2015.12.09 21:47 B E:\Projects\Creamy's_Wonderland\CGF\Mirrors\CGF_-_Mirrors(temp).html --> www.jdluke.com /CGF/Mirrors CGF_-_Mirrors(temp).html
2015.12.09 21:50 B E:\Projects\Creamy's_Wonderland\CGF\Mirrors\CGF_-_Mirrors(temp).html --> www.jdluke.com /CGF/Mirrors CGF_-_Mirrors(temp).html
2015.12.09 22:05 B E:\Projects\Creamy's_Wonderland\CGF\Mirrors\CGF_-_Mirrors(temp).html --> www.jdluke.com /CGF/Mirrors CGF_-_Mirrors(temp).html
2015.12.09 22:09 B E:\Projects\Creamy's_Wonderland\CGF\Mirrors\CGF_-_Mirrors(temp).html --> www.jdluke.com /CGF/Mirrors CGF_-_Mirrors(temp).html
2015.12.09 22:21 B E:\Projects\Creamy's_Wonderland\CGF\Mirrors\CGF_-_Mirrors(temp).html --> www.jdluke.com /CGF/Mirrors CGF_-_Mirrors(temp).html
2015.12.09 22:28 B E:\Projects\Creamy's_Wonderland\CGF\Mirrors\CGF_-_Mirrors(temp).html --> www.jdluke.com /CGF/Mirrors CGF_-_Mirrors(temp).html
2015.12.09 23:10 B E:\Projects\Creamy's_Wonderland\CGF\Mirrors\CGF_-_Mirrors(temp).html --> www.jdluke.com /CGF/Mirrors CGF_-_Mirrors(temp).html
2015.12.09 23:16 B E:\Projects\Creamy's_Wonderland\CGF\Mirrors\CGF_-_Mirrors(temp).html --> www.jdluke.com /CGF/Mirrors CGF_-_Mirrors(temp).html
2015.12.09 23:17 B E:\Projects\Creamy's_Wonderland\CGF\Mirrors\CGF_-_Mirrors(temp).html --> www.jdluke.com /CGF/Mirrors CGF_-_Mirrors(temp).html
2015.12.09 23:18 B E:\Projects\Creamy's_Wonderland\CGF\Mirrors\CGF_-_Mirrors(temp).html --> www.jdluke.com /CGF/Mirrors CGF_-_Mirrors(temp).html
2015.12.09 23:20 B E:\Projects\Creamy's_Wonderland\CGF\Mirrors\CGF_-_Mirrors.html --> www.jdluke.com /CGF/Mirrors CGF_-_Mirrors.html
2016.06.06 15:50 B F:\Projects\Creamy's_Wonderland\CGF\Mirrors\CGF_-_Mirrors.html --> www.jdluke.com /CGF/Mirrors CGF_-_Mirrors.html
2016.06.06 15:54 B F:\Projects\Creamy's_Wonderland\CGF\Mirrors\CGF_-_Mirrors.html --> www.jdluke.com /CGF/Mirrors CGF_-_Mirrors.html
2016.06.06 15:56 B F:\Projects\Creamy's_Wonderland\CGF\Mirrors\CGF_-_Mirrors.html --> www.jdluke.com /CGF/Mirrors CGF_-_Mirrors.html
2016.06.06 16:03 B F:\Projects\Creamy's_Wonderland\CGF\Mirrors\CGF_-_Mirrors.html --> www.jdluke.com /CGF/Mirrors CGF_-_Mirrors.html
2016.06.06 16:06 B F:\Projects\Creamy's_Wonderland\CGF\Mirrors\CGF_-_Mirrors.html --> www.jdluke.com /CGF/Mirrors CGF_-_Mirrors.html
2016.06.06 16:11 B F:\Projects\Creamy's_Wonderland\CGF\Mirrors\CGF_-_Mirrors.html --> www.jdluke.com /CGF/Mirrors CGF_-_Mirrors.html
2016.06.06 16:13 B F:\Projects\Creamy's_Wonderland\CGF\Mirrors\CGF_-_Mirrors.html --> www.jdluke.com /CGF/Mirrors CGF_-_Mirrors.html
2016.06.06 16:15 B F:\Projects\Creamy's_Wonderland\CGF\Mirrors\CGF_-_Mirrors.html --> www.jdluke.com /CGF/Mirrors CGF_-_Mirrors.html
2016.06.06 16:17 B F:\Projects\Creamy's_Wonderland\CGF\Mirrors\CGF_-_Mirrors.html --> www.jdluke.com /CGF/Mirrors CGF_-_Mirrors.html
2016.06.06 16:17 B F:\Projects\Creamy's_Wonderland\CGF\Mirrors\CGF_-_Mirrors.html --> www.jdluke.com /CGF/Mirrors CGF_-_Mirrors.html
2016.06.06 16:27 B F:\Projects\Creamy's_Wonderland\CGF\Mirrors\CGF_-_Mirrors_BKU08_03.html --> www.jdluke.com /CGF/Mirrors CGF_-_Mirrors_BKU08_03.html
2016.06.06 16:30 B F:\Projects\Creamy's_Wonderland\CGF\Mirrors\CGF_-_Mirrors_BKU08_04.html --> www.jdluke.com /CGF/Mirrors CGF_-_Mirrors_BKU08_04.html
2016.06.06 16:36 B F:\Projects\Creamy's_Wonderland\CGF\Mirrors\CGF_-_Mirrors_BKU08_05.html --> www.jdluke.com /CGF/Mirrors CGF_-_Mirrors_BKU08_05.html
2016.06.06 16:38 B F:\Projects\Creamy's_Wonderland\CGF\Mirrors\CGF_-_Mirrors_BKU08_05.html --> www.jdluke.com /CGF/Mirrors CGF_-_Mirrors_BKU08_05.html
2016.06.06 17:15 B F:\Projects\Creamy's_Wonderland\CGF\Mirrors\CGF_-_Mirrors_BKU08_02.html --> www.jdluke.com /CGF/Mirrors CGF_-_Mirrors_BKU08_02.html
2016.06.06 17:21 B F:\Projects\Creamy's_Wonderland\CGF\Mirrors\CGF_-_Mirrors_BKU08_03.html --> www.jdluke.com /CGF/Mirrors CGF_-_Mirrors_BKU08_03.html
2016.06.06 17:28 B F:\Projects\Creamy's_Wonderland\CGF\Mirrors\CGF_-_Mirrors_-_Fixed_Kerning.html --> www.jdluke.com /CGF/Mirrors CGF_-_Mirrors_-_Fixed_Kerning.html
2016.06.06 17:31 B F:\Projects\Creamy's_Wonderland\CGF\Mirrors\CGF_-_Mirrors_-_Fixed_Kerning.html --> www.jdluke.com /CGF/Mirrors CGF_-_Mirrors_-_Fixed_Kerning.html
2016.06.06 17:33 B F:\Projects\Creamy's_Wonderland\CGF\Mirrors\CGF_-_Mirrors_-_Fixed_Kerning.html --> www.jdluke.com /CGF/Mirrors CGF_-_Mirrors_-_Fixed_Kerning.html
2016.06.06 17:37 B F:\Projects\Creamy's_Wonderland\CGF\Mirrors\CGF_-_Mirrors_-_Fixed_Kerning.html --> www.jdluke.com /CGF/Mirrors CGF_-_Mirrors_-_Fixed_Kerning.html
2016.06.06 17:48 B F:\Projects\Creamy's_Wonderland\CGF\Mirrors\CGF_-_Mirrors_BKU08_02.html --> www.jdluke.com /CGF/Mirrors CGF_-_Mirrors_BKU08_02.html
2016.06.06 17:51 B F:\Projects\Creamy's_Wonderland\CGF\Mirrors\CGF_-_Mirrors_BKU08_03.html --> www.jdluke.com /CGF/Mirrors CGF_-_Mirrors_BKU08_03.html
2016.06.06 17:58 B F:\Projects\Creamy's_Wonderland\CGF\Mirrors\CGF_-_Mirrors_BKU08_04.html --> www.jdluke.com /CGF/Mirrors CGF_-_Mirrors_BKU08_04.html
2016.06.06 18:12 B F:\Projects\Creamy's_Wonderland\CGF\Mirrors\CGF_-_Mirrors_BKU08_05.html --> www.jdluke.com /CGF/Mirrors CGF_-_Mirrors_BKU08_05.html
2016.06.06 18:19 B F:\Projects\Creamy's_Wonderland\CGF\Mirrors\CGF_-_Mirrors_BKU08_05.html --> www.jdluke.com /CGF/Mirrors CGF_-_Mirrors_BKU08_05.html
2016.06.06 18:37 B F:\Projects\Creamy's_Wonderland\CGF\Mirrors\CGF_-_Mirrors_BKU08_06.html --> www.jdluke.com /CGF/Mirrors CGF_-_Mirrors_BKU08_06.html
2016.06.06 18:53 B F:\Projects\Creamy's_Wonderland\CGF\Mirrors\CGF_-_Mirrors_BKU08_07.html --> www.jdluke.com /CGF/Mirrors CGF_-_Mirrors_BKU08_07.html
2016.06.06 18:58 B F:\Projects\Creamy's_Wonderland\CGF\Mirrors\CGF_-_Mirrors_BKU08_08.html --> www.jdluke.com /CGF/Mirrors CGF_-_Mirrors_BKU08_08.html
2016.06.06 19:18 B F:\Projects\Creamy's_Wonderland\CGF\Mirrors\CGF_-_Mirrors_BKU08_08.html --> www.jdluke.com /CGF/Mirrors CGF_-_Mirrors_BKU08_08.html
2016.06.06 19:31 B F:\Projects\Creamy's_Wonderland\CGF\Mirrors\CGF_-_Mirrors_BKU08_09.html --> www.jdluke.com /CGF/Mirrors CGF_-_Mirrors_BKU08_09.html
2016.06.06 19:41 B F:\Projects\Creamy's_Wonderland\CGF\Mirrors\CGF_-_Mirrors_BKU08_10.html --> www.jdluke.com /CGF/Mirrors CGF_-_Mirrors_BKU08_10.html
2016.06.06 19:45 B F:\Projects\Creamy's_Wonderland\CGF\Mirrors\CGF_-_Mirrors_BKU08_10.html --> www.jdluke.com /CGF/Mirrors CGF_-_Mirrors_BKU08_10.html
2016.06.06 19:45 B F:\Projects\Creamy's_Wonderland\CGF\Mirrors\CGF_-_Mirrors.html --> www.jdluke.com /CGF/Mirrors CGF_-_Mirrors.html
2016.06.28 10:46 B K:\Projects\Creamy's_Wonderland\CGF\Mirrors\CGF_-_Mirrors.html --> www.jdluke.com /CGF/Mirrors CGF_-_Mirrors.html
2016.06.28 10:48 B K:\Projects\Creamy's_Wonderland\CGF\Mirrors\CGF_-_Mirrors.html --> www.jdluke.com /CGF/Mirrors CGF_-_Mirrors.html
2016.06.28 10:50 B K:\Projects\Creamy's_Wonderland\CGF\Mirrors\CGF_-_Mirrors.html --> www.jdluke.com /CGF/Mirrors CGF_-_Mirrors.html
2016.06.28 10:51 B K:\Projects\Creamy's_Wonderland\CGF\Mirrors\CGF_-_Mirrors.html --> www.jdluke.com /CGF/Mirrors CGF_-_Mirrors.html
2016.06.28 11:02 B K:\Projects\Creamy's_Wonderland\CGF\Mirrors\CGF_-_Mirrors.html --> www.jdluke.com /CGF/Mirrors CGF_-_Mirrors.html
2016.06.28 11:14 B K:\Projects\Creamy's_Wonderland\CGF\Mirrors\CGF_-_Mirrors.html --> www.jdluke.com /CGF/Mirrors CGF_-_Mirrors.html
2016.06.28 11:15 B K:\Projects\Creamy's_Wonderland\CGF\Mirrors\CGF_-_Mirrors.html --> www.jdluke.com /CGF/Mirrors CGF_-_Mirrors.html
2016.06.28 11:19 B K:\Projects\Creamy's_Wonderland\CGF\Mirrors\CGF_-_Mirrors.html --> www.jdluke.com /CGF/Mirrors CGF_-_Mirrors.html
2016.06.28 12:17 B K:\Projects\Creamy's_Wonderland\CGF\Mirrors\CGF_-_Mirrors.html --> www.jdluke.com /CGF/Mirrors CGF_-_Mirrors.html
2016.07.09 19:11 B K:\Projects\Creamy's_Wonderland\CGF\Mirrors\CGF_-_Mirrors.html --> www.jdluke.com /CGF/Mirrors CGF_-_Mirrors.html
2016.07.09 19:13 B K:\Projects\Creamy's_Wonderland\CGF\Mirrors\CGF_-_Mirrors.html --> www.jdluke.com /CGF/Mirrors CGF_-_Mirrors.html
2016.07.09 19:15 B K:\Projects\Creamy's_Wonderland\CGF\Mirrors\CGF_-_Mirrors.html --> www.jdluke.com /CGF/Mirrors CGF_-_Mirrors.html
2016.07.09 19:22 B K:\Projects\Creamy's_Wonderland\CGF\Mirrors\CGF_-_Mirrors.html --> www.jdluke.com /CGF/Mirrors CGF_-_Mirrors.html
2016.07.09 19:27 B K:\Projects\Creamy's_Wonderland\CGF\Mirrors\CGF_-_Mirrors.html --> www.jdluke.com /CGF/Mirrors CGF_-_Mirrors.html
2016.07.09 19:27 B K:\Projects\Creamy's_Wonderland\CGF\Mirrors\CGF_-_Mirrors.html --> www.jdluke.com /CGF/Mirrors CGF_-_Mirrors.html
2016.07.09 19:28 B K:\Projects\Creamy's_Wonderland\CGF\Mirrors\CGF_-_Mirrors.html --> www.jdluke.com /CGF/Mirrors CGF_-_Mirrors.html
2016.07.09 19:29 B K:\Projects\Creamy's_Wonderland\CGF\Mirrors\CGF_-_Mirrors.html --> www.jdluke.com /CGF/Mirrors CGF_-_Mirrors.html
2016.07.09 19:33 B K:\Projects\Creamy's_Wonderland\CGF\Mirrors\CGF_-_Mirrors.html --> www.jdluke.com /CGF/Mirrors CGF_-_Mirrors.html
2016.11.24 13:57 B E:\Projects\Creamy's_Wonderland\CGF\Mirrors\CGF_-_Mirrors.html --> www.jdluke.com /CGF/Mirrors CGF_-_Mirrors.html
2017.05.28 11:48 B E:\Projects\Creamy's_Wonderland\CGF\Mirrors\CGF_-_Mirrors.html --> www.jdluke.com /CGF/Mirrors CGF_-_Mirrors.html
