2014.01.07 13:24 B E:\Projects\Creamy's_Wonderland\CGF\VG_Quickplays\Docs\Big_Ass_Stalchild.doc --> www.jdluke.com /CGF/VG_Quickplays/Docs Big_Ass_Stalchild.doc
2014.01.07 13:24 B E:\Projects\Creamy's_Wonderland\CGF\VG_Quickplays\Docs\Brandy_VS_Homer01.doc --> www.jdluke.com /CGF/VG_Quickplays/Docs Brandy_VS_Homer01.doc
2014.01.07 13:24 B E:\Projects\Creamy's_Wonderland\CGF\VG_Quickplays\Docs\Brandy_VS_Link.doc --> www.jdluke.com /CGF/VG_Quickplays/Docs Brandy_VS_Link.doc
2014.01.07 13:24 B E:\Projects\Creamy's_Wonderland\CGF\VG_Quickplays\Docs\Brandy_VS_Tetsu01.doc --> www.jdluke.com /CGF/VG_Quickplays/Docs Brandy_VS_Tetsu01.doc
2014.01.07 13:24 B E:\Projects\Creamy's_Wonderland\CGF\VG_Quickplays\Docs\CGX_Brandy_-_Arcade_Run01.doc --> www.jdluke.com /CGF/VG_Quickplays/Docs CGX_Brandy_-_Arcade_Run01.doc
2014.01.07 13:24 B E:\Projects\Creamy's_Wonderland\CGF\VG_Quickplays\Docs\CGX_Brandy_-_Arcade_Run02.doc --> www.jdluke.com /CGF/VG_Quickplays/Docs CGX_Brandy_-_Arcade_Run02.doc
2014.01.07 13:24 B E:\Projects\Creamy's_Wonderland\CGF\VG_Quickplays\Docs\Creamy2006_056.doc --> www.jdluke.com /CGF/VG_Quickplays/Docs Creamy2006_056.doc
2014.01.07 13:24 B E:\Projects\Creamy's_Wonderland\CGF\VG_Quickplays\Docs\Creamy2006_060.doc --> www.jdluke.com /CGF/VG_Quickplays/Docs Creamy2006_060.doc
2014.01.07 13:24 B E:\Projects\Creamy's_Wonderland\CGF\VG_Quickplays\Docs\Creamy2008_025.doc --> www.jdluke.com /CGF/VG_Quickplays/Docs Creamy2008_025.doc
2014.01.07 13:24 B E:\Projects\Creamy's_Wonderland\CGF\VG_Quickplays\Docs\Creamy2008_031.doc --> www.jdluke.com /CGF/VG_Quickplays/Docs Creamy2008_031.doc
2014.01.07 13:24 B E:\Projects\Creamy's_Wonderland\CGF\VG_Quickplays\Docs\Creamy2009_008.doc --> www.jdluke.com /CGF/VG_Quickplays/Docs Creamy2009_008.doc
2014.01.07 13:24 B E:\Projects\Creamy's_Wonderland\CGF\VG_Quickplays\Docs\Creamy2010_007.doc --> www.jdluke.com /CGF/VG_Quickplays/Docs Creamy2010_007.doc
2014.01.07 13:24 B E:\Projects\Creamy's_Wonderland\CGF\VG_Quickplays\Docs\Creamy2010_020.doc --> www.jdluke.com /CGF/VG_Quickplays/Docs Creamy2010_020.doc
2014.01.07 13:24 B E:\Projects\Creamy's_Wonderland\CGF\VG_Quickplays\Docs\Creamy2010_036.doc --> www.jdluke.com /CGF/VG_Quickplays/Docs Creamy2010_036.doc
2014.01.07 13:24 B E:\Projects\Creamy's_Wonderland\CGF\VG_Quickplays\Docs\Creamy2010_047.doc --> www.jdluke.com /CGF/VG_Quickplays/Docs Creamy2010_047.doc
2014.01.07 13:24 B E:\Projects\Creamy's_Wonderland\CGF\VG_Quickplays\Docs\Creamy2012_159.doc --> www.jdluke.com /CGF/VG_Quickplays/Docs Creamy2012_159.doc
2014.01.07 13:24 B E:\Projects\Creamy's_Wonderland\CGF\VG_Quickplays\Docs\Creamy2013_010.doc --> www.jdluke.com /CGF/VG_Quickplays/Docs Creamy2013_010.doc
2014.01.07 13:24 B E:\Projects\Creamy's_Wonderland\CGF\VG_Quickplays\Docs\Creamy2013_042.doc --> www.jdluke.com /CGF/VG_Quickplays/Docs Creamy2013_042.doc
2014.01.07 13:24 B E:\Projects\Creamy's_Wonderland\CGF\VG_Quickplays\Docs\Creamy2013_069.doc --> www.jdluke.com /CGF/VG_Quickplays/Docs Creamy2013_069.doc
2014.01.07 13:24 B E:\Projects\Creamy's_Wonderland\CGF\VG_Quickplays\Docs\Level_6_Time_Trial.doc --> www.jdluke.com /CGF/VG_Quickplays/Docs Level_6_Time_Trial.doc
2014.01.07 13:24 B E:\Projects\Creamy's_Wonderland\CGF\VG_Quickplays\Docs\Potion_Shop_Break_In.doc --> www.jdluke.com /CGF/VG_Quickplays/Docs Potion_Shop_Break_In.doc
2014.01.07 13:24 B E:\Projects\Creamy's_Wonderland\CGF\VG_Quickplays\Docs\Simpsons_Arcade_-_Test_Run.doc --> www.jdluke.com /CGF/VG_Quickplays/Docs Simpsons_Arcade_-_Test_Run.doc
2014.01.07 13:24 B E:\Projects\Creamy's_Wonderland\CGF\VG_Quickplays\Docs\Tetsu_VS_Underdog01.doc --> www.jdluke.com /CGF/VG_Quickplays/Docs Tetsu_VS_Underdog01.doc
2014.01.07 13:24 B E:\Projects\Creamy's_Wonderland\CGF\VG_Quickplays\Docs\Tetsu_VS_Vega01.doc --> www.jdluke.com /CGF/VG_Quickplays/Docs Tetsu_VS_Vega01.doc
2014.01.07 13:24 B E:\Projects\Creamy's_Wonderland\CGF\VG_Quickplays\Docs\Tetsu_VS_Yoma.doc --> www.jdluke.com /CGF/VG_Quickplays/Docs Tetsu_VS_Yoma.doc
2014.01.07 13:24 B E:\Projects\Creamy's_Wonderland\CGF\VG_Quickplays\Docs\WWP_-_Creamy_Mine_Deathtrap.doc --> www.jdluke.com /CGF/VG_Quickplays/Docs WWP_-_Creamy_Mine_Deathtrap.doc
2014.01.08 13:18 B E:\Projects\Creamy's_Wonderland\CGF\VG_Quickplays\Docs\Simpsons_Arcade_-_Test_Run.doc --> www.jdluke.com /CGF/VG_Quickplays/Docs Simpsons_Arcade_-_Test_Run.doc
2014.01.08 13:29 B E:\Projects\Creamy's_Wonderland\CGF\VG_Quickplays\Docs\Simpsons_Arcade_-_Test_Run.doc --> www.jdluke.com /CGF/VG_Quickplays/Docs Simpsons_Arcade_-_Test_Run.doc
2014.01.08 14:50 B E:\Projects\Creamy's_Wonderland\CGF\VG_Quickplays\Docs\Simpsons_Arcade_-_Test_Run.doc --> www.jdluke.com /CGF/VG_Quickplays/Docs Simpsons_Arcade_-_Test_Run.doc
2015.01.13 22:09 B E:\Projects\Creamy's_Wonderland\CGF\VG_Quickplays\Docs\Simpsons_Arcade_-_Test_Run.doc --> www.jdluke.com /CGF/VG_Quickplays/Docs Simpsons_Arcade_-_Test_Run.doc
2015.01.14 18:23 B E:\Projects\Creamy's_Wonderland\CGF\VG_Quickplays\Docs\Creamy2012_151.doc --> www.jdluke.com /CGF/VG_Quickplays/Docs Creamy2012_151.doc
2015.01.14 18:23 B E:\Projects\Creamy's_Wonderland\CGF\VG_Quickplays\Docs\Creamy2010_045.doc --> www.jdluke.com /CGF/VG_Quickplays/Docs Creamy2010_045.doc
2015.01.14 18:23 B E:\Projects\Creamy's_Wonderland\CGF\VG_Quickplays\Docs\Creamy2010_034.doc --> www.jdluke.com /CGF/VG_Quickplays/Docs Creamy2010_034.doc
2015.01.14 18:23 B E:\Projects\Creamy's_Wonderland\CGF\VG_Quickplays\Docs\Creamy2010_018.doc --> www.jdluke.com /CGF/VG_Quickplays/Docs Creamy2010_018.doc
2015.01.14 18:23 B E:\Projects\Creamy's_Wonderland\CGF\VG_Quickplays\Docs\Creamy2008_029.doc --> www.jdluke.com /CGF/VG_Quickplays/Docs Creamy2008_029.doc
2015.01.14 18:23 B E:\Projects\Creamy's_Wonderland\CGF\VG_Quickplays\Docs\Creamy2008_024.doc --> www.jdluke.com /CGF/VG_Quickplays/Docs Creamy2008_024.doc
2015.01.14 19:07 B E:\Projects\Creamy's_Wonderland\CGF\VG_Quickplays\Docs\Simpsons_Arcade_-_Test_Run.doc --> www.jdluke.com /CGF/VG_Quickplays/Docs Simpsons_Arcade_-_Test_Run.doc
2016.07.31 21:57 B K:\Projects\Creamy's_Wonderland\CGF\VG_Quickplays\Docs\Creamy2013_194.doc --> www.jdluke.com /CGF/VG_Quickplays/Docs Creamy2013_194.doc
2016.07.31 21:57 B K:\Projects\Creamy's_Wonderland\CGF\VG_Quickplays\Docs\Creamy2013_189.doc --> www.jdluke.com /CGF/VG_Quickplays/Docs Creamy2013_189.doc
2016.07.31 21:57 B K:\Projects\Creamy's_Wonderland\CGF\VG_Quickplays\Docs\Creamy2013_188.doc --> www.jdluke.com /CGF/VG_Quickplays/Docs Creamy2013_188.doc
2016.07.31 21:57 B K:\Projects\Creamy's_Wonderland\CGF\VG_Quickplays\Docs\Creamy2013_184.doc --> www.jdluke.com /CGF/VG_Quickplays/Docs Creamy2013_184.doc
2016.07.31 21:57 B K:\Projects\Creamy's_Wonderland\CGF\VG_Quickplays\Docs\Creamy2013_165.doc --> www.jdluke.com /CGF/VG_Quickplays/Docs Creamy2013_165.doc
2016.07.31 21:57 B K:\Projects\Creamy's_Wonderland\CGF\VG_Quickplays\Docs\Creamy2013_139.doc --> www.jdluke.com /CGF/VG_Quickplays/Docs Creamy2013_139.doc
2016.07.31 21:57 B K:\Projects\Creamy's_Wonderland\CGF\VG_Quickplays\Docs\Creamy2013_134.doc --> www.jdluke.com /CGF/VG_Quickplays/Docs Creamy2013_134.doc
2016.07.31 21:57 B K:\Projects\Creamy's_Wonderland\CGF\VG_Quickplays\Docs\Creamy2013_129.doc --> www.jdluke.com /CGF/VG_Quickplays/Docs Creamy2013_129.doc
2016.07.31 21:57 B K:\Projects\Creamy's_Wonderland\CGF\VG_Quickplays\Docs\Creamy2013_120.doc --> www.jdluke.com /CGF/VG_Quickplays/Docs Creamy2013_120.doc
2016.07.31 21:57 B K:\Projects\Creamy's_Wonderland\CGF\VG_Quickplays\Docs\Creamy2013_118.doc --> www.jdluke.com /CGF/VG_Quickplays/Docs Creamy2013_118.doc
2017.01.03 13:10 B F:\Projects\Creamy's_Wonderland\CGF\VG_Quickplays\Docs\Hyrulian_Musical_Tour.doc --> www.jdluke.com /CGF/VG_Quickplays/Docs Hyrulian_Musical_Tour.doc
