2004.10.02 22:08 B E:\Projects\Creamy's Wonderland\Builds\CES_Log_Page.html --> hosting.gamespy.com /planetquake/polycount/cottages/iwow/Builds CES_Log_Page.html
2004.10.02 22:08 B E:\Projects\Creamy's Wonderland\Builds\Builds_Intro.html --> hosting.gamespy.com /planetquake/polycount/cottages/iwow/Builds Builds_Intro.html
2004.10.02 22:08 B E:\Projects\Creamy's Wonderland\Builds\CES_Log_Page(fs).html --> hosting.gamespy.com /planetquake/polycount/cottages/iwow/Builds CES_Log_Page(fs).html
2004.10.02 22:08 B E:\Projects\Creamy's Wonderland\Builds\Builds_Intro(fs).html --> hosting.gamespy.com /planetquake/polycount/cottages/iwow/Builds Builds_Intro(fs).html
2004.10.02 22:08 B E:\Projects\Creamy's Wonderland\Builds\CES_Log_Page(lfm).html --> hosting.gamespy.com /planetquake/polycount/cottages/iwow/Builds CES_Log_Page(lfm).html
2004.10.02 22:08 B E:\Projects\Creamy's Wonderland\Builds\Builds_Intro(lfm).html --> hosting.gamespy.com /planetquake/polycount/cottages/iwow/Builds Builds_Intro(lfm).html
2004.10.02 22:30 B E:\Projects\Creamy's Wonderland\Builds\Builds_Intro(lfm).html --> hosting.gamespy.com /planetquake/polycount/cottages/iwow/Builds Builds_Intro(lfm).html
2005.10.02 22:45 B C:\Projects\Creamy's Wonderland\Builds\CES_Log_Page(lfm).html --> hosting.gamespy.com /planetquake/polycount/cottages/iwow/Builds CES_Log_Page(lfm).html
2005.10.02 22:45 B C:\Projects\Creamy's Wonderland\Builds\Builds_Intro(lfm).html --> hosting.gamespy.com /planetquake/polycount/cottages/iwow/Builds Builds_Intro(lfm).html
2006.07.01 15:55 B E:\Projects\Creamy's Wonderland\Builds\CES_Log_Page(fs).html --> web.planethosting.gamespy.com /iwow.cottages.polycount.com/Builds CES_Log_Page(fs).html
2006.07.01 15:55 B E:\Projects\Creamy's Wonderland\Builds\Builds_Intro(fs).html --> web.planethosting.gamespy.com /iwow.cottages.polycount.com/Builds Builds_Intro(fs).html
2006.07.01 15:55 B E:\Projects\Creamy's Wonderland\Builds\CES_Log_Page(lfm).html --> web.planethosting.gamespy.com /iwow.cottages.polycount.com/Builds CES_Log_Page(lfm).html
2006.07.01 15:55 B E:\Projects\Creamy's Wonderland\Builds\Builds_Intro(lfm).html --> web.planethosting.gamespy.com /iwow.cottages.polycount.com/Builds Builds_Intro(lfm).html
2006.07.01 15:55 B E:\Projects\Creamy's Wonderland\Builds\Builds_Intro.html --> web.planethosting.gamespy.com /iwow.cottages.polycount.com/Builds Builds_Intro.html
2006.07.01 15:55 B E:\Projects\Creamy's Wonderland\Builds\CES_Log_Page.html --> web.planethosting.gamespy.com /iwow.cottages.polycount.com/Builds CES_Log_Page.html
2006.07.01 23:24 B E:\Projects\Creamy's Wonderland\Builds\Builds_Intro.html --> web.planethosting.gamespy.com /iwow.cottages.polycount.com/Builds Builds_Intro.html
2006.07.01 23:36 B E:\Projects\Creamy's Wonderland\Builds\CES_Log_Page.html --> web.planethosting.gamespy.com /iwow.cottages.polycount.com/Builds CES_Log_Page.html
2009.04.10 01:25 B E:\Projects\Creamy's Wonderland\Builds\Builds_Intro.html <-- Creamy's Wonderland /creamyg.planetquake.gamespy.com/Builds Builds_Intro.html
2009.04.10 01:27 B E:\Projects\Creamy's Wonderland\Builds\Builds_Intro.html --> web.planethosting.gamespy.com /creamyg.planetquake.gamespy.com/Builds Builds_Intro.html
2009.04.10 01:28 B E:\Projects\Creamy's Wonderland\Builds\CES_Log_Page.html <-- Creamy's Wonderland /creamyg.planetquake.gamespy.com/Builds CES_Log_Page.html
2009.04.10 01:30 B E:\Projects\Creamy's Wonderland\Builds\Builds_Intro.html --> web.planethosting.gamespy.com /creamyg.planetquake.gamespy.com/Builds Builds_Intro.html
2009.04.10 01:32 B E:\Projects\Creamy's Wonderland\Builds\CES_Log_Page.html --> web.planethosting.gamespy.com /creamyg.planetquake.gamespy.com/Builds CES_Log_Page.html
2009.04.10 01:32 B E:\Projects\Creamy's Wonderland\Builds\CES_Log_Page.html --> web.planethosting.gamespy.com /creamyg.planetquake.gamespy.com/Builds CES_Log_Page.html
2009.05.04 22:13 B E:\Projects\Creamy's Wonderland\Builds\CES_Log_Page.html <-- Creamy's Wonderland /creamyg.planetquake.gamespy.com/Builds CES_Log_Page.html
2009.05.04 22:13 B E:\Projects\Creamy's Wonderland\Builds\CES_Log_Page(lfm).html <-- Creamy's Wonderland /creamyg.planetquake.gamespy.com/Builds CES_Log_Page(lfm).html
2009.05.04 22:13 B E:\Projects\Creamy's Wonderland\Builds\CES_Log_Page(fs).html <-- Creamy's Wonderland /creamyg.planetquake.gamespy.com/Builds CES_Log_Page(fs).html
2009.05.04 22:13 B E:\Projects\Creamy's Wonderland\Builds\Builds_Intro.html <-- Creamy's Wonderland /creamyg.planetquake.gamespy.com/Builds Builds_Intro.html
2009.05.04 22:13 B E:\Projects\Creamy's Wonderland\Builds\Builds_Intro(lfm).html <-- Creamy's Wonderland /creamyg.planetquake.gamespy.com/Builds Builds_Intro(lfm).html
2009.05.04 22:13 B E:\Projects\Creamy's Wonderland\Builds\Builds_Intro(fs).html <-- Creamy's Wonderland /creamyg.planetquake.gamespy.com/Builds Builds_Intro(fs).html
2009.05.04 22:15 B E:\Projects\Creamy's Wonderland\Builds\CES_Log_Page.html --> web.planethosting.gamespy.com /creamyg.planetquake.gamespy.com/Builds CES_Log_Page.html
2009.05.04 22:15 B E:\Projects\Creamy's Wonderland\Builds\CES_Log_Page(lfm).html --> web.planethosting.gamespy.com /creamyg.planetquake.gamespy.com/Builds CES_Log_Page(lfm).html
2009.05.04 22:16 B E:\Projects\Creamy's Wonderland\Builds\Builds_Intro.html --> web.planethosting.gamespy.com /creamyg.planetquake.gamespy.com/Builds Builds_Intro.html
2009.05.04 22:16 B E:\Projects\Creamy's Wonderland\Builds\Builds_Intro(lfm).html --> web.planethosting.gamespy.com /creamyg.planetquake.gamespy.com/Builds Builds_Intro(lfm).html
