2003.01.03 07:40 B C:\Projects\Creamy's_Wonderland\Quake2\BJQ2T\follycount_archive_page(fs).html <-- Creamy's Wonderland /polycount/cottages/iwow/quake2/bjq2t follycount_archive_page(fs).html
2003.01.03 07:40 B C:\Projects\Creamy's_Wonderland\Quake2\BJQ2T\follycount_archive_page(lfm).html <-- Creamy's Wonderland /polycount/cottages/iwow/quake2/bjq2t follycount_archive_page(lfm).html
2003.01.03 07:40 B C:\Projects\Creamy's_Wonderland\Quake2\BJQ2T\follycount_archive_page.html <-- Creamy's Wonderland /polycount/cottages/iwow/quake2/bjq2t follycount_archive_page.html
2003.01.03 07:40 B C:\Projects\Creamy's_Wonderland\Quake2\BJQ2T\update_page(fs).html <-- Creamy's Wonderland /polycount/cottages/iwow/quake2/bjq2t update_page(fs).html
2003.01.03 07:40 B C:\Projects\Creamy's_Wonderland\Quake2\BJQ2T\update_page(lfm).html <-- Creamy's Wonderland /polycount/cottages/iwow/quake2/bjq2t update_page(lfm).html
2003.01.03 07:40 B C:\Projects\Creamy's_Wonderland\Quake2\BJQ2T\update_page.html <-- Creamy's Wonderland /polycount/cottages/iwow/quake2/bjq2t update_page.html
2003.01.03 07:42 B C:\Projects\Creamy's_Wonderland\Quake2\BJQ2T\update_icon.gif <-- Creamy's Wonderland /polycount/cottages/iwow/quake2/bjq2t update_icon.gif
2003.01.03 07:43 B C:\Projects\Creamy's_Wonderland\Quake2\BJQ2T\bjq2t_tiers_icon.gif <-- Creamy's Wonderland /polycount/cottages/iwow/quake2/bjq2t bjq2t_tiers_icon.gif
2003.01.03 07:44 B C:\Projects\Creamy's_Wonderland\Quake2\BJQ2T\credits_icon.gif <-- Creamy's Wonderland /polycount/cottages/iwow/quake2/bjq2t credits_icon.gif
2003.01.03 07:44 B C:\Projects\Creamy's_Wonderland\Quake2\BJQ2T\media_icon.gif <-- Creamy's Wonderland /polycount/cottages/iwow/quake2/bjq2t media_icon.gif
2003.01.03 07:44 B C:\Projects\Creamy's_Wonderland\Quake2\BJQ2T\references_icon.gif <-- Creamy's Wonderland /polycount/cottages/iwow/quake2/bjq2t references_icon.gif
2003.01.03 07:44 B C:\Projects\Creamy's_Wonderland\Quake2\BJQ2T\script_icon.gif <-- Creamy's Wonderland /polycount/cottages/iwow/quake2/bjq2t script_icon.gif
2003.01.03 07:47 B C:\Projects\Creamy's_Wonderland\Quake2\BJQ2T\configlist_page.html <-- Creamy's Wonderland /polycount/cottages/iwow/quake2/bjq2t configlist_page.html
2003.01.03 07:47 B C:\Projects\Creamy's_Wonderland\Quake2\BJQ2T\episodes-cfs_credits.html <-- Creamy's Wonderland /polycount/cottages/iwow/quake2/bjq2t episodes-cfs_credits.html
2003.01.03 07:47 B C:\Projects\Creamy's_Wonderland\Quake2\BJQ2T\episodes-cfs_media.html <-- Creamy's Wonderland /polycount/cottages/iwow/quake2/bjq2t episodes-cfs_media.html
2003.01.03 07:47 B C:\Projects\Creamy's_Wonderland\Quake2\BJQ2T\tiers_page.html <-- Creamy's Wonderland /polycount/cottages/iwow/quake2/bjq2t tiers_page.html
2003.01.03 08:16 B C:\Projects\Creamy's_Wonderland\Quake2\BJQ2T\tier1_page.html <-- Creamy's Wonderland /polycount/cottages/iwow/quake2/bjq2t tier1_page.html
2003.01.03 08:16 B C:\Projects\Creamy's_Wonderland\Quake2\BJQ2T\tier2_page.html <-- Creamy's Wonderland /polycount/cottages/iwow/quake2/bjq2t tier2_page.html
2003.01.03 08:16 B C:\Projects\Creamy's_Wonderland\Quake2\BJQ2T\tier3_page.html <-- Creamy's Wonderland /polycount/cottages/iwow/quake2/bjq2t tier3_page.html
2003.01.03 08:16 B C:\Projects\Creamy's_Wonderland\Quake2\BJQ2T\tier4_page.html <-- Creamy's Wonderland /polycount/cottages/iwow/quake2/bjq2t tier4_page.html
2003.01.03 08:16 B C:\Projects\Creamy's_Wonderland\Quake2\BJQ2T\tier5_page.html <-- Creamy's Wonderland /polycount/cottages/iwow/quake2/bjq2t tier5_page.html
2003.01.03 08:16 B C:\Projects\Creamy's_Wonderland\Quake2\BJQ2T\tier6_page.html <-- Creamy's Wonderland /polycount/cottages/iwow/quake2/bjq2t tier6_page.html
2003.01.03 08:16 B C:\Projects\Creamy's_Wonderland\Quake2\BJQ2T\tier7_page.html <-- Creamy's Wonderland /polycount/cottages/iwow/quake2/bjq2t tier7_page.html
2003.01.03 08:16 B C:\Projects\Creamy's_Wonderland\Quake2\BJQ2T\tier8_page.html <-- Creamy's Wonderland /polycount/cottages/iwow/quake2/bjq2t tier8_page.html
2003.01.03 08:16 B C:\Projects\Creamy's_Wonderland\Quake2\BJQ2T\tier9_page.html <-- Creamy's Wonderland /polycount/cottages/iwow/quake2/bjq2t tier9_page.html
2003.01.03 08:17 B C:\Projects\Creamy's_Wonderland\Quake2\BJQ2T\bjq2t_tier1_icon.gif <-- Creamy's Wonderland /polycount/cottages/iwow/quake2/bjq2t bjq2t_tier1_icon.gif
2003.01.03 08:17 B C:\Projects\Creamy's_Wonderland\Quake2\BJQ2T\bjq2t_tier2_icon.gif <-- Creamy's Wonderland /polycount/cottages/iwow/quake2/bjq2t bjq2t_tier2_icon.gif
2003.01.03 08:17 B C:\Projects\Creamy's_Wonderland\Quake2\BJQ2T\bjq2t_tier3_icon.gif <-- Creamy's Wonderland /polycount/cottages/iwow/quake2/bjq2t bjq2t_tier3_icon.gif
2003.01.03 08:17 B C:\Projects\Creamy's_Wonderland\Quake2\BJQ2T\bjq2t_tier4_icon.gif <-- Creamy's Wonderland /polycount/cottages/iwow/quake2/bjq2t bjq2t_tier4_icon.gif
2003.01.03 08:17 B C:\Projects\Creamy's_Wonderland\Quake2\BJQ2T\bjq2t_tier5_icon.gif <-- Creamy's Wonderland /polycount/cottages/iwow/quake2/bjq2t bjq2t_tier5_icon.gif
2003.01.03 08:17 B C:\Projects\Creamy's_Wonderland\Quake2\BJQ2T\bjq2t_tier6_icon.gif <-- Creamy's Wonderland /polycount/cottages/iwow/quake2/bjq2t bjq2t_tier6_icon.gif
2003.01.03 08:17 B C:\Projects\Creamy's_Wonderland\Quake2\BJQ2T\bjq2t_tier7_icon.gif <-- Creamy's Wonderland /polycount/cottages/iwow/quake2/bjq2t bjq2t_tier7_icon.gif
2003.01.03 08:17 B C:\Projects\Creamy's_Wonderland\Quake2\BJQ2T\bjq2t_tier8_icon.gif <-- Creamy's Wonderland /polycount/cottages/iwow/quake2/bjq2t bjq2t_tier8_icon.gif
2003.01.03 08:17 B C:\Projects\Creamy's_Wonderland\Quake2\BJQ2T\bjq2t_tier9_icon.gif <-- Creamy's Wonderland /polycount/cottages/iwow/quake2/bjq2t bjq2t_tier9_icon.gif
2003.01.03 08:56 B C:\Projects\Creamy's_Wonderland\Quake2\BJQ2T\tish_front1.jpg <-- Creamy's Wonderland /polycount/cottages/iwow/quake2/bjq2t tish_front1.jpg
2003.01.03 08:56 B C:\Projects\Creamy's_Wonderland\Quake2\BJQ2T\tish_side1.jpg <-- Creamy's Wonderland /polycount/cottages/iwow/quake2/bjq2t tish_side1.jpg
2003.01.03 09:01 B C:\Projects\Creamy's_Wonderland\Quake2\BJQ2T\(hu-1-a)_1-1.jpg <-- Creamy's Wonderland /polycount/cottages/iwow/quake2/bjq2t (hu-1-a)_1-1.jpg
2003.01.03 09:01 B C:\Projects\Creamy's_Wonderland\Quake2\BJQ2T\(hu-1-a)_1-2.jpg <-- Creamy's Wonderland /polycount/cottages/iwow/quake2/bjq2t (hu-1-a)_1-2.jpg
2003.01.03 09:01 B C:\Projects\Creamy's_Wonderland\Quake2\BJQ2T\(hu-1-a)_2-1.jpg <-- Creamy's Wonderland /polycount/cottages/iwow/quake2/bjq2t (hu-1-a)_2-1.jpg
2003.01.03 09:01 B C:\Projects\Creamy's_Wonderland\Quake2\BJQ2T\(hu-1-a)_2-3.jpg <-- Creamy's Wonderland /polycount/cottages/iwow/quake2/bjq2t (hu-1-a)_2-3.jpg
2003.01.03 09:01 B C:\Projects\Creamy's_Wonderland\Quake2\BJQ2T\(hu-1-a)_2-4.jpg <-- Creamy's Wonderland /polycount/cottages/iwow/quake2/bjq2t (hu-1-a)_2-4.jpg
2003.01.03 09:01 B C:\Projects\Creamy's_Wonderland\Quake2\BJQ2T\(hu-1-a)_4-1.jpg <-- Creamy's Wonderland /polycount/cottages/iwow/quake2/bjq2t (hu-1-a)_4-1.jpg
2003.01.03 09:01 B C:\Projects\Creamy's_Wonderland\Quake2\BJQ2T\(hu-1-a)_4-2.jpg <-- Creamy's Wonderland /polycount/cottages/iwow/quake2/bjq2t (hu-1-a)_4-2.jpg
2003.01.03 09:01 B C:\Projects\Creamy's_Wonderland\Quake2\BJQ2T\(hu-1-a)_4-3.jpg <-- Creamy's Wonderland /polycount/cottages/iwow/quake2/bjq2t (hu-1-a)_4-3.jpg
2003.01.03 09:01 B C:\Projects\Creamy's_Wonderland\Quake2\BJQ2T\(hu-1-a)_5-1.jpg <-- Creamy's Wonderland /polycount/cottages/iwow/quake2/bjq2t (hu-1-a)_5-1.jpg
2003.01.03 09:01 B C:\Projects\Creamy's_Wonderland\Quake2\BJQ2T\(hu-1-a)_5-2.jpg <-- Creamy's Wonderland /polycount/cottages/iwow/quake2/bjq2t (hu-1-a)_5-2.jpg
2003.01.03 09:01 B C:\Projects\Creamy's_Wonderland\Quake2\BJQ2T\(hu-1-a)_5-3.jpg <-- Creamy's Wonderland /polycount/cottages/iwow/quake2/bjq2t (hu-1-a)_5-3.jpg
2003.01.03 09:01 B C:\Projects\Creamy's_Wonderland\Quake2\BJQ2T\(hu-1-a)_7-1.jpg <-- Creamy's Wonderland /polycount/cottages/iwow/quake2/bjq2t (hu-1-a)_7-1.jpg
2003.01.03 09:01 B C:\Projects\Creamy's_Wonderland\Quake2\BJQ2T\(hu-1-a)_7-2.jpg <-- Creamy's Wonderland /polycount/cottages/iwow/quake2/bjq2t (hu-1-a)_7-2.jpg
2003.01.03 09:02 B C:\Projects\Creamy's_Wonderland\Quake2\BJQ2T\gs-4.jpg <-- Creamy's Wonderland /polycount/cottages/iwow/quake2/bjq2t gs-4.jpg
2003.01.03 09:02 B C:\Projects\Creamy's_Wonderland\Quake2\BJQ2T\gs-6.jpg <-- Creamy's Wonderland /polycount/cottages/iwow/quake2/bjq2t gs-6.jpg
2003.01.03 09:02 B C:\Projects\Creamy's_Wonderland\Quake2\BJQ2T\gs-7.jpg <-- Creamy's Wonderland /polycount/cottages/iwow/quake2/bjq2t gs-7.jpg
2003.01.03 09:02 B C:\Projects\Creamy's_Wonderland\Quake2\BJQ2T\sniper_front1.jpg <-- Creamy's Wonderland /polycount/cottages/iwow/quake2/bjq2t sniper_front1.jpg
2003.01.03 09:02 B C:\Projects\Creamy's_Wonderland\Quake2\BJQ2T\sniper_front2.jpg <-- Creamy's Wonderland /polycount/cottages/iwow/quake2/bjq2t sniper_front2.jpg
2003.01.03 09:02 B C:\Projects\Creamy's_Wonderland\Quake2\BJQ2T\sniper_side1.jpg <-- Creamy's Wonderland /polycount/cottages/iwow/quake2/bjq2t sniper_side1.jpg
2003.01.03 09:03 B C:\Projects\Creamy's_Wonderland\Quake2\BJQ2T\hardbrake_test7.avi <-- Creamy's Wonderland /polycount/cottages/iwow/quake2/bjq2t hardbrake_test7.avi
2003.01.03 09:08 B C:\Projects\Creamy's_Wonderland\Quake2\BJQ2T\(hu,1)-1_headspin.avi <-- Creamy's Wonderland /polycount/cottages/iwow/itf/hon/characters/extras/humans/male_adult/(hu,1)-1 (hu,1)-1_headspin.avi
2003.01.03 09:09 B C:\Projects\Creamy's_Wonderland\Quake2\BJQ2T\(hu,1)-1_front1.gif <-- Creamy's Wonderland /polycount/cottages/iwow/itf/hon/characters/extras/humans/male_adult/(hu,1)-1 (hu,1)-1_front1.gif
2003.01.03 09:28 B C:\Projects\Creamy's_Wonderland\Quake2\BJQ2T\(hu,1)-1_front1.gif --> www.planetquake.com /polycount/cottages/iwow/quake2/bjq2t (hu,1)-1_front1.gif
2003.01.03 09:28 B C:\Projects\Creamy's_Wonderland\Quake2\BJQ2T\(hu,1)-1_headspin.avi --> www.planetquake.com /polycount/cottages/iwow/quake2/bjq2t (hu,1)-1_headspin.avi
2003.01.03 09:29 B C:\Projects\Creamy's_Wonderland\Quake2\BJQ2T\tier9_page.html --> www.planetquake.com /polycount/cottages/iwow/quake2/bjq2t tier9_page.html
2003.01.03 19:22 B C:\Projects\Creamy's_Wonderland\Quake2\BJQ2T\configlist_page.html --> www.planetquake.com /polycount/cottages/iwow/quake2/bjq2t configlist_page.html
2003.06.03 23:46 B E:\Projects\Creamy's Wonderland\Quake2\BJQ2T\tier7_page.html --> www.planetquake.com /polycount/cottages/iwow/Quake2/BJQ2T tier7_page.html
2003.06.03 23:46 B E:\Projects\Creamy's Wonderland\Quake2\BJQ2T\tier9_page.html --> www.planetquake.com /polycount/cottages/iwow/Quake2/BJQ2T tier9_page.html
2003.06.03 23:46 B E:\Projects\Creamy's Wonderland\Quake2\BJQ2T\tier8_page.html --> www.planetquake.com /polycount/cottages/iwow/Quake2/BJQ2T tier8_page.html
2003.06.03 23:46 B E:\Projects\Creamy's Wonderland\Quake2\BJQ2T\tier2_page.html --> www.planetquake.com /polycount/cottages/iwow/Quake2/BJQ2T tier2_page.html
2003.06.03 23:46 B E:\Projects\Creamy's Wonderland\Quake2\BJQ2T\tier3_page.html --> www.planetquake.com /polycount/cottages/iwow/Quake2/BJQ2T tier3_page.html
2003.06.03 23:46 B E:\Projects\Creamy's Wonderland\Quake2\BJQ2T\tier1_page.html --> www.planetquake.com /polycount/cottages/iwow/Quake2/BJQ2T tier1_page.html
2004.10.02 22:04 B E:\Projects\Creamy's Wonderland\Quake2\BJQ2T\update_page(lfm).html --> hosting.gamespy.com /planetquake/polycount/cottages/iwow/Quake2/BJQ2T update_page(lfm).html
2004.10.02 22:04 B E:\Projects\Creamy's Wonderland\Quake2\BJQ2T\follycount_archive_page(lfm).html --> hosting.gamespy.com /planetquake/polycount/cottages/iwow/Quake2/BJQ2T follycount_archive_page(lfm).html
2005.10.02 18:38 B C:\Projects\Creamy's Wonderland\Games\Quake2\BJQ2T\News01_Page.html <-- Creamy's Wonderland /planetquake/polycount/cottages/iwow/Games/Quake2/BJQ2T News01_Page.html
2005.10.02 18:38 B C:\Projects\Creamy's Wonderland\Games\Quake2\BJQ2T\News02_Page.html <-- Creamy's Wonderland /planetquake/polycount/cottages/iwow/Games/Quake2/BJQ2T News02_Page.html
2005.10.02 22:44 B C:\Projects\Creamy's Wonderland\Games\Quake2\BJQ2T\tiers_page.html --> hosting.gamespy.com /planetquake/polycount/cottages/iwow/Games/Quake2/BJQ2T tiers_page.html
2005.10.02 22:44 B C:\Projects\Creamy's Wonderland\Games\Quake2\BJQ2T\tier7_page.html --> hosting.gamespy.com /planetquake/polycount/cottages/iwow/Games/Quake2/BJQ2T tier7_page.html
2005.10.02 22:44 B C:\Projects\Creamy's Wonderland\Games\Quake2\BJQ2T\episodes-cfs_credits.html --> hosting.gamespy.com /planetquake/polycount/cottages/iwow/Games/Quake2/BJQ2T episodes-cfs_credits.html
2005.10.02 22:44 B C:\Projects\Creamy's Wonderland\Games\Quake2\BJQ2T\tier9_page.html --> hosting.gamespy.com /planetquake/polycount/cottages/iwow/Games/Quake2/BJQ2T tier9_page.html
2005.10.02 22:44 B C:\Projects\Creamy's Wonderland\Games\Quake2\BJQ2T\tier8_page.html --> hosting.gamespy.com /planetquake/polycount/cottages/iwow/Games/Quake2/BJQ2T tier8_page.html
2005.10.02 22:44 B C:\Projects\Creamy's Wonderland\Games\Quake2\BJQ2T\tier6_page.html --> hosting.gamespy.com /planetquake/polycount/cottages/iwow/Games/Quake2/BJQ2T tier6_page.html
2005.10.02 22:44 B C:\Projects\Creamy's Wonderland\Games\Quake2\BJQ2T\tier5_page.html --> hosting.gamespy.com /planetquake/polycount/cottages/iwow/Games/Quake2/BJQ2T tier5_page.html
2005.10.02 22:44 B C:\Projects\Creamy's Wonderland\Games\Quake2\BJQ2T\News01_Page.html --> hosting.gamespy.com /planetquake/polycount/cottages/iwow/Games/Quake2/BJQ2T News01_Page.html
2005.10.02 22:44 B C:\Projects\Creamy's Wonderland\Games\Quake2\BJQ2T\News02_Page.html --> hosting.gamespy.com /planetquake/polycount/cottages/iwow/Games/Quake2/BJQ2T News02_Page.html
2005.10.03 00:29 B C:\Projects\Creamy's Wonderland\Games\Quake2\BJQ2T\episodes-cfs_media.html --> hosting.gamespy.com /planetquake/polycount/cottages/iwow/Games/Quake2/BJQ2T episodes-cfs_media.html
