2009.09.12 20:48 B E:\Projects\Creamy's_Wonderland\News_Archive\Sections11_-_20\News_Archive_-_S11-20(lfm).html --> ftp.hugelaser.com /News_Archive/Sections11_-_20 News_Archive_-_S11-20(lfm).html
2009.09.12 20:48 B E:\Projects\Creamy's_Wonderland\News_Archive\Sections11_-_20\Section11(lfm).html --> ftp.hugelaser.com /News_Archive/Sections11_-_20 Section11(lfm).html
2009.09.12 20:57 B E:\Projects\Creamy's_Wonderland\News_Archive\Sections11_-_20\News_Archive_-_S11-20(fs).html --> ftp.hugelaser.com /News_Archive/Sections11_-_20 News_Archive_-_S11-20(fs).html
2009.09.12 20:57 B E:\Projects\Creamy's_Wonderland\News_Archive\Sections11_-_20\News_Archive_-_S11-20(lfm).html --> ftp.hugelaser.com /News_Archive/Sections11_-_20 News_Archive_-_S11-20(lfm).html
2009.09.12 20:57 B E:\Projects\Creamy's_Wonderland\News_Archive\Sections11_-_20\Section11(fs).html --> ftp.hugelaser.com /News_Archive/Sections11_-_20 Section11(fs).html
2009.09.12 20:57 B E:\Projects\Creamy's_Wonderland\News_Archive\Sections11_-_20\Section11(lfm).html --> ftp.hugelaser.com /News_Archive/Sections11_-_20 Section11(lfm).html
2009.09.13 01:47 B E:\Projects\Creamy's_Wonderland\News_Archive\Sections11_-_20\Section11(fs).html --> ftp.hugelaser.com /News_Archive/Sections11_-_20 Section11(fs).html
2009.09.13 01:47 B E:\Projects\Creamy's_Wonderland\News_Archive\Sections11_-_20\News_Archive_-_S11-20(fs).html --> ftp.hugelaser.com /News_Archive/Sections11_-_20 News_Archive_-_S11-20(fs).html
2009.09.13 01:47 B E:\Projects\Creamy's_Wonderland\News_Archive\Sections11_-_20\Section11(lfm).html --> ftp.hugelaser.com /News_Archive/Sections11_-_20 Section11(lfm).html
2009.09.13 01:47 B E:\Projects\Creamy's_Wonderland\News_Archive\Sections11_-_20\News_Archive_-_S11-20(lfm).html --> ftp.hugelaser.com /News_Archive/Sections11_-_20 News_Archive_-_S11-20(lfm).html
2009.09.14 01:38 B E:\Projects\Creamy's_Wonderland\News_Archive\Block02\News_Archive_-_Block02(fs).html --> ftp.hugelaser.com /News_Archive/Block02 News_Archive_-_Block02(fs).html
2009.09.14 01:38 B E:\Projects\Creamy's_Wonderland\News_Archive\Block02\News_Archive_-_Block02(lfm).html --> ftp.hugelaser.com /News_Archive/Block02 News_Archive_-_Block02(lfm).html
2009.09.14 01:38 B E:\Projects\Creamy's_Wonderland\News_Archive\Block02\Section11(fs).html --> ftp.hugelaser.com /News_Archive/Block02 Section11(fs).html
2009.09.14 01:38 B E:\Projects\Creamy's_Wonderland\News_Archive\Block02\Section11(lfm).html --> ftp.hugelaser.com /News_Archive/Block02 Section11(lfm).html
2009.09.14 01:38 B E:\Projects\Creamy's_Wonderland\News_Archive\Block02\WS_FTP.LOG --> ftp.hugelaser.com /News_Archive/Block02 WS_FTP.LOG
2009.09.14 02:03 B E:\Projects\Creamy's_Wonderland\News_Archive\Block02\Section11(fs).html --> ftp.hugelaser.com /News_Archive/Block02 Section11(fs).html
2009.09.14 02:03 B E:\Projects\Creamy's_Wonderland\News_Archive\Block02\News_Archive_-_Block02(fs).html --> ftp.hugelaser.com /News_Archive/Block02 News_Archive_-_Block02(fs).html
2011.05.27 17:17 B E:\Projects\Creamy's_Wonderland\News_Archive\Block02\Section12.html --> ftp.hugelaser.com /News_Archive/Block02 Section12.html
2011.05.27 17:17 B E:\Projects\Creamy's_Wonderland\News_Archive\Block02\Section11.html --> ftp.hugelaser.com /News_Archive/Block02 Section11.html
2011.05.27 17:17 B E:\Projects\Creamy's_Wonderland\News_Archive\Block02\News_Archive_-_Block02.html --> ftp.hugelaser.com /News_Archive/Block02 News_Archive_-_Block02.html
2011.05.27 17:41 B E:\Projects\Creamy's_Wonderland\News_Archive\Block02\Section12(lfm).html --> ftp.hugelaser.com /News_Archive/Block02 Section12(lfm).html
2011.05.27 17:41 B E:\Projects\Creamy's_Wonderland\News_Archive\Block02\Section11(lfm).html --> ftp.hugelaser.com /News_Archive/Block02 Section11(lfm).html
2011.05.27 17:41 B E:\Projects\Creamy's_Wonderland\News_Archive\Block02\Section12(fs).html --> ftp.hugelaser.com /News_Archive/Block02 Section12(fs).html
2011.05.27 17:43 B E:\Projects\Creamy's_Wonderland\News_Archive\Block02\Section12(lfm).html --> ftp.hugelaser.com /News_Archive/Block02 Section12(lfm).html
2011.05.27 17:46 B E:\Projects\Creamy's_Wonderland\News_Archive\Block02\News_Archive_-_Block02(lfm).html --> ftp.hugelaser.com /News_Archive/Block02 News_Archive_-_Block02(lfm).html
