2003.08.30 23:26 B E:\Projects\Creamy's Wonderland\Quake2\QuakeCon\RecGames_Page(fs).html --> www.planetquake.com /polycount/cottages/iwow/Quake2/QuakeCon RecGames_Page(fs).html
2003.08.30 23:26 B E:\Projects\Creamy's Wonderland\Quake2\QuakeCon\Reports_Page(fs).html --> www.planetquake.com /polycount/cottages/iwow/Quake2/QuakeCon Reports_Page(fs).html
2003.08.30 23:26 B E:\Projects\Creamy's Wonderland\Quake2\QuakeCon\Pics_Page(fs).html --> www.planetquake.com /polycount/cottages/iwow/Quake2/QuakeCon Pics_Page(fs).html
2003.08.30 23:26 B E:\Projects\Creamy's Wonderland\Quake2\QuakeCon\Qcon2003_Day04.html --> www.planetquake.com /polycount/cottages/iwow/Quake2/QuakeCon Qcon2003_Day04.html
2003.08.30 23:26 B E:\Projects\Creamy's Wonderland\Quake2\QuakeCon\Qcon2003_Day03.html --> www.planetquake.com /polycount/cottages/iwow/Quake2/QuakeCon Qcon2003_Day03.html
2003.08.30 23:26 B E:\Projects\Creamy's Wonderland\Quake2\QuakeCon\Pics_Page.html --> www.planetquake.com /polycount/cottages/iwow/Quake2/QuakeCon Pics_Page.html
2003.08.30 23:26 B E:\Projects\Creamy's Wonderland\Quake2\QuakeCon\Qcon2003_Day02.html --> www.planetquake.com /polycount/cottages/iwow/Quake2/QuakeCon Qcon2003_Day02.html
2003.08.30 23:26 B E:\Projects\Creamy's Wonderland\Quake2\QuakeCon\Qcon2003_Day01.html --> www.planetquake.com /polycount/cottages/iwow/Quake2/QuakeCon Qcon2003_Day01.html
2003.08.30 23:26 B E:\Projects\Creamy's Wonderland\Quake2\QuakeCon\RecGames_Page.html --> www.planetquake.com /polycount/cottages/iwow/Quake2/QuakeCon RecGames_Page.html
2003.08.30 23:27 B E:\Projects\Creamy's Wonderland\Quake2\QuakeCon\Reports_Page.html --> www.planetquake.com /polycount/cottages/iwow/Quake2/QuakeCon Reports_Page.html
2003.08.30 23:27 B E:\Projects\Creamy's Wonderland\Quake2\QuakeCon\Qcon2001_Day03.html --> www.planetquake.com /polycount/cottages/iwow/Quake2/QuakeCon Qcon2001_Day03.html
2003.08.30 23:27 B E:\Projects\Creamy's Wonderland\Quake2\QuakeCon\Qcon2001_Day01.html --> www.planetquake.com /polycount/cottages/iwow/Quake2/QuakeCon Qcon2001_Day01.html
2003.08.30 23:27 B E:\Projects\Creamy's Wonderland\Quake2\QuakeCon\Qcon2001_Day02.html --> www.planetquake.com /polycount/cottages/iwow/Quake2/QuakeCon Qcon2001_Day02.html
2003.08.30 23:27 B E:\Projects\Creamy's Wonderland\Quake2\QuakeCon\Qcon2001_Closing.html --> www.planetquake.com /polycount/cottages/iwow/Quake2/QuakeCon Qcon2001_Closing.html
2003.08.30 23:27 B E:\Projects\Creamy's Wonderland\Quake2\QuakeCon\RecGames_Page(lfm).html --> www.planetquake.com /polycount/cottages/iwow/Quake2/QuakeCon RecGames_Page(lfm).html
2003.08.30 23:27 B E:\Projects\Creamy's Wonderland\Quake2\QuakeCon\Pics_Page(lfm).html --> www.planetquake.com /polycount/cottages/iwow/Quake2/QuakeCon Pics_Page(lfm).html
2003.08.30 23:27 B E:\Projects\Creamy's Wonderland\Quake2\QuakeCon\Reports_Page(lfm).html --> www.planetquake.com /polycount/cottages/iwow/Quake2/QuakeCon Reports_Page(lfm).html
2003.08.30 23:33 B E:\Projects\Creamy's Wonderland\Quake2\QuakeCon\RecGames_Page(fs).html --> www.planetquake.com /polycount/cottages/iwow/Quake2/QuakeCon RecGames_Page(fs).html
2003.08.30 23:33 B E:\Projects\Creamy's Wonderland\Quake2\QuakeCon\Reports_Page(fs).html --> www.planetquake.com /polycount/cottages/iwow/Quake2/QuakeCon Reports_Page(fs).html
2003.08.30 23:33 B E:\Projects\Creamy's Wonderland\Quake2\QuakeCon\Pics_Page(fs).html --> www.planetquake.com /polycount/cottages/iwow/Quake2/QuakeCon Pics_Page(fs).html
2003.08.30 23:44 B E:\Projects\Creamy's Wonderland\Quake2\QuakeCon\Reports_Page.html --> www.planetquake.com /polycount/cottages/iwow/Quake2/QuakeCon Reports_Page.html
2003.08.31 00:03 B E:\Projects\Creamy's Wonderland\Quake2\QuakeCon\Qcon2003_Day04.html --> www.planetquake.com /polycount/cottages/iwow/Quake2/QuakeCon Qcon2003_Day04.html
2003.08.31 00:06 B E:\Projects\Creamy's Wonderland\Quake2\QuakeCon\Reports_Page.html --> www.planetquake.com /polycount/cottages/iwow/Quake2/QuakeCon Reports_Page.html
2003.08.31 00:07 B E:\Projects\Creamy's Wonderland\Quake2\QuakeCon\Reports_Page.html --> www.planetquake.com /polycount/cottages/iwow/Quake2/QuakeCon Reports_Page.html
2003.08.31 00:10 B E:\Projects\Creamy's Wonderland\Quake2\QuakeCon\Reports_Page.html --> www.planetquake.com /polycount/cottages/iwow/Quake2/QuakeCon Reports_Page.html
2003.08.31 00:11 B E:\Projects\Creamy's Wonderland\Quake2\QuakeCon\Reports_Page.html --> www.planetquake.com /polycount/cottages/iwow/Quake2/QuakeCon Reports_Page.html
2003.08.31 00:13 B E:\Projects\Creamy's Wonderland\Quake2\QuakeCon\Reports_Page.html --> www.planetquake.com /polycount/cottages/iwow/Quake2/QuakeCon Reports_Page.html
2003.08.31 00:16 B E:\Projects\Creamy's Wonderland\Quake2\QuakeCon\RecGames_Page.html --> www.planetquake.com /polycount/cottages/iwow/Quake2/QuakeCon RecGames_Page.html
2003.08.31 00:16 B E:\Projects\Creamy's Wonderland\Quake2\QuakeCon\RecGames_Page.html --> www.planetquake.com /polycount/cottages/iwow/Quake2/QuakeCon RecGames_Page.html
2003.08.31 00:20 B E:\Projects\Creamy's Wonderland\Quake2\QuakeCon\RecGames_Page.html --> www.planetquake.com /polycount/cottages/iwow/Quake2/QuakeCon RecGames_Page.html
2003.08.31 00:44 B E:\Projects\Creamy's Wonderland\Quake2\QuakeCon\Reports_Page.html --> www.planetquake.com /polycount/cottages/iwow/Quake2/QuakeCon Reports_Page.html
2003.09.01 03:10 B E:\Projects\Creamy's Wonderland\Quake2\QuakeCon\Pics_Page.html --> www.planetquake.com /polycount/cottages/iwow/Quake2/QuakeCon Pics_Page.html
2003.09.01 03:12 B E:\Projects\Creamy's Wonderland\Quake2\QuakeCon\Qcon2003_Day01.html --> www.planetquake.com /polycount/cottages/iwow/Quake2/QuakeCon Qcon2003_Day01.html
2004.10.02 22:03 B E:\Projects\Creamy's Wonderland\Quake2\QuakeCon\Reports_Page(lfm).html --> hosting.gamespy.com /planetquake/polycount/cottages/iwow/Quake2/QuakeCon Reports_Page(lfm).html
2004.10.02 22:03 B E:\Projects\Creamy's Wonderland\Quake2\QuakeCon\RecGames_Page(lfm).html --> hosting.gamespy.com /planetquake/polycount/cottages/iwow/Quake2/QuakeCon RecGames_Page(lfm).html
2004.10.02 22:03 B E:\Projects\Creamy's Wonderland\Quake2\QuakeCon\Pics_Page(lfm).html --> hosting.gamespy.com /planetquake/polycount/cottages/iwow/Quake2/QuakeCon Pics_Page(lfm).html
2004.10.02 22:03 B E:\Projects\Creamy's Wonderland\Quake2\QuakeCon\Qcon2003_Day03.html --> hosting.gamespy.com /planetquake/polycount/cottages/iwow/Quake2/QuakeCon Qcon2003_Day03.html
2004.10.22 22:48 B E:\Projects\Creamy's Wonderland\Quake2\QuakeCon\RecGames_Page.html --> hosting.gamespy.com /planetquake/polycount/cottages/iwow/Quake2/QuakeCon RecGames_Page.html
2004.10.22 22:48 B E:\Projects\Creamy's Wonderland\Quake2\QuakeCon\Pics_Page.html --> hosting.gamespy.com /planetquake/polycount/cottages/iwow/Quake2/QuakeCon Pics_Page.html
2004.10.22 22:48 B E:\Projects\Creamy's Wonderland\Quake2\QuakeCon\Qcon2003_Day04.html --> hosting.gamespy.com /planetquake/polycount/cottages/iwow/Quake2/QuakeCon Qcon2003_Day04.html
2004.10.22 22:48 B E:\Projects\Creamy's Wonderland\Quake2\QuakeCon\Qcon2003_Day03.html --> hosting.gamespy.com /planetquake/polycount/cottages/iwow/Quake2/QuakeCon Qcon2003_Day03.html
2004.10.22 22:48 B E:\Projects\Creamy's Wonderland\Quake2\QuakeCon\Qcon2003_Day02.html --> hosting.gamespy.com /planetquake/polycount/cottages/iwow/Quake2/QuakeCon Qcon2003_Day02.html
2004.10.22 22:48 B E:\Projects\Creamy's Wonderland\Quake2\QuakeCon\Qcon2003_Day01.html --> hosting.gamespy.com /planetquake/polycount/cottages/iwow/Quake2/QuakeCon Qcon2003_Day01.html
2004.10.22 22:48 B E:\Projects\Creamy's Wonderland\Quake2\QuakeCon\Qcon2001_Closing.html --> hosting.gamespy.com /planetquake/polycount/cottages/iwow/Quake2/QuakeCon Qcon2001_Closing.html
2004.10.22 22:48 B E:\Projects\Creamy's Wonderland\Quake2\QuakeCon\Qcon2001_Day03.html --> hosting.gamespy.com /planetquake/polycount/cottages/iwow/Quake2/QuakeCon Qcon2001_Day03.html
2004.10.22 22:48 B E:\Projects\Creamy's Wonderland\Quake2\QuakeCon\Qcon2001_Day02.html --> hosting.gamespy.com /planetquake/polycount/cottages/iwow/Quake2/QuakeCon Qcon2001_Day02.html
2004.10.22 22:48 B E:\Projects\Creamy's Wonderland\Quake2\QuakeCon\Qcon2001_Day01.html --> hosting.gamespy.com /planetquake/polycount/cottages/iwow/Quake2/QuakeCon Qcon2001_Day01.html
2004.10.22 22:48 B E:\Projects\Creamy's Wonderland\Quake2\QuakeCon\Reports_Page.html --> hosting.gamespy.com /planetquake/polycount/cottages/iwow/Quake2/QuakeCon Reports_Page.html
2005.10.02 22:43 B C:\Projects\Creamy's Wonderland\Games\Quake2\QuakeCon\RecGames_Page.html --> hosting.gamespy.com /planetquake/polycount/cottages/iwow/Games/Quake2/QuakeCon RecGames_Page.html
2005.10.02 22:43 B C:\Projects\Creamy's Wonderland\Games\Quake2\QuakeCon\Qcon2003_Day04.html --> hosting.gamespy.com /planetquake/polycount/cottages/iwow/Games/Quake2/QuakeCon Qcon2003_Day04.html
2005.10.02 22:43 B C:\Projects\Creamy's Wonderland\Games\Quake2\QuakeCon\Qcon2003_Day03.html --> hosting.gamespy.com /planetquake/polycount/cottages/iwow/Games/Quake2/QuakeCon Qcon2003_Day03.html
2005.10.02 22:43 B C:\Projects\Creamy's Wonderland\Games\Quake2\QuakeCon\Qcon2003_Day02.html --> hosting.gamespy.com /planetquake/polycount/cottages/iwow/Games/Quake2/QuakeCon Qcon2003_Day02.html
2005.10.02 22:43 B C:\Projects\Creamy's Wonderland\Games\Quake2\QuakeCon\Qcon2003_Day01.html --> hosting.gamespy.com /planetquake/polycount/cottages/iwow/Games/Quake2/QuakeCon Qcon2003_Day01.html
2005.10.02 22:43 B C:\Projects\Creamy's Wonderland\Games\Quake2\QuakeCon\Qcon2001_Closing.html --> hosting.gamespy.com /planetquake/polycount/cottages/iwow/Games/Quake2/QuakeCon Qcon2001_Closing.html
2005.10.02 22:43 B C:\Projects\Creamy's Wonderland\Games\Quake2\QuakeCon\Qcon2001_Day03.html --> hosting.gamespy.com /planetquake/polycount/cottages/iwow/Games/Quake2/QuakeCon Qcon2001_Day03.html
2005.10.02 22:43 B C:\Projects\Creamy's Wonderland\Games\Quake2\QuakeCon\Qcon2001_Day02.html --> hosting.gamespy.com /planetquake/polycount/cottages/iwow/Games/Quake2/QuakeCon Qcon2001_Day02.html
2005.10.02 22:43 B C:\Projects\Creamy's Wonderland\Games\Quake2\QuakeCon\Qcon2001_Day01.html --> hosting.gamespy.com /planetquake/polycount/cottages/iwow/Games/Quake2/QuakeCon Qcon2001_Day01.html
2005.10.02 22:43 B C:\Projects\Creamy's Wonderland\Games\Quake2\QuakeCon\Reports_Page.html --> hosting.gamespy.com /planetquake/polycount/cottages/iwow/Games/Quake2/QuakeCon Reports_Page.html
2005.10.02 22:43 B C:\Projects\Creamy's Wonderland\Games\Quake2\QuakeCon\Pics_Page.html --> hosting.gamespy.com /planetquake/polycount/cottages/iwow/Games/Quake2/QuakeCon Pics_Page.html
2006.07.01 16:01 B E:\Projects\Creamy's Wonderland\Games\Quake2\QuakeCon\Qcon2003_Day04.html --> web.planethosting.gamespy.com /iwow.cottages.polycount.com/Games/Quake2/QuakeCon Qcon2003_Day04.html
2006.07.01 16:01 B E:\Projects\Creamy's Wonderland\Games\Quake2\QuakeCon\Qcon2003_Day03.html --> web.planethosting.gamespy.com /iwow.cottages.polycount.com/Games/Quake2/QuakeCon Qcon2003_Day03.html
2006.07.01 16:01 B E:\Projects\Creamy's Wonderland\Games\Quake2\QuakeCon\Qcon2003_Day02.html --> web.planethosting.gamespy.com /iwow.cottages.polycount.com/Games/Quake2/QuakeCon Qcon2003_Day02.html
2006.07.01 16:01 B E:\Projects\Creamy's Wonderland\Games\Quake2\QuakeCon\Qcon2003_Day01.html --> web.planethosting.gamespy.com /iwow.cottages.polycount.com/Games/Quake2/QuakeCon Qcon2003_Day01.html
2006.07.01 16:01 B E:\Projects\Creamy's Wonderland\Games\Quake2\QuakeCon\Qcon2001_Day02.html --> web.planethosting.gamespy.com /iwow.cottages.polycount.com/Games/Quake2/QuakeCon Qcon2001_Day02.html
2006.07.01 16:01 B E:\Projects\Creamy's Wonderland\Games\Quake2\QuakeCon\Qcon2001_Day01.html --> web.planethosting.gamespy.com /iwow.cottages.polycount.com/Games/Quake2/QuakeCon Qcon2001_Day01.html
2006.07.01 16:01 B E:\Projects\Creamy's Wonderland\Games\Quake2\QuakeCon\Qcon2001_Day03.html --> web.planethosting.gamespy.com /iwow.cottages.polycount.com/Games/Quake2/QuakeCon Qcon2001_Day03.html
2006.07.01 16:01 B E:\Projects\Creamy's Wonderland\Games\Quake2\QuakeCon\Qcon2001_Closing.html --> web.planethosting.gamespy.com /iwow.cottages.polycount.com/Games/Quake2/QuakeCon Qcon2001_Closing.html
2006.07.01 16:01 B E:\Projects\Creamy's Wonderland\Games\Quake2\QuakeCon\Reports_Page.html --> web.planethosting.gamespy.com /iwow.cottages.polycount.com/Games/Quake2/QuakeCon Reports_Page.html
2006.07.01 16:01 B E:\Projects\Creamy's Wonderland\Games\Quake2\QuakeCon\RecGames_Page.html --> web.planethosting.gamespy.com /iwow.cottages.polycount.com/Games/Quake2/QuakeCon RecGames_Page.html
2006.07.01 16:01 B E:\Projects\Creamy's Wonderland\Games\Quake2\QuakeCon\Pics_Page.html --> web.planethosting.gamespy.com /iwow.cottages.polycount.com/Games/Quake2/QuakeCon Pics_Page.html
2006.07.01 23:50 B E:\Projects\Creamy's Wonderland\Games\Quake2\QuakeCon\Qcon2001_Closing.html --> web.planethosting.gamespy.com /iwow.cottages.polycount.com/Games/Quake2/QuakeCon Qcon2001_Closing.html
2006.07.01 23:50 B E:\Projects\Creamy's Wonderland\Games\Quake2\QuakeCon\Qcon2003_Day04.html --> web.planethosting.gamespy.com /iwow.cottages.polycount.com/Games/Quake2/QuakeCon Qcon2003_Day04.html
2006.07.01 23:51 B E:\Projects\Creamy's Wonderland\Games\Quake2\QuakeCon\Qcon2003_Day03.html --> web.planethosting.gamespy.com /iwow.cottages.polycount.com/Games/Quake2/QuakeCon Qcon2003_Day03.html
2006.07.01 23:51 B E:\Projects\Creamy's Wonderland\Games\Quake2\QuakeCon\Qcon2003_Day02.html --> web.planethosting.gamespy.com /iwow.cottages.polycount.com/Games/Quake2/QuakeCon Qcon2003_Day02.html
2006.07.01 23:51 B E:\Projects\Creamy's Wonderland\Games\Quake2\QuakeCon\Qcon2003_Day01.html --> web.planethosting.gamespy.com /iwow.cottages.polycount.com/Games/Quake2/QuakeCon Qcon2003_Day01.html
2006.07.01 23:51 B E:\Projects\Creamy's Wonderland\Games\Quake2\QuakeCon\Qcon2001_Day02.html --> web.planethosting.gamespy.com /iwow.cottages.polycount.com/Games/Quake2/QuakeCon Qcon2001_Day02.html
2006.07.01 23:51 B E:\Projects\Creamy's Wonderland\Games\Quake2\QuakeCon\Qcon2001_Day01.html --> web.planethosting.gamespy.com /iwow.cottages.polycount.com/Games/Quake2/QuakeCon Qcon2001_Day01.html
2006.07.01 23:51 B E:\Projects\Creamy's Wonderland\Games\Quake2\QuakeCon\Qcon2001_Day03.html --> web.planethosting.gamespy.com /iwow.cottages.polycount.com/Games/Quake2/QuakeCon Qcon2001_Day03.html
2006.07.01 23:51 B E:\Projects\Creamy's Wonderland\Games\Quake2\QuakeCon\Reports_Page.html --> web.planethosting.gamespy.com /iwow.cottages.polycount.com/Games/Quake2/QuakeCon Reports_Page.html
2006.07.01 23:51 B E:\Projects\Creamy's Wonderland\Games\Quake2\QuakeCon\RecGames_Page.html --> web.planethosting.gamespy.com /iwow.cottages.polycount.com/Games/Quake2/QuakeCon RecGames_Page.html
2006.07.01 23:51 B E:\Projects\Creamy's Wonderland\Games\Quake2\QuakeCon\Pics_Page.html --> web.planethosting.gamespy.com /iwow.cottages.polycount.com/Games/Quake2/QuakeCon Pics_Page.html
2006.07.01 23:54 B E:\Projects\Creamy's Wonderland\Games\Quake2\QuakeCon\QCon2003_Day04.html --> web.planethosting.gamespy.com /iwow.cottages.polycount.com/Games/Quake2/QuakeCon QCon2003_Day04.html
2006.07.01 23:54 B E:\Projects\Creamy's Wonderland\Games\Quake2\QuakeCon\QCon2003_Day03.html --> web.planethosting.gamespy.com /iwow.cottages.polycount.com/Games/Quake2/QuakeCon QCon2003_Day03.html
2006.07.01 23:54 B E:\Projects\Creamy's Wonderland\Games\Quake2\QuakeCon\QCon2003_Day02.html --> web.planethosting.gamespy.com /iwow.cottages.polycount.com/Games/Quake2/QuakeCon QCon2003_Day02.html
2006.07.01 23:54 B E:\Projects\Creamy's Wonderland\Games\Quake2\QuakeCon\QCon2003_Day01.html --> web.planethosting.gamespy.com /iwow.cottages.polycount.com/Games/Quake2/QuakeCon QCon2003_Day01.html
2006.07.01 23:54 B E:\Projects\Creamy's Wonderland\Games\Quake2\QuakeCon\QCon2001_Day02.html --> web.planethosting.gamespy.com /iwow.cottages.polycount.com/Games/Quake2/QuakeCon QCon2001_Day02.html
2006.07.01 23:54 B E:\Projects\Creamy's Wonderland\Games\Quake2\QuakeCon\QCon2001_Day01.html --> web.planethosting.gamespy.com /iwow.cottages.polycount.com/Games/Quake2/QuakeCon QCon2001_Day01.html
2006.07.01 23:54 B E:\Projects\Creamy's Wonderland\Games\Quake2\QuakeCon\QCon2001_Day03.html --> web.planethosting.gamespy.com /iwow.cottages.polycount.com/Games/Quake2/QuakeCon QCon2001_Day03.html
2006.07.01 23:54 B E:\Projects\Creamy's Wonderland\Games\Quake2\QuakeCon\QCon2001_Closing.html --> web.planethosting.gamespy.com /iwow.cottages.polycount.com/Games/Quake2/QuakeCon QCon2001_Closing.html
2006.08.30 23:26 B E:\Projects\Creamy's Wonderland\Games\Quake2\QuakeCon\Movies_Page.html --> web.planethosting.gamespy.com /iwow.cottages.polycount.com/Games/Quake2/QuakeCon Movies_Page.html
2006.08.30 23:26 B E:\Projects\Creamy's Wonderland\Games\Quake2\QuakeCon\QCon2006_Day04.html --> web.planethosting.gamespy.com /iwow.cottages.polycount.com/Games/Quake2/QuakeCon QCon2006_Day04.html
2006.08.30 23:26 B E:\Projects\Creamy's Wonderland\Games\Quake2\QuakeCon\QCon2006_Day03.html --> web.planethosting.gamespy.com /iwow.cottages.polycount.com/Games/Quake2/QuakeCon QCon2006_Day03.html
2006.08.30 23:26 B E:\Projects\Creamy's Wonderland\Games\Quake2\QuakeCon\QCon2006_Day02.html --> web.planethosting.gamespy.com /iwow.cottages.polycount.com/Games/Quake2/QuakeCon QCon2006_Day02.html
2006.08.30 23:26 B E:\Projects\Creamy's Wonderland\Games\Quake2\QuakeCon\QCon2006_Day01.html --> web.planethosting.gamespy.com /iwow.cottages.polycount.com/Games/Quake2/QuakeCon QCon2006_Day01.html
2006.08.30 23:26 B E:\Projects\Creamy's Wonderland\Games\Quake2\QuakeCon\QCon2006_Movies.html --> web.planethosting.gamespy.com /iwow.cottages.polycount.com/Games/Quake2/QuakeCon QCon2006_Movies.html
2006.08.30 23:26 B E:\Projects\Creamy's Wonderland\Games\Quake2\QuakeCon\QCon2003_Day01.html --> web.planethosting.gamespy.com /iwow.cottages.polycount.com/Games/Quake2/QuakeCon QCon2003_Day01.html
2006.08.30 23:26 B E:\Projects\Creamy's Wonderland\Games\Quake2\QuakeCon\QCon2006_Pics.html --> web.planethosting.gamespy.com /iwow.cottages.polycount.com/Games/Quake2/QuakeCon QCon2006_Pics.html
2006.08.30 23:26 B E:\Projects\Creamy's Wonderland\Games\Quake2\QuakeCon\QCon2003_Pics.html --> web.planethosting.gamespy.com /iwow.cottages.polycount.com/Games/Quake2/QuakeCon QCon2003_Pics.html
2006.08.30 23:26 B E:\Projects\Creamy's Wonderland\Games\Quake2\QuakeCon\QCon2001_Pics.html --> web.planethosting.gamespy.com /iwow.cottages.polycount.com/Games/Quake2/QuakeCon QCon2001_Pics.html
2006.08.30 23:26 B E:\Projects\Creamy's Wonderland\Games\Quake2\QuakeCon\Pics_Page.html --> web.planethosting.gamespy.com /iwow.cottages.polycount.com/Games/Quake2/QuakeCon Pics_Page.html
2006.08.30 23:26 B E:\Projects\Creamy's Wonderland\Games\Quake2\QuakeCon\Reports_Page.html --> web.planethosting.gamespy.com /iwow.cottages.polycount.com/Games/Quake2/QuakeCon Reports_Page.html
2007.07.01 20:05 B E:\Projects\Creamy's Wonderland\Games\Quake2\QuakeCon\QCon2003_Pics.html --> web.planethosting.gamespy.com /iwow.cottages.polycount.com/Games/Quake2/QuakeCon QCon2003_Pics.html
2007.07.01 20:05 B E:\Projects\Creamy's Wonderland\Games\Quake2\QuakeCon\QCon2003_Day04.html --> web.planethosting.gamespy.com /iwow.cottages.polycount.com/Games/Quake2/QuakeCon QCon2003_Day04.html
2007.07.01 20:05 B E:\Projects\Creamy's Wonderland\Games\Quake2\QuakeCon\QCon2003_Day03.html --> web.planethosting.gamespy.com /iwow.cottages.polycount.com/Games/Quake2/QuakeCon QCon2003_Day03.html
2007.07.01 20:05 B E:\Projects\Creamy's Wonderland\Games\Quake2\QuakeCon\QCon2003_Day02.html --> web.planethosting.gamespy.com /iwow.cottages.polycount.com/Games/Quake2/QuakeCon QCon2003_Day02.html
2007.07.01 20:05 B E:\Projects\Creamy's Wonderland\Games\Quake2\QuakeCon\Reports_Page.html --> web.planethosting.gamespy.com /iwow.cottages.polycount.com/Games/Quake2/QuakeCon Reports_Page.html
2007.07.01 20:05 B E:\Projects\Creamy's Wonderland\Games\Quake2\QuakeCon\RecGames_Page.html --> web.planethosting.gamespy.com /iwow.cottages.polycount.com/Games/Quake2/QuakeCon RecGames_Page.html
2008.08.16 23:54 B E:\Projects\Creamy's Wonderland\Games\Quake2\QuakeCon\Movies_Page.html --> web.planethosting.gamespy.com /iwow.cottages.polycount.com/Games/Quake2/QuakeCon Movies_Page.html
2008.08.16 23:54 B E:\Projects\Creamy's Wonderland\Games\Quake2\QuakeCon\Pics_Page.html --> web.planethosting.gamespy.com /iwow.cottages.polycount.com/Games/Quake2/QuakeCon Pics_Page.html
2008.08.16 23:54 B E:\Projects\Creamy's Wonderland\Games\Quake2\QuakeCon\QCon2008_Day04.html --> web.planethosting.gamespy.com /iwow.cottages.polycount.com/Games/Quake2/QuakeCon QCon2008_Day04.html
2008.08.16 23:54 B E:\Projects\Creamy's Wonderland\Games\Quake2\QuakeCon\QCon2008_Day02.html --> web.planethosting.gamespy.com /iwow.cottages.polycount.com/Games/Quake2/QuakeCon QCon2008_Day02.html
2008.08.16 23:54 B E:\Projects\Creamy's Wonderland\Games\Quake2\QuakeCon\QCon2008_Day03.html --> web.planethosting.gamespy.com /iwow.cottages.polycount.com/Games/Quake2/QuakeCon QCon2008_Day03.html
2008.08.16 23:54 B E:\Projects\Creamy's Wonderland\Games\Quake2\QuakeCon\QCon2008_Pics.html --> web.planethosting.gamespy.com /iwow.cottages.polycount.com/Games/Quake2/QuakeCon QCon2008_Pics.html
2008.08.16 23:54 B E:\Projects\Creamy's Wonderland\Games\Quake2\QuakeCon\QCon2008_Day01.html --> web.planethosting.gamespy.com /iwow.cottages.polycount.com/Games/Quake2/QuakeCon QCon2008_Day01.html
2008.08.16 23:54 B E:\Projects\Creamy's Wonderland\Games\Quake2\QuakeCon\QCon2008_Movies.html --> web.planethosting.gamespy.com /iwow.cottages.polycount.com/Games/Quake2/QuakeCon QCon2008_Movies.html
2008.08.16 23:54 B E:\Projects\Creamy's Wonderland\Games\Quake2\QuakeCon\QCon2006_Pics.html --> web.planethosting.gamespy.com /iwow.cottages.polycount.com/Games/Quake2/QuakeCon QCon2006_Pics.html
2008.08.16 23:54 B E:\Projects\Creamy's Wonderland\Games\Quake2\QuakeCon\QCon2006_Movies.html --> web.planethosting.gamespy.com /iwow.cottages.polycount.com/Games/Quake2/QuakeCon QCon2006_Movies.html
2008.08.16 23:54 B E:\Projects\Creamy's Wonderland\Games\Quake2\QuakeCon\RecGames_Page.html --> web.planethosting.gamespy.com /iwow.cottages.polycount.com/Games/Quake2/QuakeCon RecGames_Page.html
2008.08.16 23:54 B E:\Projects\Creamy's Wonderland\Games\Quake2\QuakeCon\QCon2006_Movies_BKU01.html --> web.planethosting.gamespy.com /iwow.cottages.polycount.com/Games/Quake2/QuakeCon QCon2006_Movies_BKU01.html
2008.08.16 23:54 B E:\Projects\Creamy's Wonderland\Games\Quake2\QuakeCon\Reports_Page.html --> web.planethosting.gamespy.com /iwow.cottages.polycount.com/Games/Quake2/QuakeCon Reports_Page.html
2009.04.05 15:40 B E:\Projects\Creamy's Wonderland\Games\Quake2\QuakeCon\Reports_Page.html <-- Creamy's Wonderland /creamyg.planetquake.gamespy.com/Games/Quake2/QuakeCon Reports_Page.html
2009.04.05 15:45 B E:\Projects\Creamy's Wonderland\Games\Quake2\QuakeCon\Reports_Page.html --> web.planethosting.gamespy.com /creamyg.planetquake.gamespy.com/Games/Quake2/QuakeCon Reports_Page.html
2009.04.05 15:47 B E:\Projects\Creamy's Wonderland\Games\Quake2\QuakeCon\Reports_Page.html --> web.planethosting.gamespy.com /creamyg.planetquake.gamespy.com/Games/Quake2/QuakeCon Reports_Page.html
2009.04.05 19:26 B E:\Projects\Creamy's Wonderland\Games\Quake2\QuakeCon\QCon2001_Day01.html --> web.planethosting.gamespy.com /creamyg.planetquake.gamespy.com/Games/Quake2/QuakeCon QCon2001_Day01.html
2009.04.05 19:29 B E:\Projects\Creamy's Wonderland\Games\Quake2\QuakeCon\QCon2001_Day01.html --> web.planethosting.gamespy.com /creamyg.planetquake.gamespy.com/Games/Quake2/QuakeCon QCon2001_Day01.html
2009.04.05 19:59 B E:\Projects\Creamy's Wonderland\Games\Quake2\QuakeCon\QCon2001_Day01.html --> web.planethosting.gamespy.com /creamyg.planetquake.gamespy.com/Games/Quake2/QuakeCon QCon2001_Day01.html
2009.04.05 20:00 B E:\Projects\Creamy's Wonderland\Games\Quake2\QuakeCon\QCon2001_Day01.html --> web.planethosting.gamespy.com /creamyg.planetquake.gamespy.com/Games/Quake2/QuakeCon QCon2001_Day01.html
2009.04.05 20:05 B E:\Projects\Creamy's Wonderland\Games\Quake2\QuakeCon\QCon2001_Day02.html <-- Creamy's Wonderland /creamyg.planetquake.gamespy.com/Games/Quake2/QuakeCon QCon2001_Day02.html
2009.04.05 20:10 B E:\Projects\Creamy's Wonderland\Games\Quake2\QuakeCon\QCon2001_Day02.html --> web.planethosting.gamespy.com /creamyg.planetquake.gamespy.com/Games/Quake2/QuakeCon QCon2001_Day02.html
2009.04.05 20:11 B E:\Projects\Creamy's Wonderland\Games\Quake2\QuakeCon\QCon2001_Day03.html <-- Creamy's Wonderland /creamyg.planetquake.gamespy.com/Games/Quake2/QuakeCon QCon2001_Day03.html
2009.04.05 20:13 B E:\Projects\Creamy's Wonderland\Games\Quake2\QuakeCon\QCon2001_Day03.html --> web.planethosting.gamespy.com /creamyg.planetquake.gamespy.com/Games/Quake2/QuakeCon QCon2001_Day03.html
2009.04.05 20:17 B E:\Projects\Creamy's Wonderland\Games\Quake2\QuakeCon\QCon2001_Closing.html <-- Creamy's Wonderland /creamyg.planetquake.gamespy.com/Games/Quake2/QuakeCon QCon2001_Closing.html
2009.04.05 20:19 B E:\Projects\Creamy's Wonderland\Games\Quake2\QuakeCon\QCon2001_Closing.html --> web.planethosting.gamespy.com /creamyg.planetquake.gamespy.com/Games/Quake2/QuakeCon QCon2001_Closing.html
2009.04.05 20:33 B E:\Projects\Creamy's Wonderland\Games\Quake2\QuakeCon\QCon2003_Day01.html <-- Creamy's Wonderland /creamyg.planetquake.gamespy.com/Games/Quake2/QuakeCon QCon2003_Day01.html
2009.04.05 20:36 B E:\Projects\Creamy's Wonderland\Games\Quake2\QuakeCon\QCon2003_Day01.html --> web.planethosting.gamespy.com /creamyg.planetquake.gamespy.com/Games/Quake2/QuakeCon QCon2003_Day01.html
2009.04.05 20:52 B E:\Projects\Creamy's Wonderland\Games\Quake2\QuakeCon\QCon2003_Day02.html <-- Creamy's Wonderland /creamyg.planetquake.gamespy.com/Games/Quake2/QuakeCon QCon2003_Day02.html
2009.04.05 21:00 B E:\Projects\Creamy's Wonderland\Games\Quake2\QuakeCon\QCon2003_Day02.html --> web.planethosting.gamespy.com /creamyg.planetquake.gamespy.com/Games/Quake2/QuakeCon QCon2003_Day02.html
2009.04.05 21:11 B E:\Projects\Creamy's Wonderland\Games\Quake2\QuakeCon\QCon2003_Day02.html --> web.planethosting.gamespy.com /creamyg.planetquake.gamespy.com/Games/Quake2/QuakeCon QCon2003_Day02.html
2009.04.05 21:12 B E:\Projects\Creamy's Wonderland\Games\Quake2\QuakeCon\QCon2003_Day02.html --> web.planethosting.gamespy.com /creamyg.planetquake.gamespy.com/Games/Quake2/QuakeCon QCon2003_Day02.html
2009.04.05 21:16 B E:\Projects\Creamy's Wonderland\Games\Quake2\QuakeCon\QCon2003_Day03.html <-- Creamy's Wonderland /creamyg.planetquake.gamespy.com/Games/Quake2/QuakeCon QCon2003_Day03.html
2009.04.05 21:18 B E:\Projects\Creamy's Wonderland\Games\Quake2\QuakeCon\QCon2003_Day03.html --> web.planethosting.gamespy.com /creamyg.planetquake.gamespy.com/Games/Quake2/QuakeCon QCon2003_Day03.html
2009.04.05 21:24 B E:\Projects\Creamy's Wonderland\Games\Quake2\QuakeCon\QCon2003_Day04.html <-- Creamy's Wonderland /creamyg.planetquake.gamespy.com/Games/Quake2/QuakeCon QCon2003_Day04.html
2009.04.05 21:27 B E:\Projects\Creamy's Wonderland\Games\Quake2\QuakeCon\QCon2003_Day04.html --> web.planethosting.gamespy.com /creamyg.planetquake.gamespy.com/Games/Quake2/QuakeCon QCon2003_Day04.html
2009.04.05 21:37 B E:\Projects\Creamy's Wonderland\Games\Quake2\QuakeCon\QCon2003_Day04.html --> web.planethosting.gamespy.com /creamyg.planetquake.gamespy.com/Games/Quake2/QuakeCon QCon2003_Day04.html
2009.04.07 23:35 B E:\Projects\Creamy's Wonderland\Games\Quake2\QuakeCon\QCon2006_Day01.html <-- Creamy's Wonderland /creamyg.planetquake.gamespy.com/Games/Quake2/QuakeCon QCon2006_Day01.html
2009.04.07 23:48 B E:\Projects\Creamy's Wonderland\Games\Quake2\QuakeCon\QCon2006_Day01.html --> web.planethosting.gamespy.com /creamyg.planetquake.gamespy.com/Games/Quake2/QuakeCon QCon2006_Day01.html
2009.04.08 00:00 B E:\Projects\Creamy's Wonderland\Games\Quake2\QuakeCon\QCon2006_Day01.html --> web.planethosting.gamespy.com /creamyg.planetquake.gamespy.com/Games/Quake2/QuakeCon QCon2006_Day01.html
2009.04.08 00:02 B E:\Projects\Creamy's Wonderland\Games\Quake2\QuakeCon\QCon2006_Day01.html --> web.planethosting.gamespy.com /creamyg.planetquake.gamespy.com/Games/Quake2/QuakeCon QCon2006_Day01.html
2009.04.08 00:02 B E:\Projects\Creamy's Wonderland\Games\Quake2\QuakeCon\QCon2003_Day01.html --> web.planethosting.gamespy.com /creamyg.planetquake.gamespy.com/Games/Quake2/QuakeCon QCon2003_Day01.html
2009.04.08 00:03 B E:\Projects\Creamy's Wonderland\Games\Quake2\QuakeCon\QCon2003_Day01.html --> web.planethosting.gamespy.com /creamyg.planetquake.gamespy.com/Games/Quake2/QuakeCon QCon2003_Day01.html
2009.04.08 00:07 B E:\Projects\Creamy's Wonderland\Games\Quake2\QuakeCon\QCon2003_Day02.html --> web.planethosting.gamespy.com /creamyg.planetquake.gamespy.com/Games/Quake2/QuakeCon QCon2003_Day02.html
2009.04.08 00:08 B E:\Projects\Creamy's Wonderland\Games\Quake2\QuakeCon\QCon2003_Day03.html --> web.planethosting.gamespy.com /creamyg.planetquake.gamespy.com/Games/Quake2/QuakeCon QCon2003_Day03.html
2009.04.08 00:09 B E:\Projects\Creamy's Wonderland\Games\Quake2\QuakeCon\QCon2003_Day04.html --> web.planethosting.gamespy.com /creamyg.planetquake.gamespy.com/Games/Quake2/QuakeCon QCon2003_Day04.html
2009.04.08 00:37 B E:\Projects\Creamy's Wonderland\Games\Quake2\QuakeCon\QCon2006_Day02.html <-- Creamy's Wonderland /creamyg.planetquake.gamespy.com/Games/Quake2/QuakeCon QCon2006_Day02.html
2009.04.08 00:49 B E:\Projects\Creamy's Wonderland\Games\Quake2\QuakeCon\QCon2006_Day02.html --> web.planethosting.gamespy.com / QCon2006_Day02.html
2009.04.08 00:49 B E:\Projects\Creamy's Wonderland\Games\Quake2\QuakeCon\QCon2006_Day02.html --> web.planethosting.gamespy.com /creamyg.planetquake.gamespy.com/Games/Quake2/QuakeCon QCon2006_Day02.html
2009.04.08 01:32 B E:\Projects\Creamy's Wonderland\Games\Quake2\QuakeCon\QCon2006_Day03.html <-- Creamy's Wonderland /creamyg.planetquake.gamespy.com/Games/Quake2/QuakeCon QCon2006_Day03.html
2009.04.08 01:34 B E:\Projects\Creamy's Wonderland\Games\Quake2\QuakeCon\QCon2006_Day03.html --> web.planethosting.gamespy.com /creamyg.planetquake.gamespy.com/Games/Quake2/QuakeCon QCon2006_Day03.html
2009.04.08 01:45 B E:\Projects\Creamy's Wonderland\Games\Quake2\QuakeCon\QCon2006_Day03.html --> web.planethosting.gamespy.com /creamyg.planetquake.gamespy.com/Games/Quake2/QuakeCon QCon2006_Day03.html
2009.04.08 01:48 B E:\Projects\Creamy's Wonderland\Games\Quake2\QuakeCon\QCon2006_Day04.html <-- Creamy's Wonderland /creamyg.planetquake.gamespy.com/Games/Quake2/QuakeCon QCon2006_Day04.html
2009.04.08 01:51 B E:\Projects\Creamy's Wonderland\Games\Quake2\QuakeCon\QCon2006_Day04.html --> web.planethosting.gamespy.com /creamyg.planetquake.gamespy.com/Games/Quake2/QuakeCon QCon2006_Day04.html
2009.04.08 01:56 B E:\Projects\Creamy's Wonderland\Games\Quake2\QuakeCon\QCon2006_Day04.html --> web.planethosting.gamespy.com /creamyg.planetquake.gamespy.com/Games/Quake2/QuakeCon QCon2006_Day04.html
2009.04.08 09:48 B E:\Projects\Creamy's Wonderland\Games\Quake2\QuakeCon\QCon2008_Day01.html <-- Creamy's Wonderland /creamyg.planetquake.gamespy.com/Games/Quake2/QuakeCon QCon2008_Day01.html
2009.04.08 09:59 B E:\Projects\Creamy's Wonderland\Games\Quake2\QuakeCon\QCon2008_Day01.html --> web.planethosting.gamespy.com /creamyg.planetquake.gamespy.com/Games/Quake2/QuakeCon QCon2008_Day01.html
2009.04.08 09:59 B E:\Projects\Creamy's Wonderland\Games\Quake2\QuakeCon\QCon2008_Day01.html --> web.planethosting.gamespy.com /creamyg.planetquake.gamespy.com/Games/Quake2/QuakeCon QCon2008_Day01.html
2009.04.08 10:36 B E:\Projects\Creamy's Wonderland\Games\Quake2\QuakeCon\QCon2006_Day04.html --> web.planethosting.gamespy.com /creamyg.planetquake.gamespy.com/Games/Quake2/QuakeCon QCon2006_Day04.html
2009.04.08 10:36 B E:\Projects\Creamy's Wonderland\Games\Quake2\QuakeCon\QCon2006_Day03.html --> web.planethosting.gamespy.com /creamyg.planetquake.gamespy.com/Games/Quake2/QuakeCon QCon2006_Day03.html
2009.04.08 10:36 B E:\Projects\Creamy's Wonderland\Games\Quake2\QuakeCon\QCon2006_Day02.html --> web.planethosting.gamespy.com /creamyg.planetquake.gamespy.com/Games/Quake2/QuakeCon QCon2006_Day02.html
2009.04.08 10:36 B E:\Projects\Creamy's Wonderland\Games\Quake2\QuakeCon\QCon2008_Day01.html --> web.planethosting.gamespy.com /creamyg.planetquake.gamespy.com/Games/Quake2/QuakeCon QCon2008_Day01.html
2009.04.08 10:36 B E:\Projects\Creamy's Wonderland\Games\Quake2\QuakeCon\QCon2006_Day01.html --> web.planethosting.gamespy.com /creamyg.planetquake.gamespy.com/Games/Quake2/QuakeCon QCon2006_Day01.html
2009.04.08 10:39 B E:\Projects\Creamy's Wonderland\Games\Quake2\QuakeCon\QCon2008_Day01.html --> web.planethosting.gamespy.com /creamyg.planetquake.gamespy.com/Games/Quake2/QuakeCon QCon2008_Day01.html
2009.04.08 10:43 B E:\Projects\Creamy's Wonderland\Games\Quake2\QuakeCon\QCon2008_Day02.html <-- Creamy's Wonderland /creamyg.planetquake.gamespy.com/Games/Quake2/QuakeCon QCon2008_Day02.html
2009.04.08 10:44 B E:\Projects\Creamy's Wonderland\Games\Quake2\QuakeCon\QCon2008_Day02.html --> web.planethosting.gamespy.com /creamyg.planetquake.gamespy.com/Games/Quake2/QuakeCon QCon2008_Day02.html
2009.04.08 10:53 B E:\Projects\Creamy's Wonderland\Games\Quake2\QuakeCon\QCon2008_Day02.html --> web.planethosting.gamespy.com /creamyg.planetquake.gamespy.com/Games/Quake2/QuakeCon QCon2008_Day02.html
2009.04.08 10:53 B E:\Projects\Creamy's Wonderland\Games\Quake2\QuakeCon\QCon2008_Day01.html --> web.planethosting.gamespy.com /creamyg.planetquake.gamespy.com/Games/Quake2/QuakeCon QCon2008_Day01.html
2009.04.08 10:56 B E:\Projects\Creamy's Wonderland\Games\Quake2\QuakeCon\QCon2008_Day03.html <-- Creamy's Wonderland /creamyg.planetquake.gamespy.com/Games/Quake2/QuakeCon QCon2008_Day03.html
2009.04.08 10:59 B E:\Projects\Creamy's Wonderland\Games\Quake2\QuakeCon\QCon2008_Day03.html --> web.planethosting.gamespy.com /creamyg.planetquake.gamespy.com/Games/Quake2/QuakeCon QCon2008_Day03.html
2009.04.08 11:00 B E:\Projects\Creamy's Wonderland\Games\Quake2\QuakeCon\QCon2008_Day03.html --> web.planethosting.gamespy.com /creamyg.planetquake.gamespy.com/Games/Quake2/QuakeCon QCon2008_Day03.html
2009.04.08 11:06 B E:\Projects\Creamy's Wonderland\Games\Quake2\QuakeCon\QCon2003_Day04.html --> web.planethosting.gamespy.com /creamyg.planetquake.gamespy.com/Games/Quake2/QuakeCon QCon2003_Day04.html
2009.04.08 11:15 B E:\Projects\Creamy's Wonderland\Games\Quake2\QuakeCon\QCon2008_Day04.html <-- Creamy's Wonderland /creamyg.planetquake.gamespy.com/Games/Quake2/QuakeCon QCon2008_Day04.html
2009.04.08 11:17 B E:\Projects\Creamy's Wonderland\Games\Quake2\QuakeCon\QCon2008_Day04.html --> web.planethosting.gamespy.com /creamyg.planetquake.gamespy.com/Games/Quake2/QuakeCon QCon2008_Day04.html
2009.04.08 11:30 B E:\Projects\Creamy's Wonderland\Games\Quake2\QuakeCon\QCon2008_Day04.html --> web.planethosting.gamespy.com /creamyg.planetquake.gamespy.com/Games/Quake2/QuakeCon QCon2008_Day04.html
2009.04.08 11:32 B E:\Projects\Creamy's Wonderland\Games\Quake2\QuakeCon\QCon2008_Day04.html --> web.planethosting.gamespy.com /creamyg.planetquake.gamespy.com/Games/Quake2/QuakeCon QCon2008_Day04.html
2009.04.08 14:26 B E:\Projects\Creamy's Wonderland\Games\Quake2\QuakeCon\Pics_Page.html <-- Creamy's Wonderland /creamyg.planetquake.gamespy.com/Games/Quake2/QuakeCon Pics_Page.html
2009.04.08 14:35 B E:\Projects\Creamy's Wonderland\Games\Quake2\QuakeCon\Pics_Page.html --> web.planethosting.gamespy.com /creamyg.planetquake.gamespy.com/Games/Quake2/QuakeCon Pics_Page.html
2009.04.08 14:36 B E:\Projects\Creamy's Wonderland\Games\Quake2\QuakeCon\Pics_Page.html --> web.planethosting.gamespy.com /creamyg.planetquake.gamespy.com/Games/Quake2/QuakeCon Pics_Page.html
2009.04.08 14:38 B E:\Projects\Creamy's Wonderland\Games\Quake2\QuakeCon\Pics_Page.html --> web.planethosting.gamespy.com /creamyg.planetquake.gamespy.com/Games/Quake2/QuakeCon Pics_Page.html
2009.04.08 14:40 B E:\Projects\Creamy's Wonderland\Games\Quake2\QuakeCon\QCon2001_Pics.html <-- Creamy's Wonderland /creamyg.planetquake.gamespy.com/Games/Quake2/QuakeCon QCon2001_Pics.html
2009.04.08 14:43 B E:\Projects\Creamy's Wonderland\Games\Quake2\QuakeCon\QCon2001_Pics.html --> web.planethosting.gamespy.com /creamyg.planetquake.gamespy.com/Games/Quake2/QuakeCon QCon2001_Pics.html
2009.04.08 14:46 B E:\Projects\Creamy's Wonderland\Games\Quake2\QuakeCon\QCon2001_Pics.html --> web.planethosting.gamespy.com /creamyg.planetquake.gamespy.com/Games/Quake2/QuakeCon QCon2001_Pics.html
2009.04.08 14:46 B E:\Projects\Creamy's Wonderland\Games\Quake2\QuakeCon\Pics_Page.html --> web.planethosting.gamespy.com /creamyg.planetquake.gamespy.com/Games/Quake2/QuakeCon Pics_Page.html
2009.04.08 14:49 B E:\Projects\Creamy's Wonderland\Games\Quake2\QuakeCon\QCon2003_Pics.html <-- Creamy's Wonderland /creamyg.planetquake.gamespy.com/Games/Quake2/QuakeCon QCon2003_Pics.html
2009.04.08 15:53 B E:\Projects\Creamy's Wonderland\Games\Quake2\QuakeCon\QCon2003_Pics.html --> web.planethosting.gamespy.com /creamyg.planetquake.gamespy.com/Games/Quake2/QuakeCon QCon2003_Pics.html
2009.04.08 15:54 B E:\Projects\Creamy's Wonderland\Games\Quake2\QuakeCon\QCon2003_Pics.html --> web.planethosting.gamespy.com /creamyg.planetquake.gamespy.com/Games/Quake2/QuakeCon QCon2003_Pics.html
2009.04.08 15:56 B E:\Projects\Creamy's Wonderland\Games\Quake2\QuakeCon\QCon2003_Pics.html --> web.planethosting.gamespy.com /creamyg.planetquake.gamespy.com/Games/Quake2/QuakeCon QCon2003_Pics.html
2009.04.08 16:01 B E:\Projects\Creamy's Wonderland\Games\Quake2\QuakeCon\QCon2006_Pics.html <-- Creamy's Wonderland /creamyg.planetquake.gamespy.com/Games/Quake2/QuakeCon QCon2006_Pics.html
2009.04.08 16:04 B E:\Projects\Creamy's Wonderland\Games\Quake2\QuakeCon\QCon2006_Pics.html --> web.planethosting.gamespy.com /creamyg.planetquake.gamespy.com/Games/Quake2/QuakeCon QCon2006_Pics.html
2009.04.08 16:07 B E:\Projects\Creamy's Wonderland\Games\Quake2\QuakeCon\QCon2006_Pics.html --> web.planethosting.gamespy.com /creamyg.planetquake.gamespy.com/Games/Quake2/QuakeCon QCon2006_Pics.html
2009.04.08 16:08 B E:\Projects\Creamy's Wonderland\Games\Quake2\QuakeCon\QCon2008_Pics.html <-- Creamy's Wonderland /creamyg.planetquake.gamespy.com/Games/Quake2/QuakeCon QCon2008_Pics.html
2009.04.08 16:11 B E:\Projects\Creamy's Wonderland\Games\Quake2\QuakeCon\QCon2008_Pics.html --> web.planethosting.gamespy.com /creamyg.planetquake.gamespy.com/Games/Quake2/QuakeCon QCon2008_Pics.html
2009.04.08 16:15 B E:\Projects\Creamy's Wonderland\Games\Quake2\QuakeCon\Movies_Page.html <-- Creamy's Wonderland /creamyg.planetquake.gamespy.com/Games/Quake2/QuakeCon Movies_Page.html
2009.04.08 16:18 B E:\Projects\Creamy's Wonderland\Games\Quake2\QuakeCon\Movies_Page.html --> web.planethosting.gamespy.com /creamyg.planetquake.gamespy.com/Games/Quake2/QuakeCon Movies_Page.html
2009.04.08 16:20 B E:\Projects\Creamy's Wonderland\Games\Quake2\QuakeCon\QCon2006_Movies.html <-- Creamy's Wonderland /creamyg.planetquake.gamespy.com/Games/Quake2/QuakeCon QCon2006_Movies.html
2009.04.08 16:23 B E:\Projects\Creamy's Wonderland\Games\Quake2\QuakeCon\QCon2006_Movies.html --> web.planethosting.gamespy.com /creamyg.planetquake.gamespy.com/Games/Quake2/QuakeCon QCon2006_Movies.html
2009.04.08 16:25 B E:\Projects\Creamy's Wonderland\Games\Quake2\QuakeCon\QCon2006_Movies.html --> web.planethosting.gamespy.com /creamyg.planetquake.gamespy.com/Games/Quake2/QuakeCon QCon2006_Movies.html
2009.04.08 16:25 B E:\Projects\Creamy's Wonderland\Games\Quake2\QuakeCon\QCon2006_Movies.html --> web.planethosting.gamespy.com /creamyg.planetquake.gamespy.com/Games/Quake2/QuakeCon QCon2006_Movies.html
2009.04.08 16:27 B E:\Projects\Creamy's Wonderland\Games\Quake2\QuakeCon\QCon2008_Movies.html <-- Creamy's Wonderland /creamyg.planetquake.gamespy.com/Games/Quake2/QuakeCon QCon2008_Movies.html
2009.04.08 16:28 B E:\Projects\Creamy's Wonderland\Games\Quake2\QuakeCon\QCon2008_Movies.html --> web.planethosting.gamespy.com /creamyg.planetquake.gamespy.com/Games/Quake2/QuakeCon QCon2008_Movies.html
2009.04.08 16:31 B E:\Projects\Creamy's Wonderland\Games\Quake2\QuakeCon\QCon2008_Movies.html --> web.planethosting.gamespy.com /creamyg.planetquake.gamespy.com/Games/Quake2/QuakeCon QCon2008_Movies.html
2009.04.08 16:36 B E:\Projects\Creamy's Wonderland\Games\Quake2\QuakeCon\RecGames_Page.html <-- Creamy's Wonderland /creamyg.planetquake.gamespy.com/Games/Quake2/QuakeCon RecGames_Page.html
2009.04.08 16:38 B E:\Projects\Creamy's Wonderland\Games\Quake2\QuakeCon\RecGames_Page.html --> web.planethosting.gamespy.com /creamyg.planetquake.gamespy.com/Games/Quake2/QuakeCon RecGames_Page.html
2009.04.08 16:41 B E:\Projects\Creamy's Wonderland\Games\Quake2\QuakeCon\RecGames_Page.html --> web.planethosting.gamespy.com /creamyg.planetquake.gamespy.com/Games/Quake2/QuakeCon RecGames_Page.html
2009.11.14 21:40 B E:\Projects\Creamy's_Wonderland\IGN\Games\Quake2\QuakeCon\QCon2006_Day03.html <-- Creamy's Wonderland /creamyg.planetquake.gamespy.com/Games/Quake2/QuakeCon QCon2006_Day03.html
