2003.01.03 06:35 B C:\Projects\Creamy's_Wonderland\fp_frame\frame_counter_bl.gif <-- Creamy's Wonderland /polycount/cottages/iwow/fp_frame frame_counter_bl.gif
2003.01.03 06:35 B C:\Projects\Creamy's_Wonderland\fp_frame\frame_counter_bottom.gif <-- Creamy's Wonderland /polycount/cottages/iwow/fp_frame frame_counter_bottom.gif
2003.01.03 06:35 B C:\Projects\Creamy's_Wonderland\fp_frame\frame_counter_br.gif <-- Creamy's Wonderland /polycount/cottages/iwow/fp_frame frame_counter_br.gif
2003.01.03 06:35 B C:\Projects\Creamy's_Wonderland\fp_frame\frame_counter_left.gif <-- Creamy's Wonderland /polycount/cottages/iwow/fp_frame frame_counter_left.gif
2003.01.03 06:35 B C:\Projects\Creamy's_Wonderland\fp_frame\frame_counter_right.gif <-- Creamy's Wonderland /polycount/cottages/iwow/fp_frame frame_counter_right.gif
2003.01.03 06:35 B C:\Projects\Creamy's_Wonderland\fp_frame\frame_counter_tl.gif <-- Creamy's Wonderland /polycount/cottages/iwow/fp_frame frame_counter_tl.gif
2003.01.03 06:35 B C:\Projects\Creamy's_Wonderland\fp_frame\frame_counter_top.gif <-- Creamy's Wonderland /polycount/cottages/iwow/fp_frame frame_counter_top.gif
2003.01.03 06:35 B C:\Projects\Creamy's_Wonderland\fp_frame\frame_counter_tr.gif <-- Creamy's Wonderland /polycount/cottages/iwow/fp_frame frame_counter_tr.gif
2003.01.03 06:35 B C:\Projects\Creamy's_Wonderland\fp_frame\frame_mural_left.gif <-- Creamy's Wonderland /polycount/cottages/iwow/fp_frame frame_mural_left.gif
2003.01.03 06:35 B C:\Projects\Creamy's_Wonderland\fp_frame\frame_mural_right.gif <-- Creamy's Wonderland /polycount/cottages/iwow/fp_frame frame_mural_right.gif
2003.01.03 06:35 B C:\Projects\Creamy's_Wonderland\fp_frame\frame_mural_tl.gif <-- Creamy's Wonderland /polycount/cottages/iwow/fp_frame frame_mural_tl.gif
2003.01.03 06:35 B C:\Projects\Creamy's_Wonderland\fp_frame\frame_mural_top.gif <-- Creamy's Wonderland /polycount/cottages/iwow/fp_frame frame_mural_top.gif
2003.01.03 06:35 B C:\Projects\Creamy's_Wonderland\fp_frame\frame_mural_tr.gif <-- Creamy's Wonderland /polycount/cottages/iwow/fp_frame frame_mural_tr.gif
2006.06.30 09:38 B E:\Projects\Creamy's Wonderland\FP_Frame\Frame_Counter_BL.gif <-- Creamy's Wonderland /iwow.cottages.polycount.com/FP_Frame Frame_Counter_BL.gif
2006.06.30 09:38 B E:\Projects\Creamy's Wonderland\FP_Frame\Frame_Counter_Bottom.gif <-- Creamy's Wonderland /iwow.cottages.polycount.com/FP_Frame Frame_Counter_Bottom.gif
2006.06.30 09:38 B E:\Projects\Creamy's Wonderland\FP_Frame\Frame_Counter_BR.gif <-- Creamy's Wonderland /iwow.cottages.polycount.com/FP_Frame Frame_Counter_BR.gif
2006.06.30 09:38 B E:\Projects\Creamy's Wonderland\FP_Frame\Frame_Counter_Left.gif <-- Creamy's Wonderland /iwow.cottages.polycount.com/FP_Frame Frame_Counter_Left.gif
2006.06.30 09:38 B E:\Projects\Creamy's Wonderland\FP_Frame\Frame_Counter_Right.gif <-- Creamy's Wonderland /iwow.cottages.polycount.com/FP_Frame Frame_Counter_Right.gif
2006.06.30 09:38 B E:\Projects\Creamy's Wonderland\FP_Frame\Frame_Counter_TL.gif <-- Creamy's Wonderland /iwow.cottages.polycount.com/FP_Frame Frame_Counter_TL.gif
2006.06.30 09:38 B E:\Projects\Creamy's Wonderland\FP_Frame\Frame_Counter_Top.gif <-- Creamy's Wonderland /iwow.cottages.polycount.com/FP_Frame Frame_Counter_Top.gif
2006.06.30 09:38 B E:\Projects\Creamy's Wonderland\FP_Frame\Frame_Counter_TR.gif <-- Creamy's Wonderland /iwow.cottages.polycount.com/FP_Frame Frame_Counter_TR.gif
2006.06.30 09:38 B E:\Projects\Creamy's Wonderland\FP_Frame\Frame_Mural_Left.gif <-- Creamy's Wonderland /iwow.cottages.polycount.com/FP_Frame Frame_Mural_Left.gif
2006.06.30 09:38 B E:\Projects\Creamy's Wonderland\FP_Frame\Frame_Mural_Right.gif <-- Creamy's Wonderland /iwow.cottages.polycount.com/FP_Frame Frame_Mural_Right.gif
2006.06.30 09:38 B E:\Projects\Creamy's Wonderland\FP_Frame\Frame_Mural_TL.gif <-- Creamy's Wonderland /iwow.cottages.polycount.com/FP_Frame Frame_Mural_TL.gif
2006.06.30 09:38 B E:\Projects\Creamy's Wonderland\FP_Frame\Frame_Mural_Top.gif <-- Creamy's Wonderland /iwow.cottages.polycount.com/FP_Frame Frame_Mural_Top.gif
2006.06.30 09:38 B E:\Projects\Creamy's Wonderland\FP_Frame\Frame_Mural_TR.gif <-- Creamy's Wonderland /iwow.cottages.polycount.com/FP_Frame Frame_Mural_TR.gif
2009.08.31 23:48 B E:\Projects\Creamy's_Wonderland\IGN\FP_Frame\Frame_Counter_BL.gif --> ftp.hugelaser.com /FP_Frame Frame_Counter_BL.gif
2009.08.31 23:48 B E:\Projects\Creamy's_Wonderland\IGN\FP_Frame\Frame_Counter_Bottom.gif --> ftp.hugelaser.com /FP_Frame Frame_Counter_Bottom.gif
2009.08.31 23:48 B E:\Projects\Creamy's_Wonderland\IGN\FP_Frame\Frame_Counter_BR.gif --> ftp.hugelaser.com /FP_Frame Frame_Counter_BR.gif
2009.08.31 23:48 B E:\Projects\Creamy's_Wonderland\IGN\FP_Frame\Frame_Counter_Left.gif --> ftp.hugelaser.com /FP_Frame Frame_Counter_Left.gif
2009.08.31 23:48 B E:\Projects\Creamy's_Wonderland\IGN\FP_Frame\Frame_Counter_Right.gif --> ftp.hugelaser.com /FP_Frame Frame_Counter_Right.gif
2009.08.31 23:48 B E:\Projects\Creamy's_Wonderland\IGN\FP_Frame\Frame_Counter_TL.gif --> ftp.hugelaser.com /FP_Frame Frame_Counter_TL.gif
2009.08.31 23:48 B E:\Projects\Creamy's_Wonderland\IGN\FP_Frame\Frame_Counter_Top.gif --> ftp.hugelaser.com /FP_Frame Frame_Counter_Top.gif
2009.08.31 23:48 B E:\Projects\Creamy's_Wonderland\IGN\FP_Frame\Frame_Counter_TR.gif --> ftp.hugelaser.com /FP_Frame Frame_Counter_TR.gif
2009.08.31 23:48 B E:\Projects\Creamy's_Wonderland\IGN\FP_Frame\Frame_Mural_Left.gif --> ftp.hugelaser.com /FP_Frame Frame_Mural_Left.gif
2009.08.31 23:48 B E:\Projects\Creamy's_Wonderland\IGN\FP_Frame\Frame_Mural_Right.gif --> ftp.hugelaser.com /FP_Frame Frame_Mural_Right.gif
2009.08.31 23:48 B E:\Projects\Creamy's_Wonderland\IGN\FP_Frame\Frame_Mural_TL.gif --> ftp.hugelaser.com /FP_Frame Frame_Mural_TL.gif
2009.08.31 23:48 B E:\Projects\Creamy's_Wonderland\IGN\FP_Frame\Frame_Mural_Top.gif --> ftp.hugelaser.com /FP_Frame Frame_Mural_Top.gif
2009.08.31 23:48 B E:\Projects\Creamy's_Wonderland\IGN\FP_Frame\Frame_Mural_TR.gif --> ftp.hugelaser.com /FP_Frame Frame_Mural_TR.gif
2009.08.31 23:48 B E:\Projects\Creamy's_Wonderland\IGN\FP_Frame\Thumbs.db --> ftp.hugelaser.com /FP_Frame Thumbs.db
2009.08.31 23:48 B E:\Projects\Creamy's_Wonderland\IGN\FP_Frame\WS_FTP.LOG --> ftp.hugelaser.com /FP_Frame WS_FTP.LOG
