2006.06.30 10:14 B E:\Projects\Creamy's Wonderland\LFM\Art-FanArt(ua).gif <-- Creamy's Wonderland /iwow.cottages.polycount.com/LFM Art-FanArt(ua).gif
2006.06.30 10:14 B E:\Projects\Creamy's Wonderland\LFM\Art-FanArt.gif <-- Creamy's Wonderland /iwow.cottages.polycount.com/LFM Art-FanArt.gif
2006.06.30 10:14 B E:\Projects\Creamy's Wonderland\LFM\Art-FanArt.jpg <-- Creamy's Wonderland /iwow.cottages.polycount.com/LFM Art-FanArt.jpg
2006.06.30 10:14 B E:\Projects\Creamy's Wonderland\LFM\Art-Gifts(ua).gif <-- Creamy's Wonderland /iwow.cottages.polycount.com/LFM Art-Gifts(ua).gif
2006.06.30 10:14 B E:\Projects\Creamy's Wonderland\LFM\Art-Gifts.gif <-- Creamy's Wonderland /iwow.cottages.polycount.com/LFM Art-Gifts.gif
2006.06.30 10:14 B E:\Projects\Creamy's Wonderland\LFM\Art-Murals(ua).gif <-- Creamy's Wonderland /iwow.cottages.polycount.com/LFM Art-Murals(ua).gif
2006.06.30 10:14 B E:\Projects\Creamy's Wonderland\LFM\Art-Murals.gif <-- Creamy's Wonderland /iwow.cottages.polycount.com/LFM Art-Murals.gif
2006.06.30 10:14 B E:\Projects\Creamy's Wonderland\LFM\Art-Murals.jpg <-- Creamy's Wonderland /iwow.cottages.polycount.com/LFM Art-Murals.jpg
2006.06.30 10:14 B E:\Projects\Creamy's Wonderland\LFM\Art-School(ua).gif <-- Creamy's Wonderland /iwow.cottages.polycount.com/LFM Art-School(ua).gif
2006.06.30 10:14 B E:\Projects\Creamy's Wonderland\LFM\Art-School.gif <-- Creamy's Wonderland /iwow.cottages.polycount.com/LFM Art-School.gif
2006.06.30 10:14 B E:\Projects\Creamy's Wonderland\LFM\Art-School.jpg <-- Creamy's Wonderland /iwow.cottages.polycount.com/LFM Art-School.jpg
2006.06.30 10:14 B E:\Projects\Creamy's Wonderland\LFM\Builds-AntiChrist(ua).gif <-- Creamy's Wonderland /iwow.cottages.polycount.com/LFM Builds-AntiChrist(ua).gif
2006.06.30 10:14 B E:\Projects\Creamy's Wonderland\LFM\Builds-AntiChrist.gif <-- Creamy's Wonderland /iwow.cottages.polycount.com/LFM Builds-AntiChrist.gif
2006.06.30 10:14 B E:\Projects\Creamy's Wonderland\LFM\Builds-CES(ua).gif <-- Creamy's Wonderland /iwow.cottages.polycount.com/LFM Builds-CES(ua).gif
2006.06.30 10:14 B E:\Projects\Creamy's Wonderland\LFM\Builds-CES.gif <-- Creamy's Wonderland /iwow.cottages.polycount.com/LFM Builds-CES.gif
2006.06.30 10:14 B E:\Projects\Creamy's Wonderland\LFM\EB-Alien_Invasion(ua).gif <-- Creamy's Wonderland /iwow.cottages.polycount.com/LFM EB-Alien_Invasion(ua).gif
2006.06.30 10:14 B E:\Projects\Creamy's Wonderland\LFM\EB-Alien_Invasion.gif <-- Creamy's Wonderland /iwow.cottages.polycount.com/LFM EB-Alien_Invasion.gif
2006.06.30 10:14 B E:\Projects\Creamy's Wonderland\LFM\EB-Alien_Invasion.jpg <-- Creamy's Wonderland /iwow.cottages.polycount.com/LFM EB-Alien_Invasion.jpg
2006.06.30 10:14 B E:\Projects\Creamy's Wonderland\LFM\EB-Characters(ua).gif <-- Creamy's Wonderland /iwow.cottages.polycount.com/LFM EB-Characters(ua).gif
2006.06.30 10:14 B E:\Projects\Creamy's Wonderland\LFM\EB-Characters.gif <-- Creamy's Wonderland /iwow.cottages.polycount.com/LFM EB-Characters.gif
2006.06.30 10:14 B E:\Projects\Creamy's Wonderland\LFM\EB-Characters.jpg <-- Creamy's Wonderland /iwow.cottages.polycount.com/LFM EB-Characters.jpg
2006.06.30 10:14 B E:\Projects\Creamy's Wonderland\LFM\EB-Conlangs(ua).gif <-- Creamy's Wonderland /iwow.cottages.polycount.com/LFM EB-Conlangs(ua).gif
2006.06.30 10:14 B E:\Projects\Creamy's Wonderland\LFM\EB-Conlangs.gif <-- Creamy's Wonderland /iwow.cottages.polycount.com/LFM EB-Conlangs.gif
2006.06.30 10:14 B E:\Projects\Creamy's Wonderland\LFM\EB-Deities&Magic(ua).gif <-- Creamy's Wonderland /iwow.cottages.polycount.com/LFM EB-Deities&Magic(ua).gif
2006.06.30 10:14 B E:\Projects\Creamy's Wonderland\LFM\EB-Deities&Magic.gif <-- Creamy's Wonderland /iwow.cottages.polycount.com/LFM EB-Deities&Magic.gif
2006.06.30 10:14 B E:\Projects\Creamy's Wonderland\LFM\EB-Deities&Magic.jpg <-- Creamy's Wonderland /iwow.cottages.polycount.com/LFM EB-Deities&Magic.jpg
2006.06.30 10:14 B E:\Projects\Creamy's Wonderland\LFM\EB-Glossary(ua).gif <-- Creamy's Wonderland /iwow.cottages.polycount.com/LFM EB-Glossary(ua).gif
2006.06.30 10:14 B E:\Projects\Creamy's Wonderland\LFM\EB-Glossary.gif <-- Creamy's Wonderland /iwow.cottages.polycount.com/LFM EB-Glossary.gif
2006.06.30 10:14 B E:\Projects\Creamy's Wonderland\LFM\EB-Glossary.jpg <-- Creamy's Wonderland /iwow.cottages.polycount.com/LFM EB-Glossary.jpg
2006.06.30 10:14 B E:\Projects\Creamy's Wonderland\LFM\EB-Races(ua).gif <-- Creamy's Wonderland /iwow.cottages.polycount.com/LFM EB-Races(ua).gif
2006.06.30 10:14 B E:\Projects\Creamy's Wonderland\LFM\EB-Races.gif <-- Creamy's Wonderland /iwow.cottages.polycount.com/LFM EB-Races.gif
2006.06.30 10:14 B E:\Projects\Creamy's Wonderland\LFM\EB-Research_Notes(ua).gif <-- Creamy's Wonderland /iwow.cottages.polycount.com/LFM EB-Research_Notes(ua).gif
2006.06.30 10:14 B E:\Projects\Creamy's Wonderland\LFM\EB-Research_Notes.gif <-- Creamy's Wonderland /iwow.cottages.polycount.com/LFM EB-Research_Notes.gif
2006.06.30 10:14 B E:\Projects\Creamy's Wonderland\LFM\EB-Zodian_Threat(ua).gif <-- Creamy's Wonderland /iwow.cottages.polycount.com/LFM EB-Zodian_Threat(ua).gif
2006.06.30 10:14 B E:\Projects\Creamy's Wonderland\LFM\EB-Zodian_Threat.gif <-- Creamy's Wonderland /iwow.cottages.polycount.com/LFM EB-Zodian_Threat.gif
2006.06.30 10:14 B E:\Projects\Creamy's Wonderland\LFM\EB-Zodian_Threat.jpg <-- Creamy's Wonderland /iwow.cottages.polycount.com/LFM EB-Zodian_Threat.jpg
2006.06.30 10:14 B E:\Projects\Creamy's Wonderland\LFM\Games-Quake2(ua).gif <-- Creamy's Wonderland /iwow.cottages.polycount.com/LFM Games-Quake2(ua).gif
2006.06.30 10:14 B E:\Projects\Creamy's Wonderland\LFM\Games-Quake2.gif <-- Creamy's Wonderland /iwow.cottages.polycount.com/LFM Games-Quake2.gif
2006.06.30 10:14 B E:\Projects\Creamy's Wonderland\LFM\Games-Stepmania(ua).gif <-- Creamy's Wonderland /iwow.cottages.polycount.com/LFM Games-Stepmania(ua).gif
2006.06.30 10:14 B E:\Projects\Creamy's Wonderland\LFM\Games-Stepmania.gif <-- Creamy's Wonderland /iwow.cottages.polycount.com/LFM Games-Stepmania.gif
2006.06.30 10:14 B E:\Projects\Creamy's Wonderland\LFM\index.html <-- Creamy's Wonderland /iwow.cottages.polycount.com/LFM index.html
2006.06.30 10:14 B E:\Projects\Creamy's Wonderland\LFM\LFM-Art_Gallery(ua).gif <-- Creamy's Wonderland /iwow.cottages.polycount.com/LFM LFM-Art_Gallery(ua).gif
2006.06.30 10:14 B E:\Projects\Creamy's Wonderland\LFM\LFM-Art_Gallery.gif <-- Creamy's Wonderland /iwow.cottages.polycount.com/LFM LFM-Art_Gallery.gif
2006.06.30 10:14 B E:\Projects\Creamy's Wonderland\LFM\LFM-Art_Gallery.jpg <-- Creamy's Wonderland /iwow.cottages.polycount.com/LFM LFM-Art_Gallery.jpg
2006.06.30 10:14 B E:\Projects\Creamy's Wonderland\LFM\LFM-Builds(ua).gif <-- Creamy's Wonderland /iwow.cottages.polycount.com/LFM LFM-Builds(ua).gif
2006.06.30 10:14 B E:\Projects\Creamy's Wonderland\LFM\LFM-Builds.gif <-- Creamy's Wonderland /iwow.cottages.polycount.com/LFM LFM-Builds.gif
2006.06.30 10:14 B E:\Projects\Creamy's Wonderland\LFM\LFM-EMail.gif <-- Creamy's Wonderland /iwow.cottages.polycount.com/LFM LFM-EMail.gif
2006.06.30 10:14 B E:\Projects\Creamy's Wonderland\LFM\LFM-EMail.jpg <-- Creamy's Wonderland /iwow.cottages.polycount.com/LFM LFM-EMail.jpg
2006.06.30 10:14 B E:\Projects\Creamy's Wonderland\LFM\LFM-Evil_Blood(ua).gif <-- Creamy's Wonderland /iwow.cottages.polycount.com/LFM LFM-Evil_Blood(ua).gif
2006.06.30 10:14 B E:\Projects\Creamy's Wonderland\LFM\LFM-Evil_Blood.gif <-- Creamy's Wonderland /iwow.cottages.polycount.com/LFM LFM-Evil_Blood.gif
2006.06.30 10:14 B E:\Projects\Creamy's Wonderland\LFM\LFM-Evil_Blood.jpg <-- Creamy's Wonderland /iwow.cottages.polycount.com/LFM LFM-Evil_Blood.jpg
2006.06.30 10:14 B E:\Projects\Creamy's Wonderland\LFM\LFM-Games(ua).gif <-- Creamy's Wonderland /iwow.cottages.polycount.com/LFM LFM-Games(ua).gif
2006.06.30 10:14 B E:\Projects\Creamy's Wonderland\LFM\LFM-Games.gif <-- Creamy's Wonderland /iwow.cottages.polycount.com/LFM LFM-Games.gif
2006.06.30 10:14 B E:\Projects\Creamy's Wonderland\LFM\LFM-Links(ua).gif <-- Creamy's Wonderland /iwow.cottages.polycount.com/LFM LFM-Links(ua).gif
2006.06.30 10:14 B E:\Projects\Creamy's Wonderland\LFM\LFM-Links.gif <-- Creamy's Wonderland /iwow.cottages.polycount.com/LFM LFM-Links.gif
2006.06.30 10:14 B E:\Projects\Creamy's Wonderland\LFM\LFM-Links.jpg <-- Creamy's Wonderland /iwow.cottages.polycount.com/LFM LFM-Links.jpg
2006.06.30 10:14 B E:\Projects\Creamy's Wonderland\LFM\LFM-News_Archive(ua).gif <-- Creamy's Wonderland /iwow.cottages.polycount.com/LFM LFM-News_Archive(ua).gif
2006.06.30 10:14 B E:\Projects\Creamy's Wonderland\LFM\LFM-News_Archive.gif <-- Creamy's Wonderland /iwow.cottages.polycount.com/LFM LFM-News_Archive.gif
2006.06.30 10:14 B E:\Projects\Creamy's Wonderland\LFM\LFM-News_Archive.jpg <-- Creamy's Wonderland /iwow.cottages.polycount.com/LFM LFM-News_Archive.jpg
2006.06.30 10:14 B E:\Projects\Creamy's Wonderland\LFM\LFM-Quake2(ua).gif <-- Creamy's Wonderland /iwow.cottages.polycount.com/LFM LFM-Quake2(ua).gif
2006.06.30 10:14 B E:\Projects\Creamy's Wonderland\LFM\LFM-Quake2.gif <-- Creamy's Wonderland /iwow.cottages.polycount.com/LFM LFM-Quake2.gif
2006.06.30 10:14 B E:\Projects\Creamy's Wonderland\LFM\LFM-Quake2.jpg <-- Creamy's Wonderland /iwow.cottages.polycount.com/LFM LFM-Quake2.jpg
2006.06.30 10:14 B E:\Projects\Creamy's Wonderland\LFM\LFM-Title(Old01).gif <-- Creamy's Wonderland /iwow.cottages.polycount.com/LFM LFM-Title(Old01).gif
2006.06.30 10:14 B E:\Projects\Creamy's Wonderland\LFM\LFM-Title.gif <-- Creamy's Wonderland /iwow.cottages.polycount.com/LFM LFM-Title.gif
2006.06.30 10:14 B E:\Projects\Creamy's Wonderland\LFM\Quake2-Follycount(ua).gif <-- Creamy's Wonderland /iwow.cottages.polycount.com/LFM Quake2-Follycount(ua).gif
2006.06.30 10:14 B E:\Projects\Creamy's Wonderland\LFM\Quake2-Follycount.gif <-- Creamy's Wonderland /iwow.cottages.polycount.com/LFM Quake2-Follycount.gif
2006.06.30 10:14 B E:\Projects\Creamy's Wonderland\LFM\Quake2-Follycount.jpg <-- Creamy's Wonderland /iwow.cottages.polycount.com/LFM Quake2-Follycount.jpg
2006.06.30 10:14 B E:\Projects\Creamy's Wonderland\LFM\Quake2-News_Archive(ua).gif <-- Creamy's Wonderland /iwow.cottages.polycount.com/LFM Quake2-News_Archive(ua).gif
2006.06.30 10:14 B E:\Projects\Creamy's Wonderland\LFM\Quake2-News_Archive.gif <-- Creamy's Wonderland /iwow.cottages.polycount.com/LFM Quake2-News_Archive.gif
2006.06.30 10:14 B E:\Projects\Creamy's Wonderland\LFM\Quake2-PPMs(ua).gif <-- Creamy's Wonderland /iwow.cottages.polycount.com/LFM Quake2-PPMs(ua).gif
2006.06.30 10:14 B E:\Projects\Creamy's Wonderland\LFM\Quake2-PPMs.gif <-- Creamy's Wonderland /iwow.cottages.polycount.com/LFM Quake2-PPMs.gif
2006.06.30 10:14 B E:\Projects\Creamy's Wonderland\LFM\Quake2-PPMs.jpg <-- Creamy's Wonderland /iwow.cottages.polycount.com/LFM Quake2-PPMs.jpg
2006.06.30 10:15 B E:\Projects\Creamy's Wonderland\LFM\Quake2-QuakeCon(ua).gif <-- Creamy's Wonderland /iwow.cottages.polycount.com/LFM Quake2-QuakeCon(ua).gif
2006.06.30 10:15 B E:\Projects\Creamy's Wonderland\LFM\Quake2-QuakeCon.gif <-- Creamy's Wonderland /iwow.cottages.polycount.com/LFM Quake2-QuakeCon.gif
2006.06.30 10:15 B E:\Projects\Creamy's Wonderland\LFM\Quake2-Skins&Icons(ua).gif <-- Creamy's Wonderland /iwow.cottages.polycount.com/LFM Quake2-Skins&Icons(ua).gif
2006.06.30 10:15 B E:\Projects\Creamy's Wonderland\LFM\Quake2-Skins&Icons.gif <-- Creamy's Wonderland /iwow.cottages.polycount.com/LFM Quake2-Skins&Icons.gif
2006.06.30 10:15 B E:\Projects\Creamy's Wonderland\LFM\Quake2-Skins&Icons.jpg <-- Creamy's Wonderland /iwow.cottages.polycount.com/LFM Quake2-Skins&Icons.jpg
2006.06.30 10:15 B E:\Projects\Creamy's Wonderland\LFM\Quake2-Tutorial(ua).gif <-- Creamy's Wonderland /iwow.cottages.polycount.com/LFM Quake2-Tutorial(ua).gif
2006.06.30 10:15 B E:\Projects\Creamy's Wonderland\LFM\Quake2-Tutorial.gif <-- Creamy's Wonderland /iwow.cottages.polycount.com/LFM Quake2-Tutorial.gif
2006.06.30 10:15 B E:\Projects\Creamy's Wonderland\LFM\Quake2-Tutorial.jpg <-- Creamy's Wonderland /iwow.cottages.polycount.com/LFM Quake2-Tutorial.jpg
2006.06.30 10:15 B E:\Projects\Creamy's Wonderland\LFM\Quake2-VWEPs(ua).gif <-- Creamy's Wonderland /iwow.cottages.polycount.com/LFM Quake2-VWEPs(ua).gif
2006.06.30 10:15 B E:\Projects\Creamy's Wonderland\LFM\Quake2-VWEPs.gif <-- Creamy's Wonderland /iwow.cottages.polycount.com/LFM Quake2-VWEPs.gif
2006.06.30 10:15 B E:\Projects\Creamy's Wonderland\LFM\Quake2-VWEPs.jpg <-- Creamy's Wonderland /iwow.cottages.polycount.com/LFM Quake2-VWEPs.jpg
2006.06.30 10:15 B E:\Projects\Creamy's Wonderland\LFM\Red_Curtain.gif <-- Creamy's Wonderland /iwow.cottages.polycount.com/LFM Red_Curtain.gif
2006.06.30 10:15 B E:\Projects\Creamy's Wonderland\LFM\Tiny_Line.gif <-- Creamy's Wonderland /iwow.cottages.polycount.com/LFM Tiny_Line.gif
2007.11.28 00:25 B E:\Projects\Creamy's Wonderland\LFM\Games-MUGEN(ua).gif --> web.planethosting.gamespy.com /iwow.cottages.polycount.com/LFM Games-MUGEN(ua).gif
2007.11.28 00:25 B E:\Projects\Creamy's Wonderland\LFM\Games-MUGEN.gif --> web.planethosting.gamespy.com /iwow.cottages.polycount.com/LFM Games-MUGEN.gif
