2005.10.02 22:42 B C:\Projects\Creamy's Wonderland\Games\Games_Intro.html --> hosting.gamespy.com /planetquake/polycount/cottages/iwow/Games Games_Intro.html
2005.10.02 22:42 B C:\Projects\Creamy's Wonderland\Games\Games_Intro(fs).html --> hosting.gamespy.com /planetquake/polycount/cottages/iwow/Games Games_Intro(fs).html
2005.10.02 22:42 B C:\Projects\Creamy's Wonderland\Games\Games_Intro(lfm).html --> hosting.gamespy.com /planetquake/polycount/cottages/iwow/Games Games_Intro(lfm).html
2006.07.01 15:57 B E:\Projects\Creamy's Wonderland\Games\Games_Intro(fs).html --> web.planethosting.gamespy.com /iwow.cottages.polycount.com/Games Games_Intro(fs).html
2006.07.01 15:57 B E:\Projects\Creamy's Wonderland\Games\Games_Intro(lfm).html --> web.planethosting.gamespy.com /iwow.cottages.polycount.com/Games Games_Intro(lfm).html
2006.07.01 15:57 B E:\Projects\Creamy's Wonderland\Games\Games_Intro.html --> web.planethosting.gamespy.com /iwow.cottages.polycount.com/Games Games_Intro.html
2007.07.01 20:04 B E:\Projects\Creamy's Wonderland\Games\Games_Intro.html --> web.planethosting.gamespy.com /iwow.cottages.polycount.com/Games Games_Intro.html
2007.12.09 18:14 B E:\Projects\Creamy's Wonderland\Games\Games_Intro(lfm).html --> web.planethosting.gamespy.com /iwow.cottages.polycount.com/Games Games_Intro(lfm).html
2007.12.09 18:14 B E:\Projects\Creamy's Wonderland\Games\Games_Intro.html --> web.planethosting.gamespy.com /iwow.cottages.polycount.com/Games Games_Intro.html
2009.04.04 14:07 B E:\Projects\Creamy's Wonderland\Games\Games_Intro.html <-- Creamy's Wonderland /creamyg.planetquake.gamespy.com/Games Games_Intro.html
2009.04.04 16:26 B E:\Projects\Creamy's Wonderland\Games\Games_Intro.html --> web.planethosting.gamespy.com /creamyg.planetquake.gamespy.com/Games Games_Intro.html
2009.04.08 16:48 B E:\Projects\Creamy's Wonderland\Games\Games_Intro.html --> web.planethosting.gamespy.com /creamyg.planetquake.gamespy.com/Games Games_Intro.html
2009.05.04 22:06 B E:\Projects\Creamy's Wonderland\Games\Games_Intro.html <-- Creamy's Wonderland /creamyg.planetquake.gamespy.com/Games Games_Intro.html
2009.05.04 22:06 B E:\Projects\Creamy's Wonderland\Games\Games_Intro(lfm).html <-- Creamy's Wonderland /creamyg.planetquake.gamespy.com/Games Games_Intro(lfm).html
2009.05.04 22:06 B E:\Projects\Creamy's Wonderland\Games\Games_Intro(fs).html <-- Creamy's Wonderland /creamyg.planetquake.gamespy.com/Games Games_Intro(fs).html
2009.05.04 22:09 B E:\Projects\Creamy's Wonderland\Games\Games_Intro.html --> web.planethosting.gamespy.com /creamyg.planetquake.gamespy.com/Games Games_Intro.html
2009.05.04 22:09 B E:\Projects\Creamy's Wonderland\Games\Games_Intro(lfm).html --> web.planethosting.gamespy.com /creamyg.planetquake.gamespy.com/Games Games_Intro(lfm).html
2009.05.04 22:19 B E:\Projects\Creamy's Wonderland\Games\Games_Intro.html <-- Creamy's Wonderland /creamyg.planetquake.gamespy.com/Games Games_Intro.html
2009.05.04 22:19 B E:\Projects\Creamy's Wonderland\Games\Games_Intro(lfm).html <-- Creamy's Wonderland /creamyg.planetquake.gamespy.com/Games Games_Intro(lfm).html
2009.05.04 22:19 B E:\Projects\Creamy's Wonderland\Games\Games_Intro(fs).html <-- Creamy's Wonderland /creamyg.planetquake.gamespy.com/Games Games_Intro(fs).html
2009.05.04 22:20 B E:\Projects\Creamy's Wonderland\Games\Games_Intro.html <-- Creamy's Wonderland /creamyg.planetquake.gamespy.com/Games Games_Intro.html
2009.05.04 22:20 B E:\Projects\Creamy's Wonderland\Games\Games_Intro(lfm).html <-- Creamy's Wonderland /creamyg.planetquake.gamespy.com/Games Games_Intro(lfm).html
2009.05.04 22:20 B E:\Projects\Creamy's Wonderland\Games\Games_Intro(fs).html <-- Creamy's Wonderland /creamyg.planetquake.gamespy.com/Games Games_Intro(fs).html
2009.05.04 22:22 B E:\Projects\Creamy's Wonderland\Games\Games_Intro.html --> web.planethosting.gamespy.com /creamyg.planetquake.gamespy.com/Games Games_Intro.html
2009.05.04 22:22 B E:\Projects\Creamy's Wonderland\Games\Games_Intro(lfm).html --> web.planethosting.gamespy.com /creamyg.planetquake.gamespy.com/Games Games_Intro(lfm).html
2009.05.04 22:22 B E:\Projects\Creamy's Wonderland\Games\Games_Intro(fs).html --> web.planethosting.gamespy.com /creamyg.planetquake.gamespy.com/Games Games_Intro(fs).html
2009.05.17 03:14 B E:\Projects\Creamy's Wonderland\Games\Games_Intro.html --> web.planethosting.gamespy.com /creamyg.planetquake.gamespy.com/Games Games_Intro.html
2009.05.17 03:14 B E:\Projects\Creamy's Wonderland\Games\Games_Intro(lfm).html --> web.planethosting.gamespy.com /creamyg.planetquake.gamespy.com/Games Games_Intro(lfm).html
