2014.01.07 13:24 B E:\Projects\Creamy's_Wonderland\CGF\VG_Quickplays\Thumbs\Big_Ass_Stalchild.jpg --> www.jdluke.com /CGF/VG_Quickplays/Thumbs Big_Ass_Stalchild.jpg
2014.01.07 13:24 B E:\Projects\Creamy's_Wonderland\CGF\VG_Quickplays\Thumbs\Brandy_VS_Homer01.jpg --> www.jdluke.com /CGF/VG_Quickplays/Thumbs Brandy_VS_Homer01.jpg
2014.01.07 13:24 B E:\Projects\Creamy's_Wonderland\CGF\VG_Quickplays\Thumbs\Brandy_VS_Link.jpg --> www.jdluke.com /CGF/VG_Quickplays/Thumbs Brandy_VS_Link.jpg
2014.01.07 13:24 B E:\Projects\Creamy's_Wonderland\CGF\VG_Quickplays\Thumbs\Brandy_VS_Tetsu01.jpg --> www.jdluke.com /CGF/VG_Quickplays/Thumbs Brandy_VS_Tetsu01.jpg
2014.01.07 13:24 B E:\Projects\Creamy's_Wonderland\CGF\VG_Quickplays\Thumbs\CGX_Brandy_-_Arcade_Run01.jpg --> www.jdluke.com /CGF/VG_Quickplays/Thumbs CGX_Brandy_-_Arcade_Run01.jpg
2014.01.07 13:24 B E:\Projects\Creamy's_Wonderland\CGF\VG_Quickplays\Thumbs\CGX_Brandy_-_Arcade_Run02.jpg --> www.jdluke.com /CGF/VG_Quickplays/Thumbs CGX_Brandy_-_Arcade_Run02.jpg
2014.01.07 13:24 B E:\Projects\Creamy's_Wonderland\CGF\VG_Quickplays\Thumbs\Creamy2006_056.jpg --> www.jdluke.com /CGF/VG_Quickplays/Thumbs Creamy2006_056.jpg
2014.01.07 13:24 B E:\Projects\Creamy's_Wonderland\CGF\VG_Quickplays\Thumbs\Creamy2006_060.jpg --> www.jdluke.com /CGF/VG_Quickplays/Thumbs Creamy2006_060.jpg
2014.01.07 13:24 B E:\Projects\Creamy's_Wonderland\CGF\VG_Quickplays\Thumbs\Creamy2008_025.jpg --> www.jdluke.com /CGF/VG_Quickplays/Thumbs Creamy2008_025.jpg
2014.01.07 13:24 B E:\Projects\Creamy's_Wonderland\CGF\VG_Quickplays\Thumbs\Creamy2008_031.jpg --> www.jdluke.com /CGF/VG_Quickplays/Thumbs Creamy2008_031.jpg
2014.01.07 13:24 B E:\Projects\Creamy's_Wonderland\CGF\VG_Quickplays\Thumbs\Creamy2009_008.jpg --> www.jdluke.com /CGF/VG_Quickplays/Thumbs Creamy2009_008.jpg
2014.01.07 13:24 B E:\Projects\Creamy's_Wonderland\CGF\VG_Quickplays\Thumbs\Creamy2010_007.jpg --> www.jdluke.com /CGF/VG_Quickplays/Thumbs Creamy2010_007.jpg
2014.01.07 13:24 B E:\Projects\Creamy's_Wonderland\CGF\VG_Quickplays\Thumbs\Creamy2010_020.jpg --> www.jdluke.com /CGF/VG_Quickplays/Thumbs Creamy2010_020.jpg
2014.01.07 13:24 B E:\Projects\Creamy's_Wonderland\CGF\VG_Quickplays\Thumbs\Creamy2010_036.jpg --> www.jdluke.com /CGF/VG_Quickplays/Thumbs Creamy2010_036.jpg
2014.01.07 13:24 B E:\Projects\Creamy's_Wonderland\CGF\VG_Quickplays\Thumbs\Creamy2010_047.jpg --> www.jdluke.com /CGF/VG_Quickplays/Thumbs Creamy2010_047.jpg
2014.01.07 13:24 B E:\Projects\Creamy's_Wonderland\CGF\VG_Quickplays\Thumbs\Creamy2012_159.jpg --> www.jdluke.com /CGF/VG_Quickplays/Thumbs Creamy2012_159.jpg
2014.01.07 13:24 B E:\Projects\Creamy's_Wonderland\CGF\VG_Quickplays\Thumbs\Creamy2013_010.jpg --> www.jdluke.com /CGF/VG_Quickplays/Thumbs Creamy2013_010.jpg
2014.01.07 13:24 B E:\Projects\Creamy's_Wonderland\CGF\VG_Quickplays\Thumbs\Creamy2013_042.jpg --> www.jdluke.com /CGF/VG_Quickplays/Thumbs Creamy2013_042.jpg
2014.01.07 13:24 B E:\Projects\Creamy's_Wonderland\CGF\VG_Quickplays\Thumbs\Creamy2013_069.jpg --> www.jdluke.com /CGF/VG_Quickplays/Thumbs Creamy2013_069.jpg
2014.01.07 13:24 B E:\Projects\Creamy's_Wonderland\CGF\VG_Quickplays\Thumbs\Level_6_Time_Trial.jpg --> www.jdluke.com /CGF/VG_Quickplays/Thumbs Level_6_Time_Trial.jpg
2014.01.07 13:24 B E:\Projects\Creamy's_Wonderland\CGF\VG_Quickplays\Thumbs\Potion_Shop_Break_In.jpg --> www.jdluke.com /CGF/VG_Quickplays/Thumbs Potion_Shop_Break_In.jpg
2014.01.07 13:24 B E:\Projects\Creamy's_Wonderland\CGF\VG_Quickplays\Thumbs\Simpsons_Arcade_-_Test_Run.jpg --> www.jdluke.com /CGF/VG_Quickplays/Thumbs Simpsons_Arcade_-_Test_Run.jpg
2014.01.07 13:24 B E:\Projects\Creamy's_Wonderland\CGF\VG_Quickplays\Thumbs\Tetsu_VS_Underdog01.jpg --> www.jdluke.com /CGF/VG_Quickplays/Thumbs Tetsu_VS_Underdog01.jpg
2014.01.07 13:24 B E:\Projects\Creamy's_Wonderland\CGF\VG_Quickplays\Thumbs\Tetsu_VS_Vega01.jpg --> www.jdluke.com /CGF/VG_Quickplays/Thumbs Tetsu_VS_Vega01.jpg
2014.01.07 13:24 B E:\Projects\Creamy's_Wonderland\CGF\VG_Quickplays\Thumbs\Tetsu_VS_Yoma.jpg --> www.jdluke.com /CGF/VG_Quickplays/Thumbs Tetsu_VS_Yoma.jpg
2014.01.07 13:24 B E:\Projects\Creamy's_Wonderland\CGF\VG_Quickplays\Thumbs\Thumbs.db --> www.jdluke.com /CGF/VG_Quickplays/Thumbs Thumbs.db
2014.01.07 13:24 B E:\Projects\Creamy's_Wonderland\CGF\VG_Quickplays\Thumbs\WWP_-_Creamy_Mine_Deathtrap.jpg --> www.jdluke.com /CGF/VG_Quickplays/Thumbs WWP_-_Creamy_Mine_Deathtrap.jpg
2016.07.31 21:58 B K:\Projects\Creamy's_Wonderland\CGF\VG_Quickplays\Thumbs\Creamy2013_194.jpg --> www.jdluke.com /CGF/VG_Quickplays/Thumbs Creamy2013_194.jpg
2016.07.31 21:58 B K:\Projects\Creamy's_Wonderland\CGF\VG_Quickplays\Thumbs\Creamy2013_189.jpg --> www.jdluke.com /CGF/VG_Quickplays/Thumbs Creamy2013_189.jpg
2016.07.31 21:58 B K:\Projects\Creamy's_Wonderland\CGF\VG_Quickplays\Thumbs\Creamy2013_188.jpg --> www.jdluke.com /CGF/VG_Quickplays/Thumbs Creamy2013_188.jpg
2016.07.31 21:58 B K:\Projects\Creamy's_Wonderland\CGF\VG_Quickplays\Thumbs\Creamy2013_184.jpg --> www.jdluke.com /CGF/VG_Quickplays/Thumbs Creamy2013_184.jpg
2016.07.31 21:58 B K:\Projects\Creamy's_Wonderland\CGF\VG_Quickplays\Thumbs\Creamy2013_165.jpg --> www.jdluke.com /CGF/VG_Quickplays/Thumbs Creamy2013_165.jpg
2016.07.31 21:58 B K:\Projects\Creamy's_Wonderland\CGF\VG_Quickplays\Thumbs\Creamy2013_139.jpg --> www.jdluke.com /CGF/VG_Quickplays/Thumbs Creamy2013_139.jpg
2016.07.31 21:58 B K:\Projects\Creamy's_Wonderland\CGF\VG_Quickplays\Thumbs\Creamy2013_134.jpg --> www.jdluke.com /CGF/VG_Quickplays/Thumbs Creamy2013_134.jpg
2016.07.31 21:58 B K:\Projects\Creamy's_Wonderland\CGF\VG_Quickplays\Thumbs\Creamy2013_129.jpg --> www.jdluke.com /CGF/VG_Quickplays/Thumbs Creamy2013_129.jpg
2016.07.31 21:58 B K:\Projects\Creamy's_Wonderland\CGF\VG_Quickplays\Thumbs\Creamy2013_120.jpg --> www.jdluke.com /CGF/VG_Quickplays/Thumbs Creamy2013_120.jpg
2016.07.31 21:58 B K:\Projects\Creamy's_Wonderland\CGF\VG_Quickplays\Thumbs\Creamy2013_118.jpg --> www.jdluke.com /CGF/VG_Quickplays/Thumbs Creamy2013_118.jpg
2017.01.03 13:10 B F:\Projects\Creamy's_Wonderland\CGF\VG_Quickplays\Thumbs\Hyrulian_Musical_Tour.jpg --> www.jdluke.com /CGF/VG_Quickplays/Thumbs Hyrulian_Musical_Tour.jpg
