2009.09.12 20:48 B E:\Projects\Creamy's_Wonderland\News_Archive\Sections11_-_20\News_Archive_-_S11-20(lfm).html --> ftp.hugelaser.com /News_Archive/Sections11_-_20 News_Archive_-_S11-20(lfm).html
2009.09.12 20:48 B E:\Projects\Creamy's_Wonderland\News_Archive\Sections11_-_20\Section11(lfm).html --> ftp.hugelaser.com /News_Archive/Sections11_-_20 Section11(lfm).html
2009.09.12 20:57 B E:\Projects\Creamy's_Wonderland\News_Archive\Sections11_-_20\News_Archive_-_S11-20(fs).html --> ftp.hugelaser.com /News_Archive/Sections11_-_20 News_Archive_-_S11-20(fs).html
2009.09.12 20:57 B E:\Projects\Creamy's_Wonderland\News_Archive\Sections11_-_20\News_Archive_-_S11-20(lfm).html --> ftp.hugelaser.com /News_Archive/Sections11_-_20 News_Archive_-_S11-20(lfm).html
2009.09.12 20:57 B E:\Projects\Creamy's_Wonderland\News_Archive\Sections11_-_20\Section11(fs).html --> ftp.hugelaser.com /News_Archive/Sections11_-_20 Section11(fs).html
2009.09.12 20:57 B E:\Projects\Creamy's_Wonderland\News_Archive\Sections11_-_20\Section11(lfm).html --> ftp.hugelaser.com /News_Archive/Sections11_-_20 Section11(lfm).html
2009.09.13 01:47 B E:\Projects\Creamy's_Wonderland\News_Archive\Sections11_-_20\Section11(fs).html --> ftp.hugelaser.com /News_Archive/Sections11_-_20 Section11(fs).html
2009.09.13 01:47 B E:\Projects\Creamy's_Wonderland\News_Archive\Sections11_-_20\News_Archive_-_S11-20(fs).html --> ftp.hugelaser.com /News_Archive/Sections11_-_20 News_Archive_-_S11-20(fs).html
2009.09.13 01:47 B E:\Projects\Creamy's_Wonderland\News_Archive\Sections11_-_20\Section11(lfm).html --> ftp.hugelaser.com /News_Archive/Sections11_-_20 Section11(lfm).html
2009.09.13 01:47 B E:\Projects\Creamy's_Wonderland\News_Archive\Sections11_-_20\News_Archive_-_S11-20(lfm).html --> ftp.hugelaser.com /News_Archive/Sections11_-_20 News_Archive_-_S11-20(lfm).html
2009.09.14 01:38 B E:\Projects\Creamy's_Wonderland\News_Archive\Block02\News_Archive_-_Block02(fs).html --> ftp.hugelaser.com /News_Archive/Block02 News_Archive_-_Block02(fs).html
2009.09.14 01:38 B E:\Projects\Creamy's_Wonderland\News_Archive\Block02\News_Archive_-_Block02(lfm).html --> ftp.hugelaser.com /News_Archive/Block02 News_Archive_-_Block02(lfm).html
2009.09.14 01:38 B E:\Projects\Creamy's_Wonderland\News_Archive\Block02\Section11(fs).html --> ftp.hugelaser.com /News_Archive/Block02 Section11(fs).html
2009.09.14 01:38 B E:\Projects\Creamy's_Wonderland\News_Archive\Block02\Section11(lfm).html --> ftp.hugelaser.com /News_Archive/Block02 Section11(lfm).html
2009.09.14 01:38 B E:\Projects\Creamy's_Wonderland\News_Archive\Block02\WS_FTP.LOG --> ftp.hugelaser.com /News_Archive/Block02 WS_FTP.LOG
2009.09.14 02:03 B E:\Projects\Creamy's_Wonderland\News_Archive\Block02\Section11(fs).html --> ftp.hugelaser.com /News_Archive/Block02 Section11(fs).html
2009.09.14 02:03 B E:\Projects\Creamy's_Wonderland\News_Archive\Block02\News_Archive_-_Block02(fs).html --> ftp.hugelaser.com /News_Archive/Block02 News_Archive_-_Block02(fs).html
2011.05.27 17:17 B E:\Projects\Creamy's_Wonderland\News_Archive\Block02\Section12.html --> ftp.hugelaser.com /News_Archive/Block02 Section12.html
2011.05.27 17:17 B E:\Projects\Creamy's_Wonderland\News_Archive\Block02\Section11.html --> ftp.hugelaser.com /News_Archive/Block02 Section11.html
2011.05.27 17:17 B E:\Projects\Creamy's_Wonderland\News_Archive\Block02\News_Archive_-_Block02.html --> ftp.hugelaser.com /News_Archive/Block02 News_Archive_-_Block02.html
2011.05.27 17:41 B E:\Projects\Creamy's_Wonderland\News_Archive\Block02\Section12(lfm).html --> ftp.hugelaser.com /News_Archive/Block02 Section12(lfm).html
2011.05.27 17:41 B E:\Projects\Creamy's_Wonderland\News_Archive\Block02\Section11(lfm).html --> ftp.hugelaser.com /News_Archive/Block02 Section11(lfm).html
2011.05.27 17:41 B E:\Projects\Creamy's_Wonderland\News_Archive\Block02\Section12(fs).html --> ftp.hugelaser.com /News_Archive/Block02 Section12(fs).html
2011.05.27 17:43 B E:\Projects\Creamy's_Wonderland\News_Archive\Block02\Section12(lfm).html --> ftp.hugelaser.com /News_Archive/Block02 Section12(lfm).html
2011.05.27 17:46 B E:\Projects\Creamy's_Wonderland\News_Archive\Block02\News_Archive_-_Block02(lfm).html --> ftp.hugelaser.com /News_Archive/Block02 News_Archive_-_Block02(lfm).html
2013.12.12 21:17 B E:\Projects\Creamy's_Wonderland\News_Archive\Block02\News_Archive_-_Block02(fs).html --> www.jdluke.com /News_Archive/Block02 News_Archive_-_Block02(fs).html
2013.12.12 21:17 B E:\Projects\Creamy's_Wonderland\News_Archive\Block02\News_Archive_-_Block02(lfm).html --> www.jdluke.com /News_Archive/Block02 News_Archive_-_Block02(lfm).html
2013.12.12 21:17 B E:\Projects\Creamy's_Wonderland\News_Archive\Block02\News_Archive_-_Block02.html --> www.jdluke.com /News_Archive/Block02 News_Archive_-_Block02.html
2013.12.12 21:17 B E:\Projects\Creamy's_Wonderland\News_Archive\Block02\Section11(fs).html --> www.jdluke.com /News_Archive/Block02 Section11(fs).html
2013.12.12 21:17 B E:\Projects\Creamy's_Wonderland\News_Archive\Block02\Section11(lfm).html --> www.jdluke.com /News_Archive/Block02 Section11(lfm).html
2013.12.12 21:17 B E:\Projects\Creamy's_Wonderland\News_Archive\Block02\Section11.html --> www.jdluke.com /News_Archive/Block02 Section11.html
2013.12.12 21:17 B E:\Projects\Creamy's_Wonderland\News_Archive\Block02\Section12(fs).html --> www.jdluke.com /News_Archive/Block02 Section12(fs).html
2013.12.12 21:17 B E:\Projects\Creamy's_Wonderland\News_Archive\Block02\Section12(lfm).html --> www.jdluke.com /News_Archive/Block02 Section12(lfm).html
2013.12.12 21:17 B E:\Projects\Creamy's_Wonderland\News_Archive\Block02\Section12.html --> www.jdluke.com /News_Archive/Block02 Section12.html
2014.01.12 22:21 B E:\Projects\Creamy's_Wonderland\News_Archive\Block02\Section12(lfm).html --> www.jdluke.com /News_Archive/Block02 Section12(lfm).html
2014.01.12 22:21 B E:\Projects\Creamy's_Wonderland\News_Archive\Block02\Section11(lfm).html --> www.jdluke.com /News_Archive/Block02 Section11(lfm).html
2014.01.12 22:21 B E:\Projects\Creamy's_Wonderland\News_Archive\Block02\News_Archive_-_Block02(lfm).html --> www.jdluke.com /News_Archive/Block02 News_Archive_-_Block02(lfm).html
2014.01.12 23:52 B E:\Projects\Creamy's_Wonderland\News_Archive\Block02\Section12(lfm).html --> www.jdluke.com /News_Archive/Block02 Section12(lfm).html
2014.01.12 23:52 B E:\Projects\Creamy's_Wonderland\News_Archive\Block02\Section11(lfm).html --> www.jdluke.com /News_Archive/Block02 Section11(lfm).html
2014.01.12 23:52 B E:\Projects\Creamy's_Wonderland\News_Archive\Block02\News_Archive_-_Block02(lfm).html --> www.jdluke.com /News_Archive/Block02 News_Archive_-_Block02(lfm).html
2014.05.20 23:36 B E:\Projects\Creamy's_Wonderland\News_Archive\Block02\Section13(fs).html --> www.jdluke.com /News_Archive/Block02 Section13(fs).html
2014.05.20 23:36 B E:\Projects\Creamy's_Wonderland\News_Archive\Block02\News_Archive_-_Block02.html --> www.jdluke.com /News_Archive/Block02 News_Archive_-_Block02.html
2014.05.20 23:36 B E:\Projects\Creamy's_Wonderland\News_Archive\Block02\Section13(lfm).html --> www.jdluke.com /News_Archive/Block02 Section13(lfm).html
2014.05.20 23:36 B E:\Projects\Creamy's_Wonderland\News_Archive\Block02\Section12(lfm).html --> www.jdluke.com /News_Archive/Block02 Section12(lfm).html
2014.05.20 23:36 B E:\Projects\Creamy's_Wonderland\News_Archive\Block02\Section11(lfm).html --> www.jdluke.com /News_Archive/Block02 Section11(lfm).html
2014.05.20 23:36 B E:\Projects\Creamy's_Wonderland\News_Archive\Block02\News_Archive_-_Block02(lfm).html --> www.jdluke.com /News_Archive/Block02 News_Archive_-_Block02(lfm).html
2014.05.20 23:36 B E:\Projects\Creamy's_Wonderland\News_Archive\Block02\Section13.html --> www.jdluke.com /News_Archive/Block02 Section13.html
2014.05.20 23:53 B E:\Projects\Creamy's_Wonderland\News_Archive\Block02\Section13.html --> www.jdluke.com /News_Archive/Block02 Section13.html
2014.05.20 23:55 B E:\Projects\Creamy's_Wonderland\News_Archive\Block02\Section13.html --> www.jdluke.com /News_Archive/Block02 Section13.html
2016.01.24 19:10 B F:\Projects\Creamy's_Wonderland\News_Archive\Block02\Section14.html --> www.jdluke.com /News_Archive/Block02 Section14.html
2016.01.24 19:10 B F:\Projects\Creamy's_Wonderland\News_Archive\Block02\News_Archive_-_Block02.html --> www.jdluke.com /News_Archive/Block02 News_Archive_-_Block02.html
2016.01.24 19:10 B F:\Projects\Creamy's_Wonderland\News_Archive\Block02\Section14(fs).html --> www.jdluke.com /News_Archive/Block02 Section14(fs).html
2016.01.24 19:10 B F:\Projects\Creamy's_Wonderland\News_Archive\Block02\Section11(lfm).html --> www.jdluke.com /News_Archive/Block02 Section11(lfm).html
2016.01.24 19:10 B F:\Projects\Creamy's_Wonderland\News_Archive\Block02\News_Archive_-_Block02(lfm).html --> www.jdluke.com /News_Archive/Block02 News_Archive_-_Block02(lfm).html
2016.01.24 19:10 B F:\Projects\Creamy's_Wonderland\News_Archive\Block02\Section12(lfm).html --> www.jdluke.com /News_Archive/Block02 Section12(lfm).html
2016.01.24 19:10 B F:\Projects\Creamy's_Wonderland\News_Archive\Block02\Section14(lfm).html --> www.jdluke.com /News_Archive/Block02 Section14(lfm).html
2016.01.24 19:10 B F:\Projects\Creamy's_Wonderland\News_Archive\Block02\Section13(lfm).html --> www.jdluke.com /News_Archive/Block02 Section13(lfm).html
