2014.01.07 13:24 B E:\Projects\Creamy's_Wonderland\CGF\VG_Quickplays\CGF_-_VG_Quickplays(fs).html --> www.jdluke.com /CGF/VG_Quickplays CGF_-_VG_Quickplays(fs).html
2014.01.07 13:24 B E:\Projects\Creamy's_Wonderland\CGF\VG_Quickplays\CGF_-_VG_Quickplays(lfm).html --> www.jdluke.com /CGF/VG_Quickplays CGF_-_VG_Quickplays(lfm).html
2014.01.07 13:24 B E:\Projects\Creamy's_Wonderland\CGF\VG_Quickplays\LOZ_OOT(fs).html --> www.jdluke.com /CGF/VG_Quickplays LOZ_OOT(fs).html
2014.01.07 13:24 B E:\Projects\Creamy's_Wonderland\CGF\VG_Quickplays\LOZ_OOT(lfm).html --> www.jdluke.com /CGF/VG_Quickplays LOZ_OOT(lfm).html
2014.01.07 13:24 B E:\Projects\Creamy's_Wonderland\CGF\VG_Quickplays\MUGEN(fs).html --> www.jdluke.com /CGF/VG_Quickplays MUGEN(fs).html
2014.01.07 13:24 B E:\Projects\Creamy's_Wonderland\CGF\VG_Quickplays\MUGEN(lfm).html --> www.jdluke.com /CGF/VG_Quickplays MUGEN(lfm).html
2014.01.07 13:24 B E:\Projects\Creamy's_Wonderland\CGF\VG_Quickplays\Quake2(fs).html --> www.jdluke.com /CGF/VG_Quickplays Quake2(fs).html
2014.01.07 13:24 B E:\Projects\Creamy's_Wonderland\CGF\VG_Quickplays\Quake2(lfm).html --> www.jdluke.com /CGF/VG_Quickplays Quake2(lfm).html
2014.01.07 13:24 B E:\Projects\Creamy's_Wonderland\CGF\VG_Quickplays\The_Simpsons_Arcade(fs).html --> www.jdluke.com /CGF/VG_Quickplays The_Simpsons_Arcade(fs).html
2014.01.07 13:24 B E:\Projects\Creamy's_Wonderland\CGF\VG_Quickplays\The_Simpsons_Arcade(lfm).html --> www.jdluke.com /CGF/VG_Quickplays The_Simpsons_Arcade(lfm).html
2014.01.07 13:24 B E:\Projects\Creamy's_Wonderland\CGF\VG_Quickplays\The_Simpsons_Hit&Run(fs).html --> www.jdluke.com /CGF/VG_Quickplays The_Simpsons_Hit&Run(fs).html
2014.01.07 13:24 B E:\Projects\Creamy's_Wonderland\CGF\VG_Quickplays\The_Simpsons_Hit&Run(lfm).html --> www.jdluke.com /CGF/VG_Quickplays The_Simpsons_Hit&Run(lfm).html
2014.01.07 13:24 B E:\Projects\Creamy's_Wonderland\CGF\VG_Quickplays\WWP(fs).html --> www.jdluke.com /CGF/VG_Quickplays WWP(fs).html
2014.01.07 13:24 B E:\Projects\Creamy's_Wonderland\CGF\VG_Quickplays\WWP(lfm).html --> www.jdluke.com /CGF/VG_Quickplays WWP(lfm).html
2014.01.12 18:01 B E:\Projects\Creamy's_Wonderland\CGF\VG_Quickplays\WWP.html --> www.jdluke.com /CGF/VG_Quickplays WWP.html
2014.01.12 18:01 B E:\Projects\Creamy's_Wonderland\CGF\VG_Quickplays\LOZ_OOT.html --> www.jdluke.com /CGF/VG_Quickplays LOZ_OOT.html
2014.01.12 18:01 B E:\Projects\Creamy's_Wonderland\CGF\VG_Quickplays\The_Simpsons_Hit&Run.html --> www.jdluke.com /CGF/VG_Quickplays The_Simpsons_Hit&Run.html
2014.01.12 18:01 B E:\Projects\Creamy's_Wonderland\CGF\VG_Quickplays\The_Simpsons_Arcade.html --> www.jdluke.com /CGF/VG_Quickplays The_Simpsons_Arcade.html
2014.01.12 18:01 B E:\Projects\Creamy's_Wonderland\CGF\VG_Quickplays\Quake2.html --> www.jdluke.com /CGF/VG_Quickplays Quake2.html
2014.01.12 18:01 B E:\Projects\Creamy's_Wonderland\CGF\VG_Quickplays\MUGEN.html --> www.jdluke.com /CGF/VG_Quickplays MUGEN.html
2014.01.12 18:01 B E:\Projects\Creamy's_Wonderland\CGF\VG_Quickplays\CGF_-_VG_Quickplays.html --> www.jdluke.com /CGF/VG_Quickplays CGF_-_VG_Quickplays.html
2014.01.12 22:01 B E:\Projects\Creamy's_Wonderland\cgf\VG_Quickplays\The_Simpsons_Arcade(lfm).html --> www.jdluke.com /CGF/VG_Quickplays The_Simpsons_Arcade(lfm).html
2014.01.12 22:01 B E:\Projects\Creamy's_Wonderland\cgf\VG_Quickplays\The_Simpsons_Hit&Run(lfm).html --> www.jdluke.com /CGF/VG_Quickplays The_Simpsons_Hit&Run(lfm).html
2014.01.12 22:01 B E:\Projects\Creamy's_Wonderland\cgf\VG_Quickplays\WWP(lfm).html --> www.jdluke.com /CGF/VG_Quickplays WWP(lfm).html
2014.01.12 22:01 B E:\Projects\Creamy's_Wonderland\cgf\VG_Quickplays\Quake2(lfm).html --> www.jdluke.com /CGF/VG_Quickplays Quake2(lfm).html
2014.01.12 22:01 B E:\Projects\Creamy's_Wonderland\cgf\VG_Quickplays\MUGEN(lfm).html --> www.jdluke.com /CGF/VG_Quickplays MUGEN(lfm).html
2014.01.12 22:01 B E:\Projects\Creamy's_Wonderland\cgf\VG_Quickplays\LOZ_OOT(lfm).html --> www.jdluke.com /CGF/VG_Quickplays LOZ_OOT(lfm).html
2014.01.12 22:01 B E:\Projects\Creamy's_Wonderland\cgf\VG_Quickplays\CGF_-_VG_Quickplays(lfm).html --> www.jdluke.com /CGF/VG_Quickplays CGF_-_VG_Quickplays(lfm).html
2014.01.12 22:12 B E:\Projects\Creamy's_Wonderland\cgf\VG_Quickplays\CGF_-_VG_Quickplays(fs).html --> www.jdluke.com /CGF/VG_Quickplays CGF_-_VG_Quickplays(fs).html
2014.01.12 22:12 B E:\Projects\Creamy's_Wonderland\cgf\VG_Quickplays\LOZ_OOT(fs).html --> www.jdluke.com /CGF/VG_Quickplays LOZ_OOT(fs).html
2014.01.12 22:12 B E:\Projects\Creamy's_Wonderland\cgf\VG_Quickplays\MUGEN(fs).html --> www.jdluke.com /CGF/VG_Quickplays MUGEN(fs).html
2014.01.12 22:12 B E:\Projects\Creamy's_Wonderland\cgf\VG_Quickplays\Quake2(fs).html --> www.jdluke.com /CGF/VG_Quickplays Quake2(fs).html
2014.01.12 22:12 B E:\Projects\Creamy's_Wonderland\cgf\VG_Quickplays\The_Simpsons_Arcade(fs).html --> www.jdluke.com /CGF/VG_Quickplays The_Simpsons_Arcade(fs).html
2014.01.12 22:12 B E:\Projects\Creamy's_Wonderland\cgf\VG_Quickplays\The_Simpsons_Hit&Run(fs).html --> www.jdluke.com /CGF/VG_Quickplays The_Simpsons_Hit&Run(fs).html
2014.01.12 22:13 B E:\Projects\Creamy's_Wonderland\cgf\VG_Quickplays\CGF_-_VG_Quickplays(fs).html --> www.jdluke.com /CGF/VG_Quickplays CGF_-_VG_Quickplays(fs).html
2014.01.12 22:13 B E:\Projects\Creamy's_Wonderland\cgf\VG_Quickplays\LOZ_OOT(fs).html --> www.jdluke.com /CGF/VG_Quickplays LOZ_OOT(fs).html
2014.01.12 22:13 B E:\Projects\Creamy's_Wonderland\cgf\VG_Quickplays\MUGEN(fs).html --> www.jdluke.com /CGF/VG_Quickplays MUGEN(fs).html
2014.01.12 22:13 B E:\Projects\Creamy's_Wonderland\cgf\VG_Quickplays\Quake2(fs).html --> www.jdluke.com /CGF/VG_Quickplays Quake2(fs).html
2014.01.12 22:13 B E:\Projects\Creamy's_Wonderland\cgf\VG_Quickplays\The_Simpsons_Arcade(fs).html --> www.jdluke.com /CGF/VG_Quickplays The_Simpsons_Arcade(fs).html
2014.01.12 22:13 B E:\Projects\Creamy's_Wonderland\cgf\VG_Quickplays\The_Simpsons_Hit&Run(fs).html --> www.jdluke.com /CGF/VG_Quickplays The_Simpsons_Hit&Run(fs).html
2014.01.12 22:13 B E:\Projects\Creamy's_Wonderland\cgf\VG_Quickplays\LOZ_OOT(lfm).html --> www.jdluke.com /CGF/VG_Quickplays LOZ_OOT(lfm).html
2014.01.12 22:15 B E:\Projects\Creamy's_Wonderland\cgf\VG_Quickplays\WWP(fs).html --> www.jdluke.com /CGF/VG_Quickplays WWP(fs).html
2014.07.08 23:59 B E:\Projects\Creamy's_Wonderland\CGF\VG_Quickplays\Quake2.html --> www.jdluke.com /CGF/VG_Quickplays Quake2.html
2015.01.24 22:44 B E:\Projects\Creamy's_Wonderland\CGF\VG_Quickplays\Quake2.html --> www.jdluke.com /CGF/VG_Quickplays Quake2.html
2015.01.24 22:44 B E:\Projects\Creamy's_Wonderland\CGF\VG_Quickplays\WWP.html --> www.jdluke.com /CGF/VG_Quickplays WWP.html
2015.01.24 22:44 B E:\Projects\Creamy's_Wonderland\CGF\VG_Quickplays\LOZ_OOT.html --> www.jdluke.com /CGF/VG_Quickplays LOZ_OOT.html
2015.01.24 22:44 B E:\Projects\Creamy's_Wonderland\CGF\VG_Quickplays\The_Simpsons_Hit&Run.html --> www.jdluke.com /CGF/VG_Quickplays The_Simpsons_Hit&Run.html
2015.01.24 22:44 B E:\Projects\Creamy's_Wonderland\CGF\VG_Quickplays\The_Simpsons_Arcade.html --> www.jdluke.com /CGF/VG_Quickplays The_Simpsons_Arcade.html
2015.01.24 22:44 B E:\Projects\Creamy's_Wonderland\CGF\VG_Quickplays\MUGEN.html --> www.jdluke.com /CGF/VG_Quickplays MUGEN.html
2015.10.07 22:42 B E:\Projects\Creamy's_Wonderland\CGF\VG_Quickplays\Quake2_BKU02.html --> www.jdluke.com /CGF/VG_Quickplays Quake2_BKU02.html
2015.10.07 23:46 B E:\Projects\Creamy's_Wonderland\CGF\VG_Quickplays\Quake2.html --> www.jdluke.com /CGF/VG_Quickplays Quake2.html
2015.10.17 19:09 B E:\Projects\Creamy's_Wonderland\CGF\VG_Quickplays\Quake2.html --> www.jdluke.com /CGF/VG_Quickplays Quake2.html
2015.10.17 19:16 B E:\Projects\Creamy's_Wonderland\CGF\VG_Quickplays\Quake2.html --> www.jdluke.com /CGF/VG_Quickplays Quake2.html
2015.10.17 19:20 B E:\Projects\Creamy's_Wonderland\CGF\VG_Quickplays\Quake2.html --> www.jdluke.com /CGF/VG_Quickplays Quake2.html
2015.10.17 19:21 B E:\Projects\Creamy's_Wonderland\CGF\VG_Quickplays\Quake2.html --> www.jdluke.com /CGF/VG_Quickplays Quake2.html
2015.10.17 19:22 B E:\Projects\Creamy's_Wonderland\CGF\VG_Quickplays\Quake2_BKU02.html --> www.jdluke.com /CGF/VG_Quickplays Quake2_BKU02.html
2015.10.17 19:27 B E:\Projects\Creamy's_Wonderland\CGF\VG_Quickplays\Quake2_BKU02.html --> www.jdluke.com /CGF/VG_Quickplays Quake2_BKU02.html
2015.10.17 19:30 B E:\Projects\Creamy's_Wonderland\CGF\VG_Quickplays\Quake2.html --> www.jdluke.com /CGF/VG_Quickplays Quake2.html
2015.10.17 19:30 B E:\Projects\Creamy's_Wonderland\CGF\VG_Quickplays\Quake2.html --> www.jdluke.com /CGF/VG_Quickplays Quake2.html
2015.10.17 19:31 B E:\Projects\Creamy's_Wonderland\CGF\VG_Quickplays\Quake2.html --> www.jdluke.com /CGF/VG_Quickplays Quake2.html
2015.10.17 19:32 B E:\Projects\Creamy's_Wonderland\CGF\VG_Quickplays\Quake2.html --> www.jdluke.com /CGF/VG_Quickplays Quake2.html
2015.10.17 19:33 B E:\Projects\Creamy's_Wonderland\CGF\VG_Quickplays\Quake2.html --> www.jdluke.com /CGF/VG_Quickplays Quake2.html
2015.10.17 19:36 B E:\Projects\Creamy's_Wonderland\CGF\VG_Quickplays\Quake2.html --> www.jdluke.com /CGF/VG_Quickplays Quake2.html
2015.10.17 19:36 B E:\Projects\Creamy's_Wonderland\CGF\VG_Quickplays\Quake2.html --> www.jdluke.com /CGF/VG_Quickplays Quake2.html
2015.10.17 19:37 B E:\Projects\Creamy's_Wonderland\CGF\VG_Quickplays\Quake2.html --> www.jdluke.com /CGF/VG_Quickplays Quake2.html
2015.10.17 19:38 B E:\Projects\Creamy's_Wonderland\CGF\VG_Quickplays\Quake2.html --> www.jdluke.com /CGF/VG_Quickplays Quake2.html
2015.10.17 19:39 B E:\Projects\Creamy's_Wonderland\CGF\VG_Quickplays\Quake2.html --> www.jdluke.com /CGF/VG_Quickplays Quake2.html
2015.10.17 19:42 B E:\Projects\Creamy's_Wonderland\CGF\VG_Quickplays\Quake2.html --> www.jdluke.com /CGF/VG_Quickplays Quake2.html
2015.10.17 19:42 B E:\Projects\Creamy's_Wonderland\CGF\VG_Quickplays\Quake2.html --> www.jdluke.com /CGF/VG_Quickplays Quake2.html
2015.10.17 19:43 B E:\Projects\Creamy's_Wonderland\CGF\VG_Quickplays\Quake2.html --> www.jdluke.com /CGF/VG_Quickplays Quake2.html
2015.10.17 19:43 B E:\Projects\Creamy's_Wonderland\CGF\VG_Quickplays\Quake2.html --> www.jdluke.com /CGF/VG_Quickplays Quake2.html
2015.10.17 19:44 B E:\Projects\Creamy's_Wonderland\CGF\VG_Quickplays\Quake2.html --> www.jdluke.com /CGF/VG_Quickplays Quake2.html
2015.10.17 19:46 B E:\Projects\Creamy's_Wonderland\CGF\VG_Quickplays\Quake2.html --> www.jdluke.com /CGF/VG_Quickplays Quake2.html
2015.10.17 19:48 B E:\Projects\Creamy's_Wonderland\CGF\VG_Quickplays\Quake2.html --> www.jdluke.com /CGF/VG_Quickplays Quake2.html
2015.10.17 19:49 B E:\Projects\Creamy's_Wonderland\CGF\VG_Quickplays\Quake2.html --> www.jdluke.com /CGF/VG_Quickplays Quake2.html
2015.10.17 19:49 B E:\Projects\Creamy's_Wonderland\CGF\VG_Quickplays\Quake2.html --> www.jdluke.com /CGF/VG_Quickplays Quake2.html
2016.09.08 18:14 B K:\Projects\Creamy's_Wonderland\CGF\VG_Quickplays\Quake2.html --> www.jdluke.com /CGF/VG_Quickplays Quake2.html
2016.09.08 18:23 B K:\Projects\Creamy's_Wonderland\CGF\VG_Quickplays\Quake2.html --> www.jdluke.com /CGF/VG_Quickplays Quake2.html
2016.09.08 18:24 B K:\Projects\Creamy's_Wonderland\CGF\VG_Quickplays\Quake2.html --> www.jdluke.com /CGF/VG_Quickplays Quake2.html
2016.09.08 18:36 B K:\Projects\Creamy's_Wonderland\CGF\VG_Quickplays\Quake2.html --> www.jdluke.com /CGF/VG_Quickplays Quake2.html
2016.11.12 23:43 B F:\Projects\Creamy's_Wonderland\CGF\VG_Quickplays\MUGEN.html --> www.jdluke.com /CGF/VG_Quickplays MUGEN.html
2017.01.11 23:15 B E:\Projects\Creamy's_Wonderland\CGF\VG_Quickplays\LOZ_OOT.html --> www.jdluke.com /CGF/VG_Quickplays LOZ_OOT.html
2017.01.11 23:18 B E:\Projects\Creamy's_Wonderland\CGF\VG_Quickplays\LOZ_OOT.html --> www.jdluke.com /CGF/VG_Quickplays LOZ_OOT.html
2017.01.11 23:20 B E:\Projects\Creamy's_Wonderland\CGF\VG_Quickplays\LOZ_OOT.html --> www.jdluke.com /CGF/VG_Quickplays LOZ_OOT.html
2017.01.11 23:23 B E:\Projects\Creamy's_Wonderland\CGF\VG_Quickplays\LOZ_OOT.html --> www.jdluke.com /CGF/VG_Quickplays LOZ_OOT.html
2017.11.12 13:56 B E:\Projects\Creamy's_Wonderland\CGF\VG_Quickplays\Quake2.html --> www.jdluke.com /CGF/VG_Quickplays Quake2.html
2017.11.12 14:01 B E:\Projects\Creamy's_Wonderland\CGF\VG_Quickplays\Quake2.html --> www.jdluke.com /CGF/VG_Quickplays Quake2.html
2017.11.12 14:03 B E:\Projects\Creamy's_Wonderland\CGF\VG_Quickplays\Quake2.html --> www.jdluke.com /CGF/VG_Quickplays Quake2.html
2017.11.12 14:03 B E:\Projects\Creamy's_Wonderland\CGF\VG_Quickplays\Quake2.html --> www.jdluke.com /CGF/VG_Quickplays Quake2.html
2017.11.12 14:36 B E:\Projects\Creamy's_Wonderland\CGF\VG_Quickplays\Quake2.html --> www.jdluke.com /CGF/VG_Quickplays Quake2.html
2018.05.27 14:38 B E:\Projects\Creamy's_Wonderland\CGF\VG_Quickplays\Quake2.html --> www.jdluke.com /CGF/VG_Quickplays Quake2.html
2018.05.27 14:41 B E:\Projects\Creamy's_Wonderland\CGF\VG_Quickplays\Quake2.html --> www.jdluke.com /CGF/VG_Quickplays Quake2.html
2018.05.27 14:44 B E:\Projects\Creamy's_Wonderland\CGF\VG_Quickplays\Quake2.html --> www.jdluke.com /CGF/VG_Quickplays Quake2.html
2018.05.28 00:01 B E:\Projects\Creamy's_Wonderland\CGF\VG_Quickplays\Quake2.html --> www.jdluke.com /CGF/VG_Quickplays Quake2.html
2018.05.28 07:07 B E:\Projects\Creamy's_Wonderland\CGF\VG_Quickplays\Quake2.html --> www.jdluke.com /CGF/VG_Quickplays Quake2.html
2018.05.28 07:28 B E:\Projects\Creamy's_Wonderland\CGF\VG_Quickplays\Quake2.html --> www.jdluke.com /CGF/VG_Quickplays Quake2.html
