2003.01.03 06:23 B C:\Projects\Creamy's_Wonderland\archive_page(fs).html <-- Creamy's Wonderland /polycount/cottages/iwow archive_page(fs).html
2003.01.03 06:23 B C:\Projects\Creamy's_Wonderland\archive_page(lfm).html <-- Creamy's Wonderland /polycount/cottages/iwow archive_page(lfm).html
2003.01.03 06:23 B C:\Projects\Creamy's_Wonderland\archive_page.html <-- Creamy's Wonderland /polycount/cottages/iwow archive_page.html
2003.01.03 06:23 B C:\Projects\Creamy's_Wonderland\art_page(fs).html <-- Creamy's Wonderland /polycount/cottages/iwow art_page(fs).html
2003.01.03 06:23 B C:\Projects\Creamy's_Wonderland\art_page(lfm).html <-- Creamy's Wonderland /polycount/cottages/iwow art_page(lfm).html
2003.01.03 06:23 B C:\Projects\Creamy's_Wonderland\art_page.html <-- Creamy's Wonderland /polycount/cottages/iwow art_page.html
2003.01.03 06:23 B C:\Projects\Creamy's_Wonderland\jrascot_intro(fs).html <-- Creamy's Wonderland /polycount/cottages/iwow jrascot_intro(fs).html
2003.01.03 06:23 B C:\Projects\Creamy's_Wonderland\jrascot_intro(lfm).html <-- Creamy's Wonderland /polycount/cottages/iwow jrascot_intro(lfm).html
2003.01.03 06:23 B C:\Projects\Creamy's_Wonderland\jrascot_intro.html <-- Creamy's Wonderland /polycount/cottages/iwow jrascot_intro.html
2003.01.03 06:23 B C:\Projects\Creamy's_Wonderland\links_page(fs).html <-- Creamy's Wonderland /polycount/cottages/iwow links_page(fs).html
2003.01.03 06:23 B C:\Projects\Creamy's_Wonderland\links_page(lfm).html <-- Creamy's Wonderland /polycount/cottages/iwow links_page(lfm).html
2003.01.03 06:23 B C:\Projects\Creamy's_Wonderland\links_page.html <-- Creamy's Wonderland /polycount/cottages/iwow links_page.html
2003.01.03 06:23 B C:\Projects\Creamy's_Wonderland\news01_page.html <-- Creamy's Wonderland /polycount/cottages/iwow news01_page.html
2003.01.03 06:23 B C:\Projects\Creamy's_Wonderland\news02_page.html <-- Creamy's Wonderland /polycount/cottages/iwow news02_page.html
2003.01.03 06:23 B C:\Projects\Creamy's_Wonderland\news03_page.html <-- Creamy's Wonderland /polycount/cottages/iwow news03_page.html
2003.01.03 06:23 B C:\Projects\Creamy's_Wonderland\news04_page.html <-- Creamy's Wonderland /polycount/cottages/iwow news04_page.html
2003.01.03 06:23 B C:\Projects\Creamy's_Wonderland\news05_page.html <-- Creamy's Wonderland /polycount/cottages/iwow news05_page.html
2003.01.03 06:23 B C:\Projects\Creamy's_Wonderland\news06_page.html <-- Creamy's Wonderland /polycount/cottages/iwow news06_page.html
2003.01.03 06:23 B C:\Projects\Creamy's_Wonderland\news07_page.html <-- Creamy's Wonderland /polycount/cottages/iwow news07_page.html
2003.01.03 06:25 B C:\Projects\Creamy's_Wonderland\gbg.gif <-- Creamy's Wonderland /polycount/cottages/iwow gbg.gif
2003.01.03 06:46 B C:\Projects\Creamy's_Wonderland\blrib_banner_thin.gif <-- Creamy's Wonderland /polycount/cottages/iwow blrib_banner_thin.gif
2003.01.03 06:46 B C:\Projects\Creamy's_Wonderland\trbanr.jpg <-- Creamy's Wonderland /polycount/cottages/iwow trbanr.jpg
2003.01.03 06:48 B C:\Projects\Creamy's_Wonderland\rule02.gif <-- Creamy's Wonderland /polycount/cottages/iwow rule02.gif
2003.01.03 18:26 B C:\Projects\Creamy's_Wonderland\jrascot_intro.html --> www.planetquake.com /polycount/cottages/iwow jrascot_intro.html
2003.03.18 18:55 B E:\Projects\Creamy's Wonderland\JRascot_Intro_BKU01.html <-- Creamy's Wonderland /polycount/cottages/iwow JRascot_Intro_BKU01.html
2003.03.18 18:56 B E:\Projects\Creamy's Wonderland\JRascot_Intro.html --> www.planetquake.com /polycount/cottages/iwow JRascot_Intro.html
2003.03.18 18:57 B E:\Projects\Creamy's Wonderland\JRascot_Intro.html --> www.planetquake.com /polycount/cottages/iwow JRascot_Intro.html
2003.03.18 19:01 B E:\Projects\Creamy's Wonderland\JRascot_Intro.html --> www.planetquake.com /polycount/cottages/iwow JRascot_Intro.html
2003.03.20 00:14 B E:\Projects\Creamy's Wonderland\jrascot_intro.html --> www.planetquake.com /polycount/cottages/iwow jrascot_intro.html
2003.03.20 00:14 B E:\Projects\Creamy's Wonderland\art_page.html --> www.planetquake.com /polycount/cottages/iwow art_page.html
2003.03.20 12:27 B E:\Projects\Creamy's Wonderland\jrascot_intro.html --> www.planetquake.com /polycount/cottages/iwow jrascot_intro.html
2003.03.20 16:45 B E:\Projects\Creamy's Wonderland\jrascot_intro.html --> www.planetquake.com /polycount/cottages/iwow jrascot_intro.html
2003.04.07 00:17 B E:\Projects\Creamy's Wonderland\jrascot_intro.html --> www.planetquake.com /polycount/cottages/iwow jrascot_intro.html
2003.04.28 23:54 B E:\Projects\Creamy's Wonderland\jrascot_intro.html --> www.planetquake.com /polycount/cottages/iwow jrascot_intro.html
2003.04.28 23:56 B E:\Projects\Creamy's Wonderland\jrascot_intro.html --> www.planetquake.com /polycount/cottages/iwow jrascot_intro.html
2003.04.29 00:10 B E:\Projects\Creamy's Wonderland\jrascot_intro.html --> www.planetquake.com /polycount/cottages/iwow jrascot_intro.html
2003.05.07 23:59 B E:\Projects\Creamy's Wonderland\jrascot_intro.html --> www.planetquake.com /polycount/cottages/iwow jrascot_intro.html
2003.05.08 01:16 B E:\Projects\Creamy's Wonderland\jrascot_intro.html --> www.planetquake.com /polycount/cottages/iwow jrascot_intro.html
2003.05.08 01:18 B E:\Projects\Creamy's Wonderland\jrascot_intro.html --> www.planetquake.com /polycount/cottages/iwow jrascot_intro.html
2003.05.08 01:20 B E:\Projects\Creamy's Wonderland\jrascot_intro.html --> www.planetquake.com /polycount/cottages/iwow jrascot_intro.html
2003.05.20 22:13 B E:\Projects\Creamy's Wonderland\news08_page.html --> www.planetquake.com /polycount/cottages/iwow news08_page.html
2003.05.20 22:13 B E:\Projects\Creamy's Wonderland\JRascot_Intro.html --> www.planetquake.com /polycount/cottages/iwow JRascot_Intro.html
2003.05.20 22:13 B E:\Projects\Creamy's Wonderland\archive_page.html --> www.planetquake.com /polycount/cottages/iwow archive_page.html
2003.05.20 22:16 B E:\Projects\Creamy's Wonderland\JRascot_Intro.html --> www.planetquake.com /polycount/cottages/iwow JRascot_Intro.html
2003.05.24 01:33 B E:\Projects\Creamy's Wonderland\JRascot_Intro.html --> www.planetquake.com /polycount/cottages/iwow JRascot_Intro.html
2003.05.28 17:01 B E:\Projects\Creamy's Wonderland\JRascot_Intro.html --> www.planetquake.com /polycount/cottages/iwow JRascot_Intro.html
2003.05.28 19:14 B E:\Projects\Creamy's Wonderland\JRascot_Intro.html --> www.planetquake.com /polycount/cottages/iwow JRascot_Intro.html
2003.06.03 23:45 B E:\Projects\Creamy's Wonderland\JRascot_Intro.html --> www.planetquake.com /polycount/cottages/iwow JRascot_Intro.html
2003.06.04 00:03 B E:\Projects\Creamy's Wonderland\JRascot_Intro.html --> www.planetquake.com /polycount/cottages/iwow JRascot_Intro.html
2003.07.10 23:04 B E:\Projects\Creamy's Wonderland\JRascot_Intro.html --> www.planetquake.com /polycount/cottages/iwow JRascot_Intro.html
2003.07.11 00:19 B E:\Projects\Creamy's Wonderland\JRascot_Intro.html --> www.planetquake.com /polycount/cottages/iwow JRascot_Intro.html
2003.07.30 23:58 B E:\Projects\Creamy's Wonderland\JRascot_Intro.html --> www.planetquake.com /polycount/cottages/iwow JRascot_Intro.html
2003.07.30 23:58 B E:\Projects\Creamy's Wonderland\art_page.html --> www.planetquake.com /polycount/cottages/iwow art_page.html
2003.07.30 23:58 B E:\Projects\Creamy's Wonderland\art_page(lfm).html --> www.planetquake.com /polycount/cottages/iwow art_page(lfm).html
2003.07.31 00:08 B E:\Projects\Creamy's Wonderland\JRascot_Intro.html --> www.planetquake.com /polycount/cottages/iwow JRascot_Intro.html
2003.07.31 01:49 B E:\Projects\Creamy's Wonderland\JRascot_Intro.html --> www.planetquake.com /polycount/cottages/iwow JRascot_Intro.html
2003.08.30 23:27 B E:\Projects\Creamy's Wonderland\JRascot_Intro.html --> www.planetquake.com /polycount/cottages/iwow JRascot_Intro.html
2003.08.31 00:23 B E:\Projects\Creamy's Wonderland\JRascot_Intro.html --> www.planetquake.com /polycount/cottages/iwow JRascot_Intro.html
2003.09.29 22:53 B E:\Projects\Creamy's Wonderland\JRascot_Intro.html --> www.planetquake.com /polycount/cottages/iwow JRascot_Intro.html
2003.10.01 18:02 B E:\Projects\Creamy's Wonderland\JRascot_Intro.html --> www.planetquake.com /polycount/cottages/iwow JRascot_Intro.html
2003.10.02 23:26 B E:\Projects\Creamy's Wonderland\JRascot_Intro.html --> www.planetquake.com /polycount/cottages/iwow JRascot_Intro.html
2003.11.11 22:09 B E:\Projects\Creamy's Wonderland\JRascot_Intro.html --> www.planetquake.com /polycount/cottages/iwow JRascot_Intro.html
2004.01.20 22:59 B E:\Projects\Creamy's Wonderland\JRascot_Intro.html --> www.planetquake.com /polycount/cottages/iwow JRascot_Intro.html
2004.10.02 22:00 B E:\Projects\Creamy's Wonderland\JRascot_Intro.html --> hosting.gamespy.com /planetquake/polycount/cottages/iwow JRascot_Intro.html
2004.10.02 22:00 B E:\Projects\Creamy's Wonderland\News09_Page.html --> hosting.gamespy.com /planetquake/polycount/cottages/iwow News09_Page.html
2004.10.02 22:00 B E:\Projects\Creamy's Wonderland\links_page(lfm).html --> hosting.gamespy.com /planetquake/polycount/cottages/iwow links_page(lfm).html
2004.10.02 22:00 B E:\Projects\Creamy's Wonderland\art_page(lfm).html --> hosting.gamespy.com /planetquake/polycount/cottages/iwow art_page(lfm).html
2004.10.02 22:00 B E:\Projects\Creamy's Wonderland\archive_page(lfm).html --> hosting.gamespy.com /planetquake/polycount/cottages/iwow archive_page(lfm).html
2004.10.02 22:00 B E:\Projects\Creamy's Wonderland\jrascot_intro(lfm).html --> hosting.gamespy.com /planetquake/polycount/cottages/iwow jrascot_intro(lfm).html
2004.10.02 22:00 B E:\Projects\Creamy's Wonderland\archive_page.html --> hosting.gamespy.com /planetquake/polycount/cottages/iwow archive_page.html
2004.10.02 22:27 B E:\Projects\Creamy's Wonderland\JRascot_Intro.html --> hosting.gamespy.com /planetquake/polycount/cottages/iwow JRascot_Intro.html
2004.10.03 03:10 B E:\Projects\Creamy's Wonderland\JRascot_Intro.html --> hosting.gamespy.com /planetquake/polycount/cottages/iwow JRascot_Intro.html
2004.10.22 22:49 B E:\Projects\Creamy's Wonderland\JRascot_Intro.html --> hosting.gamespy.com /planetquake/polycount/cottages/iwow JRascot_Intro.html
2004.10.22 22:59 B E:\Projects\Creamy's Wonderland\JRascot_Intro.html --> hosting.gamespy.com /planetquake/polycount/cottages/iwow JRascot_Intro.html
2004.10.23 23:27 B E:\Projects\Creamy's Wonderland\JRascot_Intro.html --> hosting.gamespy.com /planetquake/polycount/cottages/iwow JRascot_Intro.html
2005.06.29 00:36 B E:\Projects\Creamy's Wonderland\JRascot_Intro.html --> hosting.gamespy.com /planetquake/polycount/cottages/iwow JRascot_Intro.html
2005.09.05 15:20 B C:\Projects\Creamy's Wonderland\JRascot_Intro.html --> hosting.gamespy.com /planetquake/polycount/cottages/iwow JRascot_Intro.html
2005.09.05 15:20 B C:\Projects\Creamy's Wonderland\links_page.html --> hosting.gamespy.com /planetquake/polycount/cottages/iwow links_page.html
2005.09.05 15:20 B C:\Projects\Creamy's Wonderland\art_page.html --> hosting.gamespy.com /planetquake/polycount/cottages/iwow art_page.html
2005.09.05 15:20 B C:\Projects\Creamy's Wonderland\art_page(lfm).html --> hosting.gamespy.com /planetquake/polycount/cottages/iwow art_page(lfm).html
2005.09.05 15:57 B C:\Projects\Creamy's Wonderland\links_page.html --> hosting.gamespy.com /planetquake/polycount/cottages/iwow links_page.html
2005.10.02 13:28 B C:\Projects\Creamy's Wonderland\JRascot_Intro.html --> hosting.gamespy.com /planetquake/polycount/cottages/iwow JRascot_Intro.html
2005.10.02 13:34 B C:\Projects\Creamy's Wonderland\JRascot_Intro.html --> hosting.gamespy.com /planetquake/polycount/cottages/iwow JRascot_Intro.html
2005.10.02 22:41 B C:\Projects\Creamy's Wonderland\JRascot_Intro.html --> hosting.gamespy.com /planetquake/polycount/cottages/iwow JRascot_Intro.html
2005.10.02 22:41 B C:\Projects\Creamy's Wonderland\links_page(lfm).html --> hosting.gamespy.com /planetquake/polycount/cottages/iwow links_page(lfm).html
2005.10.02 22:41 B C:\Projects\Creamy's Wonderland\art_page(lfm).html --> hosting.gamespy.com /planetquake/polycount/cottages/iwow art_page(lfm).html
2005.10.02 22:41 B C:\Projects\Creamy's Wonderland\archive_page(lfm).html --> hosting.gamespy.com /planetquake/polycount/cottages/iwow archive_page(lfm).html
2005.10.02 22:41 B C:\Projects\Creamy's Wonderland\jrascot_intro(lfm).html --> hosting.gamespy.com /planetquake/polycount/cottages/iwow jrascot_intro(lfm).html
2005.10.02 22:41 B C:\Projects\Creamy's Wonderland\News06_Page.html --> hosting.gamespy.com /planetquake/polycount/cottages/iwow News06_Page.html
2005.10.02 22:41 B C:\Projects\Creamy's Wonderland\News04_Page.html --> hosting.gamespy.com /planetquake/polycount/cottages/iwow News04_Page.html
2005.10.02 22:41 B C:\Projects\Creamy's Wonderland\News03_Page.html --> hosting.gamespy.com /planetquake/polycount/cottages/iwow News03_Page.html
2005.10.02 22:41 B C:\Projects\Creamy's Wonderland\News02_Page.html --> hosting.gamespy.com /planetquake/polycount/cottages/iwow News02_Page.html
2005.10.02 22:41 B C:\Projects\Creamy's Wonderland\News09_Page.html --> hosting.gamespy.com /planetquake/polycount/cottages/iwow News09_Page.html
2005.10.02 22:41 B C:\Projects\Creamy's Wonderland\News08_Page.html --> hosting.gamespy.com /planetquake/polycount/cottages/iwow News08_Page.html
2005.10.02 22:41 B C:\Projects\Creamy's Wonderland\News07_Page.html --> hosting.gamespy.com /planetquake/polycount/cottages/iwow News07_Page.html
2005.10.02 22:41 B C:\Projects\Creamy's Wonderland\News05_Page.html --> hosting.gamespy.com /planetquake/polycount/cottages/iwow News05_Page.html
2005.10.02 22:58 B C:\Projects\Creamy's Wonderland\JRascot_Intro.html --> hosting.gamespy.com /planetquake/polycount/cottages/iwow JRascot_Intro.html
2005.10.03 00:10 B C:\Projects\Creamy's Wonderland\News06_Page.html --> hosting.gamespy.com /planetquake/polycount/cottages/iwow News06_Page.html
2005.10.03 00:11 B C:\Projects\Creamy's Wonderland\News02_Page.html --> hosting.gamespy.com /planetquake/polycount/cottages/iwow News02_Page.html
2005.10.03 00:11 B C:\Projects\Creamy's Wonderland\News04_Page.html --> hosting.gamespy.com /planetquake/polycount/cottages/iwow News04_Page.html
2005.10.03 00:11 B C:\Projects\Creamy's Wonderland\News03_Page.html --> hosting.gamespy.com /planetquake/polycount/cottages/iwow News03_Page.html
2005.10.03 00:11 B C:\Projects\Creamy's Wonderland\News05_Page.html --> hosting.gamespy.com /planetquake/polycount/cottages/iwow News05_Page.html
2005.10.03 00:22 B C:\Projects\Creamy's Wonderland\News09_Page.html --> hosting.gamespy.com /planetquake/polycount/cottages/iwow News09_Page.html
2005.10.03 00:22 B C:\Projects\Creamy's Wonderland\News08_Page.html --> hosting.gamespy.com /planetquake/polycount/cottages/iwow News08_Page.html
2005.10.03 00:25 B C:\Projects\Creamy's Wonderland\News09_Page.html --> hosting.gamespy.com /planetquake/polycount/cottages/iwow News09_Page.html
2005.10.03 01:09 B C:\Projects\Creamy's Wonderland\JRascot_Intro.html --> hosting.gamespy.com /planetquake/polycount/cottages/iwow JRascot_Intro.html
2006.02.18 22:18 B C:\Projects\Creamy's Wonderland\JRascot_Intro.html --> hosting.gamespy.com /planetquake/polycount/cottages/iwow JRascot_Intro.html
2006.02.18 22:22 B C:\Projects\Creamy's Wonderland\JRascot_Intro.html --> hosting.gamespy.com /planetquake/polycount/cottages/iwow JRascot_Intro.html
2006.02.18 22:36 B C:\Projects\Creamy's Wonderland\JRascot_Intro.html --> hosting.gamespy.com /planetquake/polycount/cottages/iwow JRascot_Intro.html
2006.07.01 15:44 B E:\Projects\Creamy's Wonderland\JRascot_Intro.html --> web.planethosting.gamespy.com /iwow.cottages.polycount.com JRascot_Intro.html
2006.07.01 15:44 B E:\Projects\Creamy's Wonderland\Links_Page(fs).html --> web.planethosting.gamespy.com /iwow.cottages.polycount.com Links_Page(fs).html
2006.07.01 15:44 B E:\Projects\Creamy's Wonderland\JRascot_Intro(fs).html --> web.planethosting.gamespy.com /iwow.cottages.polycount.com JRascot_Intro(fs).html
2006.07.01 15:44 B E:\Projects\Creamy's Wonderland\Art_Page(fs).html --> web.planethosting.gamespy.com /iwow.cottages.polycount.com Art_Page(fs).html
2006.07.01 15:44 B E:\Projects\Creamy's Wonderland\Archive_Page(fs).html --> web.planethosting.gamespy.com /iwow.cottages.polycount.com Archive_Page(fs).html
2006.07.01 15:44 B E:\Projects\Creamy's Wonderland\Links_Page(lfm).html --> web.planethosting.gamespy.com /iwow.cottages.polycount.com Links_Page(lfm).html
2006.07.01 15:44 B E:\Projects\Creamy's Wonderland\Art_Page(lfm).html --> web.planethosting.gamespy.com /iwow.cottages.polycount.com Art_Page(lfm).html
2006.07.01 15:44 B E:\Projects\Creamy's Wonderland\Archive_Page(lfm).html --> web.planethosting.gamespy.com /iwow.cottages.polycount.com Archive_Page(lfm).html
2006.07.01 15:44 B E:\Projects\Creamy's Wonderland\JRascot_Intro(lfm).html --> web.planethosting.gamespy.com /iwow.cottages.polycount.com JRascot_Intro(lfm).html
2006.07.01 15:44 B E:\Projects\Creamy's Wonderland\News05_Page.html --> web.planethosting.gamespy.com /iwow.cottages.polycount.com News05_Page.html
2006.07.01 15:44 B E:\Projects\Creamy's Wonderland\News09_Page.html --> web.planethosting.gamespy.com /iwow.cottages.polycount.com News09_Page.html
2006.07.01 15:44 B E:\Projects\Creamy's Wonderland\News08_Page.html --> web.planethosting.gamespy.com /iwow.cottages.polycount.com News08_Page.html
2006.07.01 15:44 B E:\Projects\Creamy's Wonderland\News07_Page.html --> web.planethosting.gamespy.com /iwow.cottages.polycount.com News07_Page.html
2006.07.01 15:44 B E:\Projects\Creamy's Wonderland\News06_Page.html --> web.planethosting.gamespy.com /iwow.cottages.polycount.com News06_Page.html
2006.07.01 15:44 B E:\Projects\Creamy's Wonderland\News04_Page.html --> web.planethosting.gamespy.com /iwow.cottages.polycount.com News04_Page.html
2006.07.01 15:44 B E:\Projects\Creamy's Wonderland\News03_Page.html --> web.planethosting.gamespy.com /iwow.cottages.polycount.com News03_Page.html
2006.07.01 15:44 B E:\Projects\Creamy's Wonderland\News02_Page.html --> web.planethosting.gamespy.com /iwow.cottages.polycount.com News02_Page.html
2006.07.01 15:44 B E:\Projects\Creamy's Wonderland\News01_Page.html --> web.planethosting.gamespy.com /iwow.cottages.polycount.com News01_Page.html
2006.07.01 15:44 B E:\Projects\Creamy's Wonderland\Art_Page.html --> web.planethosting.gamespy.com /iwow.cottages.polycount.com Art_Page.html
2006.07.01 15:44 B E:\Projects\Creamy's Wonderland\Links_Page.html --> web.planethosting.gamespy.com /iwow.cottages.polycount.com Links_Page.html
2006.07.01 15:44 B E:\Projects\Creamy's Wonderland\Archive_Page.html --> web.planethosting.gamespy.com /iwow.cottages.polycount.com Archive_Page.html
2006.07.01 15:49 B E:\Projects\Creamy's Wonderland\JRascot_Intro.html --> web.planethosting.gamespy.com /iwow.cottages.polycount.com JRascot_Intro.html
2006.07.01 15:49 B E:\Projects\Creamy's Wonderland\Links_Page(fs).html --> web.planethosting.gamespy.com /iwow.cottages.polycount.com Links_Page(fs).html
2006.07.01 15:49 B E:\Projects\Creamy's Wonderland\JRascot_Intro(fs).html --> web.planethosting.gamespy.com /iwow.cottages.polycount.com JRascot_Intro(fs).html
2006.07.01 15:49 B E:\Projects\Creamy's Wonderland\Art_Page(fs).html --> web.planethosting.gamespy.com /iwow.cottages.polycount.com Art_Page(fs).html
2006.07.01 15:49 B E:\Projects\Creamy's Wonderland\Archive_Page(fs).html --> web.planethosting.gamespy.com /iwow.cottages.polycount.com Archive_Page(fs).html
2006.07.01 15:49 B E:\Projects\Creamy's Wonderland\Links_Page(lfm).html --> web.planethosting.gamespy.com /iwow.cottages.polycount.com Links_Page(lfm).html
2006.07.01 15:49 B E:\Projects\Creamy's Wonderland\Art_Page(lfm).html --> web.planethosting.gamespy.com /iwow.cottages.polycount.com Art_Page(lfm).html
2006.07.01 15:49 B E:\Projects\Creamy's Wonderland\Archive_Page(lfm).html --> web.planethosting.gamespy.com /iwow.cottages.polycount.com Archive_Page(lfm).html
2006.07.01 15:49 B E:\Projects\Creamy's Wonderland\JRascot_Intro(lfm).html --> web.planethosting.gamespy.com /iwow.cottages.polycount.com JRascot_Intro(lfm).html
2006.07.01 15:49 B E:\Projects\Creamy's Wonderland\News05_Page.html --> web.planethosting.gamespy.com /iwow.cottages.polycount.com News05_Page.html
2006.07.01 15:49 B E:\Projects\Creamy's Wonderland\News09_Page.html --> web.planethosting.gamespy.com /iwow.cottages.polycount.com News09_Page.html
2006.07.01 15:49 B E:\Projects\Creamy's Wonderland\News08_Page.html --> web.planethosting.gamespy.com /iwow.cottages.polycount.com News08_Page.html
2006.07.01 15:49 B E:\Projects\Creamy's Wonderland\News07_Page.html --> web.planethosting.gamespy.com /iwow.cottages.polycount.com News07_Page.html
2006.07.01 15:49 B E:\Projects\Creamy's Wonderland\News06_Page.html --> web.planethosting.gamespy.com /iwow.cottages.polycount.com News06_Page.html
2006.07.01 15:49 B E:\Projects\Creamy's Wonderland\News04_Page.html --> web.planethosting.gamespy.com /iwow.cottages.polycount.com News04_Page.html
2006.07.01 15:49 B E:\Projects\Creamy's Wonderland\News03_Page.html --> web.planethosting.gamespy.com /iwow.cottages.polycount.com News03_Page.html
2006.07.01 15:49 B E:\Projects\Creamy's Wonderland\News02_Page.html --> web.planethosting.gamespy.com /iwow.cottages.polycount.com News02_Page.html
2006.07.01 15:49 B E:\Projects\Creamy's Wonderland\News01_Page.html --> web.planethosting.gamespy.com /iwow.cottages.polycount.com News01_Page.html
2006.07.01 15:49 B E:\Projects\Creamy's Wonderland\Art_Page.html --> web.planethosting.gamespy.com /iwow.cottages.polycount.com Art_Page.html
2006.07.01 15:49 B E:\Projects\Creamy's Wonderland\Links_Page.html --> web.planethosting.gamespy.com /iwow.cottages.polycount.com Links_Page.html
2006.07.01 15:49 B E:\Projects\Creamy's Wonderland\Archive_Page.html --> web.planethosting.gamespy.com /iwow.cottages.polycount.com Archive_Page.html
2006.07.01 17:01 B E:\Projects\Creamy's Wonderland\index.html --> web.planethosting.gamespy.com /iwow.cottages.polycount.com index.html
2006.07.01 17:07 B E:\Projects\Creamy's Wonderland\JRascot_Intro.html --> web.planethosting.gamespy.com /iwow.cottages.polycount.com JRascot_Intro.html
2006.07.01 17:07 B E:\Projects\Creamy's Wonderland\index.html --> web.planethosting.gamespy.com /iwow.cottages.polycount.com index.html
2006.07.01 17:14 B E:\Projects\Creamy's Wonderland\Art_Page(lfm).html --> web.planethosting.gamespy.com /iwow.cottages.polycount.com Art_Page(lfm).html
2006.07.01 17:16 B E:\Projects\Creamy's Wonderland\Art_Page(lfm).html --> web.planethosting.gamespy.com /iwow.cottages.polycount.com Art_Page(lfm).html
2006.07.01 17:52 B E:\Projects\Creamy's Wonderland\Art_Page(lfm).html --> web.planethosting.gamespy.com /iwow.cottages.polycount.com Art_Page(lfm).html
2006.07.01 18:09 B E:\Projects\Creamy's Wonderland\JRascot_Intro.html --> web.planethosting.gamespy.com /iwow.cottages.polycount.com JRascot_Intro.html
2006.07.01 18:09 B E:\Projects\Creamy's Wonderland\index.html --> web.planethosting.gamespy.com /iwow.cottages.polycount.com index.html
2006.07.01 23:18 B E:\Projects\Creamy's Wonderland\JRascot_Intro.html --> web.planethosting.gamespy.com /iwow.cottages.polycount.com JRascot_Intro.html
2006.07.01 23:18 B E:\Projects\Creamy's Wonderland\index.html --> web.planethosting.gamespy.com /iwow.cottages.polycount.com index.html
2006.07.01 23:23 B E:\Projects\Creamy's Wonderland\Art_Page.html --> web.planethosting.gamespy.com /iwow.cottages.polycount.com Art_Page.html
2006.07.01 23:41 B E:\Projects\Creamy's Wonderland\Links_Page.html --> web.planethosting.gamespy.com /iwow.cottages.polycount.com Links_Page.html
2006.07.02 00:08 B E:\Projects\Creamy's Wonderland\JRascot_Intro.html --> web.planethosting.gamespy.com /iwow.cottages.polycount.com JRascot_Intro.html
2006.07.02 00:08 B E:\Projects\Creamy's Wonderland\index.html --> web.planethosting.gamespy.com /iwow.cottages.polycount.com index.html
2006.07.02 10:41 B E:\Projects\Creamy's Wonderland\JRascot_Intro.html --> web.planethosting.gamespy.com /iwow.cottages.polycount.com JRascot_Intro.html
2006.07.02 10:41 B E:\Projects\Creamy's Wonderland\index.html --> web.planethosting.gamespy.com /iwow.cottages.polycount.com index.html
2006.07.02 11:06 B E:\Projects\Creamy's Wonderland\News07_Page.html --> web.planethosting.gamespy.com /iwow.cottages.polycount.com News07_Page.html
2006.08.30 23:25 B E:\Projects\Creamy's Wonderland\JRascot_Intro.html --> web.planethosting.gamespy.com /iwow.cottages.polycount.com JRascot_Intro.html
2006.08.30 23:25 B E:\Projects\Creamy's Wonderland\index.html --> web.planethosting.gamespy.com /iwow.cottages.polycount.com index.html
2006.10.02 23:26 B E:\Projects\Creamy's Wonderland\JRascot_Intro.html --> web.planethosting.gamespy.com /iwow.cottages.polycount.com JRascot_Intro.html
2006.10.02 23:26 B E:\Projects\Creamy's Wonderland\index.html --> web.planethosting.gamespy.com /iwow.cottages.polycount.com index.html
2006.10.02 23:26 B E:\Projects\Creamy's Wonderland\Links_Page.html --> web.planethosting.gamespy.com /iwow.cottages.polycount.com Links_Page.html
2007.07.01 11:41 B E:\Projects\Creamy's Wonderland\nosfer.zip --> web.planethosting.gamespy.com /iwow.cottages.polycount.com nosfer.zip
2007.07.01 20:10 B E:\Projects\Creamy's Wonderland\Links_Page.html --> web.planethosting.gamespy.com /iwow.cottages.polycount.com Links_Page.html
2007.07.01 20:10 B E:\Projects\Creamy's Wonderland\index.html --> web.planethosting.gamespy.com /iwow.cottages.polycount.com index.html
2007.07.01 20:10 B E:\Projects\Creamy's Wonderland\JRascot_Intro.html --> web.planethosting.gamespy.com /iwow.cottages.polycount.com JRascot_Intro.html
2007.07.01 20:36 B E:\Projects\Creamy's Wonderland\index.html --> web.planethosting.gamespy.com /iwow.cottages.polycount.com index.html
2007.07.01 20:36 B E:\Projects\Creamy's Wonderland\JRascot_Intro.html --> web.planethosting.gamespy.com /iwow.cottages.polycount.com JRascot_Intro.html
2007.07.01 20:39 B E:\Projects\Creamy's Wonderland\index.html --> web.planethosting.gamespy.com /iwow.cottages.polycount.com index.html
2007.07.01 20:39 B E:\Projects\Creamy's Wonderland\JRascot_Intro.html --> web.planethosting.gamespy.com /iwow.cottages.polycount.com JRascot_Intro.html
2007.07.01 20:43 B E:\Projects\Creamy's Wonderland\index.html --> web.planethosting.gamespy.com /iwow.cottages.polycount.com index.html
2007.07.01 20:43 B E:\Projects\Creamy's Wonderland\JRascot_Intro.html --> web.planethosting.gamespy.com /iwow.cottages.polycount.com JRascot_Intro.html
2007.07.01 20:49 B E:\Projects\Creamy's Wonderland\index.html --> web.planethosting.gamespy.com /iwow.cottages.polycount.com index.html
2007.07.01 20:49 B E:\Projects\Creamy's Wonderland\JRascot_Intro.html --> web.planethosting.gamespy.com /iwow.cottages.polycount.com JRascot_Intro.html
2007.07.01 23:33 B E:\Projects\Creamy's Wonderland\JRascot_Intro.html --> web.planethosting.gamespy.com /iwow.cottages.polycount.com JRascot_Intro.html
2007.10.02 21:19 B E:\Projects\Creamy's Wonderland\index.html --> web.planethosting.gamespy.com /iwow.cottages.polycount.com index.html
2007.10.02 21:19 B E:\Projects\Creamy's Wonderland\JRascot_Intro.html --> web.planethosting.gamespy.com /iwow.cottages.polycount.com JRascot_Intro.html
2007.10.02 21:19 B E:\Projects\Creamy's Wonderland\Archive_Page.html --> web.planethosting.gamespy.com /iwow.cottages.polycount.com Archive_Page.html
2007.10.02 21:19 B E:\Projects\Creamy's Wonderland\News10_Page.html --> web.planethosting.gamespy.com /iwow.cottages.polycount.com News10_Page.html
2007.10.02 21:47 B E:\Projects\Creamy's Wonderland\JRascot_Intro.html --> web.planethosting.gamespy.com /iwow.cottages.polycount.com JRascot_Intro.html
2007.10.02 21:47 B E:\Projects\Creamy's Wonderland\index.html --> web.planethosting.gamespy.com /iwow.cottages.polycount.com index.html
2007.12.09 18:18 B E:\Projects\Creamy's Wonderland\JRascot_Intro.html --> web.planethosting.gamespy.com /iwow.cottages.polycount.com JRascot_Intro.html
2007.12.09 18:18 B E:\Projects\Creamy's Wonderland\index.html --> web.planethosting.gamespy.com /iwow.cottages.polycount.com index.html
2007.12.09 18:18 B E:\Projects\Creamy's Wonderland\Links_Page.html --> web.planethosting.gamespy.com /iwow.cottages.polycount.com Links_Page.html
2007.12.09 18:18 B E:\Projects\Creamy's Wonderland\Art_Page(lfm).html --> web.planethosting.gamespy.com /iwow.cottages.polycount.com Art_Page(lfm).html
2007.12.09 18:18 B E:\Projects\Creamy's Wonderland\Art_Page.html --> web.planethosting.gamespy.com /iwow.cottages.polycount.com Art_Page.html
2007.12.09 23:58 B E:\Projects\Creamy's Wonderland\JRascot_Intro.html --> web.planethosting.gamespy.com /iwow.cottages.polycount.com JRascot_Intro.html
2007.12.09 23:59 B E:\Projects\Creamy's Wonderland\index.html --> web.planethosting.gamespy.com /iwow.cottages.polycount.com index.html
2008.04.19 23:20 B E:\Projects\Creamy's Wonderland\JRascot_Intro.html --> web.planethosting.gamespy.com /iwow.cottages.polycount.com JRascot_Intro.html
2008.04.19 23:20 B E:\Projects\Creamy's Wonderland\index.html --> web.planethosting.gamespy.com /iwow.cottages.polycount.com index.html
2008.06.04 23:38 B E:\Projects\Creamy's Wonderland\index.html --> web.planethosting.gamespy.com /iwow.cottages.polycount.com index.html
2008.06.04 23:38 B E:\Projects\Creamy's Wonderland\JRascot_Intro.html --> web.planethosting.gamespy.com /iwow.cottages.polycount.com JRascot_Intro.html
2008.06.04 23:39 B E:\Projects\Creamy's Wonderland\JRascot_Intro.html --> web.planethosting.gamespy.com /iwow.cottages.polycount.com JRascot_Intro.html
2008.06.04 23:39 B E:\Projects\Creamy's Wonderland\index.html --> web.planethosting.gamespy.com /iwow.cottages.polycount.com index.html
2008.06.04 23:42 B E:\Projects\Creamy's Wonderland\index.html --> web.planethosting.gamespy.com /iwow.cottages.polycount.com index.html
2008.06.04 23:42 B E:\Projects\Creamy's Wonderland\JRascot_Intro.html --> web.planethosting.gamespy.com /iwow.cottages.polycount.com JRascot_Intro.html
2008.07.02 19:19 B E:\Projects\Creamy's Wonderland\index.html --> web.planethosting.gamespy.com /iwow.cottages.polycount.com index.html
2008.07.02 19:19 B E:\Projects\Creamy's Wonderland\JRascot_Intro.html --> web.planethosting.gamespy.com /iwow.cottages.polycount.com JRascot_Intro.html
2008.08.16 23:53 B E:\Projects\Creamy's Wonderland\JRascot_Intro.html --> web.planethosting.gamespy.com /iwow.cottages.polycount.com JRascot_Intro.html
2008.08.16 23:53 B E:\Projects\Creamy's Wonderland\index.html --> web.planethosting.gamespy.com /iwow.cottages.polycount.com index.html
2008.08.17 00:30 B E:\Projects\Creamy's Wonderland\JRascot_Intro.html --> web.planethosting.gamespy.com /iwow.cottages.polycount.com JRascot_Intro.html
2008.08.17 00:30 B E:\Projects\Creamy's Wonderland\index.html --> web.planethosting.gamespy.com /iwow.cottages.polycount.com index.html
2008.09.28 23:51 B E:\Projects\Creamy's Wonderland\JRascot_Intro.html --> web.planethosting.gamespy.com /iwow.cottages.polycount.com JRascot_Intro.html
2008.09.28 23:51 B E:\Projects\Creamy's Wonderland\index.html --> web.planethosting.gamespy.com /iwow.cottages.polycount.com index.html
2008.12.02 23:40 B E:\Projects\Creamy's Wonderland\index.html --> web.planethosting.gamespy.com /iwow.cottages.polycount.com index.html
2008.12.02 23:40 B E:\Projects\Creamy's Wonderland\JRascot_Intro.html --> web.planethosting.gamespy.com /iwow.cottages.polycount.com JRascot_Intro.html
2009.03.14 08:37 B E:\Projects\Creamy's Wonderland\Adcode_Test(Text_Only).html --> web.planethosting.gamespy.com /creamyg.planetquake.gamespy.com Adcode_Test(Text_Only).html
2009.03.14 08:38 B E:\Projects\Creamy's Wonderland\Adcode_Test.html --> web.planethosting.gamespy.com /creamyg.planetquake.gamespy.com Adcode_Test.html
2009.04.01 02:38 B E:\Projects\Creamy's Wonderland\index.html --> web.planethosting.gamespy.com /creamyg.planetquake.gamespy.com index.html
2009.04.03 00:13 B E:\Projects\Creamy's Wonderland\index.html --> web.planethosting.gamespy.com /creamyg.planetquake.gamespy.com index.html
2009.04.03 19:54 B E:\Projects\Creamy's Wonderland\JRascot_Intro.html --> web.planethosting.gamespy.com /creamyg.planetquake.gamespy.com JRascot_Intro.html
2009.04.03 19:55 B E:\Projects\Creamy's Wonderland\JRascot_Intro.html --> web.planethosting.gamespy.com /creamyg.planetquake.gamespy.com JRascot_Intro.html
2009.04.03 19:57 B E:\Projects\Creamy's Wonderland\JRascot_Intro.html --> web.planethosting.gamespy.com /creamyg.planetquake.gamespy.com JRascot_Intro.html
2009.04.03 20:02 B E:\Projects\Creamy's Wonderland\Archive_Page.html --> web.planethosting.gamespy.com /creamyg.planetquake.gamespy.com Archive_Page.html
2009.04.03 22:19 B E:\Projects\Creamy's Wonderland\News01_Page.html --> web.planethosting.gamespy.com /creamyg.planetquake.gamespy.com News01_Page.html
2009.04.03 22:22 B E:\Projects\Creamy's Wonderland\News01_Page.html --> web.planethosting.gamespy.com /creamyg.planetquake.gamespy.com News01_Page.html
2009.04.03 22:33 B E:\Projects\Creamy's Wonderland\Archive_Page.html --> web.planethosting.gamespy.com /creamyg.planetquake.gamespy.com Archive_Page.html
2009.04.03 22:36 B E:\Projects\Creamy's Wonderland\News02_Page.html <-- Creamy's Wonderland /creamyg.planetquake.gamespy.com News02_Page.html
2009.04.03 22:36 B E:\Projects\Creamy's Wonderland\News03_Page.html <-- Creamy's Wonderland /creamyg.planetquake.gamespy.com News03_Page.html
2009.04.03 22:36 B E:\Projects\Creamy's Wonderland\News04_Page.html <-- Creamy's Wonderland /creamyg.planetquake.gamespy.com News04_Page.html
2009.04.03 22:36 B E:\Projects\Creamy's Wonderland\News05_Page.html <-- Creamy's Wonderland /creamyg.planetquake.gamespy.com News05_Page.html
2009.04.03 22:36 B E:\Projects\Creamy's Wonderland\News06_Page.html <-- Creamy's Wonderland /creamyg.planetquake.gamespy.com News06_Page.html
2009.04.03 22:36 B E:\Projects\Creamy's Wonderland\News07_Page.html <-- Creamy's Wonderland /creamyg.planetquake.gamespy.com News07_Page.html
2009.04.03 22:36 B E:\Projects\Creamy's Wonderland\News08_Page.html <-- Creamy's Wonderland /creamyg.planetquake.gamespy.com News08_Page.html
2009.04.03 22:36 B E:\Projects\Creamy's Wonderland\News09_Page.html <-- Creamy's Wonderland /creamyg.planetquake.gamespy.com News09_Page.html
2009.04.03 22:36 B E:\Projects\Creamy's Wonderland\News10_Page.html <-- Creamy's Wonderland /creamyg.planetquake.gamespy.com News10_Page.html
2009.04.03 22:38 B E:\Projects\Creamy's Wonderland\News02_Page.html --> web.planethosting.gamespy.com /creamyg.planetquake.gamespy.com News02_Page.html
2009.04.03 22:54 B E:\Projects\Creamy's Wonderland\News03_Page.html --> web.planethosting.gamespy.com /creamyg.planetquake.gamespy.com News03_Page.html
2009.04.03 23:07 B E:\Projects\Creamy's Wonderland\News05_Page.html --> web.planethosting.gamespy.com /creamyg.planetquake.gamespy.com News05_Page.html
2009.04.03 23:22 B E:\Projects\Creamy's Wonderland\News06_Page.html --> web.planethosting.gamespy.com /creamyg.planetquake.gamespy.com News06_Page.html
2009.04.03 23:23 B E:\Projects\Creamy's Wonderland\News06_Page.html --> web.planethosting.gamespy.com /creamyg.planetquake.gamespy.com News06_Page.html
2009.04.03 23:24 B E:\Projects\Creamy's Wonderland\News06_Page.html --> web.planethosting.gamespy.com /creamyg.planetquake.gamespy.com News06_Page.html
2009.04.04 00:08 B E:\Projects\Creamy's Wonderland\News08_Page.html --> web.planethosting.gamespy.com /creamyg.planetquake.gamespy.com News08_Page.html
2009.04.04 00:10 B E:\Projects\Creamy's Wonderland\News09_Page.html --> web.planethosting.gamespy.com /creamyg.planetquake.gamespy.com News09_Page.html
2009.04.04 00:12 B E:\Projects\Creamy's Wonderland\News09_Page.html --> web.planethosting.gamespy.com /creamyg.planetquake.gamespy.com News09_Page.html
2009.04.04 00:14 B E:\Projects\Creamy's Wonderland\News03_Page.html --> web.planethosting.gamespy.com /creamyg.planetquake.gamespy.com News03_Page.html
2009.04.04 00:20 B E:\Projects\Creamy's Wonderland\News09_Page.html --> web.planethosting.gamespy.com /creamyg.planetquake.gamespy.com News09_Page.html
2009.04.05 15:57 B E:\Projects\Creamy's Wonderland\News02_Page.html --> web.planethosting.gamespy.com /creamyg.planetquake.gamespy.com News02_Page.html
2009.04.05 16:01 B E:\Projects\Creamy's Wonderland\News03_Page.html --> web.planethosting.gamespy.com /creamyg.planetquake.gamespy.com News03_Page.html
2009.04.05 16:13 B E:\Projects\Creamy's Wonderland\News04_Page.html --> web.planethosting.gamespy.com /creamyg.planetquake.gamespy.com News04_Page.html
2009.04.05 16:16 B E:\Projects\Creamy's Wonderland\News05_Page.html --> web.planethosting.gamespy.com /creamyg.planetquake.gamespy.com News05_Page.html
2009.04.05 16:31 B E:\Projects\Creamy's Wonderland\News06_Page.html --> web.planethosting.gamespy.com /creamyg.planetquake.gamespy.com News06_Page.html
2009.04.05 16:33 B E:\Projects\Creamy's Wonderland\News06_Page.html --> web.planethosting.gamespy.com /creamyg.planetquake.gamespy.com News06_Page.html
2009.04.05 16:37 B E:\Projects\Creamy's Wonderland\News07_Page.html --> web.planethosting.gamespy.com /creamyg.planetquake.gamespy.com News07_Page.html
2009.04.05 16:40 B E:\Projects\Creamy's Wonderland\News08_Page.html --> web.planethosting.gamespy.com /creamyg.planetquake.gamespy.com News08_Page.html
2009.04.05 16:42 B E:\Projects\Creamy's Wonderland\News09_Page.html --> web.planethosting.gamespy.com /creamyg.planetquake.gamespy.com News09_Page.html
2009.04.05 16:48 B E:\Projects\Creamy's Wonderland\News10_Page.html --> web.planethosting.gamespy.com /creamyg.planetquake.gamespy.com News10_Page.html
2009.04.05 16:56 B E:\Projects\Creamy's Wonderland\Archive_Page.html --> web.planethosting.gamespy.com /creamyg.planetquake.gamespy.com Archive_Page.html
2009.04.05 16:56 B E:\Projects\Creamy's Wonderland\Links_Page.html --> web.planethosting.gamespy.com /creamyg.planetquake.gamespy.com Links_Page.html
2009.04.05 16:58 B E:\Projects\Creamy's Wonderland\Links_Page.html --> web.planethosting.gamespy.com /creamyg.planetquake.gamespy.com Links_Page.html
2009.04.05 17:10 B E:\Projects\Creamy's Wonderland\Links_Page.html --> web.planethosting.gamespy.com /creamyg.planetquake.gamespy.com Links_Page.html
2009.04.08 16:49 B E:\Projects\Creamy's Wonderland\News10_Page.html --> web.planethosting.gamespy.com /creamyg.planetquake.gamespy.com News10_Page.html
2009.04.08 16:49 B E:\Projects\Creamy's Wonderland\Archive_Page.html --> web.planethosting.gamespy.com /creamyg.planetquake.gamespy.com Archive_Page.html
2009.04.08 16:49 B E:\Projects\Creamy's Wonderland\News09_Page.html --> web.planethosting.gamespy.com /creamyg.planetquake.gamespy.com News09_Page.html
2009.04.08 16:49 B E:\Projects\Creamy's Wonderland\News08_Page.html --> web.planethosting.gamespy.com /creamyg.planetquake.gamespy.com News08_Page.html
2009.04.08 16:49 B E:\Projects\Creamy's Wonderland\News07_Page.html --> web.planethosting.gamespy.com /creamyg.planetquake.gamespy.com News07_Page.html
2009.04.08 16:49 B E:\Projects\Creamy's Wonderland\News06_Page.html --> web.planethosting.gamespy.com /creamyg.planetquake.gamespy.com News06_Page.html
2009.04.08 16:49 B E:\Projects\Creamy's Wonderland\News05_Page.html --> web.planethosting.gamespy.com /creamyg.planetquake.gamespy.com News05_Page.html
2009.04.08 16:49 B E:\Projects\Creamy's Wonderland\News04_Page.html --> web.planethosting.gamespy.com /creamyg.planetquake.gamespy.com News04_Page.html
2009.04.08 16:49 B E:\Projects\Creamy's Wonderland\News03_Page.html --> web.planethosting.gamespy.com /creamyg.planetquake.gamespy.com News03_Page.html
2009.04.08 16:49 B E:\Projects\Creamy's Wonderland\JRascot_Intro.html --> web.planethosting.gamespy.com /creamyg.planetquake.gamespy.com JRascot_Intro.html
2009.04.08 16:50 B E:\Projects\Creamy's Wonderland\JRascot_Intro.html --> web.planethosting.gamespy.com /creamyg.planetquake.gamespy.com JRascot_Intro.html
2009.04.08 16:51 B E:\Projects\Creamy's Wonderland\JRascot_Intro.html --> web.planethosting.gamespy.com /creamyg.planetquake.gamespy.com JRascot_Intro.html
2009.05.02 19:05 B E:\Projects\Creamy's Wonderland\index.html --> web.planethosting.gamespy.com /creamyg.planetquake.gamespy.com index.html
2009.05.02 19:07 B E:\Projects\Creamy's Wonderland\index.html --> web.planethosting.gamespy.com /creamyg.planetquake.gamespy.com index.html
2009.05.03 04:05 B E:\Projects\Creamy's Wonderland\index.html --> web.planethosting.gamespy.com /creamyg.planetquake.gamespy.com index.html
2009.05.03 23:53 B E:\Projects\Creamy's Wonderland\Art_Page.html --> web.planethosting.gamespy.com /creamyg.planetquake.gamespy.com Art_Page.html
2009.05.04 02:27 B E:\Projects\Creamy's Wonderland\Links_Page(fs).html --> web.planethosting.gamespy.com /creamyg.planetquake.gamespy.com Links_Page(fs).html
2009.05.04 02:27 B E:\Projects\Creamy's Wonderland\JRascot_Intro(fs).html --> web.planethosting.gamespy.com /creamyg.planetquake.gamespy.com JRascot_Intro(fs).html
2009.05.04 02:27 B E:\Projects\Creamy's Wonderland\Art_Page(fs).html --> web.planethosting.gamespy.com /creamyg.planetquake.gamespy.com Art_Page(fs).html
2009.05.04 02:27 B E:\Projects\Creamy's Wonderland\Archive_Page(fs).html --> web.planethosting.gamespy.com /creamyg.planetquake.gamespy.com Archive_Page(fs).html
2009.05.04 02:31 B E:\Projects\Creamy's Wonderland\Links_Page(fs).html --> web.planethosting.gamespy.com /creamyg.planetquake.gamespy.com Links_Page(fs).html
2009.05.04 02:31 B E:\Projects\Creamy's Wonderland\JRascot_Intro(fs).html --> web.planethosting.gamespy.com /creamyg.planetquake.gamespy.com JRascot_Intro(fs).html
2009.05.04 02:31 B E:\Projects\Creamy's Wonderland\Art_Page(fs).html --> web.planethosting.gamespy.com /creamyg.planetquake.gamespy.com Art_Page(fs).html
2009.05.04 02:31 B E:\Projects\Creamy's Wonderland\Archive_Page(fs).html --> web.planethosting.gamespy.com /creamyg.planetquake.gamespy.com Archive_Page(fs).html
2009.05.04 18:21 B E:\Projects\Creamy's Wonderland\index.html --> web.planethosting.gamespy.com /creamyg.planetquake.gamespy.com index.html
2009.05.04 18:31 B E:\Projects\Creamy's Wonderland\Links_Page(fs).html <-- Creamy's Wonderland /creamyg.planetquake.gamespy.com Links_Page(fs).html
2009.05.04 18:31 B E:\Projects\Creamy's Wonderland\JRascot_Intro(fs).html <-- Creamy's Wonderland /creamyg.planetquake.gamespy.com JRascot_Intro(fs).html
2009.05.04 18:31 B E:\Projects\Creamy's Wonderland\Art_Page(fs).html <-- Creamy's Wonderland /creamyg.planetquake.gamespy.com Art_Page(fs).html
2009.05.04 18:31 B E:\Projects\Creamy's Wonderland\Archive_Page(fs).html <-- Creamy's Wonderland /creamyg.planetquake.gamespy.com Archive_Page(fs).html
2009.05.04 18:31 B E:\Projects\Creamy's Wonderland\Art_Page.html <-- Creamy's Wonderland /creamyg.planetquake.gamespy.com Art_Page.html
2009.05.04 18:31 B E:\Projects\Creamy's Wonderland\News10_Page.html <-- Creamy's Wonderland /creamyg.planetquake.gamespy.com News10_Page.html
2009.05.04 18:31 B E:\Projects\Creamy's Wonderland\News09_Page.html <-- Creamy's Wonderland /creamyg.planetquake.gamespy.com News09_Page.html
2009.05.04 18:31 B E:\Projects\Creamy's Wonderland\News08_Page.html <-- Creamy's Wonderland /creamyg.planetquake.gamespy.com News08_Page.html
2009.05.04 18:31 B E:\Projects\Creamy's Wonderland\News07_Page.html <-- Creamy's Wonderland /creamyg.planetquake.gamespy.com News07_Page.html
2009.05.04 18:31 B E:\Projects\Creamy's Wonderland\News06_Page.html <-- Creamy's Wonderland /creamyg.planetquake.gamespy.com News06_Page.html
2009.05.04 18:31 B E:\Projects\Creamy's Wonderland\News05_Page.html <-- Creamy's Wonderland /creamyg.planetquake.gamespy.com News05_Page.html
2009.05.04 18:31 B E:\Projects\Creamy's Wonderland\News04_Page.html <-- Creamy's Wonderland /creamyg.planetquake.gamespy.com News04_Page.html
2009.05.04 18:31 B E:\Projects\Creamy's Wonderland\News03_Page.html <-- Creamy's Wonderland /creamyg.planetquake.gamespy.com News03_Page.html
2009.05.04 18:31 B E:\Projects\Creamy's Wonderland\News02_Page.html <-- Creamy's Wonderland /creamyg.planetquake.gamespy.com News02_Page.html
2009.05.04 18:31 B E:\Projects\Creamy's Wonderland\News01_Page.html <-- Creamy's Wonderland /creamyg.planetquake.gamespy.com News01_Page.html
2009.05.04 18:31 B E:\Projects\Creamy's Wonderland\Links_Page.html <-- Creamy's Wonderland /creamyg.planetquake.gamespy.com Links_Page.html
2009.05.04 18:31 B E:\Projects\Creamy's Wonderland\Links_Page(lfm).html <-- Creamy's Wonderland /creamyg.planetquake.gamespy.com Links_Page(lfm).html
2009.05.04 18:31 B E:\Projects\Creamy's Wonderland\JRascot_Intro.html <-- Creamy's Wonderland /creamyg.planetquake.gamespy.com JRascot_Intro.html
2009.05.04 18:31 B E:\Projects\Creamy's Wonderland\JRascot_Intro(lfm).html <-- Creamy's Wonderland /creamyg.planetquake.gamespy.com JRascot_Intro(lfm).html
2009.05.04 18:31 B E:\Projects\Creamy's Wonderland\Art_Page(lfm).html <-- Creamy's Wonderland /creamyg.planetquake.gamespy.com Art_Page(lfm).html
2009.05.04 18:31 B E:\Projects\Creamy's Wonderland\Archive_Page.html <-- Creamy's Wonderland /creamyg.planetquake.gamespy.com Archive_Page.html
2009.05.04 18:31 B E:\Projects\Creamy's Wonderland\Archive_Page(lfm).html <-- Creamy's Wonderland /creamyg.planetquake.gamespy.com Archive_Page(lfm).html
2009.05.04 18:54 B E:\Projects\Creamy's Wonderland\Links_Page.html --> web.planethosting.gamespy.com /creamyg.planetquake.gamespy.com Links_Page.html
2009.05.04 18:54 B E:\Projects\Creamy's Wonderland\News10_Page.html --> web.planethosting.gamespy.com /creamyg.planetquake.gamespy.com News10_Page.html
2009.05.04 18:54 B E:\Projects\Creamy's Wonderland\News09_Page.html --> web.planethosting.gamespy.com /creamyg.planetquake.gamespy.com News09_Page.html
2009.05.04 18:54 B E:\Projects\Creamy's Wonderland\News08_Page.html --> web.planethosting.gamespy.com /creamyg.planetquake.gamespy.com News08_Page.html
2009.05.04 18:54 B E:\Projects\Creamy's Wonderland\News07_Page.html --> web.planethosting.gamespy.com /creamyg.planetquake.gamespy.com News07_Page.html
2009.05.04 18:54 B E:\Projects\Creamy's Wonderland\News05_Page.html --> web.planethosting.gamespy.com /creamyg.planetquake.gamespy.com News05_Page.html
2009.05.04 18:54 B E:\Projects\Creamy's Wonderland\News04_Page.html --> web.planethosting.gamespy.com /creamyg.planetquake.gamespy.com News04_Page.html
2009.05.04 18:54 B E:\Projects\Creamy's Wonderland\News03_Page.html --> web.planethosting.gamespy.com /creamyg.planetquake.gamespy.com News03_Page.html
2009.05.04 18:54 B E:\Projects\Creamy's Wonderland\News02_Page.html --> web.planethosting.gamespy.com /creamyg.planetquake.gamespy.com News02_Page.html
2009.05.04 18:54 B E:\Projects\Creamy's Wonderland\News06_Page.html --> web.planethosting.gamespy.com /creamyg.planetquake.gamespy.com News06_Page.html
2009.05.04 18:54 B E:\Projects\Creamy's Wonderland\News01_Page.html --> web.planethosting.gamespy.com /creamyg.planetquake.gamespy.com News01_Page.html
2009.05.04 18:54 B E:\Projects\Creamy's Wonderland\Links_Page(lfm).html --> web.planethosting.gamespy.com /creamyg.planetquake.gamespy.com Links_Page(lfm).html
2009.05.04 18:54 B E:\Projects\Creamy's Wonderland\JRascot_Intro.html --> web.planethosting.gamespy.com /creamyg.planetquake.gamespy.com JRascot_Intro.html
2009.05.04 18:54 B E:\Projects\Creamy's Wonderland\JRascot_Intro(lfm).html --> web.planethosting.gamespy.com /creamyg.planetquake.gamespy.com JRascot_Intro(lfm).html
2009.05.04 18:54 B E:\Projects\Creamy's Wonderland\Art_Page.html --> web.planethosting.gamespy.com /creamyg.planetquake.gamespy.com Art_Page.html
2009.05.04 18:54 B E:\Projects\Creamy's Wonderland\Art_Page(lfm).html --> web.planethosting.gamespy.com /creamyg.planetquake.gamespy.com Art_Page(lfm).html
2009.05.04 18:54 B E:\Projects\Creamy's Wonderland\Archive_Page.html --> web.planethosting.gamespy.com /creamyg.planetquake.gamespy.com Archive_Page.html
2009.05.04 18:54 B E:\Projects\Creamy's Wonderland\Archive_Page(lfm).html --> web.planethosting.gamespy.com /creamyg.planetquake.gamespy.com Archive_Page(lfm).html
2009.05.16 22:37 B E:\Projects\Creamy's Wonderland\index.html --> web.planethosting.gamespy.com /creamyg.planetquake.gamespy.com index.html
2009.05.17 03:15 B E:\Projects\Creamy's Wonderland\JRascot_Intro.html --> web.planethosting.gamespy.com /creamyg.planetquake.gamespy.com JRascot_Intro.html
2009.05.17 03:15 B E:\Projects\Creamy's Wonderland\index.html --> web.planethosting.gamespy.com /creamyg.planetquake.gamespy.com index.html
2009.05.17 03:22 B E:\Projects\Creamy's Wonderland\JRascot_Intro.html --> web.planethosting.gamespy.com /creamyg.planetquake.gamespy.com JRascot_Intro.html
2009.05.17 03:22 B E:\Projects\Creamy's Wonderland\index.html --> web.planethosting.gamespy.com /creamyg.planetquake.gamespy.com index.html
2009.08.11 23:51 B E:\Projects\Creamy's Wonderland\JRascot_Intro.html --> web.planethosting.gamespy.com /creamyg.planetquake.gamespy.com JRascot_Intro.html
2009.08.11 23:51 B E:\Projects\Creamy's Wonderland\index.html --> web.planethosting.gamespy.com /creamyg.planetquake.gamespy.com index.html
2009.08.12 00:09 B E:\Projects\Creamy's Wonderland\JRascot_Intro.html --> web.planethosting.gamespy.com /creamyg.planetquake.gamespy.com JRascot_Intro.html
2009.08.12 00:09 B E:\Projects\Creamy's Wonderland\index.html --> web.planethosting.gamespy.com /creamyg.planetquake.gamespy.com index.html
2009.08.18 02:51 B E:\Projects\Creamy's Wonderland\JRascot_Intro.html --> web.planethosting.gamespy.com /creamyg.planetquake.gamespy.com JRascot_Intro.html
2009.08.18 02:51 B E:\Projects\Creamy's Wonderland\index.html --> web.planethosting.gamespy.com /creamyg.planetquake.gamespy.com index.html
2009.08.18 02:54 B E:\Projects\Creamy's Wonderland\JRascot_Intro.html --> web.planethosting.gamespy.com /creamyg.planetquake.gamespy.com JRascot_Intro.html
2009.08.18 02:54 B E:\Projects\Creamy's Wonderland\index.html --> web.planethosting.gamespy.com /creamyg.planetquake.gamespy.com index.html
2009.08.29 20:48 B E:\Projects\Creamy's Wonderland\index.html --> ftp.hugelaser.com / index.html
2009.08.30 18:41 B E:\Projects\Creamy's Wonderland\Adcode_Test(HL).html --> ftp.hugelaser.com / Adcode_Test(HL).html
2009.08.30 18:48 B E:\Projects\Creamy's Wonderland\Adcode_Test(HL).html --> ftp.hugelaser.com / Adcode_Test(HL).html
2009.08.30 19:34 B E:\Projects\Creamy's Wonderland\IGN\index.html <-- Creamy's Wonderland (HL) / index.html
2009.08.30 19:35 B E:\Projects\Creamy's Wonderland\IGN\index.html <-- Creamy's Wonderland /creamyg.planetquake.gamespy.com index.html
2009.09.01 00:04 B E:\Projects\Creamy's_Wonderland\IGN\rule02.gif --> ftp.hugelaser.com / rule02.gif
2009.09.01 00:05 B E:\Projects\Creamy's_Wonderland\IGN\index.html --> ftp.hugelaser.com / index.html
