2009.09.11 21:57 B E:\Projects\Creamy's_Wonderland\Builds\Builds_-_CES(fs).html --> ftp.hugelaser.com /Builds Builds_-_CES(fs).html
2009.09.11 21:57 B E:\Projects\Creamy's_Wonderland\Builds\Builds_-_CES(lfm).html --> ftp.hugelaser.com /Builds Builds_-_CES(lfm).html
2009.09.11 21:57 B E:\Projects\Creamy's_Wonderland\Builds\Builds_-_Main_Page(fs).html --> ftp.hugelaser.com /Builds Builds_-_Main_Page(fs).html
2009.09.11 21:57 B E:\Projects\Creamy's_Wonderland\Builds\Builds_-_Main_Page(lfm).html --> ftp.hugelaser.com /Builds Builds_-_Main_Page(lfm).html
2009.09.11 21:59 B E:\Projects\Creamy's_Wonderland\Builds\Builds_-_Main_Page(lfm).html --> ftp.hugelaser.com /Builds Builds_-_Main_Page(lfm).html
2009.09.11 22:25 B E:\Projects\Creamy's_Wonderland\Builds\Builds_-_Main_Page(fs).html --> ftp.hugelaser.com /Builds Builds_-_Main_Page(fs).html
2009.09.11 22:25 B E:\Projects\Creamy's_Wonderland\Builds\Builds_-_Main_Page(lfm).html --> ftp.hugelaser.com /Builds Builds_-_Main_Page(lfm).html
2009.09.11 22:33 B E:\Projects\Creamy's_Wonderland\Builds\Builds_-_Main_Page(lfm).html --> ftp.hugelaser.com /Builds Builds_-_Main_Page(lfm).html
2009.09.11 22:36 B E:\Projects\Creamy's_Wonderland\Builds\Builds_-_Main_Page(fs).html --> ftp.hugelaser.com /Builds Builds_-_Main_Page(fs).html
2009.09.11 22:46 B E:\Projects\Creamy's_Wonderland\Builds\Builds_-_Main_Page(fs).html --> ftp.hugelaser.com /Builds Builds_-_Main_Page(fs).html
2009.09.11 22:46 B E:\Projects\Creamy's_Wonderland\Builds\Builds_-_Main_Page(lfm).html --> ftp.hugelaser.com /Builds Builds_-_Main_Page(lfm).html
2009.09.11 23:12 B E:\Projects\Creamy's_Wonderland\Builds\Builds_-_Main_Page(fs).html --> ftp.hugelaser.com /Builds Builds_-_Main_Page(fs).html
2009.09.11 23:12 B E:\Projects\Creamy's_Wonderland\Builds\Builds_-_Main_Page(lfm).html --> ftp.hugelaser.com /Builds Builds_-_Main_Page(lfm).html
2009.09.12 20:59 B E:\Projects\Creamy's_Wonderland\Builds\Builds_-_Main_Page(lfm).html --> ftp.hugelaser.com /Builds Builds_-_Main_Page(lfm).html
2009.09.12 23:23 B E:\Projects\Creamy's_Wonderland\Builds\Builds_-_Main_Page(lfm).html --> ftp.hugelaser.com /Builds Builds_-_Main_Page(lfm).html
2009.09.13 01:45 B E:\Projects\Creamy's_Wonderland\Builds\Builds_-_Main_Page(fs).html --> ftp.hugelaser.com /Builds Builds_-_Main_Page(fs).html
2009.09.13 19:16 B E:\Projects\Creamy's_Wonderland\Builds\Builds_-_Main_Page.html --> ftp.hugelaser.com /Builds Builds_-_Main_Page.html
2009.09.13 19:24 B E:\Projects\Creamy's_Wonderland\Builds\Builds_-_Main_Page.html --> ftp.hugelaser.com /Builds Builds_-_Main_Page.html
2009.09.13 19:28 B E:\Projects\Creamy's_Wonderland\Builds\Builds_-_Main_Page.html --> ftp.hugelaser.com /Builds Builds_-_Main_Page.html
2009.09.24 22:14 B E:\Projects\Creamy's_Wonderland\Builds\Builds_-_Main_Page.html --> ftp.hugelaser.com /Builds Builds_-_Main_Page.html
2009.11.01 15:19 B E:\Projects\Creamy's_Wonderland\Builds\Builds_-_Main_Page.html --> ftp.hugelaser.com /Builds Builds_-_Main_Page.html
2013.12.12 21:13 B E:\Projects\Creamy's_Wonderland\Builds\Builds_-_Main_Page(fs).html --> www.jdluke.com /Builds Builds_-_Main_Page(fs).html
2013.12.12 21:13 B E:\Projects\Creamy's_Wonderland\Builds\Builds_-_Main_Page(lfm).html --> www.jdluke.com /Builds Builds_-_Main_Page(lfm).html
2013.12.12 21:13 B E:\Projects\Creamy's_Wonderland\Builds\Builds_-_Main_Page.html --> www.jdluke.com /Builds Builds_-_Main_Page.html
2014.01.12 22:18 B E:\Projects\Creamy's_Wonderland\Builds\Builds_-_Main_Page(fs).html --> www.jdluke.com /Builds Builds_-_Main_Page(fs).html
2014.01.12 22:18 B E:\Projects\Creamy's_Wonderland\Builds\Builds_-_Main_Page.html --> www.jdluke.com /Builds Builds_-_Main_Page.html
2014.01.12 22:19 B E:\Projects\Creamy's_Wonderland\Builds\Builds_-_Main_Page(lfm).html --> www.jdluke.com /Builds Builds_-_Main_Page(lfm).html
2014.01.12 23:53 B E:\Projects\Creamy's_Wonderland\Builds\Builds_-_Main_Page(lfm).html --> www.jdluke.com /Builds Builds_-_Main_Page(lfm).html
