2005.09.29 19:01 B C:\Projects\Creamy's Wonderland\Games\Stepmania\BTL.jpg --> hosting.gamespy.com /planetquake/polycount/cottages/iwow/Games/Stepmania BTL.jpg
2005.09.29 19:01 B C:\Projects\Creamy's Wonderland\Games\Stepmania\Conscious.jpg --> hosting.gamespy.com /planetquake/polycount/cottages/iwow/Games/Stepmania Conscious.jpg
2005.09.29 19:01 B C:\Projects\Creamy's Wonderland\Games\Stepmania\CreamyMix_1.jpg --> hosting.gamespy.com /planetquake/polycount/cottages/iwow/Games/Stepmania CreamyMix_1.jpg
2005.09.29 19:01 B C:\Projects\Creamy's Wonderland\Games\Stepmania\Groove.jpg --> hosting.gamespy.com /planetquake/polycount/cottages/iwow/Games/Stepmania Groove.jpg
2005.09.29 19:01 B C:\Projects\Creamy's Wonderland\Games\Stepmania\HRCR.jpg --> hosting.gamespy.com /planetquake/polycount/cottages/iwow/Games/Stepmania HRCR.jpg
2005.09.29 19:01 B C:\Projects\Creamy's Wonderland\Games\Stepmania\Macadamia.jpg --> hosting.gamespy.com /planetquake/polycount/cottages/iwow/Games/Stepmania Macadamia.jpg
2005.09.29 19:01 B C:\Projects\Creamy's Wonderland\Games\Stepmania\Marelle.jpg --> hosting.gamespy.com /planetquake/polycount/cottages/iwow/Games/Stepmania Marelle.jpg
2005.09.29 19:01 B C:\Projects\Creamy's Wonderland\Games\Stepmania\Westin.jpg --> hosting.gamespy.com /planetquake/polycount/cottages/iwow/Games/Stepmania Westin.jpg
2005.09.30 00:18 B C:\Projects\Creamy's Wonderland\Games\Stepmania\meter-beginner.gif --> hosting.gamespy.com /planetquake/polycount/cottages/iwow/Games/Stepmania meter-beginner.gif
2005.09.30 00:18 B C:\Projects\Creamy's Wonderland\Games\Stepmania\meter-challenge.gif --> hosting.gamespy.com /planetquake/polycount/cottages/iwow/Games/Stepmania meter-challenge.gif
2005.09.30 00:18 B C:\Projects\Creamy's Wonderland\Games\Stepmania\meter-heavy.gif --> hosting.gamespy.com /planetquake/polycount/cottages/iwow/Games/Stepmania meter-heavy.gif
2005.09.30 00:18 B C:\Projects\Creamy's Wonderland\Games\Stepmania\meter-light.gif --> hosting.gamespy.com /planetquake/polycount/cottages/iwow/Games/Stepmania meter-light.gif
2005.09.30 00:18 B C:\Projects\Creamy's Wonderland\Games\Stepmania\meter-standard.gif --> hosting.gamespy.com /planetquake/polycount/cottages/iwow/Games/Stepmania meter-standard.gif
2005.10.01 12:09 B C:\Projects\Creamy's Wonderland\Games\Stepmania\meter-beginner.gif --> hosting.gamespy.com /planetquake/polycount/cottages/iwow/Games/Stepmania meter-beginner.gif
2005.10.01 12:09 B C:\Projects\Creamy's Wonderland\Games\Stepmania\meter-challenge.gif --> hosting.gamespy.com /planetquake/polycount/cottages/iwow/Games/Stepmania meter-challenge.gif
2005.10.01 12:09 B C:\Projects\Creamy's Wonderland\Games\Stepmania\meter-heavy.gif --> hosting.gamespy.com /planetquake/polycount/cottages/iwow/Games/Stepmania meter-heavy.gif
2005.10.01 12:09 B C:\Projects\Creamy's Wonderland\Games\Stepmania\meter-light.gif --> hosting.gamespy.com /planetquake/polycount/cottages/iwow/Games/Stepmania meter-light.gif
2005.10.01 12:09 B C:\Projects\Creamy's Wonderland\Games\Stepmania\meter-standard.gif --> hosting.gamespy.com /planetquake/polycount/cottages/iwow/Games/Stepmania meter-standard.gif
2005.10.01 20:16 B C:\Projects\Creamy's Wonderland\Games\Stepmania\Plaguemix Series.jpg --> hosting.gamespy.com /planetquake/polycount/cottages/iwow/Games/Stepmania Plaguemix Series.jpg
2005.10.01 20:29 B C:\Projects\Creamy's Wonderland\Games\Stepmania\DancingWipEout01.jpg --> hosting.gamespy.com /planetquake/polycount/cottages/iwow/Games/Stepmania DancingWipEout01.jpg
2005.10.01 20:30 B C:\Projects\Creamy's Wonderland\Games\Stepmania\DancingWipEout02.jpg --> hosting.gamespy.com /planetquake/polycount/cottages/iwow/Games/Stepmania DancingWipEout02.jpg
2005.10.02 11:35 B C:\Projects\Creamy's Wonderland\Games\Stepmania\CreamyMix_1.jpg --> hosting.gamespy.com /planetquake/polycount/cottages/iwow/Games/Stepmania CreamyMix_1.jpg
2005.10.02 22:42 B C:\Projects\Creamy's Wonderland\Games\Stepmania\Songpacks_Page.html --> hosting.gamespy.com /planetquake/polycount/cottages/iwow/Games/Stepmania Songpacks_Page.html
2005.10.02 22:42 B C:\Projects\Creamy's Wonderland\Games\Stepmania\Stepmania_Intro.html --> hosting.gamespy.com /planetquake/polycount/cottages/iwow/Games/Stepmania Stepmania_Intro.html
2005.10.02 22:42 B C:\Projects\Creamy's Wonderland\Games\Stepmania\Songpacks_Page(fs).html --> hosting.gamespy.com /planetquake/polycount/cottages/iwow/Games/Stepmania Songpacks_Page(fs).html
2005.10.02 22:42 B C:\Projects\Creamy's Wonderland\Games\Stepmania\Stepmania_Intro(fs).html --> hosting.gamespy.com /planetquake/polycount/cottages/iwow/Games/Stepmania Stepmania_Intro(fs).html
2005.10.02 22:42 B C:\Projects\Creamy's Wonderland\Games\Stepmania\Songpacks_Page(lfm).html --> hosting.gamespy.com /planetquake/polycount/cottages/iwow/Games/Stepmania Songpacks_Page(lfm).html
2005.10.02 22:42 B C:\Projects\Creamy's Wonderland\Games\Stepmania\Stepmania_Intro(lfm).html --> hosting.gamespy.com /planetquake/polycount/cottages/iwow/Games/Stepmania Stepmania_Intro(lfm).html
2005.10.02 22:42 B C:\Projects\Creamy's Wonderland\Games\Stepmania\CreamyMix01_Page.html --> hosting.gamespy.com /planetquake/polycount/cottages/iwow/Games/Stepmania CreamyMix01_Page.html
2005.10.02 22:53 B C:\Projects\Creamy's Wonderland\Games\Stepmania\Stepmania_Intro.html --> hosting.gamespy.com /planetquake/polycount/cottages/iwow/Games/Stepmania Stepmania_Intro.html
2005.10.26 00:25 B C:\Projects\Creamy's Wonderland\Games\Stepmania\CreamyMix01_Page.html --> hosting.gamespy.com /planetquake/polycount/cottages/iwow/Games/Stepmania CreamyMix01_Page.html
2006.02.18 10:51 B C:\Projects\Creamy's Wonderland\Games\Stepmania\nDDRo.jpg --> hosting.gamespy.com /planetquake/polycount/cottages/iwow/Games/Stepmania nDDRo.jpg
2006.02.18 12:25 B C:\Projects\Creamy's Wonderland\Games\Stepmania\DWI_Extreme.jpg --> hosting.gamespy.com /planetquake/polycount/cottages/iwow/Games/Stepmania DWI_Extreme.jpg
2006.02.18 14:22 B C:\Projects\Creamy's Wonderland\Games\Stepmania\Zim.jpg --> hosting.gamespy.com /planetquake/polycount/cottages/iwow/Games/Stepmania Zim.jpg
2006.02.18 14:22 B C:\Projects\Creamy's Wonderland\Games\Stepmania\Emulated.jpg --> hosting.gamespy.com /planetquake/polycount/cottages/iwow/Games/Stepmania Emulated.jpg
2006.02.18 14:22 B C:\Projects\Creamy's Wonderland\Games\Stepmania\CAGYL.jpg --> hosting.gamespy.com /planetquake/polycount/cottages/iwow/Games/Stepmania CAGYL.jpg
2006.02.18 14:22 B C:\Projects\Creamy's Wonderland\Games\Stepmania\ColdHearted.jpg --> hosting.gamespy.com /planetquake/polycount/cottages/iwow/Games/Stepmania ColdHearted.jpg
2006.02.18 22:19 B C:\Projects\Creamy's Wonderland\Games\Stepmania\CreamyMix01_Page.html --> hosting.gamespy.com /planetquake/polycount/cottages/iwow/Games/Stepmania CreamyMix01_Page.html
2006.02.18 22:20 B C:\Projects\Creamy's Wonderland\Games\Stepmania\Songpacks_Page.html --> hosting.gamespy.com /planetquake/polycount/cottages/iwow/Games/Stepmania Songpacks_Page.html
2006.02.18 22:32 B C:\Projects\Creamy's Wonderland\Games\Stepmania\CreamyMix01_Page.html --> hosting.gamespy.com /planetquake/polycount/cottages/iwow/Games/Stepmania CreamyMix01_Page.html
2006.02.18 22:38 B C:\Projects\Creamy's Wonderland\Games\Stepmania\CreamyMix01_Page.html --> hosting.gamespy.com /planetquake/polycount/cottages/iwow/Games/Stepmania CreamyMix01_Page.html
2006.02.19 11:17 B E:\Projects\Creamy's Wonderland\Games\Stepmania\CreamyMix01_Page.html --> hosting.gamespy.com /planetquake/polycount/cottages/iwow/Games/Stepmania CreamyMix01_Page.html
2006.05.11 23:45 B E:\Projects\Creamy's Wonderland\Games\Stepmania\Tomboy.jpg --> web.planethosting.gamespy.com /iwow.cottages.polycount.com/Games/Stepmania Tomboy.jpg
2006.05.11 23:45 B E:\Projects\Creamy's Wonderland\Games\Stepmania\HC.jpg --> web.planethosting.gamespy.com /iwow.cottages.polycount.com/Games/Stepmania HC.jpg
2006.07.01 16:02 B E:\Projects\Creamy's Wonderland\Games\Stepmania\Stepmania_Intro(fs).html --> web.planethosting.gamespy.com /iwow.cottages.polycount.com/Games/Stepmania Stepmania_Intro(fs).html
2006.07.01 16:02 B E:\Projects\Creamy's Wonderland\Games\Stepmania\Songpacks_Page(fs).html --> web.planethosting.gamespy.com /iwow.cottages.polycount.com/Games/Stepmania Songpacks_Page(fs).html
2006.07.01 16:02 B E:\Projects\Creamy's Wonderland\Games\Stepmania\Songpacks_Page(lfm).html --> web.planethosting.gamespy.com /iwow.cottages.polycount.com/Games/Stepmania Songpacks_Page(lfm).html
2006.07.01 16:02 B E:\Projects\Creamy's Wonderland\Games\Stepmania\Stepmania_Intro(lfm).html --> web.planethosting.gamespy.com /iwow.cottages.polycount.com/Games/Stepmania Stepmania_Intro(lfm).html
2006.07.01 16:02 B E:\Projects\Creamy's Wonderland\Games\Stepmania\CreamyMix01_Page.html --> web.planethosting.gamespy.com /iwow.cottages.polycount.com/Games/Stepmania CreamyMix01_Page.html
2006.07.01 16:02 B E:\Projects\Creamy's Wonderland\Games\Stepmania\Stepmania_Intro.html --> web.planethosting.gamespy.com /iwow.cottages.polycount.com/Games/Stepmania Stepmania_Intro.html
2006.07.01 16:02 B E:\Projects\Creamy's Wonderland\Games\Stepmania\Songpacks_Page.html --> web.planethosting.gamespy.com /iwow.cottages.polycount.com/Games/Stepmania Songpacks_Page.html
2006.07.01 23:57 B E:\Projects\Creamy's Wonderland\Games\Stepmania\CreamyMix01_Page.html --> web.planethosting.gamespy.com /iwow.cottages.polycount.com/Games/Stepmania CreamyMix01_Page.html
2006.08.31 18:08 B E:\Projects\Creamy's Wonderland\Games\Stepmania\CreamyMix01_Page.html --> web.planethosting.gamespy.com /iwow.cottages.polycount.com/Games/Stepmania CreamyMix01_Page.html
2006.08.31 18:08 B E:\Projects\Creamy's Wonderland\Games\Stepmania\Songpacks_Page(fs).html --> web.planethosting.gamespy.com /iwow.cottages.polycount.com/Games/Stepmania Songpacks_Page(fs).html
2006.10.25 19:39 B E:\Projects\Creamy's Wonderland\Games\Stepmania\CreamyMix01_Page.html --> web.planethosting.gamespy.com /iwow.cottages.polycount.com/Games/Stepmania CreamyMix01_Page.html
2006.10.25 19:50 B E:\Projects\Creamy's Wonderland\Games\Stepmania\WildChild.jpg --> web.planethosting.gamespy.com /iwow.cottages.polycount.com/Games/Stepmania WildChild.jpg
2007.07.01 20:06 B E:\Projects\Creamy's Wonderland\Games\Stepmania\Songpacks_Page.html --> web.planethosting.gamespy.com /iwow.cottages.polycount.com/Games/Stepmania Songpacks_Page.html
2007.07.01 20:06 B E:\Projects\Creamy's Wonderland\Games\Stepmania\CreamyMix01_Page.html --> web.planethosting.gamespy.com /iwow.cottages.polycount.com/Games/Stepmania CreamyMix01_Page.html
2007.07.01 20:30 B E:\Projects\Creamy's Wonderland\Games\Stepmania\Songpacks_Page.html --> web.planethosting.gamespy.com /iwow.cottages.polycount.com/Games/Stepmania Songpacks_Page.html
2007.07.01 23:01 B E:\Projects\Creamy's Wonderland\Games\Stepmania\CreamyMix01_Page.html --> web.planethosting.gamespy.com /iwow.cottages.polycount.com/Games/Stepmania CreamyMix01_Page.html
2007.10.02 19:51 B E:\Projects\Creamy's Wonderland\Games\Stepmania\CreamyMix01_Page.html --> web.planethosting.gamespy.com /iwow.cottages.polycount.com/Games/Stepmania CreamyMix01_Page.html
2007.10.02 20:13 B E:\Projects\Creamy's Wonderland\Games\Stepmania\CreamyMix01_Page.html --> web.planethosting.gamespy.com /iwow.cottages.polycount.com/Games/Stepmania CreamyMix01_Page.html
2007.10.02 20:21 B E:\Projects\Creamy's Wonderland\Games\Stepmania\Songpacks_Page.html --> web.planethosting.gamespy.com /iwow.cottages.polycount.com/Games/Stepmania Songpacks_Page.html
2007.12.09 18:17 B E:\Projects\Creamy's Wonderland\Games\Stepmania\Stepmania_Intro.html --> web.planethosting.gamespy.com /iwow.cottages.polycount.com/Games/Stepmania Stepmania_Intro.html
2007.12.09 18:17 B E:\Projects\Creamy's Wonderland\Games\Stepmania\CreamyMix01_Page.html --> web.planethosting.gamespy.com /iwow.cottages.polycount.com/Games/Stepmania CreamyMix01_Page.html
2007.12.09 18:17 B E:\Projects\Creamy's Wonderland\Games\Stepmania\Songpacks_Page(lfm).html --> web.planethosting.gamespy.com /iwow.cottages.polycount.com/Games/Stepmania Songpacks_Page(lfm).html
2007.12.09 18:17 B E:\Projects\Creamy's Wonderland\Games\Stepmania\Stepmania_Intro(lfm).html --> web.planethosting.gamespy.com /iwow.cottages.polycount.com/Games/Stepmania Stepmania_Intro(lfm).html
2007.12.09 18:51 B E:\Projects\Creamy's Wonderland\Games\Stepmania\CreamyMix01_Page.html --> web.planethosting.gamespy.com /iwow.cottages.polycount.com/Games/Stepmania CreamyMix01_Page.html
2007.12.09 18:51 B E:\Projects\Creamy's Wonderland\Games\Stepmania\CreamyMix01_Page.html --> web.planethosting.gamespy.com /iwow.cottages.polycount.com/Games/Stepmania CreamyMix01_Page.html
2007.12.09 19:08 B E:\Projects\Creamy's Wonderland\Games\Stepmania\CreamyMix01_Page.html --> web.planethosting.gamespy.com /iwow.cottages.polycount.com/Games/Stepmania CreamyMix01_Page.html
2007.12.09 23:53 B E:\Projects\Creamy's Wonderland\Games\Stepmania\CreamyMix01_Page.html --> web.planethosting.gamespy.com /iwow.cottages.polycount.com/Games/Stepmania CreamyMix01_Page.html
2008.04.19 21:08 B E:\Projects\Creamy's Wonderland\Games\Stepmania\CAGYL01.jpg --> web.planethosting.gamespy.com /iwow.cottages.polycount.com/Games/Stepmania CAGYL01.jpg
2008.04.19 21:08 B E:\Projects\Creamy's Wonderland\Games\Stepmania\CAGYL02.jpg --> web.planethosting.gamespy.com /iwow.cottages.polycount.com/Games/Stepmania CAGYL02.jpg
2008.04.19 23:18 B E:\Projects\Creamy's Wonderland\Games\Stepmania\CreamyMix01_Page.html --> web.planethosting.gamespy.com /iwow.cottages.polycount.com/Games/Stepmania CreamyMix01_Page.html
2008.04.19 23:38 B E:\Projects\Creamy's Wonderland\Games\Stepmania\CreamyMix01_Page.html --> web.planethosting.gamespy.com /iwow.cottages.polycount.com/Games/Stepmania CreamyMix01_Page.html
2008.04.19 23:43 B E:\Projects\Creamy's Wonderland\Games\Stepmania\CreamyMix01_Page.html --> web.planethosting.gamespy.com /iwow.cottages.polycount.com/Games/Stepmania CreamyMix01_Page.html
