2009.09.11 16:21 B E:\Projects\Creamy's_Wonderland\Games\Quake2\Games_-_Quake2(fs).html --> ftp.hugelaser.com /Games/Quake2 Games_-_Quake2(fs).html
2009.09.11 16:21 B E:\Projects\Creamy's_Wonderland\Games\Quake2\Games_-_Quake2(lfm).html --> ftp.hugelaser.com /Games/Quake2 Games_-_Quake2(lfm).html
2009.09.11 16:32 B E:\Projects\Creamy's_Wonderland\Games\Quake2\Games_-_Quake2(fs).html --> ftp.hugelaser.com /Games/Quake2 Games_-_Quake2(fs).html
2009.09.11 16:39 B E:\Projects\Creamy's_Wonderland\Games\Quake2\Games_-_Quake2(fs).html --> ftp.hugelaser.com /Games/Quake2 Games_-_Quake2(fs).html
2009.09.11 16:39 B E:\Projects\Creamy's_Wonderland\Games\Quake2\Games_-_Quake2(lfm).html --> ftp.hugelaser.com /Games/Quake2 Games_-_Quake2(lfm).html
2009.09.11 16:53 B E:\Projects\Creamy's_Wonderland\Games\Quake2\PPMs(fs).html --> ftp.hugelaser.com / PPMs(fs).html
2009.09.11 16:53 B E:\Projects\Creamy's_Wonderland\Games\Quake2\PPMs(lfm).html --> ftp.hugelaser.com / PPMs(lfm).html
2009.09.11 16:53 B E:\Projects\Creamy's_Wonderland\Games\Quake2\PPMs(fs).html --> ftp.hugelaser.com /Games/Quake2 PPMs(fs).html
2009.09.11 16:53 B E:\Projects\Creamy's_Wonderland\Games\Quake2\PPMs(lfm).html --> ftp.hugelaser.com /Games/Quake2 PPMs(lfm).html
2009.09.11 17:13 B E:\Projects\Creamy's_Wonderland\Games\Quake2\Games_-_Quake2(fs).html --> ftp.hugelaser.com /Games/Quake2 Games_-_Quake2(fs).html
2009.09.11 17:13 B E:\Projects\Creamy's_Wonderland\Games\Quake2\Games_-_Quake2(lfm).html --> ftp.hugelaser.com /Games/Quake2 Games_-_Quake2(lfm).html
2009.09.11 17:13 B E:\Projects\Creamy's_Wonderland\Games\Quake2\Model_Tut(fs).html --> ftp.hugelaser.com /Games/Quake2 Model_Tut(fs).html
2009.09.11 17:13 B E:\Projects\Creamy's_Wonderland\Games\Quake2\Model_Tut(lfm).html --> ftp.hugelaser.com /Games/Quake2 Model_Tut(lfm).html
2009.09.11 17:13 B E:\Projects\Creamy's_Wonderland\Games\Quake2\PPMs(fs).html --> ftp.hugelaser.com /Games/Quake2 PPMs(fs).html
2009.09.11 17:13 B E:\Projects\Creamy's_Wonderland\Games\Quake2\PPMs(lfm).html --> ftp.hugelaser.com /Games/Quake2 PPMs(lfm).html
2009.09.11 17:13 B E:\Projects\Creamy's_Wonderland\Games\Quake2\Skins&Icons(fs).html --> ftp.hugelaser.com /Games/Quake2 Skins&Icons(fs).html
2009.09.11 17:13 B E:\Projects\Creamy's_Wonderland\Games\Quake2\Skins&Icons(lfm).html --> ftp.hugelaser.com /Games/Quake2 Skins&Icons(lfm).html
2009.09.11 17:13 B E:\Projects\Creamy's_Wonderland\Games\Quake2\VWEPs(fs).html --> ftp.hugelaser.com /Games/Quake2 VWEPs(fs).html
2009.09.11 17:13 B E:\Projects\Creamy's_Wonderland\Games\Quake2\VWEPs(lfm).html --> ftp.hugelaser.com /Games/Quake2 VWEPs(lfm).html
2009.09.11 18:12 B E:\Projects\Creamy's_Wonderland\Games\Quake2\Games_-_Quake2(lfm).html --> ftp.hugelaser.com /Games/Quake2 Games_-_Quake2(lfm).html
2009.09.11 18:12 B E:\Projects\Creamy's_Wonderland\Games\Quake2\Model_Tut(lfm).html --> ftp.hugelaser.com /Games/Quake2 Model_Tut(lfm).html
2009.09.11 18:12 B E:\Projects\Creamy's_Wonderland\Games\Quake2\PPMs(lfm).html --> ftp.hugelaser.com /Games/Quake2 PPMs(lfm).html
2009.09.11 18:12 B E:\Projects\Creamy's_Wonderland\Games\Quake2\Skins&Icons(lfm).html --> ftp.hugelaser.com /Games/Quake2 Skins&Icons(lfm).html
2009.09.11 18:12 B E:\Projects\Creamy's_Wonderland\Games\Quake2\VWEPs(lfm).html --> ftp.hugelaser.com /Games/Quake2 VWEPs(lfm).html
2009.09.12 21:00 B E:\Projects\Creamy's_Wonderland\Games\Quake2\Model_Tut(lfm).html --> ftp.hugelaser.com /Games/Quake2 Model_Tut(lfm).html
2009.09.12 21:00 B E:\Projects\Creamy's_Wonderland\Games\Quake2\Skins&Icons(lfm).html --> ftp.hugelaser.com /Games/Quake2 Skins&Icons(lfm).html
2009.09.12 21:00 B E:\Projects\Creamy's_Wonderland\Games\Quake2\VWEPs(lfm).html --> ftp.hugelaser.com /Games/Quake2 VWEPs(lfm).html
2009.09.12 21:00 B E:\Projects\Creamy's_Wonderland\Games\Quake2\PPMs(lfm).html --> ftp.hugelaser.com /Games/Quake2 PPMs(lfm).html
2009.09.12 21:00 B E:\Projects\Creamy's_Wonderland\Games\Quake2\Games_-_Quake2(lfm).html --> ftp.hugelaser.com /Games/Quake2 Games_-_Quake2(lfm).html
2009.09.13 01:44 B E:\Projects\Creamy's_Wonderland\Games\Quake2\Model_Tut(fs).html --> ftp.hugelaser.com /Games/Quake2 Model_Tut(fs).html
2009.09.13 01:44 B E:\Projects\Creamy's_Wonderland\Games\Quake2\Skins&Icons(fs).html --> ftp.hugelaser.com /Games/Quake2 Skins&Icons(fs).html
2009.09.13 01:44 B E:\Projects\Creamy's_Wonderland\Games\Quake2\VWEPs(fs).html --> ftp.hugelaser.com /Games/Quake2 VWEPs(fs).html
2009.09.13 01:44 B E:\Projects\Creamy's_Wonderland\Games\Quake2\PPMs(fs).html --> ftp.hugelaser.com /Games/Quake2 PPMs(fs).html
2009.09.13 01:44 B E:\Projects\Creamy's_Wonderland\Games\Quake2\Games_-_Quake2(fs).html --> ftp.hugelaser.com /Games/Quake2 Games_-_Quake2(fs).html
2009.09.24 23:18 B E:\Projects\Creamy's_Wonderland\Games\Quake2\Games_-_Quake2.html --> ftp.hugelaser.com /Games/Quake2 Games_-_Quake2.html
2009.09.24 23:23 B E:\Projects\Creamy's_Wonderland\Games\Quake2\Games_-_Quake2.html --> ftp.hugelaser.com /Games/Quake2 Games_-_Quake2.html
2009.09.25 00:20 B E:\Projects\Creamy's_Wonderland\Games\Quake2\Games_-_Quake2.html --> ftp.hugelaser.com /Games/Quake2 Games_-_Quake2.html
2009.09.25 00:22 B E:\Projects\Creamy's_Wonderland\Games\Quake2\PPMs.html --> ftp.hugelaser.com /Games/Quake2 PPMs.html
2009.09.25 03:15 B E:\Projects\Creamy's_Wonderland\Games\Quake2\PPM_-_Chuckie_F.html --> ftp.hugelaser.com /Games/Quake2 PPM_-_Chuckie_F.html
2009.09.25 03:16 B E:\Projects\Creamy's_Wonderland\Games\Quake2\PPM_-_Chuckie_F.html --> ftp.hugelaser.com /Games/Quake2 PPM_-_Chuckie_F.html
2009.09.27 16:43 B E:\Projects\Creamy's_Wonderland\Games\Quake2\Model_Tut_-_Optimization.html --> ftp.hugelaser.com /Games/Quake2 Model_Tut_-_Optimization.html
2009.09.27 16:43 B E:\Projects\Creamy's_Wonderland\Games\Quake2\Model_Tut.html --> ftp.hugelaser.com /Games/Quake2 Model_Tut.html
2009.09.27 16:43 B E:\Projects\Creamy's_Wonderland\Games\Quake2\Model_Tut_-_Mesh&Bones.html --> ftp.hugelaser.com /Games/Quake2 Model_Tut_-_Mesh&Bones.html
2009.09.27 16:43 B E:\Projects\Creamy's_Wonderland\Games\Quake2\Model_Tut_-_Animations.html --> ftp.hugelaser.com /Games/Quake2 Model_Tut_-_Animations.html
2009.09.27 16:43 B E:\Projects\Creamy's_Wonderland\Games\Quake2\PPMs_-_Dib(Build_Log).html --> ftp.hugelaser.com /Games/Quake2 PPMs_-_Dib(Build_Log).html
2009.09.27 16:43 B E:\Projects\Creamy's_Wonderland\Games\Quake2\PPMs_-_Dib.html --> ftp.hugelaser.com /Games/Quake2 PPMs_-_Dib.html
2009.09.27 16:43 B E:\Projects\Creamy's_Wonderland\Games\Quake2\PPMs_-_Tony_T.html --> ftp.hugelaser.com /Games/Quake2 PPMs_-_Tony_T.html
2009.09.27 16:43 B E:\Projects\Creamy's_Wonderland\Games\Quake2\PPMs_-_Chuckie_F.html --> ftp.hugelaser.com /Games/Quake2 PPMs_-_Chuckie_F.html
2009.09.27 16:43 B E:\Projects\Creamy's_Wonderland\Games\Quake2\Games_-_Quake2.html --> ftp.hugelaser.com /Games/Quake2 Games_-_Quake2.html
2009.09.27 16:43 B E:\Projects\Creamy's_Wonderland\Games\Quake2\PPMs.html --> ftp.hugelaser.com /Games/Quake2 PPMs.html
2009.09.27 17:12 B E:\Projects\Creamy's_Wonderland\Games\Quake2\PPMs_-_Dib(Build_Log).html --> ftp.hugelaser.com /Games/Quake2 PPMs_-_Dib(Build_Log).html
2009.09.27 17:54 B E:\Projects\Creamy's_Wonderland\Games\Quake2\Model_Tut_-_Mesh&Bones.html --> ftp.hugelaser.com /Games/Quake2 Model_Tut_-_Mesh&Bones.html
2009.09.27 19:16 B E:\Projects\Creamy's_Wonderland\Games\Quake2\PPMs_-_Dib(Build_Log).html --> ftp.hugelaser.com /Games/Quake2 PPMs_-_Dib(Build_Log).html
2009.09.27 21:17 B E:\Projects\Creamy's_Wonderland\Games\Quake2\PPMs.html --> ftp.hugelaser.com /Games/Quake2 PPMs.html
2009.09.27 21:17 B E:\Projects\Creamy's_Wonderland\Games\Quake2\Model_Tut_-_Optimization.html --> ftp.hugelaser.com /Games/Quake2 Model_Tut_-_Optimization.html
2009.09.27 22:36 B E:\Projects\Creamy's_Wonderland\Games\Quake2\PPMs_-_Tony_T.html --> ftp.hugelaser.com /Games/Quake2 PPMs_-_Tony_T.html
2009.09.27 22:36 B E:\Projects\Creamy's_Wonderland\Games\Quake2\PPMs_-_Dib.html --> ftp.hugelaser.com /Games/Quake2 PPMs_-_Dib.html
2009.09.27 22:36 B E:\Projects\Creamy's_Wonderland\Games\Quake2\PPMs_-_Dib(Build_Log).html --> ftp.hugelaser.com /Games/Quake2 PPMs_-_Dib(Build_Log).html
2009.09.27 22:37 B E:\Projects\Creamy's_Wonderland\Games\Quake2\PPMs_-_Chuckie_F.html --> ftp.hugelaser.com /Games/Quake2 PPMs_-_Chuckie_F.html
2009.09.27 22:37 B E:\Projects\Creamy's_Wonderland\Games\Quake2\PPMs.html --> ftp.hugelaser.com /Games/Quake2 PPMs.html
2009.09.27 22:37 B E:\Projects\Creamy's_Wonderland\Games\Quake2\Games_-_Quake2.html --> ftp.hugelaser.com /Games/Quake2 Games_-_Quake2.html
2009.09.27 22:37 B E:\Projects\Creamy's_Wonderland\Games\Quake2\Skins&Icons.html --> ftp.hugelaser.com /Games/Quake2 Skins&Icons.html
2009.09.27 23:12 B E:\Projects\Creamy's_Wonderland\Games\Quake2\VWEPs.html --> ftp.hugelaser.com /Games/Quake2 VWEPs.html
2009.09.27 23:12 B E:\Projects\Creamy's_Wonderland\Games\Quake2\Skins&Icons.html --> ftp.hugelaser.com /Games/Quake2 Skins&Icons.html
2009.09.27 23:18 B E:\Projects\Creamy's_Wonderland\Games\Quake2\VWEPs.html --> ftp.hugelaser.com /Games/Quake2 VWEPs.html
2009.09.27 23:20 B E:\Projects\Creamy's_Wonderland\Games\Quake2\PPMs_-_Dib(Build_Log).html --> ftp.hugelaser.com /Games/Quake2 PPMs_-_Dib(Build_Log).html
2009.09.27 23:24 B E:\Projects\Creamy's_Wonderland\Games\Quake2\Skins&Icons.html --> ftp.hugelaser.com /Games/Quake2 Skins&Icons.html
2012.06.15 22:32 B E:\Projects\Creamy's_Wonderland\Games\Quake2\PPMs_-_Dib(Build_Log).html --> ftp.hugelaser.com /Games/Quake2 PPMs_-_Dib(Build_Log).html
2013.01.05 20:14 B E:\Projects\Creamy's_Wonderland\Games\Quake2\PPMs_-_Dib(Build_Log).html --> ftp.hugelaser.com /Games/Quake2 PPMs_-_Dib(Build_Log).html
2013.01.05 20:39 B E:\Projects\Creamy's_Wonderland\Games\Quake2\Model_Tut.html --> ftp.hugelaser.com /Games/Quake2 Model_Tut.html
2013.01.05 20:53 B E:\Projects\Creamy's_Wonderland\Games\Quake2\Rascot-Cartman.jpg --> ftp.hugelaser.com /Games/Quake2 Rascot-Cartman.jpg
2013.01.05 20:56 B E:\Projects\Creamy's_Wonderland\Games\Quake2\Skins&Icons.html --> ftp.hugelaser.com /Games/Quake2 Skins&Icons.html
2013.01.05 21:02 B E:\Projects\Creamy's_Wonderland\Games\Quake2\Skins&Icons.html --> ftp.hugelaser.com /Games/Quake2 Skins&Icons.html
2013.01.05 21:04 B E:\Projects\Creamy's_Wonderland\Games\Quake2\Skins&Icons.html --> ftp.hugelaser.com /Games/Quake2 Skins&Icons.html
2013.01.05 21:11 B E:\Projects\Creamy's_Wonderland\Games\Quake2\Quake2_Mural02.jpg --> ftp.hugelaser.com /Games/Quake2 Quake2_Mural02.jpg
2013.01.05 21:11 B E:\Projects\Creamy's_Wonderland\Games\Quake2\Quake2_Mural01.jpg --> ftp.hugelaser.com /Games/Quake2 Quake2_Mural01.jpg
2013.04.25 21:41 B E:\Projects\Creamy's_Wonderland\Games\Quake2\Skins&Icons.html --> ftp.hugelaser.com /Games/Quake2 Skins&Icons.html
2013.04.25 21:51 B E:\Projects\Creamy's_Wonderland\Games\Quake2\Skins&Icons.html --> ftp.hugelaser.com /Games/Quake2 Skins&Icons.html
2013.04.25 22:10 B E:\Projects\Creamy's_Wonderland\Games\Quake2\Skins&Icons.html --> ftp.hugelaser.com /Games/Quake2 Skins&Icons.html
