2003.01.03 07:21 B C:\Projects\Creamy's_Wonderland\Quake2\quake2_title.jpg <-- Creamy's Wonderland /polycount/cottages/iwow/quake2 quake2_title.jpg
2003.01.03 07:23 B C:\Projects\Creamy's_Wonderland\Quake2\bjq2t_page(fs).html <-- Creamy's Wonderland /polycount/cottages/iwow/quake2 bjq2t_page(fs).html
2003.01.03 07:23 B C:\Projects\Creamy's_Wonderland\Quake2\bjq2t_page(lfm).html <-- Creamy's Wonderland /polycount/cottages/iwow/quake2 bjq2t_page(lfm).html
2003.01.03 07:23 B C:\Projects\Creamy's_Wonderland\Quake2\bjq2t_page.html <-- Creamy's Wonderland /polycount/cottages/iwow/quake2 bjq2t_page.html
2003.01.03 07:23 B C:\Projects\Creamy's_Wonderland\Quake2\chuckie_ppm(fs).html <-- Creamy's Wonderland /polycount/cottages/iwow/quake2 chuckie_ppm(fs).html
2003.01.03 07:23 B C:\Projects\Creamy's_Wonderland\Quake2\chuckie_ppm(lfm).html <-- Creamy's Wonderland /polycount/cottages/iwow/quake2 chuckie_ppm(lfm).html
2003.01.03 07:23 B C:\Projects\Creamy's_Wonderland\Quake2\chuckie_ppm.html <-- Creamy's Wonderland /polycount/cottages/iwow/quake2 chuckie_ppm.html
2003.01.03 07:23 B C:\Projects\Creamy's_Wonderland\Quake2\follycount_page(fs).html <-- Creamy's Wonderland /polycount/cottages/iwow/quake2 follycount_page(fs).html
2003.01.03 07:23 B C:\Projects\Creamy's_Wonderland\Quake2\follycount_page(lfm).html <-- Creamy's Wonderland /polycount/cottages/iwow/quake2 follycount_page(lfm).html
2003.01.03 07:23 B C:\Projects\Creamy's_Wonderland\Quake2\follycount_page.html <-- Creamy's Wonderland /polycount/cottages/iwow/quake2 follycount_page.html
2003.01.03 07:23 B C:\Projects\Creamy's_Wonderland\Quake2\ppm_page(fs).html <-- Creamy's Wonderland /polycount/cottages/iwow/quake2 ppm_page(fs).html
2003.01.03 07:23 B C:\Projects\Creamy's_Wonderland\Quake2\ppm_page(lfm).html <-- Creamy's Wonderland /polycount/cottages/iwow/quake2 ppm_page(lfm).html
2003.01.03 07:24 B C:\Projects\Creamy's_Wonderland\Quake2\ppm_page.html <-- Creamy's Wonderland /polycount/cottages/iwow/quake2 ppm_page.html
2003.01.03 07:24 B C:\Projects\Creamy's_Wonderland\Quake2\quake2_archive_page(fs).html <-- Creamy's Wonderland /polycount/cottages/iwow/quake2 quake2_archive_page(fs).html
2003.01.03 07:24 B C:\Projects\Creamy's_Wonderland\Quake2\quake2_archive_page(lfm).html <-- Creamy's Wonderland /polycount/cottages/iwow/quake2 quake2_archive_page(lfm).html
2003.01.03 07:24 B C:\Projects\Creamy's_Wonderland\Quake2\quake2_archive_page.html <-- Creamy's Wonderland /polycount/cottages/iwow/quake2 quake2_archive_page.html
2003.01.03 07:24 B C:\Projects\Creamy's_Wonderland\Quake2\quake2_intro(fs).html <-- Creamy's Wonderland /polycount/cottages/iwow/quake2 quake2_intro(fs).html
2003.01.03 07:24 B C:\Projects\Creamy's_Wonderland\Quake2\quake2_intro(lfm).html <-- Creamy's Wonderland /polycount/cottages/iwow/quake2 quake2_intro(lfm).html
2003.01.03 07:24 B C:\Projects\Creamy's_Wonderland\Quake2\quake2_intro.html <-- Creamy's Wonderland /polycount/cottages/iwow/quake2 quake2_intro.html
2003.01.03 07:24 B C:\Projects\Creamy's_Wonderland\Quake2\quake2_news01.html <-- Creamy's Wonderland /polycount/cottages/iwow/quake2 quake2_news01.html
2003.01.03 07:24 B C:\Projects\Creamy's_Wonderland\Quake2\quake2_news02.html <-- Creamy's Wonderland /polycount/cottages/iwow/quake2 quake2_news02.html
2003.01.03 07:24 B C:\Projects\Creamy's_Wonderland\Quake2\quake2_news03.html <-- Creamy's Wonderland /polycount/cottages/iwow/quake2 quake2_news03.html
2003.01.03 07:24 B C:\Projects\Creamy's_Wonderland\Quake2\skinsicons_page(fs).html <-- Creamy's Wonderland /polycount/cottages/iwow/quake2 skinsicons_page(fs).html
2003.01.03 07:24 B C:\Projects\Creamy's_Wonderland\Quake2\skinsicons_page(lfm).html <-- Creamy's Wonderland /polycount/cottages/iwow/quake2 skinsicons_page(lfm).html
2003.01.03 07:24 B C:\Projects\Creamy's_Wonderland\Quake2\skinsicons_page.html <-- Creamy's Wonderland /polycount/cottages/iwow/quake2 skinsicons_page.html
2003.01.03 07:24 B C:\Projects\Creamy's_Wonderland\Quake2\tony_ppm(fs).html <-- Creamy's Wonderland /polycount/cottages/iwow/quake2 tony_ppm(fs).html
2003.01.03 07:24 B C:\Projects\Creamy's_Wonderland\Quake2\tony_ppm(lfm).html <-- Creamy's Wonderland /polycount/cottages/iwow/quake2 tony_ppm(lfm).html
2003.01.03 07:24 B C:\Projects\Creamy's_Wonderland\Quake2\tony_ppm.html <-- Creamy's Wonderland /polycount/cottages/iwow/quake2 tony_ppm.html
2003.01.03 07:24 B C:\Projects\Creamy's_Wonderland\Quake2\tutorial_page(fs).html <-- Creamy's Wonderland /polycount/cottages/iwow/quake2 tutorial_page(fs).html
2003.01.03 07:24 B C:\Projects\Creamy's_Wonderland\Quake2\tutorial_page(lfm).html <-- Creamy's Wonderland /polycount/cottages/iwow/quake2 tutorial_page(lfm).html
2003.01.03 07:24 B C:\Projects\Creamy's_Wonderland\Quake2\tutorial_page.html <-- Creamy's Wonderland /polycount/cottages/iwow/quake2 tutorial_page.html
2003.01.03 07:24 B C:\Projects\Creamy's_Wonderland\Quake2\vwep_page(fs).html <-- Creamy's Wonderland /polycount/cottages/iwow/quake2 vwep_page(fs).html
2003.01.03 07:24 B C:\Projects\Creamy's_Wonderland\Quake2\vwep_page(lfm).html <-- Creamy's Wonderland /polycount/cottages/iwow/quake2 vwep_page(lfm).html
2003.01.03 07:24 B C:\Projects\Creamy's_Wonderland\Quake2\vwep_page.html <-- Creamy's Wonderland /polycount/cottages/iwow/quake2 vwep_page.html
2003.01.03 07:25 B C:\Projects\Creamy's_Wonderland\Quake2\bg2.gif <-- Creamy's Wonderland /polycount/cottages/iwow/quake2 bg2.gif
2003.01.03 07:27 B C:\Projects\Creamy's_Wonderland\Quake2\lego_i.gif <-- Creamy's Wonderland /polycount/cottages/iwow/quake2 lego_i.gif
2003.01.03 07:27 B C:\Projects\Creamy's_Wonderland\Quake2\chef_i.gif <-- Creamy's Wonderland /polycount/cottages/iwow/quake2 chef_i.gif
2003.01.03 07:27 B C:\Projects\Creamy's_Wonderland\Quake2\stan_i.gif <-- Creamy's Wonderland /polycount/cottages/iwow/quake2 stan_i.gif
2003.01.03 07:27 B C:\Projects\Creamy's_Wonderland\Quake2\kyle_i.gif <-- Creamy's Wonderland /polycount/cottages/iwow/quake2 kyle_i.gif
2003.01.03 07:27 B C:\Projects\Creamy's_Wonderland\Quake2\browncow_i.gif <-- Creamy's Wonderland /polycount/cottages/iwow/quake2 browncow_i.gif
2003.01.03 07:27 B C:\Projects\Creamy's_Wonderland\Quake2\vengeance_i.gif <-- Creamy's Wonderland /polycount/cottages/iwow/quake2 vengeance_i.gif
2003.01.03 07:27 B C:\Projects\Creamy's_Wonderland\Quake2\aeon_i.gif <-- Creamy's Wonderland /polycount/cottages/iwow/quake2 aeon_i.gif
2003.01.03 07:27 B C:\Projects\Creamy's_Wonderland\Quake2\creamy_i.gif <-- Creamy's Wonderland /polycount/cottages/iwow/quake2 creamy_i.gif
2003.01.03 07:27 B C:\Projects\Creamy's_Wonderland\Quake2\cow_i.gif <-- Creamy's Wonderland /polycount/cottages/iwow/quake2 cow_i.gif
2003.01.03 07:27 B C:\Projects\Creamy's_Wonderland\Quake2\whitecow_i.gif <-- Creamy's Wonderland /polycount/cottages/iwow/quake2 whitecow_i.gif
2003.01.03 07:27 B C:\Projects\Creamy's_Wonderland\Quake2\fuddbe_i.gif <-- Creamy's Wonderland /polycount/cottages/iwow/quake2 fuddbe_i.gif
2003.01.03 07:27 B C:\Projects\Creamy's_Wonderland\Quake2\chuckie_i.gif <-- Creamy's Wonderland /polycount/cottages/iwow/quake2 chuckie_i.gif
2003.01.03 07:27 B C:\Projects\Creamy's_Wonderland\Quake2\tony_i.gif <-- Creamy's Wonderland /polycount/cottages/iwow/quake2 tony_i.gif
2003.01.03 07:27 B C:\Projects\Creamy's_Wonderland\Quake2\cartman_i.gif <-- Creamy's Wonderland /polycount/cottages/iwow/quake2 cartman_i.gif
2003.01.03 07:27 B C:\Projects\Creamy's_Wonderland\Quake2\blackcow_i.gif <-- Creamy's Wonderland /polycount/cottages/iwow/quake2 blackcow_i.gif
2003.01.03 07:28 B C:\Projects\Creamy's_Wonderland\Quake2\bring_it_on.jpg <-- Creamy's Wonderland /polycount/cottages/iwow/quake2 bring_it_on.jpg
2003.01.03 07:30 B C:\Projects\Creamy's_Wonderland\Quake2\chuckie_15.gif <-- Creamy's Wonderland /polycount/cottages/iwow/quake2 chuckie_15.gif
2003.01.03 07:30 B C:\Projects\Creamy's_Wonderland\Quake2\chuckie_16.gif <-- Creamy's Wonderland /polycount/cottages/iwow/quake2 chuckie_16.gif
2003.01.03 07:30 B C:\Projects\Creamy's_Wonderland\Quake2\tony_01.jpg <-- Creamy's Wonderland /polycount/cottages/iwow/quake2 tony_01.jpg
2003.01.03 07:30 B C:\Projects\Creamy's_Wonderland\Quake2\tony_02.jpg <-- Creamy's Wonderland /polycount/cottages/iwow/quake2 tony_02.jpg
2003.01.03 07:31 B C:\Projects\Creamy's_Wonderland\Quake2\rascot-cartman.jpg <-- Creamy's Wonderland /polycount/cottages/iwow/quake2 rascot-cartman.jpg
2003.01.03 07:38 B C:\Projects\Creamy's_Wonderland\Quake2\bjq2t_icon.gif <-- Creamy's Wonderland /polycount/cottages/iwow/quake2 bjq2t_icon.gif
2003.03.06 20:12 B E:\Projects\Creamy's Wonderland\Quake2\Mesh&Bones_Icon.gif <-- Creamy's Wonderland /polycount/cottages/iwow/Quake2/Model_Tut Mesh&Bones_Icon.gif
2003.03.06 20:13 B E:\Projects\Creamy's Wonderland\Quake2\Mesh&Bones_Page.html <-- Creamy's Wonderland /polycount/cottages/iwow/Quake2/Model_Tut Mesh&Bones_Page.html
2003.03.20 00:14 B E:\Projects\Creamy's Wonderland\Quake2\Creamy_PPM.html --> www.planetquake.com /polycount/cottages/iwow/Quake2 Creamy_PPM.html
2003.03.20 00:14 B E:\Projects\Creamy's Wonderland\Quake2\ppm_page.html --> www.planetquake.com /polycount/cottages/iwow/Quake2 ppm_page.html
2003.03.20 00:14 B E:\Projects\Creamy's Wonderland\Quake2\Dib_PPM(fs).html --> www.planetquake.com /polycount/cottages/iwow/Quake2 Dib_PPM(fs).html
2003.03.20 00:14 B E:\Projects\Creamy's Wonderland\Quake2\Creamy_PPM(fs).html --> www.planetquake.com /polycount/cottages/iwow/Quake2 Creamy_PPM(fs).html
2003.03.20 00:14 B E:\Projects\Creamy's Wonderland\Quake2\Dib_PPM(lfm).html --> www.planetquake.com /polycount/cottages/iwow/Quake2 Dib_PPM(lfm).html
2003.03.20 00:14 B E:\Projects\Creamy's Wonderland\Quake2\Creamy_PPM(lfm).html --> www.planetquake.com /polycount/cottages/iwow/Quake2 Creamy_PPM(lfm).html
2003.03.20 00:14 B E:\Projects\Creamy's Wonderland\Quake2\tony_ppm(lfm).html --> www.planetquake.com /polycount/cottages/iwow/Quake2 tony_ppm(lfm).html
2003.03.20 00:14 B E:\Projects\Creamy's Wonderland\Quake2\chuckie_ppm(lfm).html --> www.planetquake.com /polycount/cottages/iwow/Quake2 chuckie_ppm(lfm).html
2003.03.20 00:14 B E:\Projects\Creamy's Wonderland\Quake2\Dib_PPM.html --> www.planetquake.com /polycount/cottages/iwow/Quake2 Dib_PPM.html
2003.03.20 00:14 B E:\Projects\Creamy's Wonderland\Quake2\Dib_Side_Solid.gif --> www.planetquake.com /polycount/cottages/iwow/Quake2 Dib_Side_Solid.gif
2003.03.20 00:14 B E:\Projects\Creamy's Wonderland\Quake2\Dib_Side_Mesh.gif --> www.planetquake.com /polycount/cottages/iwow/Quake2 Dib_Side_Mesh.gif
2003.03.20 00:14 B E:\Projects\Creamy's Wonderland\Quake2\Dib_QFront_Solid.gif --> www.planetquake.com /polycount/cottages/iwow/Quake2 Dib_QFront_Solid.gif
2003.03.20 00:14 B E:\Projects\Creamy's Wonderland\Quake2\Dib_QFront_Mesh.gif --> www.planetquake.com /polycount/cottages/iwow/Quake2 Dib_QFront_Mesh.gif
2003.03.20 00:14 B E:\Projects\Creamy's Wonderland\Quake2\Dib_Front_Solid.gif --> www.planetquake.com /polycount/cottages/iwow/Quake2 Dib_Front_Solid.gif
2003.03.20 00:14 B E:\Projects\Creamy's Wonderland\Quake2\chuckie_ppm.html --> www.planetquake.com /polycount/cottages/iwow/Quake2 chuckie_ppm.html
2003.03.20 00:14 B E:\Projects\Creamy's Wonderland\Quake2\quake2_intro.html --> www.planetquake.com /polycount/cottages/iwow/Quake2 quake2_intro.html
2003.03.20 12:29 B E:\Projects\Creamy's Wonderland\Quake2\tony_ppm(lfm).html --> www.planetquake.com /polycount/cottages/iwow/Quake2 tony_ppm(lfm).html
2003.03.20 12:29 B E:\Projects\Creamy's Wonderland\Quake2\ppm_page(lfm).html --> www.planetquake.com /polycount/cottages/iwow/Quake2 ppm_page(lfm).html
2003.03.20 12:29 B E:\Projects\Creamy's Wonderland\Quake2\Creamy_PPM(lfm).html --> www.planetquake.com /polycount/cottages/iwow/Quake2 Creamy_PPM(lfm).html
2003.03.20 12:29 B E:\Projects\Creamy's Wonderland\Quake2\chuckie_ppm(lfm).html --> www.planetquake.com /polycount/cottages/iwow/Quake2 chuckie_ppm(lfm).html
2003.03.20 12:29 B E:\Projects\Creamy's Wonderland\Quake2\Dib_PPM(lfm).html --> www.planetquake.com /polycount/cottages/iwow/Quake2 Dib_PPM(lfm).html
2003.03.20 12:29 B E:\Projects\Creamy's Wonderland\Quake2\ppm_page.html --> www.planetquake.com /polycount/cottages/iwow/Quake2 ppm_page.html
2003.03.20 12:29 B E:\Projects\Creamy's Wonderland\Quake2\Creamy_PPM.html --> www.planetquake.com /polycount/cottages/iwow/Quake2 Creamy_PPM.html
2003.03.20 12:29 B E:\Projects\Creamy's Wonderland\Quake2\Dib_PPM.html --> www.planetquake.com /polycount/cottages/iwow/Quake2 Dib_PPM.html
2003.03.20 12:29 B E:\Projects\Creamy's Wonderland\Quake2\Dib_PPM(fs).html --> www.planetquake.com /polycount/cottages/iwow/Quake2 Dib_PPM(fs).html
2003.03.20 12:29 B E:\Projects\Creamy's Wonderland\Quake2\Creamy_PPM(fs).html --> www.planetquake.com /polycount/cottages/iwow/Quake2 Creamy_PPM(fs).html
2003.03.20 16:45 B E:\Projects\Creamy's Wonderland\Quake2\ppm_page.html --> www.planetquake.com /polycount/cottages/iwow/Quake2 ppm_page.html
2003.03.20 16:45 B E:\Projects\Creamy's Wonderland\Quake2\Creamy_PPM.html --> www.planetquake.com /polycount/cottages/iwow/Quake2 Creamy_PPM.html
2003.04.07 00:15 B E:\Projects\Creamy's Wonderland\Quake2\Creamy_PPM.html --> www.planetquake.com /polycount/cottages/iwow/Quake2 Creamy_PPM.html
2003.04.07 00:15 B E:\Projects\Creamy's Wonderland\Quake2\Dib_PPM.html --> www.planetquake.com /polycount/cottages/iwow/Quake2 Dib_PPM.html
2003.04.28 23:52 B E:\Projects\Creamy's Wonderland\Quake2\tutorial_page.html --> www.planetquake.com /polycount/cottages/iwow/Quake2 tutorial_page.html
2003.04.29 00:29 B E:\Projects\Creamy's Wonderland\Quake2\tutorial_page.html --> www.planetquake.com /polycount/cottages/iwow/Quake2 tutorial_page.html
2003.04.29 00:29 B E:\Projects\Creamy's Wonderland\Quake2\tutorial_page(lfm).html --> www.planetquake.com /polycount/cottages/iwow/Quake2 tutorial_page(lfm).html
2003.04.29 00:32 B E:\Projects\Creamy's Wonderland\Quake2\tutorial_page(lfm).html --> www.planetquake.com /polycount/cottages/iwow/Quake2 tutorial_page(lfm).html
2003.05.07 23:59 B E:\Projects\Creamy's Wonderland\Quake2\Dib_PPM.html --> www.planetquake.com /polycount/cottages/iwow/Quake2 Dib_PPM.html
2003.05.08 01:56 B E:\Projects\Creamy's Wonderland\Quake2\Creamy_PPM.html --> www.planetquake.com /polycount/cottages/iwow/Quake2 Creamy_PPM.html
2003.05.08 01:58 B E:\Projects\Creamy's Wonderland\Quake2\Creamy_PPM.html --> www.planetquake.com /polycount/cottages/iwow/Quake2 Creamy_PPM.html
2003.06.03 06:36 B E:\Projects\Creamy's Wonderland\Quake2\bg2.gif --> www.planetquake.com /polycount/cottages/iwow/Quake2 bg2.gif
2003.06.03 06:36 B E:\Projects\Creamy's Wonderland\Quake2\bjq2t_icon.gif --> www.planetquake.com /polycount/cottages/iwow/Quake2 bjq2t_icon.gif
2003.06.03 06:36 B E:\Projects\Creamy's Wonderland\Quake2\bjq2t_page(fs).html --> www.planetquake.com /polycount/cottages/iwow/Quake2 bjq2t_page(fs).html
2003.06.03 06:36 B E:\Projects\Creamy's Wonderland\Quake2\bjq2t_page(lfm).html --> www.planetquake.com /polycount/cottages/iwow/Quake2 bjq2t_page(lfm).html
2003.06.03 06:36 B E:\Projects\Creamy's Wonderland\Quake2\bjq2t_page.html --> www.planetquake.com /polycount/cottages/iwow/Quake2 bjq2t_page.html
2003.06.03 06:36 B E:\Projects\Creamy's Wonderland\Quake2\blackcow_i.gif --> www.planetquake.com /polycount/cottages/iwow/Quake2 blackcow_i.gif
2003.06.03 06:36 B E:\Projects\Creamy's Wonderland\Quake2\bring_it_on.jpg --> www.planetquake.com /polycount/cottages/iwow/Quake2 bring_it_on.jpg
2003.06.03 06:36 B E:\Projects\Creamy's Wonderland\Quake2\browncow_i.gif --> www.planetquake.com /polycount/cottages/iwow/Quake2 browncow_i.gif
2003.06.03 06:36 B E:\Projects\Creamy's Wonderland\Quake2\cartman_i.gif --> www.planetquake.com /polycount/cottages/iwow/Quake2 cartman_i.gif
2003.06.03 06:36 B E:\Projects\Creamy's Wonderland\Quake2\chef_i.gif --> www.planetquake.com /polycount/cottages/iwow/Quake2 chef_i.gif
2003.06.03 06:36 B E:\Projects\Creamy's Wonderland\Quake2\chuckie_i.gif --> www.planetquake.com /polycount/cottages/iwow/Quake2 chuckie_i.gif
2003.06.03 06:36 B E:\Projects\Creamy's Wonderland\Quake2\chuckie_ppm(fs).html --> www.planetquake.com /polycount/cottages/iwow/Quake2 chuckie_ppm(fs).html
2003.06.03 06:36 B E:\Projects\Creamy's Wonderland\Quake2\chuckie_ppm(lfm).html --> www.planetquake.com /polycount/cottages/iwow/Quake2 chuckie_ppm(lfm).html
2003.06.03 06:36 B E:\Projects\Creamy's Wonderland\Quake2\chuckie_ppm.html --> www.planetquake.com /polycount/cottages/iwow/Quake2 chuckie_ppm.html
2003.06.03 06:37 B E:\Projects\Creamy's Wonderland\Quake2\cow_i.gif --> www.planetquake.com /polycount/cottages/iwow/Quake2 cow_i.gif
2003.06.03 06:37 B E:\Projects\Creamy's Wonderland\Quake2\creamy_i.gif --> www.planetquake.com /polycount/cottages/iwow/Quake2 creamy_i.gif
2003.06.03 06:37 B E:\Projects\Creamy's Wonderland\Quake2\Creamy_PPM(fs).html --> www.planetquake.com /polycount/cottages/iwow/Quake2 Creamy_PPM(fs).html
2003.06.03 06:37 B E:\Projects\Creamy's Wonderland\Quake2\Creamy_PPM(lfm).html --> www.planetquake.com /polycount/cottages/iwow/Quake2 Creamy_PPM(lfm).html
2003.06.03 06:37 B E:\Projects\Creamy's Wonderland\Quake2\Creamy_PPM.html --> www.planetquake.com /polycount/cottages/iwow/Quake2 Creamy_PPM.html
2003.06.03 06:37 B E:\Projects\Creamy's Wonderland\Quake2\Dib_PPM(fs).html --> www.planetquake.com /polycount/cottages/iwow/Quake2 Dib_PPM(fs).html
2003.06.03 06:37 B E:\Projects\Creamy's Wonderland\Quake2\Dib_PPM(lfm).html --> www.planetquake.com /polycount/cottages/iwow/Quake2 Dib_PPM(lfm).html
2003.06.03 06:37 B E:\Projects\Creamy's Wonderland\Quake2\Dib_PPM.html --> www.planetquake.com /polycount/cottages/iwow/Quake2 Dib_PPM.html
2003.06.03 06:37 B E:\Projects\Creamy's Wonderland\Quake2\follycount_page(fs).html --> www.planetquake.com /polycount/cottages/iwow/Quake2 follycount_page(fs).html
2003.06.03 06:37 B E:\Projects\Creamy's Wonderland\Quake2\follycount_page(lfm).html --> www.planetquake.com /polycount/cottages/iwow/Quake2 follycount_page(lfm).html
2003.06.03 06:37 B E:\Projects\Creamy's Wonderland\Quake2\follycount_page.html --> www.planetquake.com /polycount/cottages/iwow/Quake2 follycount_page.html
2003.06.03 06:37 B E:\Projects\Creamy's Wonderland\Quake2\fuddbe_i.gif --> www.planetquake.com /polycount/cottages/iwow/Quake2 fuddbe_i.gif
2003.06.03 06:37 B E:\Projects\Creamy's Wonderland\Quake2\kyle_i.gif --> www.planetquake.com /polycount/cottages/iwow/Quake2 kyle_i.gif
2003.06.03 06:37 B E:\Projects\Creamy's Wonderland\Quake2\lego_i.gif --> www.planetquake.com /polycount/cottages/iwow/Quake2 lego_i.gif
2003.06.03 06:37 B E:\Projects\Creamy's Wonderland\Quake2\ppm_page(fs).html --> www.planetquake.com /polycount/cottages/iwow/Quake2 ppm_page(fs).html
2003.06.03 06:37 B E:\Projects\Creamy's Wonderland\Quake2\ppm_page(lfm).html --> www.planetquake.com /polycount/cottages/iwow/Quake2 ppm_page(lfm).html
2003.06.03 06:37 B E:\Projects\Creamy's Wonderland\Quake2\ppm_page.html --> www.planetquake.com /polycount/cottages/iwow/Quake2 ppm_page.html
2003.06.03 06:37 B E:\Projects\Creamy's Wonderland\Quake2\pspbrwse.jbf --> www.planetquake.com /polycount/cottages/iwow/Quake2 pspbrwse.jbf
2003.06.03 06:37 B E:\Projects\Creamy's Wonderland\Quake2\quake2_archive_page(fs).html --> www.planetquake.com /polycount/cottages/iwow/Quake2 quake2_archive_page(fs).html
2003.06.03 06:37 B E:\Projects\Creamy's Wonderland\Quake2\quake2_archive_page(lfm).html --> www.planetquake.com /polycount/cottages/iwow/Quake2 quake2_archive_page(lfm).html
2003.06.03 06:37 B E:\Projects\Creamy's Wonderland\Quake2\quake2_archive_page.html --> www.planetquake.com /polycount/cottages/iwow/Quake2 quake2_archive_page.html
2003.06.03 06:37 B E:\Projects\Creamy's Wonderland\Quake2\quake2_intro(fs).html --> www.planetquake.com /polycount/cottages/iwow/Quake2 quake2_intro(fs).html
2003.06.03 06:37 B E:\Projects\Creamy's Wonderland\Quake2\quake2_intro(lfm).html --> www.planetquake.com /polycount/cottages/iwow/Quake2 quake2_intro(lfm).html
2003.06.03 06:37 B E:\Projects\Creamy's Wonderland\Quake2\quake2_intro.html --> www.planetquake.com /polycount/cottages/iwow/Quake2 quake2_intro.html
2003.06.03 06:37 B E:\Projects\Creamy's Wonderland\Quake2\quake2_news01.html --> www.planetquake.com /polycount/cottages/iwow/Quake2 quake2_news01.html
2003.06.03 06:37 B E:\Projects\Creamy's Wonderland\Quake2\quake2_news02.html --> www.planetquake.com /polycount/cottages/iwow/Quake2 quake2_news02.html
2003.06.03 06:37 B E:\Projects\Creamy's Wonderland\Quake2\quake2_news03.html --> www.planetquake.com /polycount/cottages/iwow/Quake2 quake2_news03.html
2003.06.03 06:37 B E:\Projects\Creamy's Wonderland\Quake2\quake2_title.jpg --> www.planetquake.com /polycount/cottages/iwow/Quake2 quake2_title.jpg
2003.06.03 06:37 B E:\Projects\Creamy's Wonderland\Quake2\rascot-cartman.jpg --> www.planetquake.com /polycount/cottages/iwow/Quake2 rascot-cartman.jpg
2003.06.03 06:37 B E:\Projects\Creamy's Wonderland\Quake2\SkinsIcons_Page(fs).html --> www.planetquake.com /polycount/cottages/iwow/Quake2 SkinsIcons_Page(fs).html
2003.06.03 06:37 B E:\Projects\Creamy's Wonderland\Quake2\SkinsIcons_Page(lfm).html --> www.planetquake.com /polycount/cottages/iwow/Quake2 SkinsIcons_Page(lfm).html
2003.06.03 06:37 B E:\Projects\Creamy's Wonderland\Quake2\SkinsIcons_Page.html --> www.planetquake.com /polycount/cottages/iwow/Quake2 SkinsIcons_Page.html
2003.06.03 06:37 B E:\Projects\Creamy's Wonderland\Quake2\stan_i.gif --> www.planetquake.com /polycount/cottages/iwow/Quake2 stan_i.gif
2003.06.03 06:37 B E:\Projects\Creamy's Wonderland\Quake2\tony_i.gif --> www.planetquake.com /polycount/cottages/iwow/Quake2 tony_i.gif
2003.06.03 06:37 B E:\Projects\Creamy's Wonderland\Quake2\tony_ppm(fs).html --> www.planetquake.com /polycount/cottages/iwow/Quake2 tony_ppm(fs).html
2003.06.03 06:37 B E:\Projects\Creamy's Wonderland\Quake2\tony_ppm(lfm).html --> www.planetquake.com /polycount/cottages/iwow/Quake2 tony_ppm(lfm).html
2003.06.03 06:37 B E:\Projects\Creamy's Wonderland\Quake2\tony_ppm.html --> www.planetquake.com /polycount/cottages/iwow/Quake2 tony_ppm.html
2003.06.03 06:37 B E:\Projects\Creamy's Wonderland\Quake2\tutorial_page(fs).html --> www.planetquake.com /polycount/cottages/iwow/Quake2 tutorial_page(fs).html
2003.06.03 06:37 B E:\Projects\Creamy's Wonderland\Quake2\tutorial_page(lfm).html --> www.planetquake.com /polycount/cottages/iwow/Quake2 tutorial_page(lfm).html
2003.06.03 06:37 B E:\Projects\Creamy's Wonderland\Quake2\tutorial_page.html --> www.planetquake.com /polycount/cottages/iwow/Quake2 tutorial_page.html
2003.06.03 06:37 B E:\Projects\Creamy's Wonderland\Quake2\vengeance_i.gif --> www.planetquake.com /polycount/cottages/iwow/Quake2 vengeance_i.gif
2003.06.03 06:37 B E:\Projects\Creamy's Wonderland\Quake2\vwep_page(fs).html --> www.planetquake.com /polycount/cottages/iwow/Quake2 vwep_page(fs).html
2003.06.03 06:37 B E:\Projects\Creamy's Wonderland\Quake2\vwep_page(lfm).html --> www.planetquake.com /polycount/cottages/iwow/Quake2 vwep_page(lfm).html
2003.06.03 06:37 B E:\Projects\Creamy's Wonderland\Quake2\vwep_page.html --> www.planetquake.com /polycount/cottages/iwow/Quake2 vwep_page.html
2003.06.03 06:37 B E:\Projects\Creamy's Wonderland\Quake2\whitecow_i.gif --> www.planetquake.com /polycount/cottages/iwow/Quake2 whitecow_i.gif
2003.06.03 18:58 B E:\Projects\Creamy's Wonderland\Quake2\Creamy_Quake_Icon01.gif --> www.planetquake.com /polycount/cottages/iwow/Quake2 Creamy_Quake_Icon01.gif
2003.06.03 18:58 B E:\Projects\Creamy's Wonderland\Quake2\Dib_Quake_Icon01.gif --> www.planetquake.com /polycount/cottages/iwow/Quake2 Dib_Quake_Icon01.gif
2003.06.03 23:45 B E:\Projects\Creamy's Wonderland\Quake2\Creamy_PPM.html --> www.planetquake.com /polycount/cottages/iwow/Quake2 Creamy_PPM.html
2003.06.03 23:45 B E:\Projects\Creamy's Wonderland\Quake2\tutorial_page.html --> www.planetquake.com /polycount/cottages/iwow/Quake2 tutorial_page.html
2003.06.03 23:45 B E:\Projects\Creamy's Wonderland\Quake2\Dib_PPM.html --> www.planetquake.com /polycount/cottages/iwow/Quake2 Dib_PPM.html
2003.06.03 23:45 B E:\Projects\Creamy's Wonderland\Quake2\tony_ppm.html --> www.planetquake.com /polycount/cottages/iwow/Quake2 tony_ppm.html
2003.06.03 23:45 B E:\Projects\Creamy's Wonderland\Quake2\chuckie_ppm.html --> www.planetquake.com /polycount/cottages/iwow/Quake2 chuckie_ppm.html
2003.06.03 23:45 B E:\Projects\Creamy's Wonderland\Quake2\ppm_page.html --> www.planetquake.com /polycount/cottages/iwow/Quake2 ppm_page.html
2003.06.03 23:48 B E:\Projects\Creamy's Wonderland\Quake2\tutorial_page.html --> www.planetquake.com /polycount/cottages/iwow/ITF tutorial_page.html
2003.06.04 00:05 B E:\Projects\Creamy's Wonderland\Quake2\Dib_PPM.html --> www.planetquake.com /polycount/cottages/iwow/Quake2 Dib_PPM.html
2003.06.04 00:06 B E:\Projects\Creamy's Wonderland\Quake2\Dib_PPM.html --> www.planetquake.com /polycount/cottages/iwow/Quake2 Dib_PPM.html
2003.06.04 00:07 B E:\Projects\Creamy's Wonderland\Quake2\Dib_PPM.html --> www.planetquake.com /polycount/cottages/iwow/Quake2 Dib_PPM.html
2003.06.05 23:49 B E:\Projects\Creamy's Wonderland\Quake2\Dib_PPM.html --> www.planetquake.com /polycount/cottages/iwow/Quake2 Dib_PPM.html
2003.07.10 23:02 B E:\Projects\Creamy's Wonderland\Quake2\tutorial_page.html --> www.planetquake.com /polycount/cottages/iwow/Quake2 tutorial_page.html
2003.07.10 23:02 B E:\Projects\Creamy's Wonderland\Quake2\Dib_PPM.html --> www.planetquake.com /polycount/cottages/iwow/Quake2 Dib_PPM.html
2003.07.11 00:05 B E:\Projects\Creamy's Wonderland\Quake2\Dib_PPM.html --> www.planetquake.com /polycount/cottages/iwow/Quake2 Dib_PPM.html
2003.08.01 07:53 B E:\Projects\Creamy's Wonderland\Quake2\Dib_PPM.html --> www.planetquake.com /polycount/cottages/iwow/Quake2 Dib_PPM.html
2003.08.01 17:56 B E:\Projects\Creamy's Wonderland\Quake2\Dib_PPM.html --> www.planetquake.com /polycount/cottages/iwow/Quake2 Dib_PPM.html
2003.08.30 23:26 B E:\Projects\Creamy's Wonderland\Quake2\QuakeCon_Page.html --> www.planetquake.com /polycount/cottages/iwow/Quake2 QuakeCon_Page.html
2003.08.30 23:26 B E:\Projects\Creamy's Wonderland\Quake2\QuakeCon_Page(fs).html --> www.planetquake.com /polycount/cottages/iwow/Quake2 QuakeCon_Page(fs).html
2003.08.30 23:26 B E:\Projects\Creamy's Wonderland\Quake2\quake2_intro.html --> www.planetquake.com /polycount/cottages/iwow/Quake2 quake2_intro.html
2003.08.30 23:26 B E:\Projects\Creamy's Wonderland\Quake2\QuakeCon_Page(lfm).html --> www.planetquake.com /polycount/cottages/iwow/Quake2 QuakeCon_Page(lfm).html
2003.08.30 23:26 B E:\Projects\Creamy's Wonderland\Quake2\SkinsIcons_Page(lfm).html --> www.planetquake.com /polycount/cottages/iwow/Quake2 SkinsIcons_Page(lfm).html
2003.08.30 23:26 B E:\Projects\Creamy's Wonderland\Quake2\ppm_page(lfm).html --> www.planetquake.com /polycount/cottages/iwow/Quake2 ppm_page(lfm).html
2003.08.30 23:26 B E:\Projects\Creamy's Wonderland\Quake2\quake2_intro(lfm).html --> www.planetquake.com /polycount/cottages/iwow/Quake2 quake2_intro(lfm).html
2003.08.30 23:26 B E:\Projects\Creamy's Wonderland\Quake2\quake2_archive_page(lfm).html --> www.planetquake.com /polycount/cottages/iwow/Quake2 quake2_archive_page(lfm).html
2003.08.30 23:26 B E:\Projects\Creamy's Wonderland\Quake2\Dib_PPM(lfm).html --> www.planetquake.com /polycount/cottages/iwow/Quake2 Dib_PPM(lfm).html
2003.08.30 23:26 B E:\Projects\Creamy's Wonderland\Quake2\Creamy_PPM(lfm).html --> www.planetquake.com /polycount/cottages/iwow/Quake2 Creamy_PPM(lfm).html
2003.08.30 23:26 B E:\Projects\Creamy's Wonderland\Quake2\vwep_page(lfm).html --> www.planetquake.com /polycount/cottages/iwow/Quake2 vwep_page(lfm).html
2003.08.30 23:26 B E:\Projects\Creamy's Wonderland\Quake2\tutorial_page(lfm).html --> www.planetquake.com /polycount/cottages/iwow/Quake2 tutorial_page(lfm).html
2003.08.30 23:26 B E:\Projects\Creamy's Wonderland\Quake2\tony_ppm(lfm).html --> www.planetquake.com /polycount/cottages/iwow/Quake2 tony_ppm(lfm).html
2003.08.30 23:26 B E:\Projects\Creamy's Wonderland\Quake2\chuckie_ppm(lfm).html --> www.planetquake.com /polycount/cottages/iwow/Quake2 chuckie_ppm(lfm).html
2003.08.30 23:26 B E:\Projects\Creamy's Wonderland\Quake2\Dib_PPM.html --> www.planetquake.com /polycount/cottages/iwow/Quake2 Dib_PPM.html
2003.09.29 22:52 B E:\Projects\Creamy's Wonderland\Quake2\Dib_PPM.html --> www.planetquake.com /polycount/cottages/iwow/Quake2 Dib_PPM.html
2003.10.02 23:23 B E:\Projects\Creamy's Wonderland\Quake2\Dib_PPM.html --> www.planetquake.com /polycount/cottages/iwow/Quake2 Dib_PPM.html
2003.12.23 22:13 B E:\Projects\Creamy's Wonderland\Quake2\Dib_PPM.html --> www.planetquake.com /polycount/cottages/iwow/Quake2 Dib_PPM.html
2004.10.02 22:03 B E:\Projects\Creamy's Wonderland\Quake2\tutorial_page(lfm).html --> hosting.gamespy.com /planetquake/polycount/cottages/iwow/Quake2 tutorial_page(lfm).html
2004.10.02 22:03 B E:\Projects\Creamy's Wonderland\Quake2\vwep_page(lfm).html --> hosting.gamespy.com /planetquake/polycount/cottages/iwow/Quake2 vwep_page(lfm).html
2004.10.02 22:03 B E:\Projects\Creamy's Wonderland\Quake2\tony_ppm(lfm).html --> hosting.gamespy.com /planetquake/polycount/cottages/iwow/Quake2 tony_ppm(lfm).html
2004.10.02 22:03 B E:\Projects\Creamy's Wonderland\Quake2\SkinsIcons_Page(lfm).html --> hosting.gamespy.com /planetquake/polycount/cottages/iwow/Quake2 SkinsIcons_Page(lfm).html
2004.10.02 22:03 B E:\Projects\Creamy's Wonderland\Quake2\QuakeCon_Page(lfm).html --> hosting.gamespy.com /planetquake/polycount/cottages/iwow/Quake2 QuakeCon_Page(lfm).html
2004.10.02 22:03 B E:\Projects\Creamy's Wonderland\Quake2\quake2_intro(lfm).html --> hosting.gamespy.com /planetquake/polycount/cottages/iwow/Quake2 quake2_intro(lfm).html
2004.10.02 22:03 B E:\Projects\Creamy's Wonderland\Quake2\quake2_archive_page(lfm).html --> hosting.gamespy.com /planetquake/polycount/cottages/iwow/Quake2 quake2_archive_page(lfm).html
2004.10.02 22:03 B E:\Projects\Creamy's Wonderland\Quake2\ppm_page(lfm).html --> hosting.gamespy.com /planetquake/polycount/cottages/iwow/Quake2 ppm_page(lfm).html
2004.10.02 22:03 B E:\Projects\Creamy's Wonderland\Quake2\follycount_page(lfm).html --> hosting.gamespy.com /planetquake/polycount/cottages/iwow/Quake2 follycount_page(lfm).html
2004.10.02 22:03 B E:\Projects\Creamy's Wonderland\Quake2\Dib_PPM(lfm).html --> hosting.gamespy.com /planetquake/polycount/cottages/iwow/Quake2 Dib_PPM(lfm).html
2004.10.02 22:03 B E:\Projects\Creamy's Wonderland\Quake2\Creamy_PPM(lfm).html --> hosting.gamespy.com /planetquake/polycount/cottages/iwow/Quake2 Creamy_PPM(lfm).html
2004.10.02 22:03 B E:\Projects\Creamy's Wonderland\Quake2\chuckie_ppm(lfm).html --> hosting.gamespy.com /planetquake/polycount/cottages/iwow/Quake2 chuckie_ppm(lfm).html
2004.10.02 22:03 B E:\Projects\Creamy's Wonderland\Quake2\bjq2t_page(lfm).html --> hosting.gamespy.com /planetquake/polycount/cottages/iwow/Quake2 bjq2t_page(lfm).html
2004.10.02 22:03 B E:\Projects\Creamy's Wonderland\Quake2\tutorial_page.html --> hosting.gamespy.com /planetquake/polycount/cottages/iwow/Quake2 tutorial_page.html
2004.10.02 22:03 B E:\Projects\Creamy's Wonderland\Quake2\Dib_PPM.html --> hosting.gamespy.com /planetquake/polycount/cottages/iwow/Quake2 Dib_PPM.html
2004.10.02 22:21 B E:\Projects\Creamy's Wonderland\Quake2\tutorial_page.html --> hosting.gamespy.com /planetquake/polycount/cottages/iwow/Quake2 tutorial_page.html
2004.10.03 03:43 B E:\Projects\Creamy's Wonderland\Quake2\tony_ppm(lfm).html --> hosting.gamespy.com /planetquake/polycount/cottages/iwow/Quake2 tony_ppm(lfm).html
2004.10.03 03:43 B E:\Projects\Creamy's Wonderland\Quake2\ppm_page(lfm).html --> hosting.gamespy.com /planetquake/polycount/cottages/iwow/Quake2 ppm_page(lfm).html
2004.10.03 03:43 B E:\Projects\Creamy's Wonderland\Quake2\Dib_PPM(lfm).html --> hosting.gamespy.com /planetquake/polycount/cottages/iwow/Quake2 Dib_PPM(lfm).html
2004.10.03 03:43 B E:\Projects\Creamy's Wonderland\Quake2\Creamy_PPM(lfm).html --> hosting.gamespy.com /planetquake/polycount/cottages/iwow/Quake2 Creamy_PPM(lfm).html
2004.10.03 03:43 B E:\Projects\Creamy's Wonderland\Quake2\chuckie_ppm(lfm).html --> hosting.gamespy.com /planetquake/polycount/cottages/iwow/Quake2 chuckie_ppm(lfm).html
2004.10.20 16:33 B E:\Projects\Creamy's Wonderland\Quake2\Dib_SS02.jpg --> hosting.gamespy.com /planetquake/polycount/cottages/iwow/Quake2 Dib_SS02.jpg
2004.10.20 16:33 B E:\Projects\Creamy's Wonderland\Quake2\Dib_SS01.jpg --> hosting.gamespy.com /planetquake/polycount/cottages/iwow/Quake2 Dib_SS01.jpg
2004.10.20 16:33 B E:\Projects\Creamy's Wonderland\Quake2\PPM_Profile_-_Dib_-_Left.jpg --> hosting.gamespy.com /planetquake/polycount/cottages/iwow/Quake2 PPM_Profile_-_Dib_-_Left.jpg
2004.10.20 16:33 B E:\Projects\Creamy's Wonderland\Quake2\PPM_Profile_-_Dib_-_Right.jpg --> hosting.gamespy.com /planetquake/polycount/cottages/iwow/Quake2 PPM_Profile_-_Dib_-_Right.jpg
2004.10.20 16:33 B E:\Projects\Creamy's Wonderland\Quake2\PPM_Profile_-_Chuckie_-_Right.jpg --> hosting.gamespy.com /planetquake/polycount/cottages/iwow/Quake2 PPM_Profile_-_Chuckie_-_Right.jpg
2004.10.20 16:33 B E:\Projects\Creamy's Wonderland\Quake2\PPM_Profile_-_Chuckie_-_Left.jpg --> hosting.gamespy.com /planetquake/polycount/cottages/iwow/Quake2 PPM_Profile_-_Chuckie_-_Left.jpg
2004.10.20 16:33 B E:\Projects\Creamy's Wonderland\Quake2\PPM_Profile_-_Tony_-_Left.jpg --> hosting.gamespy.com /planetquake/polycount/cottages/iwow/Quake2 PPM_Profile_-_Tony_-_Left.jpg
2004.10.20 16:33 B E:\Projects\Creamy's Wonderland\Quake2\PPM_Profile_-_Tony_-_Right.jpg --> hosting.gamespy.com /planetquake/polycount/cottages/iwow/Quake2 PPM_Profile_-_Tony_-_Right.jpg
2004.10.20 16:33 B E:\Projects\Creamy's Wonderland\Quake2\Quake2_Mural02.jpg --> hosting.gamespy.com /planetquake/polycount/cottages/iwow/Quake2 Quake2_Mural02.jpg
2004.10.20 16:33 B E:\Projects\Creamy's Wonderland\Quake2\Q2_Card_-_Tony.jpg --> hosting.gamespy.com /planetquake/polycount/cottages/iwow/Quake2 Q2_Card_-_Tony.jpg
2004.10.20 16:33 B E:\Projects\Creamy's Wonderland\Quake2\Q2_Card_-_Dib.jpg --> hosting.gamespy.com /planetquake/polycount/cottages/iwow/Quake2 Q2_Card_-_Dib.jpg
2004.10.20 16:33 B E:\Projects\Creamy's Wonderland\Quake2\Q2_Card_-_Chuckie.jpg --> hosting.gamespy.com /planetquake/polycount/cottages/iwow/Quake2 Q2_Card_-_Chuckie.jpg
2004.10.20 16:33 B E:\Projects\Creamy's Wonderland\Quake2\dis_Card_-_Creamy.jpg --> hosting.gamespy.com /planetquake/polycount/cottages/iwow/Quake2 dis_Card_-_Creamy.jpg
2004.10.20 16:33 B E:\Projects\Creamy's Wonderland\Quake2\Quake2_Mural01.jpg --> hosting.gamespy.com /planetquake/polycount/cottages/iwow/Quake2 Quake2_Mural01.jpg
2004.10.20 16:35 B E:\Projects\Creamy's Wonderland\Quake2\quake2_intro.html --> hosting.gamespy.com /planetquake/polycount/cottages/iwow/Quake2 quake2_intro.html
2004.10.20 17:11 B E:\Projects\Creamy's Wonderland\Quake2\PPM_Stats_-_Dib_-_Right.jpg --> hosting.gamespy.com /planetquake/polycount/cottages/iwow/Quake2 PPM_Stats_-_Dib_-_Right.jpg
2004.10.20 17:11 B E:\Projects\Creamy's Wonderland\Quake2\PPM_Stats_-_Dib_-_Left.jpg --> hosting.gamespy.com /planetquake/polycount/cottages/iwow/Quake2 PPM_Stats_-_Dib_-_Left.jpg
2004.10.20 17:11 B E:\Projects\Creamy's Wonderland\Quake2\PPM_Stats_-_Tony_-_Left.jpg --> hosting.gamespy.com /planetquake/polycount/cottages/iwow/Quake2 PPM_Stats_-_Tony_-_Left.jpg
2004.10.20 17:11 B E:\Projects\Creamy's Wonderland\Quake2\PPM_Stats_-_Tony_-_Right.jpg --> hosting.gamespy.com /planetquake/polycount/cottages/iwow/Quake2 PPM_Stats_-_Tony_-_Right.jpg
2004.10.20 17:11 B E:\Projects\Creamy's Wonderland\Quake2\PPM_Stats_-_Chuckie_-_Left.jpg --> hosting.gamespy.com /planetquake/polycount/cottages/iwow/Quake2 PPM_Stats_-_Chuckie_-_Left.jpg
2004.10.20 17:11 B E:\Projects\Creamy's Wonderland\Quake2\PPM_Stats_-_Chuckie_-_Right.jpg --> hosting.gamespy.com /planetquake/polycount/cottages/iwow/Quake2 PPM_Stats_-_Chuckie_-_Right.jpg
2004.10.20 17:25 B E:\Projects\Creamy's Wonderland\Quake2\Dib_i.gif --> hosting.gamespy.com /planetquake/polycount/cottages/iwow/Quake2 Dib_i.gif
2004.10.20 17:28 B E:\Projects\Creamy's Wonderland\Quake2\Dib_SS02.jpg --> hosting.gamespy.com /planetquake/polycount/cottages/iwow/Quake2/Models/Dib/Images/Screenshots Dib_SS02.jpg
2004.10.20 17:28 B E:\Projects\Creamy's Wonderland\Quake2\Dib_SS01.jpg --> hosting.gamespy.com /planetquake/polycount/cottages/iwow/Quake2/Models/Dib/Images/Screenshots Dib_SS01.jpg
2004.10.20 18:53 B E:\Projects\Creamy's Wonderland\Quake2\dis_Card_-_Creamy.jpg --> hosting.gamespy.com /planetquake/polycount/cottages/iwow/Quake2 dis_Card_-_Creamy.jpg
2004.10.20 19:05 B E:\Projects\Creamy's Wonderland\Quake2\quake2_intro.html --> hosting.gamespy.com /planetquake/polycount/cottages/iwow/Quake2 quake2_intro.html
2004.10.22 22:47 B E:\Projects\Creamy's Wonderland\Quake2\Dib_PPM.html --> hosting.gamespy.com /planetquake/polycount/cottages/iwow/Quake2 Dib_PPM.html
2004.10.22 22:47 B E:\Projects\Creamy's Wonderland\Quake2\Dib_PPM_log.html --> hosting.gamespy.com /planetquake/polycount/cottages/iwow/Quake2 Dib_PPM_log.html
2004.10.22 22:47 B E:\Projects\Creamy's Wonderland\Quake2\quake2_intro.html --> hosting.gamespy.com /planetquake/polycount/cottages/iwow/Quake2 quake2_intro.html
2004.10.22 22:47 B E:\Projects\Creamy's Wonderland\Quake2\quake2_news03.html --> hosting.gamespy.com /planetquake/polycount/cottages/iwow/Quake2 quake2_news03.html
2004.10.22 22:47 B E:\Projects\Creamy's Wonderland\Quake2\quake2_news02.html --> hosting.gamespy.com /planetquake/polycount/cottages/iwow/Quake2 quake2_news02.html
2004.10.22 22:47 B E:\Projects\Creamy's Wonderland\Quake2\quake2_news01.html --> hosting.gamespy.com /planetquake/polycount/cottages/iwow/Quake2 quake2_news01.html
2004.10.22 22:47 B E:\Projects\Creamy's Wonderland\Quake2\quake2_archive_page.html --> hosting.gamespy.com /planetquake/polycount/cottages/iwow/Quake2 quake2_archive_page.html
2004.10.22 22:47 B E:\Projects\Creamy's Wonderland\Quake2\QuakeCon_Page.html --> hosting.gamespy.com /planetquake/polycount/cottages/iwow/Quake2 QuakeCon_Page.html
2004.10.22 22:47 B E:\Projects\Creamy's Wonderland\Quake2\tutorial_page.html --> hosting.gamespy.com /planetquake/polycount/cottages/iwow/Quake2 tutorial_page.html
2004.10.22 22:47 B E:\Projects\Creamy's Wonderland\Quake2\SkinsIcons_Page.html --> hosting.gamespy.com /planetquake/polycount/cottages/iwow/Quake2 SkinsIcons_Page.html
2004.10.22 22:47 B E:\Projects\Creamy's Wonderland\Quake2\vwep_page.html --> hosting.gamespy.com /planetquake/polycount/cottages/iwow/Quake2 vwep_page.html
2004.10.22 22:47 B E:\Projects\Creamy's Wonderland\Quake2\ppm_page.html --> hosting.gamespy.com /planetquake/polycount/cottages/iwow/Quake2 ppm_page.html
2004.10.22 22:47 B E:\Projects\Creamy's Wonderland\Quake2\Creamy_PPM.html --> hosting.gamespy.com /planetquake/polycount/cottages/iwow/Quake2 Creamy_PPM.html
2004.10.22 22:47 B E:\Projects\Creamy's Wonderland\Quake2\follycount_page.html --> hosting.gamespy.com /planetquake/polycount/cottages/iwow/Quake2 follycount_page.html
2004.10.22 22:54 B E:\Projects\Creamy's Wonderland\Quake2\ppm_page.html --> hosting.gamespy.com /planetquake/polycount/cottages/iwow/Quake2 ppm_page.html
2004.10.22 22:54 B E:\Projects\Creamy's Wonderland\Quake2\Creamy_PPM.html --> hosting.gamespy.com /planetquake/polycount/cottages/iwow/Quake2 Creamy_PPM.html
2004.10.22 22:54 B E:\Projects\Creamy's Wonderland\Quake2\Dib_PPM_log.html --> hosting.gamespy.com /planetquake/polycount/cottages/iwow/Quake2 Dib_PPM_log.html
2004.10.22 23:03 B E:\Projects\Creamy's Wonderland\Quake2\tony_ppm.html --> hosting.gamespy.com /planetquake/polycount/cottages/iwow/Quake2 tony_ppm.html
2004.10.22 23:03 B E:\Projects\Creamy's Wonderland\Quake2\Dib_PPM.html --> hosting.gamespy.com /planetquake/polycount/cottages/iwow/Quake2 Dib_PPM.html
2004.10.22 23:03 B E:\Projects\Creamy's Wonderland\Quake2\chuckie_ppm.html --> hosting.gamespy.com /planetquake/polycount/cottages/iwow/Quake2 chuckie_ppm.html
2004.10.22 23:06 B E:\Projects\Creamy's Wonderland\Quake2\tony_ppm.html --> hosting.gamespy.com /planetquake/polycount/cottages/iwow/Quake2 tony_ppm.html
2004.10.22 23:06 B E:\Projects\Creamy's Wonderland\Quake2\chuckie_ppm.html --> hosting.gamespy.com /planetquake/polycount/cottages/iwow/Quake2 chuckie_ppm.html
2004.10.23 00:15 B E:\Projects\Creamy's Wonderland\Quake2\Dib_PPM.html --> hosting.gamespy.com /planetquake/polycount/cottages/iwow/Quake2 Dib_PPM.html
2004.10.23 14:17 B E:\Projects\Creamy's Wonderland\Quake2\PPM_Profile_-_Chuckie_-_Right.jpg --> hosting.gamespy.com /planetquake/polycount/cottages/iwow/Quake2 PPM_Profile_-_Chuckie_-_Right.jpg
2004.10.23 14:18 B E:\Projects\Creamy's Wonderland\Quake2\PPM_Profile_-_Chuckie_-_Left.jpg --> hosting.gamespy.com /planetquake/polycount/cottages/iwow/Quake2 PPM_Profile_-_Chuckie_-_Left.jpg
2004.10.23 15:18 B E:\Projects\Creamy's Wonderland\Quake2\ppm_page.html --> hosting.gamespy.com /planetquake/polycount/cottages/iwow/Quake2 ppm_page.html
2004.10.23 15:18 B E:\Projects\Creamy's Wonderland\Quake2\Creamy_PPM.html --> hosting.gamespy.com /planetquake/polycount/cottages/iwow/Quake2 Creamy_PPM.html
2004.10.23 15:18 B E:\Projects\Creamy's Wonderland\Quake2\tutorial_page.html --> hosting.gamespy.com /planetquake/polycount/cottages/iwow/Quake2 tutorial_page.html
2004.10.23 15:18 B E:\Projects\Creamy's Wonderland\Quake2\Dib_PPM_log.html --> hosting.gamespy.com /planetquake/polycount/cottages/iwow/Quake2 Dib_PPM_log.html
2005.10.02 22:43 B C:\Projects\Creamy's Wonderland\Games\Quake2\vwep_page(fs).html --> hosting.gamespy.com /planetquake/polycount/cottages/iwow/Games/Quake2 vwep_page(fs).html
2005.10.02 22:43 B C:\Projects\Creamy's Wonderland\Games\Quake2\tutorial_page(fs).html --> hosting.gamespy.com /planetquake/polycount/cottages/iwow/Games/Quake2 tutorial_page(fs).html
2005.10.02 22:43 B C:\Projects\Creamy's Wonderland\Games\Quake2\SkinsIcons_Page(fs).html --> hosting.gamespy.com /planetquake/polycount/cottages/iwow/Games/Quake2 SkinsIcons_Page(fs).html
2005.10.02 22:43 B C:\Projects\Creamy's Wonderland\Games\Quake2\QuakeCon_Page(fs).html --> hosting.gamespy.com /planetquake/polycount/cottages/iwow/Games/Quake2 QuakeCon_Page(fs).html
2005.10.02 22:43 B C:\Projects\Creamy's Wonderland\Games\Quake2\quake2_intro(fs).html --> hosting.gamespy.com /planetquake/polycount/cottages/iwow/Games/Quake2 quake2_intro(fs).html
2005.10.02 22:43 B C:\Projects\Creamy's Wonderland\Games\Quake2\quake2_archive_page(fs).html --> hosting.gamespy.com /planetquake/polycount/cottages/iwow/Games/Quake2 quake2_archive_page(fs).html
2005.10.02 22:43 B C:\Projects\Creamy's Wonderland\Games\Quake2\ppm_page(fs).html --> hosting.gamespy.com /planetquake/polycount/cottages/iwow/Games/Quake2 ppm_page(fs).html
2005.10.02 22:43 B C:\Projects\Creamy's Wonderland\Games\Quake2\follycount_page(fs).html --> hosting.gamespy.com /planetquake/polycount/cottages/iwow/Games/Quake2 follycount_page(fs).html
2005.10.02 22:43 B C:\Projects\Creamy's Wonderland\Games\Quake2\quake2_archive_page(lfm).html --> hosting.gamespy.com /planetquake/polycount/cottages/iwow/Games/Quake2 quake2_archive_page(lfm).html
2005.10.02 22:43 B C:\Projects\Creamy's Wonderland\Games\Quake2\tutorial_page(lfm).html --> hosting.gamespy.com /planetquake/polycount/cottages/iwow/Games/Quake2 tutorial_page(lfm).html
2005.10.02 22:43 B C:\Projects\Creamy's Wonderland\Games\Quake2\QuakeCon_Page(lfm).html --> hosting.gamespy.com /planetquake/polycount/cottages/iwow/Games/Quake2 QuakeCon_Page(lfm).html
2005.10.02 22:43 B C:\Projects\Creamy's Wonderland\Games\Quake2\vwep_page(lfm).html --> hosting.gamespy.com /planetquake/polycount/cottages/iwow/Games/Quake2 vwep_page(lfm).html
2005.10.02 22:43 B C:\Projects\Creamy's Wonderland\Games\Quake2\SkinsIcons_Page(lfm).html --> hosting.gamespy.com /planetquake/polycount/cottages/iwow/Games/Quake2 SkinsIcons_Page(lfm).html
2005.10.02 22:43 B C:\Projects\Creamy's Wonderland\Games\Quake2\quake2_intro(lfm).html --> hosting.gamespy.com /planetquake/polycount/cottages/iwow/Games/Quake2 quake2_intro(lfm).html
2005.10.02 22:43 B C:\Projects\Creamy's Wonderland\Games\Quake2\ppm_page(lfm).html --> hosting.gamespy.com /planetquake/polycount/cottages/iwow/Games/Quake2 ppm_page(lfm).html
2005.10.02 22:43 B C:\Projects\Creamy's Wonderland\Games\Quake2\follycount_page(lfm).html --> hosting.gamespy.com /planetquake/polycount/cottages/iwow/Games/Quake2 follycount_page(lfm).html
2005.10.02 22:43 B C:\Projects\Creamy's Wonderland\Games\Quake2\quake2_intro.html --> hosting.gamespy.com /planetquake/polycount/cottages/iwow/Games/Quake2 quake2_intro.html
2005.10.02 22:43 B C:\Projects\Creamy's Wonderland\Games\Quake2\quake2_news03.html --> hosting.gamespy.com /planetquake/polycount/cottages/iwow/Games/Quake2 quake2_news03.html
2005.10.02 22:43 B C:\Projects\Creamy's Wonderland\Games\Quake2\quake2_news02.html --> hosting.gamespy.com /planetquake/polycount/cottages/iwow/Games/Quake2 quake2_news02.html
2005.10.02 22:43 B C:\Projects\Creamy's Wonderland\Games\Quake2\quake2_news01.html --> hosting.gamespy.com /planetquake/polycount/cottages/iwow/Games/Quake2 quake2_news01.html
2005.10.02 22:43 B C:\Projects\Creamy's Wonderland\Games\Quake2\quake2_archive_page.html --> hosting.gamespy.com /planetquake/polycount/cottages/iwow/Games/Quake2 quake2_archive_page.html
2005.10.02 22:43 B C:\Projects\Creamy's Wonderland\Games\Quake2\QuakeCon_Page.html --> hosting.gamespy.com /planetquake/polycount/cottages/iwow/Games/Quake2 QuakeCon_Page.html
2005.10.02 22:43 B C:\Projects\Creamy's Wonderland\Games\Quake2\tutorial_page.html --> hosting.gamespy.com /planetquake/polycount/cottages/iwow/Games/Quake2 tutorial_page.html
2005.10.02 22:43 B C:\Projects\Creamy's Wonderland\Games\Quake2\SkinsIcons_Page.html --> hosting.gamespy.com /planetquake/polycount/cottages/iwow/Games/Quake2 SkinsIcons_Page.html
2005.10.02 22:43 B C:\Projects\Creamy's Wonderland\Games\Quake2\vwep_page.html --> hosting.gamespy.com /planetquake/polycount/cottages/iwow/Games/Quake2 vwep_page.html
2005.10.02 22:43 B C:\Projects\Creamy's Wonderland\Games\Quake2\ppm_page.html --> hosting.gamespy.com /planetquake/polycount/cottages/iwow/Games/Quake2 ppm_page.html
2005.10.02 22:43 B C:\Projects\Creamy's Wonderland\Games\Quake2\Dib_PPM.html --> hosting.gamespy.com /planetquake/polycount/cottages/iwow/Games/Quake2 Dib_PPM.html
2005.10.02 22:43 B C:\Projects\Creamy's Wonderland\Games\Quake2\Creamy_PPM.html --> hosting.gamespy.com /planetquake/polycount/cottages/iwow/Games/Quake2 Creamy_PPM.html
2005.10.02 22:43 B C:\Projects\Creamy's Wonderland\Games\Quake2\tony_ppm.html --> hosting.gamespy.com /planetquake/polycount/cottages/iwow/Games/Quake2 tony_ppm.html
2005.10.02 22:43 B C:\Projects\Creamy's Wonderland\Games\Quake2\chuckie_ppm.html --> hosting.gamespy.com /planetquake/polycount/cottages/iwow/Games/Quake2 chuckie_ppm.html
2005.10.02 22:43 B C:\Projects\Creamy's Wonderland\Games\Quake2\follycount_page.html --> hosting.gamespy.com /planetquake/polycount/cottages/iwow/Games/Quake2 follycount_page.html
2005.10.02 22:43 B C:\Projects\Creamy's Wonderland\Games\Quake2\bjq2t_page.html --> hosting.gamespy.com /planetquake/polycount/cottages/iwow/Games/Quake2 bjq2t_page.html
2006.07.01 15:59 B E:\Projects\Creamy's Wonderland\Games\Quake2\VWEP_Page(fs).html --> web.planethosting.gamespy.com /iwow.cottages.polycount.com/Games/Quake2 VWEP_Page(fs).html
2006.07.01 15:59 B E:\Projects\Creamy's Wonderland\Games\Quake2\Tutorial_Page(fs).html --> web.planethosting.gamespy.com /iwow.cottages.polycount.com/Games/Quake2 Tutorial_Page(fs).html
2006.07.01 15:59 B E:\Projects\Creamy's Wonderland\Games\Quake2\SkinsIcons_Page(fs).html --> web.planethosting.gamespy.com /iwow.cottages.polycount.com/Games/Quake2 SkinsIcons_Page(fs).html
2006.07.01 15:59 B E:\Projects\Creamy's Wonderland\Games\Quake2\QuakeCon_Page(fs).html --> web.planethosting.gamespy.com /iwow.cottages.polycount.com/Games/Quake2 QuakeCon_Page(fs).html
2006.07.01 15:59 B E:\Projects\Creamy's Wonderland\Games\Quake2\Quake2_Intro(fs).html --> web.planethosting.gamespy.com /iwow.cottages.polycount.com/Games/Quake2 Quake2_Intro(fs).html
2006.07.01 15:59 B E:\Projects\Creamy's Wonderland\Games\Quake2\Quake2_Archive_Page(fs).html --> web.planethosting.gamespy.com /iwow.cottages.polycount.com/Games/Quake2 Quake2_Archive_Page(fs).html
2006.07.01 15:59 B E:\Projects\Creamy's Wonderland\Games\Quake2\PPM_Page(fs).html --> web.planethosting.gamespy.com /iwow.cottages.polycount.com/Games/Quake2 PPM_Page(fs).html
2006.07.01 15:59 B E:\Projects\Creamy's Wonderland\Games\Quake2\Quake2_Intro(lfm).html --> web.planethosting.gamespy.com /iwow.cottages.polycount.com/Games/Quake2 Quake2_Intro(lfm).html
2006.07.01 15:59 B E:\Projects\Creamy's Wonderland\Games\Quake2\VWEP_Page(lfm).html --> web.planethosting.gamespy.com /iwow.cottages.polycount.com/Games/Quake2 VWEP_Page(lfm).html
2006.07.01 15:59 B E:\Projects\Creamy's Wonderland\Games\Quake2\Tutorial_Page(lfm).html --> web.planethosting.gamespy.com /iwow.cottages.polycount.com/Games/Quake2 Tutorial_Page(lfm).html
2006.07.01 15:59 B E:\Projects\Creamy's Wonderland\Games\Quake2\SkinsIcons_Page(lfm).html --> web.planethosting.gamespy.com /iwow.cottages.polycount.com/Games/Quake2 SkinsIcons_Page(lfm).html
2006.07.01 15:59 B E:\Projects\Creamy's Wonderland\Games\Quake2\QuakeCon_Page(lfm).html --> web.planethosting.gamespy.com /iwow.cottages.polycount.com/Games/Quake2 QuakeCon_Page(lfm).html
2006.07.01 15:59 B E:\Projects\Creamy's Wonderland\Games\Quake2\Quake2_Archive_Page(lfm).html --> web.planethosting.gamespy.com /iwow.cottages.polycount.com/Games/Quake2 Quake2_Archive_Page(lfm).html
2006.07.01 15:59 B E:\Projects\Creamy's Wonderland\Games\Quake2\PPM_Page(lfm).html --> web.planethosting.gamespy.com /iwow.cottages.polycount.com/Games/Quake2 PPM_Page(lfm).html
2006.07.01 15:59 B E:\Projects\Creamy's Wonderland\Games\Quake2\Quake2_Intro.html --> web.planethosting.gamespy.com /iwow.cottages.polycount.com/Games/Quake2 Quake2_Intro.html
2006.07.01 15:59 B E:\Projects\Creamy's Wonderland\Games\Quake2\SkinsIcons_Page.html --> web.planethosting.gamespy.com /iwow.cottages.polycount.com/Games/Quake2 SkinsIcons_Page.html
2006.07.01 15:59 B E:\Projects\Creamy's Wonderland\Games\Quake2\VWEP_Page.html --> web.planethosting.gamespy.com /iwow.cottages.polycount.com/Games/Quake2 VWEP_Page.html
2006.07.01 15:59 B E:\Projects\Creamy's Wonderland\Games\Quake2\Tony_PPM.html --> web.planethosting.gamespy.com /iwow.cottages.polycount.com/Games/Quake2 Tony_PPM.html
2006.07.01 15:59 B E:\Projects\Creamy's Wonderland\Games\Quake2\Chuckie_PPM.html --> web.planethosting.gamespy.com /iwow.cottages.polycount.com/Games/Quake2 Chuckie_PPM.html
2006.07.01 15:59 B E:\Projects\Creamy's Wonderland\Games\Quake2\Dib_PPM.html --> web.planethosting.gamespy.com /iwow.cottages.polycount.com/Games/Quake2 Dib_PPM.html
2006.07.01 15:59 B E:\Projects\Creamy's Wonderland\Games\Quake2\Quake2_News03.html --> web.planethosting.gamespy.com /iwow.cottages.polycount.com/Games/Quake2 Quake2_News03.html
2006.07.01 15:59 B E:\Projects\Creamy's Wonderland\Games\Quake2\Quake2_News02.html --> web.planethosting.gamespy.com /iwow.cottages.polycount.com/Games/Quake2 Quake2_News02.html
2006.07.01 15:59 B E:\Projects\Creamy's Wonderland\Games\Quake2\Quake2_News01.html --> web.planethosting.gamespy.com /iwow.cottages.polycount.com/Games/Quake2 Quake2_News01.html
2006.07.01 15:59 B E:\Projects\Creamy's Wonderland\Games\Quake2\Quake2_Archive_Page.html --> web.planethosting.gamespy.com /iwow.cottages.polycount.com/Games/Quake2 Quake2_Archive_Page.html
2006.07.01 15:59 B E:\Projects\Creamy's Wonderland\Games\Quake2\QuakeCon_Page.html --> web.planethosting.gamespy.com /iwow.cottages.polycount.com/Games/Quake2 QuakeCon_Page.html
2006.07.01 15:59 B E:\Projects\Creamy's Wonderland\Games\Quake2\Dib_PPM_log.html --> web.planethosting.gamespy.com /iwow.cottages.polycount.com/Games/Quake2 Dib_PPM_log.html
2006.07.01 15:59 B E:\Projects\Creamy's Wonderland\Games\Quake2\Creamy_PPM.html --> web.planethosting.gamespy.com /iwow.cottages.polycount.com/Games/Quake2 Creamy_PPM.html
2006.07.01 16:00 B E:\Projects\Creamy's Wonderland\Games\Quake2\Tutorial_Page.html --> web.planethosting.gamespy.com /iwow.cottages.polycount.com/Games/Quake2 Tutorial_Page.html
2006.07.01 16:00 B E:\Projects\Creamy's Wonderland\Games\Quake2\PPM_Page.html --> web.planethosting.gamespy.com /iwow.cottages.polycount.com/Games/Quake2 PPM_Page.html
2006.07.01 16:40 B E:\Projects\Creamy's Wonderland\Games\Quake2\Quake2_Archive_Page.html --> web.planethosting.gamespy.com /iwow.cottages.polycount.com/Games/Quake2 Quake2_Archive_Page.html
2006.08.30 23:26 B E:\Projects\Creamy's Wonderland\Games\Quake2\QuakeCon_Page.html --> web.planethosting.gamespy.com /iwow.cottages.polycount.com/Games/Quake2 QuakeCon_Page.html
2007.07.01 20:05 B E:\Projects\Creamy's Wonderland\Games\Quake2\Quake2_News03.html --> web.planethosting.gamespy.com /iwow.cottages.polycount.com/Games/Quake2 Quake2_News03.html
2007.07.01 20:05 B E:\Projects\Creamy's Wonderland\Games\Quake2\Quake2_News02.html --> web.planethosting.gamespy.com /iwow.cottages.polycount.com/Games/Quake2 Quake2_News02.html
2007.07.01 20:05 B E:\Projects\Creamy's Wonderland\Games\Quake2\Quake2_News01.html --> web.planethosting.gamespy.com /iwow.cottages.polycount.com/Games/Quake2 Quake2_News01.html
2007.07.01 20:05 B E:\Projects\Creamy's Wonderland\Games\Quake2\Quake2_Archive_Page.html --> web.planethosting.gamespy.com /iwow.cottages.polycount.com/Games/Quake2 Quake2_Archive_Page.html
2007.07.01 20:05 B E:\Projects\Creamy's Wonderland\Games\Quake2\Tutorial_Page.html --> web.planethosting.gamespy.com /iwow.cottages.polycount.com/Games/Quake2 Tutorial_Page.html
2007.07.01 20:05 B E:\Projects\Creamy's Wonderland\Games\Quake2\SkinsIcons_Page.html --> web.planethosting.gamespy.com /iwow.cottages.polycount.com/Games/Quake2 SkinsIcons_Page.html
2007.07.01 20:05 B E:\Projects\Creamy's Wonderland\Games\Quake2\PPM_Page.html --> web.planethosting.gamespy.com /iwow.cottages.polycount.com/Games/Quake2 PPM_Page.html
2007.07.01 20:05 B E:\Projects\Creamy's Wonderland\Games\Quake2\Dib_PPM_log.html --> web.planethosting.gamespy.com /iwow.cottages.polycount.com/Games/Quake2 Dib_PPM_log.html
2007.07.01 20:05 B E:\Projects\Creamy's Wonderland\Games\Quake2\Creamy_PPM.html --> web.planethosting.gamespy.com /iwow.cottages.polycount.com/Games/Quake2 Creamy_PPM.html
2007.07.01 20:05 B E:\Projects\Creamy's Wonderland\Games\Quake2\Quake2_Intro.html --> web.planethosting.gamespy.com /iwow.cottages.polycount.com/Games/Quake2 Quake2_Intro.html
2007.07.01 20:05 B E:\Projects\Creamy's Wonderland\Games\Quake2\Dib_PPM.html --> web.planethosting.gamespy.com /iwow.cottages.polycount.com/Games/Quake2 Dib_PPM.html
2007.07.01 20:05 B E:\Projects\Creamy's Wonderland\Games\Quake2\Tony_PPM.html --> web.planethosting.gamespy.com /iwow.cottages.polycount.com/Games/Quake2 Tony_PPM.html
2007.07.01 20:05 B E:\Projects\Creamy's Wonderland\Games\Quake2\Chuckie_PPM.html --> web.planethosting.gamespy.com /iwow.cottages.polycount.com/Games/Quake2 Chuckie_PPM.html
2007.07.01 21:00 B E:\Projects\Creamy's Wonderland\Games\Quake2\Quake2_News03.html --> web.planethosting.gamespy.com /iwow.cottages.polycount.com/Games/Quake2 Quake2_News03.html
2007.07.01 21:00 B E:\Projects\Creamy's Wonderland\Games\Quake2\Quake2_News02.html --> web.planethosting.gamespy.com /iwow.cottages.polycount.com/Games/Quake2 Quake2_News02.html
2007.07.01 21:00 B E:\Projects\Creamy's Wonderland\Games\Quake2\Quake2_News01.html --> web.planethosting.gamespy.com /iwow.cottages.polycount.com/Games/Quake2 Quake2_News01.html
2007.10.02 21:37 B E:\Projects\Creamy's Wonderland\Games\Quake2\VWEP_Page.html --> web.planethosting.gamespy.com /iwow.cottages.polycount.com/Games/Quake2 VWEP_Page.html
2007.12.09 18:15 B E:\Projects\Creamy's Wonderland\Games\Quake2\Quake2_Intro(lfm).html --> web.planethosting.gamespy.com /iwow.cottages.polycount.com/Games/Quake2 Quake2_Intro(lfm).html
2007.12.09 18:15 B E:\Projects\Creamy's Wonderland\Games\Quake2\VWEP_Page(lfm).html --> web.planethosting.gamespy.com /iwow.cottages.polycount.com/Games/Quake2 VWEP_Page(lfm).html
2007.12.09 18:15 B E:\Projects\Creamy's Wonderland\Games\Quake2\Tutorial_Page(lfm).html --> web.planethosting.gamespy.com /iwow.cottages.polycount.com/Games/Quake2 Tutorial_Page(lfm).html
2007.12.09 18:15 B E:\Projects\Creamy's Wonderland\Games\Quake2\SkinsIcons_Page(lfm).html --> web.planethosting.gamespy.com /iwow.cottages.polycount.com/Games/Quake2 SkinsIcons_Page(lfm).html
2007.12.09 18:16 B E:\Projects\Creamy's Wonderland\Games\Quake2\PPM_Page(lfm).html --> web.planethosting.gamespy.com /iwow.cottages.polycount.com/Games/Quake2 PPM_Page(lfm).html
2007.12.09 18:16 B E:\Projects\Creamy's Wonderland\Games\Quake2\QuakeCon_Page(lfm).html --> web.planethosting.gamespy.com /iwow.cottages.polycount.com/Games/Quake2 QuakeCon_Page(lfm).html
2007.12.09 18:16 B E:\Projects\Creamy's Wonderland\Games\Quake2\Quake2_Archive_Page(lfm).html --> web.planethosting.gamespy.com /iwow.cottages.polycount.com/Games/Quake2 Quake2_Archive_Page(lfm).html
2007.12.09 18:16 B E:\Projects\Creamy's Wonderland\Games\Quake2\Quake2_Intro(lfm).html --> web.planethosting.gamespy.com /iwow.cottages.polycount.com/Games/Quake2 Quake2_Intro(lfm).html
2007.12.09 18:16 B E:\Projects\Creamy's Wonderland\Games\Quake2\VWEP_Page(lfm).html --> web.planethosting.gamespy.com /iwow.cottages.polycount.com/Games/Quake2 VWEP_Page(lfm).html
2007.12.09 18:16 B E:\Projects\Creamy's Wonderland\Games\Quake2\Tutorial_Page(lfm).html --> web.planethosting.gamespy.com /iwow.cottages.polycount.com/Games/Quake2 Tutorial_Page(lfm).html
2007.12.09 18:16 B E:\Projects\Creamy's Wonderland\Games\Quake2\SkinsIcons_Page(lfm).html --> web.planethosting.gamespy.com /iwow.cottages.polycount.com/Games/Quake2 SkinsIcons_Page(lfm).html
2007.12.09 18:16 B E:\Projects\Creamy's Wonderland\Games\Quake2\PPM_Page(lfm).html --> web.planethosting.gamespy.com /iwow.cottages.polycount.com/Games/Quake2 PPM_Page(lfm).html
2007.12.09 18:16 B E:\Projects\Creamy's Wonderland\Games\Quake2\QuakeCon_Page(lfm).html --> web.planethosting.gamespy.com /iwow.cottages.polycount.com/Games/Quake2 QuakeCon_Page(lfm).html
2007.12.09 18:16 B E:\Projects\Creamy's Wonderland\Games\Quake2\Quake2_Archive_Page(lfm).html --> web.planethosting.gamespy.com /iwow.cottages.polycount.com/Games/Quake2 Quake2_Archive_Page(lfm).html
2008.06.04 23:37 B E:\Projects\Creamy's Wonderland\Games\Quake2\VWEP_Page.html --> web.planethosting.gamespy.com /iwow.cottages.polycount.com/Games/Quake2 VWEP_Page.html
2009.04.04 14:35 B E:\Projects\Creamy's Wonderland\Games\Quake2\Quake2_Intro.html <-- Creamy's Wonderland /creamyg.planetquake.gamespy.com/Games/Quake2 Quake2_Intro.html
2009.04.04 16:20 B E:\Projects\Creamy's Wonderland\Games\Quake2\Quake2_Intro.html <-- Creamy's Wonderland /creamyg.planetquake.gamespy.com/Games/Quake2 Quake2_Intro.html
2009.04.04 16:57 B E:\Projects\Creamy's Wonderland\Games\Quake2\PPM_Page.html <-- Creamy's Wonderland /creamyg.planetquake.gamespy.com/Games/Quake2 PPM_Page.html
2009.04.04 17:22 B E:\Projects\Creamy's Wonderland\Games\Quake2\Quake2_Intro.html --> web.planethosting.gamespy.com /creamyg.planetquake.gamespy.com/Games/Quake2 Quake2_Intro.html
2009.04.04 17:25 B E:\Projects\Creamy's Wonderland\Games\Quake2\Chuckie_PPM.html <-- Creamy's Wonderland /creamyg.planetquake.gamespy.com/Games/Quake2 Chuckie_PPM.html
2009.04.04 17:29 B E:\Projects\Creamy's Wonderland\Games\Quake2\Chuckie_PPM.html --> web.planethosting.gamespy.com /creamyg.planetquake.gamespy.com/Games/Quake2 Chuckie_PPM.html
2009.04.04 17:47 B E:\Projects\Creamy's Wonderland\Games\Quake2\Chuckie_PPM.html --> web.planethosting.gamespy.com /creamyg.planetquake.gamespy.com/Games/Quake2 Chuckie_PPM.html
2009.04.04 17:49 B E:\Projects\Creamy's Wonderland\Games\Quake2\Chuckie_PPM.html --> web.planethosting.gamespy.com /creamyg.planetquake.gamespy.com/Games/Quake2 Chuckie_PPM.html
2009.04.04 18:06 B E:\Projects\Creamy's Wonderland\Games\Quake2\Tony_PPM.html <-- Creamy's Wonderland /creamyg.planetquake.gamespy.com/Games/Quake2 Tony_PPM.html
2009.04.04 18:09 B E:\Projects\Creamy's Wonderland\Games\Quake2\Tony_PPM.html --> web.planethosting.gamespy.com /creamyg.planetquake.gamespy.com/Games/Quake2 Tony_PPM.html
2009.04.04 18:13 B E:\Projects\Creamy's Wonderland\Games\Quake2\Tony_PPM.html --> web.planethosting.gamespy.com /creamyg.planetquake.gamespy.com/Games/Quake2 Tony_PPM.html
2009.04.04 18:37 B E:\Projects\Creamy's Wonderland\Games\Quake2\Tony_PPM.html <-- Creamy's Wonderland /creamyg.planetquake.gamespy.com/Games/Quake2 Tony_PPM.html
2009.04.04 18:42 B E:\Projects\Creamy's Wonderland\Games\Quake2\Tony_PPM.html --> web.planethosting.gamespy.com /creamyg.planetquake.gamespy.com/Games/Quake2 Tony_PPM.html
2009.04.04 18:43 B E:\Projects\Creamy's Wonderland\Games\Quake2\Tony_PPM.html --> web.planethosting.gamespy.com /creamyg.planetquake.gamespy.com/Games/Quake2 Tony_PPM.html
2009.04.04 18:44 B E:\Projects\Creamy's Wonderland\Games\Quake2\Tony_PPM.html --> web.planethosting.gamespy.com /creamyg.planetquake.gamespy.com/Games/Quake2 Tony_PPM.html
2009.04.04 18:46 B E:\Projects\Creamy's Wonderland\Games\Quake2\Tony_PPM.html --> web.planethosting.gamespy.com /creamyg.planetquake.gamespy.com/Games/Quake2 Tony_PPM.html
2009.04.04 18:49 B E:\Projects\Creamy's Wonderland\Games\Quake2\Tony_PPM.html --> web.planethosting.gamespy.com /creamyg.planetquake.gamespy.com/Games/Quake2 Tony_PPM.html
2009.04.04 18:51 B E:\Projects\Creamy's Wonderland\Games\Quake2\Tony_PPM.html --> web.planethosting.gamespy.com /creamyg.planetquake.gamespy.com/Games/Quake2 Tony_PPM.html
2009.04.04 18:56 B E:\Projects\Creamy's Wonderland\Games\Quake2\Chuckie_PPM.html --> web.planethosting.gamespy.com /creamyg.planetquake.gamespy.com/Games/Quake2 Chuckie_PPM.html
2009.04.04 18:57 B E:\Projects\Creamy's Wonderland\Games\Quake2\Tony_PPM.html --> web.planethosting.gamespy.com /creamyg.planetquake.gamespy.com/Games/Quake2 Tony_PPM.html
2009.04.04 18:58 B E:\Projects\Creamy's Wonderland\Games\Quake2\Tony_PPM.html --> web.planethosting.gamespy.com /creamyg.planetquake.gamespy.com/Games/Quake2 Tony_PPM.html
2009.04.04 18:59 B E:\Projects\Creamy's Wonderland\Games\Quake2\Tony_PPM.html --> web.planethosting.gamespy.com /creamyg.planetquake.gamespy.com/Games/Quake2 Tony_PPM.html
2009.04.04 19:00 B E:\Projects\Creamy's Wonderland\Games\Quake2\Creamy_PPM.html <-- Creamy's Wonderland /creamyg.planetquake.gamespy.com/Games/Quake2 Creamy_PPM.html
2009.04.04 19:06 B E:\Projects\Creamy's Wonderland\Games\Quake2\Creamy_PPM.html <-- Creamy's Wonderland /creamyg.planetquake.gamespy.com/Games/Quake2 Creamy_PPM.html
2009.04.04 19:07 B E:\Projects\Creamy's Wonderland\Games\Quake2\Creamy_PPM.html --> web.planethosting.gamespy.com /creamyg.planetquake.gamespy.com/Games/Quake2 Creamy_PPM.html
2009.04.04 20:56 B E:\Projects\Creamy's Wonderland\Games\Quake2\Creamy_PPM.html --> web.planethosting.gamespy.com /creamyg.planetquake.gamespy.com/Games/Quake2 Creamy_PPM.html
2009.04.04 22:03 B E:\Projects\Creamy's Wonderland\Games\Quake2\Dib_PPM.html <-- Creamy's Wonderland /creamyg.planetquake.gamespy.com/Games/Quake2 Dib_PPM.html
2009.04.04 22:07 B E:\Projects\Creamy's Wonderland\Games\Quake2\Dib_PPM.html --> web.planethosting.gamespy.com /creamyg.planetquake.gamespy.com/Games/Quake2 Dib_PPM.html
2009.04.04 22:17 B E:\Projects\Creamy's Wonderland\Games\Quake2\Dib_i.gif <-- Creamy's Wonderland /creamyg.planetquake.gamespy.com/Games/Quake2 Dib_i.gif
2009.04.04 22:18 B E:\Projects\Creamy's Wonderland\Games\Quake2\Dib_i.gif <-- Creamy's Wonderland /creamyg.planetquake.gamespy.com/Games/Quake2 Dib_i.gif
2009.04.04 22:26 B E:\Projects\Creamy's Wonderland\Games\Quake2\Dib_PPM.html <-- Creamy's Wonderland /creamyg.planetquake.gamespy.com/Games/Quake2 Dib_PPM.html
2009.04.04 22:32 B E:\Projects\Creamy's Wonderland\Games\Quake2\Chuckie_PPM.html --> web.planethosting.gamespy.com /creamyg.planetquake.gamespy.com/Games/Quake2 Chuckie_PPM.html
2009.04.04 22:51 B E:\Projects\Creamy's Wonderland\Games\Quake2\Dib_PPM.html --> web.planethosting.gamespy.com /creamyg.planetquake.gamespy.com/Games/Quake2 Dib_PPM.html
2009.04.05 00:03 B E:\Projects\Creamy's Wonderland\Games\Quake2\Dib_PPM_log.html <-- Creamy's Wonderland /creamyg.planetquake.gamespy.com/Games/Quake2 Dib_PPM_log.html
2009.04.05 00:24 B E:\Projects\Creamy's Wonderland\Games\Quake2\Dib_PPM_log.html --> web.planethosting.gamespy.com /creamyg.planetquake.gamespy.com/Games/Quake2 Dib_PPM_log.html
2009.04.05 00:30 B E:\Projects\Creamy's Wonderland\Games\Quake2\Dib_PPM.html <-- Creamy's Wonderland /creamyg.planetquake.gamespy.com/Games/Quake2 Dib_PPM.html
2009.04.05 00:43 B E:\Projects\Creamy's Wonderland\Games\Quake2\Dib_PPM_log.html --> web.planethosting.gamespy.com /creamyg.planetquake.gamespy.com/Games/Quake2 Dib_PPM_log.html
2009.04.05 00:44 B E:\Projects\Creamy's Wonderland\Games\Quake2\Dib_PPM.html --> web.planethosting.gamespy.com /creamyg.planetquake.gamespy.com/Games/Quake2 Dib_PPM.html
2009.04.05 15:15 B E:\Projects\Creamy's Wonderland\Games\Quake2\QuakeCon_Page.html <-- Creamy's Wonderland /creamyg.planetquake.gamespy.com/Games/Quake2 QuakeCon_Page.html
2009.04.05 15:16 B E:\Projects\Creamy's Wonderland\Games\Quake2\QuakeCon_Page.html --> web.planethosting.gamespy.com /creamyg.planetquake.gamespy.com/Games/Quake2 QuakeCon_Page.html
2009.04.05 15:22 B E:\Projects\Creamy's Wonderland\Games\Quake2\QuakeCon_Page.html --> web.planethosting.gamespy.com /creamyg.planetquake.gamespy.com/Games/Quake2 QuakeCon_Page.html
2009.04.05 15:23 B E:\Projects\Creamy's Wonderland\Games\Quake2\QuakeCon_Page.html --> web.planethosting.gamespy.com /creamyg.planetquake.gamespy.com/Games/Quake2 QuakeCon_Page.html
2009.04.05 15:33 B E:\Projects\Creamy's Wonderland\Games\Quake2\QuakeCon_Page.html --> web.planethosting.gamespy.com /creamyg.planetquake.gamespy.com/Games/Quake2 QuakeCon_Page.html
2009.04.05 17:18 B E:\Projects\Creamy's Wonderland\Games\Quake2\Quake2_Intro.html --> web.planethosting.gamespy.com /creamyg.planetquake.gamespy.com/Games/Quake2 Quake2_Intro.html
2009.04.05 17:19 B E:\Projects\Creamy's Wonderland\Games\Quake2\Quake2_Intro.html --> web.planethosting.gamespy.com /creamyg.planetquake.gamespy.com/Games/Quake2 Quake2_Intro.html
2009.04.05 17:23 B E:\Projects\Creamy's Wonderland\Games\Quake2\Quake2_Intro.html --> web.planethosting.gamespy.com /creamyg.planetquake.gamespy.com/Games/Quake2 Quake2_Intro.html
2009.04.05 17:26 B E:\Projects\Creamy's Wonderland\Games\Quake2\PPM_Page.html --> web.planethosting.gamespy.com /creamyg.planetquake.gamespy.com/Games/Quake2 PPM_Page.html
2009.04.05 17:31 B E:\Projects\Creamy's Wonderland\Games\Quake2\Tony_PPM.html --> web.planethosting.gamespy.com /creamyg.planetquake.gamespy.com/Games/Quake2 Tony_PPM.html
2009.04.05 17:35 B E:\Projects\Creamy's Wonderland\Games\Quake2\Tony_PPM.html --> web.planethosting.gamespy.com /creamyg.planetquake.gamespy.com/Games/Quake2 Tony_PPM.html
2009.04.05 17:40 B E:\Projects\Creamy's Wonderland\Games\Quake2\Dib_PPM.html --> web.planethosting.gamespy.com /creamyg.planetquake.gamespy.com/Games/Quake2 Dib_PPM.html
2009.04.05 17:41 B E:\Projects\Creamy's Wonderland\Games\Quake2\Dib_PPM.html --> web.planethosting.gamespy.com /creamyg.planetquake.gamespy.com/Games/Quake2 Dib_PPM.html
2009.04.05 17:56 B E:\Projects\Creamy's Wonderland\Games\Quake2\Dib_PPM_log.html --> web.planethosting.gamespy.com /creamyg.planetquake.gamespy.com/Games/Quake2 Dib_PPM_log.html
2009.04.05 18:02 B E:\Projects\Creamy's Wonderland\Games\Quake2\Dib_PPM.html <-- Creamy's Wonderland /creamyg.planetquake.gamespy.com/Games/Quake2 Dib_PPM.html
2009.04.05 18:05 B E:\Projects\Creamy's Wonderland\Games\Quake2\Dib_PPM.html --> web.planethosting.gamespy.com /creamyg.planetquake.gamespy.com/Games/Quake2 Dib_PPM.html
2009.04.05 18:07 B E:\Projects\Creamy's Wonderland\Games\Quake2\Dib_PPM.html --> web.planethosting.gamespy.com /creamyg.planetquake.gamespy.com/Games/Quake2 Dib_PPM.html
2009.04.05 18:08 B E:\Projects\Creamy's Wonderland\Games\Quake2\Dib_PPM_log.html --> web.planethosting.gamespy.com /creamyg.planetquake.gamespy.com/Games/Quake2 Dib_PPM_log.html
2009.04.08 16:48 B E:\Projects\Creamy's Wonderland\Games\Quake2\QuakeCon_Page.html --> web.planethosting.gamespy.com /creamyg.planetquake.gamespy.com/Games/Quake2 QuakeCon_Page.html
2009.04.08 16:48 B E:\Projects\Creamy's Wonderland\Games\Quake2\PPM_Page.html --> web.planethosting.gamespy.com /creamyg.planetquake.gamespy.com/Games/Quake2 PPM_Page.html
2009.04.08 18:39 B E:\Projects\Creamy's Wonderland\Games\Quake2\Quake2_Archive_Page.html <-- Creamy's Wonderland /creamyg.planetquake.gamespy.com/Games/Quake2 Quake2_Archive_Page.html
2009.04.08 18:46 B E:\Projects\Creamy's Wonderland\Games\Quake2\Quake2_Archive_Page.html --> web.planethosting.gamespy.com /creamyg.planetquake.gamespy.com/Games/Quake2 Quake2_Archive_Page.html
2009.04.08 19:13 B E:\Projects\Creamy's Wonderland\Games\Quake2\Quake2_News01.html <-- Creamy's Wonderland /creamyg.planetquake.gamespy.com/Games/Quake2 Quake2_News01.html
2009.04.08 19:17 B E:\Projects\Creamy's Wonderland\Games\Quake2\Quake2_News01.html --> web.planethosting.gamespy.com /creamyg.planetquake.gamespy.com/Games/Quake2 Quake2_News01.html
2009.04.08 19:23 B E:\Projects\Creamy's Wonderland\Games\Quake2\Quake2_News01.html --> web.planethosting.gamespy.com /creamyg.planetquake.gamespy.com/Games/Quake2 Quake2_News01.html
2009.04.08 19:29 B E:\Projects\Creamy's Wonderland\Games\Quake2\Quake2_News02.html <-- Creamy's Wonderland /creamyg.planetquake.gamespy.com/Games/Quake2 Quake2_News02.html
2009.04.08 19:34 B E:\Projects\Creamy's Wonderland\Games\Quake2\Quake2_News02.html --> web.planethosting.gamespy.com /creamyg.planetquake.gamespy.com/Games/Quake2 Quake2_News02.html
2009.04.08 19:40 B E:\Projects\Creamy's Wonderland\Games\Quake2\Quake2_News02.html --> web.planethosting.gamespy.com /creamyg.planetquake.gamespy.com/Games/Quake2 Quake2_News02.html
2009.04.08 19:45 B E:\Projects\Creamy's Wonderland\Games\Quake2\Quake2_News03.html <-- Creamy's Wonderland /creamyg.planetquake.gamespy.com/Games/Quake2 Quake2_News03.html
2009.04.08 19:47 B E:\Projects\Creamy's Wonderland\Games\Quake2\Quake2_News03.html --> web.planethosting.gamespy.com /creamyg.planetquake.gamespy.com/Games/Quake2 Quake2_News03.html
2009.04.08 19:50 B E:\Projects\Creamy's Wonderland\Games\Quake2\Quake2_News03.html --> web.planethosting.gamespy.com /creamyg.planetquake.gamespy.com/Games/Quake2 Quake2_News03.html
2009.04.08 19:52 B E:\Projects\Creamy's Wonderland\Games\Quake2\Quake2_News03.html --> web.planethosting.gamespy.com /creamyg.planetquake.gamespy.com/Games/Quake2 Quake2_News03.html
2009.04.08 20:41 B E:\Projects\Creamy's Wonderland\Games\Quake2\Tutorial_Page.html <-- Creamy's Wonderland /creamyg.planetquake.gamespy.com/Games/Quake2 Tutorial_Page.html
2009.04.08 21:04 B E:\Projects\Creamy's Wonderland\Games\Quake2\Tutorial_Page.html --> web.planethosting.gamespy.com /creamyg.planetquake.gamespy.com/Games/Quake2 Tutorial_Page.html
2009.04.08 21:11 B E:\Projects\Creamy's Wonderland\Games\Quake2\Tutorial_Page.html --> web.planethosting.gamespy.com /creamyg.planetquake.gamespy.com/Games/Quake2 Tutorial_Page.html
2009.04.08 21:15 B E:\Projects\Creamy's Wonderland\Games\Quake2\Tutorial_Page.html --> web.planethosting.gamespy.com /creamyg.planetquake.gamespy.com/Games/Quake2 Tutorial_Page.html
2009.04.08 22:08 B E:\Projects\Creamy's Wonderland\Games\Quake2\SkinsIcons_Page.html <-- Creamy's Wonderland /creamyg.planetquake.gamespy.com/Games/Quake2 SkinsIcons_Page.html
2009.04.08 22:11 B E:\Projects\Creamy's Wonderland\Games\Quake2\SkinsIcons_Page.html --> web.planethosting.gamespy.com /creamyg.planetquake.gamespy.com/Games/Quake2 SkinsIcons_Page.html
2009.04.08 22:14 B E:\Projects\Creamy's Wonderland\Games\Quake2\VWEP_Page.html <-- Creamy's Wonderland /creamyg.planetquake.gamespy.com/Games/Quake2 VWEP_Page.html
2009.04.08 22:17 B E:\Projects\Creamy's Wonderland\Games\Quake2\VWEP_Page.html --> web.planethosting.gamespy.com /creamyg.planetquake.gamespy.com/Games/Quake2 VWEP_Page.html
2009.09.24 23:21 B E:\Projects\Creamy's_Wonderland\IGN\Games\Quake2\Quake2_Mural02.jpg --> ftp.hugelaser.com /Games/Quake2 Quake2_Mural02.jpg
2009.09.24 23:22 B E:\Projects\Creamy's_Wonderland\IGN\Games\Quake2\Tutorial_Page.html --> ftp.hugelaser.com /Games/Quake2 Tutorial_Page.html
2009.09.24 23:44 B E:\Projects\Creamy's_Wonderland\IGN\Games\Quake2\Dis_Card_-_JRa.jpg --> ftp.hugelaser.com / Dis_Card_-_JRa.jpg
2009.09.24 23:44 B E:\Projects\Creamy's_Wonderland\IGN\Games\Quake2\Q2_Card_-_CFi.jpg --> ftp.hugelaser.com / Q2_Card_-_CFi.jpg
2009.09.24 23:44 B E:\Projects\Creamy's_Wonderland\IGN\Games\Quake2\Q2_Card_-_Dib.jpg --> ftp.hugelaser.com / Q2_Card_-_Dib.jpg
2009.09.24 23:44 B E:\Projects\Creamy's_Wonderland\IGN\Games\Quake2\Q2_Card_-_TTo.jpg --> ftp.hugelaser.com / Q2_Card_-_TTo.jpg
2009.09.24 23:45 B E:\Projects\Creamy's_Wonderland\IGN\Games\Quake2\Dis_Card_-_JRa.jpg --> ftp.hugelaser.com /Games/Quake2 Dis_Card_-_JRa.jpg
2009.09.24 23:45 B E:\Projects\Creamy's_Wonderland\IGN\Games\Quake2\Q2_Card_-_CFi.jpg --> ftp.hugelaser.com /Games/Quake2 Q2_Card_-_CFi.jpg
2009.09.24 23:45 B E:\Projects\Creamy's_Wonderland\IGN\Games\Quake2\Q2_Card_-_Dib.jpg --> ftp.hugelaser.com /Games/Quake2 Q2_Card_-_Dib.jpg
2009.09.24 23:45 B E:\Projects\Creamy's_Wonderland\IGN\Games\Quake2\Q2_Card_-_TTo.jpg --> ftp.hugelaser.com /Games/Quake2 Q2_Card_-_TTo.jpg
2009.09.25 02:39 B E:\Projects\Creamy's_Wonderland\IGN\Games\Quake2\PPM_Profile_-_CFi_-_Left.jpg --> ftp.hugelaser.com /Games/Quake2 PPM_Profile_-_CFi_-_Left.jpg
2009.09.25 02:39 B E:\Projects\Creamy's_Wonderland\IGN\Games\Quake2\PPM_Profile_-_CFi_-_Right.jpg --> ftp.hugelaser.com /Games/Quake2 PPM_Profile_-_CFi_-_Right.jpg
2009.09.25 02:39 B E:\Projects\Creamy's_Wonderland\IGN\Games\Quake2\PPM_Stats_-_CFi_-_Left.jpg --> ftp.hugelaser.com /Games/Quake2 PPM_Stats_-_CFi_-_Left.jpg
2009.09.25 02:39 B E:\Projects\Creamy's_Wonderland\IGN\Games\Quake2\PPM_Stats_-_CFi_-_Right.jpg --> ftp.hugelaser.com /Games/Quake2 PPM_Stats_-_CFi_-_Right.jpg
2009.09.25 02:45 B E:\Projects\Creamy's_Wonderland\IGN\Games\Quake2\Chuckie_i.gif --> ftp.hugelaser.com /Games/Quake2 Chuckie_i.gif
2009.09.25 17:09 B E:\Projects\Creamy's_Wonderland\IGN\Games\Quake2\BlackCow_i.gif --> ftp.hugelaser.com /Games/Quake2 BlackCow_i.gif
2009.09.25 17:09 B E:\Projects\Creamy's_Wonderland\IGN\Games\Quake2\BrownCow_i.gif --> ftp.hugelaser.com /Games/Quake2 BrownCow_i.gif
2009.09.25 17:09 B E:\Projects\Creamy's_Wonderland\IGN\Games\Quake2\Cartman_i.gif --> ftp.hugelaser.com /Games/Quake2 Cartman_i.gif
2009.09.25 17:09 B E:\Projects\Creamy's_Wonderland\IGN\Games\Quake2\Chef_i.gif --> ftp.hugelaser.com /Games/Quake2 Chef_i.gif
2009.09.25 17:09 B E:\Projects\Creamy's_Wonderland\IGN\Games\Quake2\Cow_i.gif --> ftp.hugelaser.com /Games/Quake2 Cow_i.gif
2009.09.25 17:09 B E:\Projects\Creamy's_Wonderland\IGN\Games\Quake2\Dib_i.gif --> ftp.hugelaser.com /Games/Quake2 Dib_i.gif
2009.09.25 17:09 B E:\Projects\Creamy's_Wonderland\IGN\Games\Quake2\FuddBe_i.gif --> ftp.hugelaser.com /Games/Quake2 FuddBe_i.gif
2009.09.25 17:09 B E:\Projects\Creamy's_Wonderland\IGN\Games\Quake2\Kyle_i.gif --> ftp.hugelaser.com /Games/Quake2 Kyle_i.gif
2009.09.25 17:09 B E:\Projects\Creamy's_Wonderland\IGN\Games\Quake2\Lego_i.gif --> ftp.hugelaser.com /Games/Quake2 Lego_i.gif
2009.09.25 17:09 B E:\Projects\Creamy's_Wonderland\IGN\Games\Quake2\Stan_i.gif --> ftp.hugelaser.com /Games/Quake2 Stan_i.gif
2009.09.25 17:09 B E:\Projects\Creamy's_Wonderland\IGN\Games\Quake2\Tony_i.gif --> ftp.hugelaser.com /Games/Quake2 Tony_i.gif
2009.09.25 17:09 B E:\Projects\Creamy's_Wonderland\IGN\Games\Quake2\WhiteCow_i.gif --> ftp.hugelaser.com /Games/Quake2 WhiteCow_i.gif
2009.09.25 18:49 B E:\Projects\Creamy's_Wonderland\IGN\Games\Quake2\PPM_Profile_-_Dib_-_Left.jpg --> ftp.hugelaser.com /Games/Quake2 PPM_Profile_-_Dib_-_Left.jpg
2009.09.25 18:49 B E:\Projects\Creamy's_Wonderland\IGN\Games\Quake2\PPM_Profile_-_Dib_-_Right.jpg --> ftp.hugelaser.com /Games/Quake2 PPM_Profile_-_Dib_-_Right.jpg
2009.09.25 18:49 B E:\Projects\Creamy's_Wonderland\IGN\Games\Quake2\PPM_Profile_-_TTo_-_Left.jpg --> ftp.hugelaser.com /Games/Quake2 PPM_Profile_-_TTo_-_Left.jpg
2009.09.25 18:49 B E:\Projects\Creamy's_Wonderland\IGN\Games\Quake2\PPM_Profile_-_TTo_-_Right.jpg --> ftp.hugelaser.com /Games/Quake2 PPM_Profile_-_TTo_-_Right.jpg
2009.09.25 18:49 B E:\Projects\Creamy's_Wonderland\IGN\Games\Quake2\PPM_Stats_-_Dib_-_Left.jpg --> ftp.hugelaser.com /Games/Quake2 PPM_Stats_-_Dib_-_Left.jpg
2009.09.25 18:49 B E:\Projects\Creamy's_Wonderland\IGN\Games\Quake2\PPM_Stats_-_Dib_-_Right.jpg --> ftp.hugelaser.com /Games/Quake2 PPM_Stats_-_Dib_-_Right.jpg
2009.09.25 18:49 B E:\Projects\Creamy's_Wonderland\IGN\Games\Quake2\PPM_Stats_-_TTo_-_Left.jpg --> ftp.hugelaser.com /Games/Quake2 PPM_Stats_-_TTo_-_Left.jpg
2009.09.25 18:49 B E:\Projects\Creamy's_Wonderland\IGN\Games\Quake2\PPM_Stats_-_TTo_-_Right.jpg --> ftp.hugelaser.com /Games/Quake2 PPM_Stats_-_TTo_-_Right.jpg
