2009.09.12 20:48 B E:\Projects\Creamy's_Wonderland\News_Archive\Sections01_-_10\News_Archive_-_S01-10(lfm).html --> ftp.hugelaser.com /News_Archive/Sections01_-_10 News_Archive_-_S01-10(lfm).html
2009.09.12 20:48 B E:\Projects\Creamy's_Wonderland\News_Archive\Sections01_-_10\Section01(lfm).html --> ftp.hugelaser.com /News_Archive/Sections01_-_10 Section01(lfm).html
2009.09.12 20:48 B E:\Projects\Creamy's_Wonderland\News_Archive\Sections01_-_10\Section02(lfm).html --> ftp.hugelaser.com /News_Archive/Sections01_-_10 Section02(lfm).html
2009.09.12 20:48 B E:\Projects\Creamy's_Wonderland\News_Archive\Sections01_-_10\Section03(lfm).html --> ftp.hugelaser.com /News_Archive/Sections01_-_10 Section03(lfm).html
2009.09.12 20:48 B E:\Projects\Creamy's_Wonderland\News_Archive\Sections01_-_10\Section04(lfm).html --> ftp.hugelaser.com /News_Archive/Sections01_-_10 Section04(lfm).html
2009.09.12 20:48 B E:\Projects\Creamy's_Wonderland\News_Archive\Sections01_-_10\Section05(lfm).html --> ftp.hugelaser.com /News_Archive/Sections01_-_10 Section05(lfm).html
2009.09.12 20:48 B E:\Projects\Creamy's_Wonderland\News_Archive\Sections01_-_10\Section06(lfm).html --> ftp.hugelaser.com /News_Archive/Sections01_-_10 Section06(lfm).html
2009.09.12 20:48 B E:\Projects\Creamy's_Wonderland\News_Archive\Sections01_-_10\Section07(lfm).html --> ftp.hugelaser.com /News_Archive/Sections01_-_10 Section07(lfm).html
2009.09.12 20:48 B E:\Projects\Creamy's_Wonderland\News_Archive\Sections01_-_10\Section08(lfm).html --> ftp.hugelaser.com /News_Archive/Sections01_-_10 Section08(lfm).html
2009.09.12 20:48 B E:\Projects\Creamy's_Wonderland\News_Archive\Sections01_-_10\Section09(lfm).html --> ftp.hugelaser.com /News_Archive/Sections01_-_10 Section09(lfm).html
2009.09.12 20:48 B E:\Projects\Creamy's_Wonderland\News_Archive\Sections01_-_10\Section10(lfm).html --> ftp.hugelaser.com /News_Archive/Sections01_-_10 Section10(lfm).html
2009.09.12 20:57 B E:\Projects\Creamy's_Wonderland\News_Archive\Sections01_-_10\News_Archive_-_S01-10(fs).html --> ftp.hugelaser.com /News_Archive/Sections01_-_10 News_Archive_-_S01-10(fs).html
2009.09.12 20:57 B E:\Projects\Creamy's_Wonderland\News_Archive\Sections01_-_10\News_Archive_-_S01-10(lfm).html --> ftp.hugelaser.com /News_Archive/Sections01_-_10 News_Archive_-_S01-10(lfm).html
2009.09.12 20:57 B E:\Projects\Creamy's_Wonderland\News_Archive\Sections01_-_10\Section01(fs).html --> ftp.hugelaser.com /News_Archive/Sections01_-_10 Section01(fs).html
2009.09.12 20:57 B E:\Projects\Creamy's_Wonderland\News_Archive\Sections01_-_10\Section01(lfm).html --> ftp.hugelaser.com /News_Archive/Sections01_-_10 Section01(lfm).html
2009.09.12 20:57 B E:\Projects\Creamy's_Wonderland\News_Archive\Sections01_-_10\Section02(fs).html --> ftp.hugelaser.com /News_Archive/Sections01_-_10 Section02(fs).html
2009.09.12 20:57 B E:\Projects\Creamy's_Wonderland\News_Archive\Sections01_-_10\Section02(lfm).html --> ftp.hugelaser.com /News_Archive/Sections01_-_10 Section02(lfm).html
2009.09.12 20:57 B E:\Projects\Creamy's_Wonderland\News_Archive\Sections01_-_10\Section03(fs).html --> ftp.hugelaser.com /News_Archive/Sections01_-_10 Section03(fs).html
2009.09.12 20:57 B E:\Projects\Creamy's_Wonderland\News_Archive\Sections01_-_10\Section03(lfm).html --> ftp.hugelaser.com /News_Archive/Sections01_-_10 Section03(lfm).html
2009.09.12 20:57 B E:\Projects\Creamy's_Wonderland\News_Archive\Sections01_-_10\Section04(fs).html --> ftp.hugelaser.com /News_Archive/Sections01_-_10 Section04(fs).html
2009.09.12 20:57 B E:\Projects\Creamy's_Wonderland\News_Archive\Sections01_-_10\Section04(lfm).html --> ftp.hugelaser.com /News_Archive/Sections01_-_10 Section04(lfm).html
2009.09.12 20:57 B E:\Projects\Creamy's_Wonderland\News_Archive\Sections01_-_10\Section05(fs).html --> ftp.hugelaser.com /News_Archive/Sections01_-_10 Section05(fs).html
2009.09.12 20:57 B E:\Projects\Creamy's_Wonderland\News_Archive\Sections01_-_10\Section05(lfm).html --> ftp.hugelaser.com /News_Archive/Sections01_-_10 Section05(lfm).html
2009.09.12 20:57 B E:\Projects\Creamy's_Wonderland\News_Archive\Sections01_-_10\Section06(fs).html --> ftp.hugelaser.com /News_Archive/Sections01_-_10 Section06(fs).html
2009.09.12 20:57 B E:\Projects\Creamy's_Wonderland\News_Archive\Sections01_-_10\Section06(lfm).html --> ftp.hugelaser.com /News_Archive/Sections01_-_10 Section06(lfm).html
2009.09.12 20:57 B E:\Projects\Creamy's_Wonderland\News_Archive\Sections01_-_10\Section07(fs).html --> ftp.hugelaser.com /News_Archive/Sections01_-_10 Section07(fs).html
2009.09.12 20:57 B E:\Projects\Creamy's_Wonderland\News_Archive\Sections01_-_10\Section07(lfm).html --> ftp.hugelaser.com /News_Archive/Sections01_-_10 Section07(lfm).html
2009.09.12 20:57 B E:\Projects\Creamy's_Wonderland\News_Archive\Sections01_-_10\Section08(fs).html --> ftp.hugelaser.com /News_Archive/Sections01_-_10 Section08(fs).html
2009.09.12 20:57 B E:\Projects\Creamy's_Wonderland\News_Archive\Sections01_-_10\Section08(lfm).html --> ftp.hugelaser.com /News_Archive/Sections01_-_10 Section08(lfm).html
2009.09.12 20:57 B E:\Projects\Creamy's_Wonderland\News_Archive\Sections01_-_10\Section09(fs).html --> ftp.hugelaser.com /News_Archive/Sections01_-_10 Section09(fs).html
2009.09.12 20:57 B E:\Projects\Creamy's_Wonderland\News_Archive\Sections01_-_10\Section09(lfm).html --> ftp.hugelaser.com /News_Archive/Sections01_-_10 Section09(lfm).html
2009.09.12 20:57 B E:\Projects\Creamy's_Wonderland\News_Archive\Sections01_-_10\Section10(fs).html --> ftp.hugelaser.com /News_Archive/Sections01_-_10 Section10(fs).html
2009.09.12 20:57 B E:\Projects\Creamy's_Wonderland\News_Archive\Sections01_-_10\Section10(lfm).html --> ftp.hugelaser.com /News_Archive/Sections01_-_10 Section10(lfm).html
2009.09.13 01:46 B E:\Projects\Creamy's_Wonderland\News_Archive\Sections01_-_10\Section10(fs).html --> ftp.hugelaser.com /News_Archive/Sections11_-_20 Section10(fs).html
2009.09.13 01:46 B E:\Projects\Creamy's_Wonderland\News_Archive\Sections01_-_10\Section09(fs).html --> ftp.hugelaser.com /News_Archive/Sections11_-_20 Section09(fs).html
2009.09.13 01:46 B E:\Projects\Creamy's_Wonderland\News_Archive\Sections01_-_10\Section08(fs).html --> ftp.hugelaser.com /News_Archive/Sections11_-_20 Section08(fs).html
2009.09.13 01:46 B E:\Projects\Creamy's_Wonderland\News_Archive\Sections01_-_10\Section07(fs).html --> ftp.hugelaser.com /News_Archive/Sections11_-_20 Section07(fs).html
2009.09.13 01:46 B E:\Projects\Creamy's_Wonderland\News_Archive\Sections01_-_10\Section06(fs).html --> ftp.hugelaser.com /News_Archive/Sections11_-_20 Section06(fs).html
2009.09.13 01:46 B E:\Projects\Creamy's_Wonderland\News_Archive\Sections01_-_10\Section05(fs).html --> ftp.hugelaser.com /News_Archive/Sections11_-_20 Section05(fs).html
2009.09.13 01:46 B E:\Projects\Creamy's_Wonderland\News_Archive\Sections01_-_10\Section04(fs).html --> ftp.hugelaser.com /News_Archive/Sections11_-_20 Section04(fs).html
2009.09.13 01:46 B E:\Projects\Creamy's_Wonderland\News_Archive\Sections01_-_10\Section03(fs).html --> ftp.hugelaser.com /News_Archive/Sections11_-_20 Section03(fs).html
2009.09.13 01:46 B E:\Projects\Creamy's_Wonderland\News_Archive\Sections01_-_10\Section02(fs).html --> ftp.hugelaser.com /News_Archive/Sections11_-_20 Section02(fs).html
2009.09.13 01:46 B E:\Projects\Creamy's_Wonderland\News_Archive\Sections01_-_10\Section01(fs).html --> ftp.hugelaser.com /News_Archive/Sections11_-_20 Section01(fs).html
2009.09.13 01:46 B E:\Projects\Creamy's_Wonderland\News_Archive\Sections01_-_10\News_Archive_-_S01-10(fs).html --> ftp.hugelaser.com /News_Archive/Sections11_-_20 News_Archive_-_S01-10(fs).html
2009.09.13 01:47 B E:\Projects\Creamy's_Wonderland\News_Archive\Sections01_-_10\Section10(fs).html --> ftp.hugelaser.com /News_Archive/Sections01_-_10 Section10(fs).html
2009.09.13 01:47 B E:\Projects\Creamy's_Wonderland\News_Archive\Sections01_-_10\Section09(fs).html --> ftp.hugelaser.com /News_Archive/Sections01_-_10 Section09(fs).html
2009.09.13 01:47 B E:\Projects\Creamy's_Wonderland\News_Archive\Sections01_-_10\Section08(fs).html --> ftp.hugelaser.com /News_Archive/Sections01_-_10 Section08(fs).html
2009.09.13 01:47 B E:\Projects\Creamy's_Wonderland\News_Archive\Sections01_-_10\Section07(fs).html --> ftp.hugelaser.com /News_Archive/Sections01_-_10 Section07(fs).html
2009.09.13 01:47 B E:\Projects\Creamy's_Wonderland\News_Archive\Sections01_-_10\Section06(fs).html --> ftp.hugelaser.com /News_Archive/Sections01_-_10 Section06(fs).html
2009.09.13 01:47 B E:\Projects\Creamy's_Wonderland\News_Archive\Sections01_-_10\Section05(fs).html --> ftp.hugelaser.com /News_Archive/Sections01_-_10 Section05(fs).html
2009.09.13 01:47 B E:\Projects\Creamy's_Wonderland\News_Archive\Sections01_-_10\Section04(fs).html --> ftp.hugelaser.com /News_Archive/Sections01_-_10 Section04(fs).html
2009.09.13 01:47 B E:\Projects\Creamy's_Wonderland\News_Archive\Sections01_-_10\Section03(fs).html --> ftp.hugelaser.com /News_Archive/Sections01_-_10 Section03(fs).html
2009.09.13 01:47 B E:\Projects\Creamy's_Wonderland\News_Archive\Sections01_-_10\Section02(fs).html --> ftp.hugelaser.com /News_Archive/Sections01_-_10 Section02(fs).html
2009.09.13 01:47 B E:\Projects\Creamy's_Wonderland\News_Archive\Sections01_-_10\Section01(fs).html --> ftp.hugelaser.com /News_Archive/Sections01_-_10 Section01(fs).html
2009.09.13 01:47 B E:\Projects\Creamy's_Wonderland\News_Archive\Sections01_-_10\News_Archive_-_S01-10(fs).html --> ftp.hugelaser.com /News_Archive/Sections01_-_10 News_Archive_-_S01-10(fs).html
2009.09.13 01:47 B E:\Projects\Creamy's_Wonderland\News_Archive\Sections01_-_10\Section10(lfm).html --> ftp.hugelaser.com /News_Archive/Sections01_-_10 Section10(lfm).html
2009.09.13 01:47 B E:\Projects\Creamy's_Wonderland\News_Archive\Sections01_-_10\Section09(lfm).html --> ftp.hugelaser.com /News_Archive/Sections01_-_10 Section09(lfm).html
2009.09.13 01:47 B E:\Projects\Creamy's_Wonderland\News_Archive\Sections01_-_10\Section08(lfm).html --> ftp.hugelaser.com /News_Archive/Sections01_-_10 Section08(lfm).html
2009.09.13 01:47 B E:\Projects\Creamy's_Wonderland\News_Archive\Sections01_-_10\Section07(lfm).html --> ftp.hugelaser.com /News_Archive/Sections01_-_10 Section07(lfm).html
2009.09.13 01:47 B E:\Projects\Creamy's_Wonderland\News_Archive\Sections01_-_10\Section06(lfm).html --> ftp.hugelaser.com /News_Archive/Sections01_-_10 Section06(lfm).html
2009.09.13 01:47 B E:\Projects\Creamy's_Wonderland\News_Archive\Sections01_-_10\Section05(lfm).html --> ftp.hugelaser.com /News_Archive/Sections01_-_10 Section05(lfm).html
2009.09.13 01:47 B E:\Projects\Creamy's_Wonderland\News_Archive\Sections01_-_10\Section04(lfm).html --> ftp.hugelaser.com /News_Archive/Sections01_-_10 Section04(lfm).html
2009.09.13 01:47 B E:\Projects\Creamy's_Wonderland\News_Archive\Sections01_-_10\Section03(lfm).html --> ftp.hugelaser.com /News_Archive/Sections01_-_10 Section03(lfm).html
2009.09.13 01:47 B E:\Projects\Creamy's_Wonderland\News_Archive\Sections01_-_10\Section02(lfm).html --> ftp.hugelaser.com /News_Archive/Sections01_-_10 Section02(lfm).html
2009.09.13 01:47 B E:\Projects\Creamy's_Wonderland\News_Archive\Sections01_-_10\Section01(lfm).html --> ftp.hugelaser.com /News_Archive/Sections01_-_10 Section01(lfm).html
2009.09.13 01:47 B E:\Projects\Creamy's_Wonderland\News_Archive\Sections01_-_10\News_Archive_-_S01-10(lfm).html --> ftp.hugelaser.com /News_Archive/Sections01_-_10 News_Archive_-_S01-10(lfm).html
2009.09.14 01:38 B E:\Projects\Creamy's_Wonderland\News_Archive\Block01\News_Archive_-_Block01(fs).html --> ftp.hugelaser.com /News_Archive/Block01 News_Archive_-_Block01(fs).html
2009.09.14 01:38 B E:\Projects\Creamy's_Wonderland\News_Archive\Block01\News_Archive_-_Block01(lfm).html --> ftp.hugelaser.com /News_Archive/Block01 News_Archive_-_Block01(lfm).html
2009.09.14 01:38 B E:\Projects\Creamy's_Wonderland\News_Archive\Block01\Section01(fs).html --> ftp.hugelaser.com /News_Archive/Block01 Section01(fs).html
2009.09.14 01:38 B E:\Projects\Creamy's_Wonderland\News_Archive\Block01\Section01(lfm).html --> ftp.hugelaser.com /News_Archive/Block01 Section01(lfm).html
2009.09.14 01:38 B E:\Projects\Creamy's_Wonderland\News_Archive\Block01\Section02(fs).html --> ftp.hugelaser.com /News_Archive/Block01 Section02(fs).html
2009.09.14 01:38 B E:\Projects\Creamy's_Wonderland\News_Archive\Block01\Section02(lfm).html --> ftp.hugelaser.com /News_Archive/Block01 Section02(lfm).html
2009.09.14 01:38 B E:\Projects\Creamy's_Wonderland\News_Archive\Block01\Section03(fs).html --> ftp.hugelaser.com /News_Archive/Block01 Section03(fs).html
2009.09.14 01:38 B E:\Projects\Creamy's_Wonderland\News_Archive\Block01\Section03(lfm).html --> ftp.hugelaser.com /News_Archive/Block01 Section03(lfm).html
2009.09.14 01:38 B E:\Projects\Creamy's_Wonderland\News_Archive\Block01\Section04(fs).html --> ftp.hugelaser.com /News_Archive/Block01 Section04(fs).html
2009.09.14 01:38 B E:\Projects\Creamy's_Wonderland\News_Archive\Block01\Section04(lfm).html --> ftp.hugelaser.com /News_Archive/Block01 Section04(lfm).html
2009.09.14 01:38 B E:\Projects\Creamy's_Wonderland\News_Archive\Block01\Section05(fs).html --> ftp.hugelaser.com /News_Archive/Block01 Section05(fs).html
2009.09.14 01:38 B E:\Projects\Creamy's_Wonderland\News_Archive\Block01\Section05(lfm).html --> ftp.hugelaser.com /News_Archive/Block01 Section05(lfm).html
2009.09.14 01:38 B E:\Projects\Creamy's_Wonderland\News_Archive\Block01\Section06(fs).html --> ftp.hugelaser.com /News_Archive/Block01 Section06(fs).html
2009.09.14 01:38 B E:\Projects\Creamy's_Wonderland\News_Archive\Block01\Section06(lfm).html --> ftp.hugelaser.com /News_Archive/Block01 Section06(lfm).html
2009.09.14 01:38 B E:\Projects\Creamy's_Wonderland\News_Archive\Block01\Section07(fs).html --> ftp.hugelaser.com /News_Archive/Block01 Section07(fs).html
2009.09.14 01:38 B E:\Projects\Creamy's_Wonderland\News_Archive\Block01\Section07(lfm).html --> ftp.hugelaser.com /News_Archive/Block01 Section07(lfm).html
2009.09.14 01:38 B E:\Projects\Creamy's_Wonderland\News_Archive\Block01\Section08(fs).html --> ftp.hugelaser.com /News_Archive/Block01 Section08(fs).html
2009.09.14 01:38 B E:\Projects\Creamy's_Wonderland\News_Archive\Block01\Section08(lfm).html --> ftp.hugelaser.com /News_Archive/Block01 Section08(lfm).html
2009.09.14 01:38 B E:\Projects\Creamy's_Wonderland\News_Archive\Block01\Section09(fs).html --> ftp.hugelaser.com /News_Archive/Block01 Section09(fs).html
2009.09.14 01:38 B E:\Projects\Creamy's_Wonderland\News_Archive\Block01\Section09(lfm).html --> ftp.hugelaser.com /News_Archive/Block01 Section09(lfm).html
2009.09.14 01:38 B E:\Projects\Creamy's_Wonderland\News_Archive\Block01\Section10(fs).html --> ftp.hugelaser.com /News_Archive/Block01 Section10(fs).html
2009.09.14 01:38 B E:\Projects\Creamy's_Wonderland\News_Archive\Block01\Section10(lfm).html --> ftp.hugelaser.com /News_Archive/Block01 Section10(lfm).html
2009.09.14 01:38 B E:\Projects\Creamy's_Wonderland\News_Archive\Block01\WS_FTP.LOG --> ftp.hugelaser.com /News_Archive/Block01 WS_FTP.LOG
2009.09.14 01:48 B E:\Projects\Creamy's_Wonderland\News_Archive\Block01\News_Archive_-_Block01(fs).html --> ftp.hugelaser.com /News_Archive/Block01 News_Archive_-_Block01(fs).html
2009.09.14 02:03 B E:\Projects\Creamy's_Wonderland\News_Archive\Block01\Section10(fs).html --> ftp.hugelaser.com /News_Archive/Block01 Section10(fs).html
2009.09.14 02:03 B E:\Projects\Creamy's_Wonderland\News_Archive\Block01\Section09(fs).html --> ftp.hugelaser.com /News_Archive/Block01 Section09(fs).html
2009.09.14 02:03 B E:\Projects\Creamy's_Wonderland\News_Archive\Block01\Section08(fs).html --> ftp.hugelaser.com /News_Archive/Block01 Section08(fs).html
2009.09.14 02:03 B E:\Projects\Creamy's_Wonderland\News_Archive\Block01\Section07(fs).html --> ftp.hugelaser.com /News_Archive/Block01 Section07(fs).html
2009.09.14 02:03 B E:\Projects\Creamy's_Wonderland\News_Archive\Block01\Section06(fs).html --> ftp.hugelaser.com /News_Archive/Block01 Section06(fs).html
2009.09.14 02:03 B E:\Projects\Creamy's_Wonderland\News_Archive\Block01\Section05(fs).html --> ftp.hugelaser.com /News_Archive/Block01 Section05(fs).html
2009.09.14 02:03 B E:\Projects\Creamy's_Wonderland\News_Archive\Block01\Section04(fs).html --> ftp.hugelaser.com /News_Archive/Block01 Section04(fs).html
2009.09.14 02:03 B E:\Projects\Creamy's_Wonderland\News_Archive\Block01\Section03(fs).html --> ftp.hugelaser.com /News_Archive/Block01 Section03(fs).html
2009.09.14 02:03 B E:\Projects\Creamy's_Wonderland\News_Archive\Block01\Section02(fs).html --> ftp.hugelaser.com /News_Archive/Block01 Section02(fs).html
2009.09.14 02:03 B E:\Projects\Creamy's_Wonderland\News_Archive\Block01\Section01(fs).html --> ftp.hugelaser.com /News_Archive/Block01 Section01(fs).html
2011.05.27 17:17 B E:\Projects\Creamy's_Wonderland\News_Archive\Block01\Section10.html --> ftp.hugelaser.com /News_Archive/Block01 Section10.html
2011.05.27 17:17 B E:\Projects\Creamy's_Wonderland\News_Archive\Block01\Section09.html --> ftp.hugelaser.com /News_Archive/Block01 Section09.html
2011.05.27 17:17 B E:\Projects\Creamy's_Wonderland\News_Archive\Block01\Section07.html --> ftp.hugelaser.com /News_Archive/Block01 Section07.html
2011.05.27 17:17 B E:\Projects\Creamy's_Wonderland\News_Archive\Block01\Section08.html --> ftp.hugelaser.com /News_Archive/Block01 Section08.html
2011.05.27 17:17 B E:\Projects\Creamy's_Wonderland\News_Archive\Block01\Section06.html --> ftp.hugelaser.com /News_Archive/Block01 Section06.html
2011.05.27 17:17 B E:\Projects\Creamy's_Wonderland\News_Archive\Block01\Section04.html --> ftp.hugelaser.com /News_Archive/Block01 Section04.html
2011.05.27 17:17 B E:\Projects\Creamy's_Wonderland\News_Archive\Block01\Section05.html --> ftp.hugelaser.com /News_Archive/Block01 Section05.html
2011.05.27 17:17 B E:\Projects\Creamy's_Wonderland\News_Archive\Block01\Section03.html --> ftp.hugelaser.com /News_Archive/Block01 Section03.html
2011.05.27 17:17 B E:\Projects\Creamy's_Wonderland\News_Archive\Block01\Section02.html --> ftp.hugelaser.com /News_Archive/Block01 Section02.html
2011.05.27 17:17 B E:\Projects\Creamy's_Wonderland\News_Archive\Block01\Section01.html --> ftp.hugelaser.com /News_Archive/Block01 Section01.html
2011.05.27 17:17 B E:\Projects\Creamy's_Wonderland\News_Archive\Block01\News_Archive_-_Block01.html --> ftp.hugelaser.com /News_Archive/Block01 News_Archive_-_Block01.html
2013.12.12 21:16 B E:\Projects\Creamy's_Wonderland\News_Archive\Block01\News_Archive_-_Block01(fs).html --> www.jdluke.com /News_Archive/Block01 News_Archive_-_Block01(fs).html
2013.12.12 21:16 B E:\Projects\Creamy's_Wonderland\News_Archive\Block01\News_Archive_-_Block01(lfm).html --> www.jdluke.com /News_Archive/Block01 News_Archive_-_Block01(lfm).html
2013.12.12 21:16 B E:\Projects\Creamy's_Wonderland\News_Archive\Block01\News_Archive_-_Block01.html --> www.jdluke.com /News_Archive/Block01 News_Archive_-_Block01.html
2013.12.12 21:16 B E:\Projects\Creamy's_Wonderland\News_Archive\Block01\Section01(fs).html --> www.jdluke.com /News_Archive/Block01 Section01(fs).html
2013.12.12 21:16 B E:\Projects\Creamy's_Wonderland\News_Archive\Block01\Section01(lfm).html --> www.jdluke.com /News_Archive/Block01 Section01(lfm).html
2013.12.12 21:16 B E:\Projects\Creamy's_Wonderland\News_Archive\Block01\Section01.html --> www.jdluke.com /News_Archive/Block01 Section01.html
2013.12.12 21:16 B E:\Projects\Creamy's_Wonderland\News_Archive\Block01\Section02(fs).html --> www.jdluke.com /News_Archive/Block01 Section02(fs).html
2013.12.12 21:16 B E:\Projects\Creamy's_Wonderland\News_Archive\Block01\Section02(lfm).html --> www.jdluke.com /News_Archive/Block01 Section02(lfm).html
2013.12.12 21:16 B E:\Projects\Creamy's_Wonderland\News_Archive\Block01\Section02.html --> www.jdluke.com /News_Archive/Block01 Section02.html
2013.12.12 21:16 B E:\Projects\Creamy's_Wonderland\News_Archive\Block01\Section03(fs).html --> www.jdluke.com /News_Archive/Block01 Section03(fs).html
2013.12.12 21:16 B E:\Projects\Creamy's_Wonderland\News_Archive\Block01\Section03(lfm).html --> www.jdluke.com /News_Archive/Block01 Section03(lfm).html
2013.12.12 21:16 B E:\Projects\Creamy's_Wonderland\News_Archive\Block01\Section03.html --> www.jdluke.com /News_Archive/Block01 Section03.html
2013.12.12 21:16 B E:\Projects\Creamy's_Wonderland\News_Archive\Block01\Section04(fs).html --> www.jdluke.com /News_Archive/Block01 Section04(fs).html
2013.12.12 21:17 B E:\Projects\Creamy's_Wonderland\News_Archive\Block01\Section04(lfm).html --> www.jdluke.com /News_Archive/Block01 Section04(lfm).html
2013.12.12 21:17 B E:\Projects\Creamy's_Wonderland\News_Archive\Block01\Section04.html --> www.jdluke.com /News_Archive/Block01 Section04.html
2013.12.12 21:17 B E:\Projects\Creamy's_Wonderland\News_Archive\Block01\Section05(fs).html --> www.jdluke.com /News_Archive/Block01 Section05(fs).html
2013.12.12 21:17 B E:\Projects\Creamy's_Wonderland\News_Archive\Block01\Section05(lfm).html --> www.jdluke.com /News_Archive/Block01 Section05(lfm).html
2013.12.12 21:17 B E:\Projects\Creamy's_Wonderland\News_Archive\Block01\Section05.html --> www.jdluke.com /News_Archive/Block01 Section05.html
2013.12.12 21:17 B E:\Projects\Creamy's_Wonderland\News_Archive\Block01\Section06(fs).html --> www.jdluke.com /News_Archive/Block01 Section06(fs).html
2013.12.12 21:17 B E:\Projects\Creamy's_Wonderland\News_Archive\Block01\Section06(lfm).html --> www.jdluke.com /News_Archive/Block01 Section06(lfm).html
2013.12.12 21:17 B E:\Projects\Creamy's_Wonderland\News_Archive\Block01\Section06.html --> www.jdluke.com /News_Archive/Block01 Section06.html
2013.12.12 21:17 B E:\Projects\Creamy's_Wonderland\News_Archive\Block01\Section07(fs).html --> www.jdluke.com /News_Archive/Block01 Section07(fs).html
2013.12.12 21:17 B E:\Projects\Creamy's_Wonderland\News_Archive\Block01\Section07(lfm).html --> www.jdluke.com /News_Archive/Block01 Section07(lfm).html
2013.12.12 21:17 B E:\Projects\Creamy's_Wonderland\News_Archive\Block01\Section07.html --> www.jdluke.com /News_Archive/Block01 Section07.html
2013.12.12 21:17 B E:\Projects\Creamy's_Wonderland\News_Archive\Block01\Section08(fs).html --> www.jdluke.com /News_Archive/Block01 Section08(fs).html
2013.12.12 21:17 B E:\Projects\Creamy's_Wonderland\News_Archive\Block01\Section08(lfm).html --> www.jdluke.com /News_Archive/Block01 Section08(lfm).html
2013.12.12 21:17 B E:\Projects\Creamy's_Wonderland\News_Archive\Block01\Section08.html --> www.jdluke.com /News_Archive/Block01 Section08.html
2013.12.12 21:17 B E:\Projects\Creamy's_Wonderland\News_Archive\Block01\Section09(fs).html --> www.jdluke.com /News_Archive/Block01 Section09(fs).html
2013.12.12 21:17 B E:\Projects\Creamy's_Wonderland\News_Archive\Block01\Section09(lfm).html --> www.jdluke.com /News_Archive/Block01 Section09(lfm).html
2013.12.12 21:17 B E:\Projects\Creamy's_Wonderland\News_Archive\Block01\Section09.html --> www.jdluke.com /News_Archive/Block01 Section09.html
2013.12.12 21:17 B E:\Projects\Creamy's_Wonderland\News_Archive\Block01\Section10(fs).html --> www.jdluke.com /News_Archive/Block01 Section10(fs).html
2013.12.12 21:17 B E:\Projects\Creamy's_Wonderland\News_Archive\Block01\Section10(lfm).html --> www.jdluke.com /News_Archive/Block01 Section10(lfm).html
2013.12.12 21:17 B E:\Projects\Creamy's_Wonderland\News_Archive\Block01\Section10.html --> www.jdluke.com /News_Archive/Block01 Section10.html
2014.01.12 22:21 B E:\Projects\Creamy's_Wonderland\News_Archive\Block01\Section10(lfm).html --> www.jdluke.com /News_Archive/Block01 Section10(lfm).html
2014.01.12 22:21 B E:\Projects\Creamy's_Wonderland\News_Archive\Block01\Section09(lfm).html --> www.jdluke.com /News_Archive/Block01 Section09(lfm).html
2014.01.12 22:21 B E:\Projects\Creamy's_Wonderland\News_Archive\Block01\Section08(lfm).html --> www.jdluke.com /News_Archive/Block01 Section08(lfm).html
2014.01.12 22:21 B E:\Projects\Creamy's_Wonderland\News_Archive\Block01\Section07(lfm).html --> www.jdluke.com /News_Archive/Block01 Section07(lfm).html
2014.01.12 22:21 B E:\Projects\Creamy's_Wonderland\News_Archive\Block01\Section06(lfm).html --> www.jdluke.com /News_Archive/Block01 Section06(lfm).html
2014.01.12 22:21 B E:\Projects\Creamy's_Wonderland\News_Archive\Block01\Section05(lfm).html --> www.jdluke.com /News_Archive/Block01 Section05(lfm).html
2014.01.12 22:21 B E:\Projects\Creamy's_Wonderland\News_Archive\Block01\Section04(lfm).html --> www.jdluke.com /News_Archive/Block01 Section04(lfm).html
2014.01.12 22:21 B E:\Projects\Creamy's_Wonderland\News_Archive\Block01\Section03(lfm).html --> www.jdluke.com /News_Archive/Block01 Section03(lfm).html
2014.01.12 22:21 B E:\Projects\Creamy's_Wonderland\News_Archive\Block01\Section02(lfm).html --> www.jdluke.com /News_Archive/Block01 Section02(lfm).html
2014.01.12 22:21 B E:\Projects\Creamy's_Wonderland\News_Archive\Block01\Section01(lfm).html --> www.jdluke.com /News_Archive/Block01 Section01(lfm).html
2014.01.12 22:21 B E:\Projects\Creamy's_Wonderland\News_Archive\Block01\News_Archive_-_Block01(lfm).html --> www.jdluke.com /News_Archive/Block01 News_Archive_-_Block01(lfm).html
2014.01.12 23:51 B E:\Projects\Creamy's_Wonderland\News_Archive\Block01\Section10(lfm).html --> www.jdluke.com /News_Archive/Block01 Section10(lfm).html
2014.01.12 23:51 B E:\Projects\Creamy's_Wonderland\News_Archive\Block01\Section09(lfm).html --> www.jdluke.com /News_Archive/Block01 Section09(lfm).html
2014.01.12 23:51 B E:\Projects\Creamy's_Wonderland\News_Archive\Block01\Section08(lfm).html --> www.jdluke.com /News_Archive/Block01 Section08(lfm).html
2014.01.12 23:51 B E:\Projects\Creamy's_Wonderland\News_Archive\Block01\Section07(lfm).html --> www.jdluke.com /News_Archive/Block01 Section07(lfm).html
2014.01.12 23:51 B E:\Projects\Creamy's_Wonderland\News_Archive\Block01\Section06(lfm).html --> www.jdluke.com /News_Archive/Block01 Section06(lfm).html
2014.01.12 23:51 B E:\Projects\Creamy's_Wonderland\News_Archive\Block01\Section05(lfm).html --> www.jdluke.com /News_Archive/Block01 Section05(lfm).html
2014.01.12 23:51 B E:\Projects\Creamy's_Wonderland\News_Archive\Block01\Section04(lfm).html --> www.jdluke.com /News_Archive/Block01 Section04(lfm).html
2014.01.12 23:51 B E:\Projects\Creamy's_Wonderland\News_Archive\Block01\Section03(lfm).html --> www.jdluke.com /News_Archive/Block01 Section03(lfm).html
2014.01.12 23:51 B E:\Projects\Creamy's_Wonderland\News_Archive\Block01\Section02(lfm).html --> www.jdluke.com /News_Archive/Block01 Section02(lfm).html
2014.01.12 23:51 B E:\Projects\Creamy's_Wonderland\News_Archive\Block01\Section01(lfm).html --> www.jdluke.com /News_Archive/Block01 Section01(lfm).html
2014.01.12 23:51 B E:\Projects\Creamy's_Wonderland\News_Archive\Block01\News_Archive_-_Block01(lfm).html --> www.jdluke.com /News_Archive/Block01 News_Archive_-_Block01(lfm).html
