2014.01.07 13:24 B E:\Projects\Creamy's_Wonderland\CGF\VLOGs\CGF_-_VLOGs(fs).html --> www.jdluke.com /CGF/VLOGs CGF_-_VLOGs(fs).html
2014.01.07 13:24 B E:\Projects\Creamy's_Wonderland\CGF\VLOGs\CGF_-_VLOGs(lfm).html --> www.jdluke.com /CGF/VLOGs CGF_-_VLOGs(lfm).html
2014.01.07 13:24 B E:\Projects\Creamy's_Wonderland\CGF\VLOGs\Flame_Wars(fs).html --> www.jdluke.com /CGF/VLOGs Flame_Wars(fs).html
2014.01.07 13:24 B E:\Projects\Creamy's_Wonderland\CGF\VLOGs\Flame_Wars(lfm).html --> www.jdluke.com /CGF/VLOGs Flame_Wars(lfm).html
2014.01.07 13:24 B E:\Projects\Creamy's_Wonderland\CGF\VLOGs\Miscellaneous(fs).html --> www.jdluke.com /CGF/VLOGs Miscellaneous(fs).html
2014.01.07 13:24 B E:\Projects\Creamy's_Wonderland\CGF\VLOGs\Miscellaneous(lfm).html --> www.jdluke.com /CGF/VLOGs Miscellaneous(lfm).html
2014.01.12 18:00 B E:\Projects\Creamy's_Wonderland\CGF\VLOGs\Miscellaneous.html --> www.jdluke.com /CGF/VLOGs Miscellaneous.html
2014.01.12 18:00 B E:\Projects\Creamy's_Wonderland\CGF\VLOGs\Flame_Wars.html --> www.jdluke.com /CGF/VLOGs Flame_Wars.html
2014.01.12 18:00 B E:\Projects\Creamy's_Wonderland\CGF\VLOGs\CGF_-_VLOGs.html --> www.jdluke.com /CGF/VLOGs CGF_-_VLOGs.html
2014.01.12 22:01 B E:\Projects\Creamy's_Wonderland\cgf\VLOGs\Miscellaneous(fs).html --> www.jdluke.com /CGF/VLOGs Miscellaneous(fs).html
2014.01.12 22:01 B E:\Projects\Creamy's_Wonderland\cgf\VLOGs\Flame_Wars(fs).html --> www.jdluke.com /CGF/VLOGs Flame_Wars(fs).html
2014.01.12 22:01 B E:\Projects\Creamy's_Wonderland\cgf\VLOGs\CGF_-_VLOGs(fs).html --> www.jdluke.com /CGF/VLOGs CGF_-_VLOGs(fs).html
2014.04.10 23:29 B E:\Projects\Creamy's_Wonderland\cgf\VLOGs\Miscellaneous.html --> www.jdluke.com /CGF/VLOGs Miscellaneous.html
2014.04.10 23:31 B E:\Projects\Creamy's_Wonderland\cgf\VLOGs\Miscellaneous.html --> www.jdluke.com /CGF/VLOGs Miscellaneous.html
2014.04.10 23:32 B E:\Projects\Creamy's_Wonderland\cgf\VLOGs\Miscellaneous.html --> www.jdluke.com /CGF/VLOGs Miscellaneous.html
2014.04.10 23:34 B E:\Projects\Creamy's_Wonderland\cgf\VLOGs\Miscellaneous.html --> www.jdluke.com /CGF/VLOGs Miscellaneous.html
2014.04.11 17:57 B E:\Projects\Creamy's_Wonderland\cgf\VLOGs\Miscellaneous.html --> www.jdluke.com /CGF/VLOGs Miscellaneous.html
2014.06.08 14:00 B E:\Projects\Creamy's_Wonderland\CGF\VLOGs\Miscellaneous.html --> www.jdluke.com /CGF/VLOGs Miscellaneous.html
2015.01.24 22:45 B E:\Projects\Creamy's_Wonderland\CGF\VLOGs\Miscellaneous.html --> www.jdluke.com /CGF/VLOGs Miscellaneous.html
2015.01.24 22:45 B E:\Projects\Creamy's_Wonderland\CGF\VLOGs\Flame_Wars.html --> www.jdluke.com /CGF/VLOGs Flame_Wars.html
2015.07.08 04:46 B E:\Projects\Creamy's_Wonderland\CGF\VLOGs\Miscellaneous.html --> www.jdluke.com /CGF/VLOGs Miscellaneous.html
2017.12.03 23:27 B E:\Projects\Creamy's_Wonderland\CGF\VLOGs\Miscellaneous.html --> www.jdluke.com /CGF/VLOGs Miscellaneous.html
2017.12.03 23:29 B E:\Projects\Creamy's_Wonderland\CGF\VLOGs\Miscellaneous.html --> www.jdluke.com /CGF/VLOGs Miscellaneous.html
2017.12.03 23:33 B E:\Projects\Creamy's_Wonderland\CGF\VLOGs\Miscellaneous.html --> www.jdluke.com /CGF/VLOGs Miscellaneous.html
2017.12.03 23:36 B E:\Projects\Creamy's_Wonderland\CGF\VLOGs\Miscellaneous.html --> www.jdluke.com /CGF/VLOGs Miscellaneous.html
2017.12.03 23:43 B E:\Projects\Creamy's_Wonderland\CGF\VLOGs\Miscellaneous.html --> www.jdluke.com /CGF/VLOGs Miscellaneous.html
