2003.01.03 06:50 B C:\Projects\Creamy's_Wonderland\itf\tartan.gif <-- Creamy's Wonderland /polycount/cottages/iwow/itf tartan.gif
2003.01.03 07:00 B C:\Projects\Creamy's_Wonderland\itf\bio-binky(fs).html <-- Creamy's Wonderland /polycount/cottages/iwow/itf bio-binky(fs).html
2003.01.03 07:00 B C:\Projects\Creamy's_Wonderland\itf\bio-binky(lfm).html <-- Creamy's Wonderland /polycount/cottages/iwow/itf bio-binky(lfm).html
2003.01.03 07:00 B C:\Projects\Creamy's_Wonderland\itf\bio-binky(old01).html <-- Creamy's Wonderland /polycount/cottages/iwow/itf bio-binky(old01).html
2003.01.03 07:00 B C:\Projects\Creamy's_Wonderland\itf\bio-binky.html <-- Creamy's Wonderland /polycount/cottages/iwow/itf bio-binky.html
2003.01.03 07:00 B C:\Projects\Creamy's_Wonderland\itf\bio-binky_s!.html <-- Creamy's Wonderland /polycount/cottages/iwow/itf bio-binky_s!.html
2003.01.03 07:00 B C:\Projects\Creamy's_Wonderland\itf\bio-oinkillune(fs).html <-- Creamy's Wonderland /polycount/cottages/iwow/itf bio-oinkillune(fs).html
2003.01.03 07:00 B C:\Projects\Creamy's_Wonderland\itf\bio-oinkillune(lfm).html <-- Creamy's Wonderland /polycount/cottages/iwow/itf bio-oinkillune(lfm).html
2003.01.03 07:00 B C:\Projects\Creamy's_Wonderland\itf\bio-oinkillune(old01).html <-- Creamy's Wonderland /polycount/cottages/iwow/itf bio-oinkillune(old01).html
2003.01.03 07:00 B C:\Projects\Creamy's_Wonderland\itf\bio-oinkillune(old02).html <-- Creamy's Wonderland /polycount/cottages/iwow/itf bio-oinkillune(old02).html
2003.01.03 07:00 B C:\Projects\Creamy's_Wonderland\itf\bio-oinkillune.html <-- Creamy's Wonderland /polycount/cottages/iwow/itf bio-oinkillune.html
2003.01.03 07:00 B C:\Projects\Creamy's_Wonderland\itf\bio-stardancer(fs).html <-- Creamy's Wonderland /polycount/cottages/iwow/itf bio-stardancer(fs).html
2003.01.03 07:00 B C:\Projects\Creamy's_Wonderland\itf\bio-stardancer(lfm).html <-- Creamy's Wonderland /polycount/cottages/iwow/itf bio-stardancer(lfm).html
2003.01.03 07:00 B C:\Projects\Creamy's_Wonderland\itf\bio-stardancer(old01).html <-- Creamy's Wonderland /polycount/cottages/iwow/itf bio-stardancer(old01).html
2003.01.03 07:00 B C:\Projects\Creamy's_Wonderland\itf\bio-stardancer.html <-- Creamy's Wonderland /polycount/cottages/iwow/itf bio-stardancer.html
2003.01.03 07:00 B C:\Projects\Creamy's_Wonderland\itf\bio-stardancer_s!.html <-- Creamy's Wonderland /polycount/cottages/iwow/itf bio-stardancer_s!.html
2003.01.03 07:00 B C:\Projects\Creamy's_Wonderland\itf\characters_page(fs).html <-- Creamy's Wonderland /polycount/cottages/iwow/itf characters_page(fs).html
2003.01.03 07:00 B C:\Projects\Creamy's_Wonderland\itf\characters_page(lfm).html <-- Creamy's Wonderland /polycount/cottages/iwow/itf characters_page(lfm).html
2003.01.03 07:00 B C:\Projects\Creamy's_Wonderland\itf\characters_page.html <-- Creamy's Wonderland /polycount/cottages/iwow/itf characters_page.html
2003.01.03 07:00 B C:\Projects\Creamy's_Wonderland\itf\deities&magic_page(fs).html <-- Creamy's Wonderland /polycount/cottages/iwow/itf deities&magic_page(fs).html
2003.01.03 07:00 B C:\Projects\Creamy's_Wonderland\itf\deities&magic_page(lfm).html <-- Creamy's Wonderland /polycount/cottages/iwow/itf deities&magic_page(lfm).html
2003.01.03 07:00 B C:\Projects\Creamy's_Wonderland\itf\deities&magic_page.html <-- Creamy's Wonderland /polycount/cottages/iwow/itf deities&magic_page.html
2003.01.03 07:00 B C:\Projects\Creamy's_Wonderland\itf\dm-mages&clerics(fs).html <-- Creamy's Wonderland /polycount/cottages/iwow/itf dm-mages&clerics(fs).html
2003.01.03 07:00 B C:\Projects\Creamy's_Wonderland\itf\dm-mages&clerics(lfm).html <-- Creamy's Wonderland /polycount/cottages/iwow/itf dm-mages&clerics(lfm).html
2003.01.03 07:00 B C:\Projects\Creamy's_Wonderland\itf\dm-mages&clerics.html <-- Creamy's Wonderland /polycount/cottages/iwow/itf dm-mages&clerics.html
2003.01.03 07:00 B C:\Projects\Creamy's_Wonderland\itf\eb_alien_invasion(fs).html <-- Creamy's Wonderland /polycount/cottages/iwow/itf eb_alien_invasion(fs).html
2003.01.03 07:00 B C:\Projects\Creamy's_Wonderland\itf\eb_alien_invasion(lfm).html <-- Creamy's Wonderland /polycount/cottages/iwow/itf eb_alien_invasion(lfm).html
2003.01.03 07:00 B C:\Projects\Creamy's_Wonderland\itf\eb_alien_invasion(old1)(fs).html <-- Creamy's Wonderland /polycount/cottages/iwow/itf eb_alien_invasion(old1)(fs).html
2003.01.03 07:00 B C:\Projects\Creamy's_Wonderland\itf\eb_alien_invasion(old1)(lfm).html <-- Creamy's Wonderland /polycount/cottages/iwow/itf eb_alien_invasion(old1)(lfm).html
2003.01.03 07:00 B C:\Projects\Creamy's_Wonderland\itf\eb_alien_invasion(old1).html <-- Creamy's Wonderland /polycount/cottages/iwow/itf eb_alien_invasion(old1).html
2003.01.03 07:00 B C:\Projects\Creamy's_Wonderland\itf\eb_alien_invasion.html <-- Creamy's Wonderland /polycount/cottages/iwow/itf eb_alien_invasion.html
2003.01.03 07:00 B C:\Projects\Creamy's_Wonderland\itf\eb_zodian_threat(fs).html <-- Creamy's Wonderland /polycount/cottages/iwow/itf eb_zodian_threat(fs).html
2003.01.03 07:00 B C:\Projects\Creamy's_Wonderland\itf\eb_zodian_threat(lfm).html <-- Creamy's Wonderland /polycount/cottages/iwow/itf eb_zodian_threat(lfm).html
2003.01.03 07:00 B C:\Projects\Creamy's_Wonderland\itf\eb_zodian_threat(old1)(fs).html <-- Creamy's Wonderland /polycount/cottages/iwow/itf eb_zodian_threat(old1)(fs).html
2003.01.03 07:01 B C:\Projects\Creamy's_Wonderland\itf\eb_zodian_threat(old1)(lfm).html <-- Creamy's Wonderland /polycount/cottages/iwow/itf eb_zodian_threat(old1)(lfm).html
2003.01.03 07:01 B C:\Projects\Creamy's_Wonderland\itf\eb_zodian_threat(old1).html <-- Creamy's Wonderland /polycount/cottages/iwow/itf eb_zodian_threat(old1).html
2003.01.03 07:01 B C:\Projects\Creamy's_Wonderland\itf\eb_zodian_threat.html <-- Creamy's Wonderland /polycount/cottages/iwow/itf eb_zodian_threat.html
2003.01.03 07:01 B C:\Projects\Creamy's_Wonderland\itf\glossary_page(fs).html <-- Creamy's Wonderland /polycount/cottages/iwow/itf glossary_page(fs).html
2003.01.03 07:01 B C:\Projects\Creamy's_Wonderland\itf\glossary_page(lfm).html <-- Creamy's Wonderland /polycount/cottages/iwow/itf glossary_page(lfm).html
2003.01.03 07:01 B C:\Projects\Creamy's_Wonderland\itf\glossary_page.html <-- Creamy's Wonderland /polycount/cottages/iwow/itf glossary_page.html
2003.01.03 07:01 B C:\Projects\Creamy's_Wonderland\itf\itf_intro(fs).html <-- Creamy's Wonderland /polycount/cottages/iwow/itf itf_intro(fs).html
2003.01.03 07:01 B C:\Projects\Creamy's_Wonderland\itf\itf_intro(lfm).html <-- Creamy's Wonderland /polycount/cottages/iwow/itf itf_intro(lfm).html
2003.01.03 07:01 B C:\Projects\Creamy's_Wonderland\itf\itf_intro.html <-- Creamy's Wonderland /polycount/cottages/iwow/itf itf_intro.html
2003.01.03 07:01 B C:\Projects\Creamy's_Wonderland\itf\mages&clerics_icon.gif <-- Creamy's Wonderland /polycount/cottages/iwow/itf mages&clerics_icon.gif
2003.01.12 14:11 B C:\Projects\Creamy's_Wonderland\itf\bio-Jonny-V.html --> www.planetquake.com /polycount/cottages/iwow/itf bio-Jonny-V.html
2003.01.12 17:46 B C:\Projects\Creamy's_Wonderland\itf\bio-Jonny-V.html --> www.planetquake.com /polycount/cottages/iwow/itf bio-Jonny-V.html
2003.01.12 20:45 B C:\Projects\Creamy's_Wonderland\itf\race-gwahrai_page.html <-- Creamy's Wonderland /polycount/cottages/iwow/itf race-gwahrai_page.html
2003.01.22 00:35 B E:\Projects\Creamy's_Wonderland\itf\bio-Jonny-V.html --> www.planetquake.com /polycount/cottages/iwow/itf bio-Jonny-V.html
2003.03.16 14:21 B E:\Projects\Creamy's Wonderland\itf\bio-Jonny-V.html --> www.planetquake.com /polycount/cottages/iwow/ITF bio-Jonny-V.html
2003.03.16 23:20 B E:\Projects\Creamy's Wonderland\itf\bio-Jonny-V.html --> www.planetquake.com /polycount/cottages/iwow/ITF bio-Jonny-V.html
2003.03.18 20:31 B E:\Projects\Creamy's Wonderland\itf\EB_Plot_Page_S!.html <-- Creamy's Wonderland /polycount/cottages/iwow/ITF EB_Plot_Page_S!.html
2003.03.18 22:19 B E:\Projects\Creamy's Wonderland\itf\EB_Plot_Page_S!_BKU01.html <-- Creamy's Wonderland /polycount/cottages/iwow/ITF EB_Plot_Page_S!_BKU01.html
2003.03.18 22:19 B E:\Projects\Creamy's Wonderland\itf\EB_Plot_Page_S!.html --> www.planetquake.com /polycount/cottages/iwow/ITF EB_Plot_Page_S!.html
2003.03.18 22:29 B E:\Projects\Creamy's Wonderland\itf\EB_Alien_Invasion.html --> www.planetquake.com /polycount/cottages/iwow/ITF EB_Alien_Invasion.html
2003.03.20 00:18 B E:\Projects\Creamy's Wonderland\itf\characters_page.html --> www.planetquake.com /polycount/cottages/iwow/ITF characters_page.html
2003.03.20 00:18 B E:\Projects\Creamy's Wonderland\itf\EB_Plot_Page_S!.html --> www.planetquake.com /polycount/cottages/iwow/ITF EB_Plot_Page_S!.html
2003.03.20 00:18 B E:\Projects\Creamy's Wonderland\itf\eb_zodian_threat.html --> www.planetquake.com /polycount/cottages/iwow/ITF eb_zodian_threat.html
2003.03.20 00:18 B E:\Projects\Creamy's Wonderland\itf\bio-binky_s!(old1).html --> www.planetquake.com /polycount/cottages/iwow/ITF bio-binky_s!(old1).html
2003.03.20 00:18 B E:\Projects\Creamy's Wonderland\itf\bio-oinkillune(old02).html --> www.planetquake.com /polycount/cottages/iwow/ITF bio-oinkillune(old02).html
2003.03.20 00:18 B E:\Projects\Creamy's Wonderland\itf\bio-oinkillune(old01).html --> www.planetquake.com /polycount/cottages/iwow/ITF bio-oinkillune(old01).html
2003.03.20 00:18 B E:\Projects\Creamy's Wonderland\itf\bio-binky_s!.html --> www.planetquake.com /polycount/cottages/iwow/ITF bio-binky_s!.html
2003.03.20 00:18 B E:\Projects\Creamy's Wonderland\itf\bio-oinkillune.html --> www.planetquake.com /polycount/cottages/iwow/ITF bio-oinkillune.html
2003.03.20 12:27 B E:\Projects\Creamy's Wonderland\itf\bio-binky_s!.html --> www.planetquake.com /polycount/cottages/iwow/ITF bio-binky_s!.html
2003.03.20 12:27 B E:\Projects\Creamy's Wonderland\itf\bio-binky_s!(old1).html --> www.planetquake.com /polycount/cottages/iwow/ITF bio-binky_s!(old1).html
2003.03.20 16:45 B E:\Projects\Creamy's Wonderland\itf\characters_page.html --> www.planetquake.com /polycount/cottages/iwow/ITF characters_page.html
2003.03.20 16:45 B E:\Projects\Creamy's Wonderland\itf\bio-stardancer(lfm).html --> www.planetquake.com /polycount/cottages/iwow/ITF bio-stardancer(lfm).html
2003.03.20 16:45 B E:\Projects\Creamy's Wonderland\itf\characters_page(lfm).html --> www.planetquake.com /polycount/cottages/iwow/ITF characters_page(lfm).html
2003.03.20 16:45 B E:\Projects\Creamy's Wonderland\itf\bio-oinkillune(lfm).html --> www.planetquake.com /polycount/cottages/iwow/ITF bio-oinkillune(lfm).html
2003.03.20 16:45 B E:\Projects\Creamy's Wonderland\itf\bio-Jonny-V(lfm).html --> www.planetquake.com /polycount/cottages/iwow/ITF bio-Jonny-V(lfm).html
2003.03.20 16:45 B E:\Projects\Creamy's Wonderland\itf\bio-binky(lfm).html --> www.planetquake.com /polycount/cottages/iwow/ITF bio-binky(lfm).html
2003.03.20 16:45 B E:\Projects\Creamy's Wonderland\itf\bio-Jonny-V(fs).html --> www.planetquake.com /polycount/cottages/iwow/ITF bio-Jonny-V(fs).html
2003.03.20 16:49 B E:\Projects\Creamy's Wonderland\itf\bio-Jonny-V.html --> www.planetquake.com /polycount/cottages/iwow/ITF bio-Jonny-V.html
2003.04.07 00:15 B E:\Projects\Creamy's Wonderland\itf\glossary_page(lfm).html --> www.planetquake.com /polycount/cottages/iwow/ITF glossary_page(lfm).html
2003.04.07 00:15 B E:\Projects\Creamy's Wonderland\itf\RN-Evidence(lfm).html --> www.planetquake.com /polycount/cottages/iwow/ITF RN-Evidence(lfm).html
2003.04.07 00:15 B E:\Projects\Creamy's Wonderland\itf\Research_Page(lfm).html --> www.planetquake.com /polycount/cottages/iwow/ITF Research_Page(lfm).html
2003.04.07 00:15 B E:\Projects\Creamy's Wonderland\itf\Races_Page(lfm).html --> www.planetquake.com /polycount/cottages/iwow/ITF Races_Page(lfm).html
2003.04.07 00:15 B E:\Projects\Creamy's Wonderland\itf\Race-Gwahrai_Page(lfm).html --> www.planetquake.com /polycount/cottages/iwow/ITF Race-Gwahrai_Page(lfm).html
2003.04.07 00:15 B E:\Projects\Creamy's Wonderland\itf\eb_zodian_threat(lfm).html --> www.planetquake.com /polycount/cottages/iwow/ITF eb_zodian_threat(lfm).html
2003.04.07 00:15 B E:\Projects\Creamy's Wonderland\itf\eb_alien_invasion(lfm).html --> www.planetquake.com /polycount/cottages/iwow/ITF eb_alien_invasion(lfm).html
2003.04.07 00:15 B E:\Projects\Creamy's Wonderland\itf\deities&magic_page(lfm).html --> www.planetquake.com /polycount/cottages/iwow/ITF deities&magic_page(lfm).html
2003.04.07 00:15 B E:\Projects\Creamy's Wonderland\itf\characters_page(lfm).html --> www.planetquake.com /polycount/cottages/iwow/ITF characters_page(lfm).html
2003.04.07 00:15 B E:\Projects\Creamy's Wonderland\itf\itf_intro(lfm).html --> www.planetquake.com /polycount/cottages/iwow/ITF itf_intro(lfm).html
2003.04.07 00:15 B E:\Projects\Creamy's Wonderland\itf\Race-Gwahrai_Page.html --> www.planetquake.com /polycount/cottages/iwow/ITF Race-Gwahrai_Page.html
2003.04.07 00:15 B E:\Projects\Creamy's Wonderland\itf\itf_intro.html --> www.planetquake.com /polycount/cottages/iwow/ITF itf_intro.html
2003.04.07 00:15 B E:\Projects\Creamy's Wonderland\itf\Research_Page.html --> www.planetquake.com /polycount/cottages/iwow/ITF Research_Page.html
2003.04.07 00:15 B E:\Projects\Creamy's Wonderland\itf\Race-Gwahrai_Page(fs).html --> www.planetquake.com /polycount/cottages/iwow/ITF Race-Gwahrai_Page(fs).html
2003.04.07 00:15 B E:\Projects\Creamy's Wonderland\itf\Research_Page(fs).html --> www.planetquake.com /polycount/cottages/iwow/ITF Research_Page(fs).html
2003.04.07 00:15 B E:\Projects\Creamy's Wonderland\itf\RN-Evidence.html --> www.planetquake.com /polycount/cottages/iwow/ITF RN-Evidence.html
2003.04.07 00:16 B E:\Projects\Creamy's Wonderland\itf\RN-Evidence(fs).html --> www.planetquake.com /polycount/cottages/iwow/ITF RN-Evidence(fs).html
2003.04.07 00:16 B E:\Projects\Creamy's Wonderland\itf\Races_Page(fs).html --> www.planetquake.com /polycount/cottages/iwow/ITF Races_Page(fs).html
2003.04.07 00:16 B E:\Projects\Creamy's Wonderland\itf\Races_Page.html --> www.planetquake.com /polycount/cottages/iwow/ITF Races_Page.html
2003.04.07 00:16 B E:\Projects\Creamy's Wonderland\itf\eb-Characters.gif --> www.planetquake.com /polycount/cottages/iwow/ITF eb-Characters.gif
2003.04.07 00:16 B E:\Projects\Creamy's Wonderland\itf\bio-Jonny-V.html --> www.planetquake.com /polycount/cottages/iwow/ITF bio-Jonny-V.html
2003.04.07 00:17 B E:\Projects\Creamy's Wonderland\itf\Races_Page.html --> www.planetquake.com /polycount/cottages/iwow/ITF Races_Page.html
2003.04.07 00:36 B E:\Projects\Creamy's Wonderland\itf\Race-Gwahrai_Page.html --> www.planetquake.com /polycount/cottages/iwow/ITF Race-Gwahrai_Page.html
2003.04.07 00:36 B E:\Projects\Creamy's Wonderland\itf\RN-Evidence.html --> www.planetquake.com /polycount/cottages/iwow/ITF RN-Evidence.html
2003.04.07 00:42 B E:\Projects\Creamy's Wonderland\itf\Research_Page.html --> www.planetquake.com /polycount/cottages/iwow/ITF Research_Page.html
2003.04.07 02:08 B E:\Projects\Creamy's Wonderland\itf\RN-Evidence.html --> www.planetquake.com /polycount/cottages/iwow/ITF RN-Evidence.html
2003.04.07 02:10 B E:\Projects\Creamy's Wonderland\itf\Research_Page.html --> www.planetquake.com /polycount/cottages/iwow/ITF Research_Page.html
2003.04.28 23:52 B E:\Projects\Creamy's Wonderland\itf\bio-Jonny-V.html --> www.planetquake.com /polycount/cottages/iwow/ITF bio-Jonny-V.html
2003.04.28 23:53 B E:\Projects\Creamy's Wonderland\itf\RN-Pandas(lfm).html --> www.planetquake.com /polycount/cottages/iwow/ITF RN-Pandas(lfm).html
2003.04.28 23:53 B E:\Projects\Creamy's Wonderland\itf\RN-Pandas(fs).html --> www.planetquake.com /polycount/cottages/iwow/ITF RN-Pandas(fs).html
2003.04.28 23:53 B E:\Projects\Creamy's Wonderland\itf\RN-Evidence(lfm).html --> www.planetquake.com /polycount/cottages/iwow/ITF RN-Evidence(lfm).html
2003.04.28 23:53 B E:\Projects\Creamy's Wonderland\itf\Research_Page(lfm).html --> www.planetquake.com /polycount/cottages/iwow/ITF Research_Page(lfm).html
2003.04.28 23:53 B E:\Projects\Creamy's Wonderland\itf\Research_Page.html --> www.planetquake.com /polycount/cottages/iwow/ITF Research_Page.html
2003.04.28 23:53 B E:\Projects\Creamy's Wonderland\itf\eb_zodian_threat(old1)(lfm).html --> www.planetquake.com /polycount/cottages/iwow/ITF eb_zodian_threat(old1)(lfm).html
2003.04.28 23:53 B E:\Projects\Creamy's Wonderland\itf\eb_alien_invasion(old1)(lfm).html --> www.planetquake.com /polycount/cottages/iwow/ITF eb_alien_invasion(old1)(lfm).html
2003.04.28 23:53 B E:\Projects\Creamy's Wonderland\itf\dm-mages&clerics(lfm).html --> www.planetquake.com /polycount/cottages/iwow/ITF dm-mages&clerics(lfm).html
2003.04.28 23:53 B E:\Projects\Creamy's Wonderland\itf\bio-stardancer(lfm).html --> www.planetquake.com /polycount/cottages/iwow/ITF bio-stardancer(lfm).html
2003.04.28 23:53 B E:\Projects\Creamy's Wonderland\itf\bio-oinkillune(lfm).html --> www.planetquake.com /polycount/cottages/iwow/ITF bio-oinkillune(lfm).html
2003.04.28 23:53 B E:\Projects\Creamy's Wonderland\itf\bio-Jonny-V(lfm).html --> www.planetquake.com /polycount/cottages/iwow/ITF bio-Jonny-V(lfm).html
2003.04.28 23:53 B E:\Projects\Creamy's Wonderland\itf\bio-binky(lfm).html --> www.planetquake.com /polycount/cottages/iwow/ITF bio-binky(lfm).html
2003.04.28 23:53 B E:\Projects\Creamy's Wonderland\itf\RN-Evidence.html --> www.planetquake.com /polycount/cottages/iwow/ITF RN-Evidence.html
2003.04.28 23:53 B E:\Projects\Creamy's Wonderland\itf\RN-Pandas.html --> www.planetquake.com /polycount/cottages/iwow/ITF RN-Pandas.html
2003.04.28 23:53 B E:\Projects\Creamy's Wonderland\itf\race-gwahrai_page.html --> www.planetquake.com /polycount/cottages/iwow/ITF race-gwahrai_page.html
2003.04.29 00:10 B E:\Projects\Creamy's Wonderland\itf\race-gwahrai_page.html --> www.planetquake.com /polycount/cottages/iwow/ITF race-gwahrai_page.html
2003.04.29 00:21 B E:\Projects\Creamy's Wonderland\itf\Research_Page.html --> www.planetquake.com /polycount/cottages/iwow/ITF Research_Page.html
2003.04.29 00:23 B E:\Projects\Creamy's Wonderland\itf\Research_Page.html --> www.planetquake.com /polycount/cottages/iwow/ITF Research_Page.html
2003.04.29 00:44 B E:\Projects\Creamy's Wonderland\itf\race-gwahrai_page.html --> www.planetquake.com /polycount/cottages/iwow/ITF race-gwahrai_page.html
2003.05.07 23:59 B E:\Projects\Creamy's Wonderland\itf\RN-Pandas.html --> www.planetquake.com /polycount/cottages/iwow/ITF RN-Pandas.html
2003.05.07 23:59 B E:\Projects\Creamy's Wonderland\itf\RN-Evidence.html --> www.planetquake.com /polycount/cottages/iwow/ITF RN-Evidence.html
2003.05.20 22:11 B E:\Projects\Creamy's Wonderland\itf\EB_Plot_Page_S!.html --> www.planetquake.com /polycount/cottages/iwow/ITF EB_Plot_Page_S!.html
2003.05.20 22:11 B E:\Projects\Creamy's Wonderland\itf\bio-Jonny-V.html --> www.planetquake.com /polycount/cottages/iwow/ITF bio-Jonny-V.html
2003.05.20 22:11 B E:\Projects\Creamy's Wonderland\itf\RN-Pandas.html --> www.planetquake.com /polycount/cottages/iwow/ITF RN-Pandas.html
2003.05.20 22:11 B E:\Projects\Creamy's Wonderland\itf\RN-Pandas_BKU01.html --> www.planetquake.com /polycount/cottages/iwow/ITF RN-Pandas_BKU01.html
2003.05.20 22:11 B E:\Projects\Creamy's Wonderland\itf\Research_Page.html --> www.planetquake.com /polycount/cottages/iwow/ITF Research_Page.html
2003.05.20 22:24 B E:\Projects\Creamy's Wonderland\itf\RN-Pandas.html --> www.planetquake.com /polycount/cottages/iwow/ITF RN-Pandas.html
2003.05.20 22:24 B E:\Projects\Creamy's Wonderland\itf\EB_Plot_Page_S!.html --> www.planetquake.com /polycount/cottages/iwow/ITF EB_Plot_Page_S!.html
2003.05.28 16:54 B E:\Projects\Creamy's Wonderland\itf\RN-Pandas.html --> www.planetquake.com /polycount/cottages/iwow/ITF RN-Pandas.html
2003.06.03 23:45 B E:\Projects\Creamy's Wonderland\itf\Conlangs_Page.html --> www.planetquake.com /polycount/cottages/iwow/ITF Conlangs_Page.html
2003.06.03 23:45 B E:\Projects\Creamy's Wonderland\itf\itf_intro.html --> www.planetquake.com /polycount/cottages/iwow/ITF itf_intro.html
2003.06.03 23:45 B E:\Projects\Creamy's Wonderland\itf\Conlangs_Page(fs).html --> www.planetquake.com /polycount/cottages/iwow/ITF Conlangs_Page(fs).html
2003.06.03 23:45 B E:\Projects\Creamy's Wonderland\itf\RN-Pandas(lfm).html --> www.planetquake.com /polycount/cottages/iwow/ITF RN-Pandas(lfm).html
2003.06.03 23:45 B E:\Projects\Creamy's Wonderland\itf\RN-Evidence(lfm).html --> www.planetquake.com /polycount/cottages/iwow/ITF RN-Evidence(lfm).html
2003.06.03 23:45 B E:\Projects\Creamy's Wonderland\itf\Research_Page(lfm).html --> www.planetquake.com /polycount/cottages/iwow/ITF Research_Page(lfm).html
2003.06.03 23:45 B E:\Projects\Creamy's Wonderland\itf\Races_Page(lfm).html --> www.planetquake.com /polycount/cottages/iwow/ITF Races_Page(lfm).html
2003.06.03 23:45 B E:\Projects\Creamy's Wonderland\itf\Race-Gwahrai_Page(lfm).html --> www.planetquake.com /polycount/cottages/iwow/ITF Race-Gwahrai_Page(lfm).html
2003.06.03 23:45 B E:\Projects\Creamy's Wonderland\itf\eb_zodian_threat(lfm).html --> www.planetquake.com /polycount/cottages/iwow/ITF eb_zodian_threat(lfm).html
2003.06.03 23:45 B E:\Projects\Creamy's Wonderland\itf\eb_alien_invasion(old1)(lfm).html --> www.planetquake.com /polycount/cottages/iwow/ITF eb_alien_invasion(old1)(lfm).html
2003.06.03 23:45 B E:\Projects\Creamy's Wonderland\itf\eb_alien_invasion(lfm).html --> www.planetquake.com /polycount/cottages/iwow/ITF eb_alien_invasion(lfm).html
2003.06.03 23:45 B E:\Projects\Creamy's Wonderland\itf\dm-mages&clerics(lfm).html --> www.planetquake.com /polycount/cottages/iwow/ITF dm-mages&clerics(lfm).html
2003.06.03 23:45 B E:\Projects\Creamy's Wonderland\itf\Conlangs_Page(lfm).html --> www.planetquake.com /polycount/cottages/iwow/ITF Conlangs_Page(lfm).html
2003.06.03 23:45 B E:\Projects\Creamy's Wonderland\itf\deities&magic_page(lfm).html --> www.planetquake.com /polycount/cottages/iwow/ITF deities&magic_page(lfm).html
2003.06.03 23:45 B E:\Projects\Creamy's Wonderland\itf\bio-stardancer(lfm).html --> www.planetquake.com /polycount/cottages/iwow/ITF bio-stardancer(lfm).html
2003.06.03 23:45 B E:\Projects\Creamy's Wonderland\itf\bio-oinkillune(lfm).html --> www.planetquake.com /polycount/cottages/iwow/ITF bio-oinkillune(lfm).html
2003.06.03 23:45 B E:\Projects\Creamy's Wonderland\itf\bio-Jonny-V(lfm).html --> www.planetquake.com /polycount/cottages/iwow/ITF bio-Jonny-V(lfm).html
2003.06.03 23:45 B E:\Projects\Creamy's Wonderland\itf\bio-binky(lfm).html --> www.planetquake.com /polycount/cottages/iwow/ITF bio-binky(lfm).html
2003.06.04 00:03 B E:\Projects\Creamy's Wonderland\itf\itf_intro.html --> www.planetquake.com /polycount/cottages/iwow/ITF itf_intro.html
2003.06.04 00:03 B E:\Projects\Creamy's Wonderland\itf\itf_intro(lfm).html --> www.planetquake.com /polycount/cottages/iwow/ITF itf_intro(lfm).html
2003.07.10 23:04 B E:\Projects\Creamy's Wonderland\itf\RN-Pandas.html --> www.planetquake.com /polycount/cottages/iwow/ITF RN-Pandas.html
2003.07.11 01:37 B E:\Projects\Creamy's Wonderland\itf\RN-Evidence.html --> www.planetquake.com /polycount/cottages/iwow/ITF RN-Evidence.html
2003.10.02 23:23 B E:\Projects\Creamy's Wonderland\itf\Conlangs_Page.html --> www.planetquake.com /polycount/cottages/iwow/ITF Conlangs_Page.html
2003.11.11 22:09 B E:\Projects\Creamy's Wonderland\itf\characters_page.html --> www.planetquake.com /polycount/cottages/iwow/ITF characters_page.html
2003.11.11 22:09 B E:\Projects\Creamy's Wonderland\itf\bio-oinkillune.html --> www.planetquake.com /polycount/cottages/iwow/ITF bio-oinkillune.html
2003.11.11 22:09 B E:\Projects\Creamy's Wonderland\itf\bio-Jonny-V.html --> www.planetquake.com /polycount/cottages/iwow/ITF bio-Jonny-V.html
2003.11.11 22:09 B E:\Projects\Creamy's Wonderland\itf\bio-Jonny-V(old01).html --> www.planetquake.com /polycount/cottages/iwow/ITF bio-Jonny-V(old01).html
2003.11.11 22:09 B E:\Projects\Creamy's Wonderland\itf\Conlangs_Page.html --> www.planetquake.com /polycount/cottages/iwow/ITF Conlangs_Page.html
2004.10.02 22:01 B E:\Projects\Creamy's Wonderland\itf\bio-Jonny-V.html --> hosting.gamespy.com /planetquake/polycount/cottages/iwow/ITF bio-Jonny-V.html
2004.10.02 22:01 B E:\Projects\Creamy's Wonderland\itf\bio-Oinkillune.html --> hosting.gamespy.com /planetquake/polycount/cottages/iwow/ITF bio-Oinkillune.html
2004.10.02 22:01 B E:\Projects\Creamy's Wonderland\itf\RN-Pandas(lfm).html --> hosting.gamespy.com /planetquake/polycount/cottages/iwow/ITF RN-Pandas(lfm).html
2004.10.02 22:01 B E:\Projects\Creamy's Wonderland\itf\RN-Evidence(lfm).html --> hosting.gamespy.com /planetquake/polycount/cottages/iwow/ITF RN-Evidence(lfm).html
2004.10.02 22:01 B E:\Projects\Creamy's Wonderland\itf\Research_Page(lfm).html --> hosting.gamespy.com /planetquake/polycount/cottages/iwow/ITF Research_Page(lfm).html
2004.10.02 22:01 B E:\Projects\Creamy's Wonderland\itf\Races_Page(lfm).html --> hosting.gamespy.com /planetquake/polycount/cottages/iwow/ITF Races_Page(lfm).html
2004.10.02 22:01 B E:\Projects\Creamy's Wonderland\itf\Race-Gwahrai_Page(lfm).html --> hosting.gamespy.com /planetquake/polycount/cottages/iwow/ITF Race-Gwahrai_Page(lfm).html
2004.10.02 22:01 B E:\Projects\Creamy's Wonderland\itf\itf_intro(lfm).html --> hosting.gamespy.com /planetquake/polycount/cottages/iwow/ITF itf_intro(lfm).html
2004.10.02 22:01 B E:\Projects\Creamy's Wonderland\itf\glossary_page(lfm).html --> hosting.gamespy.com /planetquake/polycount/cottages/iwow/ITF glossary_page(lfm).html
2004.10.02 22:01 B E:\Projects\Creamy's Wonderland\itf\eb_zodian_threat(old1)(lfm).html --> hosting.gamespy.com /planetquake/polycount/cottages/iwow/ITF eb_zodian_threat(old1)(lfm).html
2004.10.02 22:01 B E:\Projects\Creamy's Wonderland\itf\eb_zodian_threat(lfm).html --> hosting.gamespy.com /planetquake/polycount/cottages/iwow/ITF eb_zodian_threat(lfm).html
2004.10.02 22:01 B E:\Projects\Creamy's Wonderland\itf\eb_alien_invasion(old1)(lfm).html --> hosting.gamespy.com /planetquake/polycount/cottages/iwow/ITF eb_alien_invasion(old1)(lfm).html
2004.10.02 22:01 B E:\Projects\Creamy's Wonderland\itf\eb_alien_invasion(lfm).html --> hosting.gamespy.com /planetquake/polycount/cottages/iwow/ITF eb_alien_invasion(lfm).html
2004.10.02 22:01 B E:\Projects\Creamy's Wonderland\itf\dm-mages&clerics(lfm).html --> hosting.gamespy.com /planetquake/polycount/cottages/iwow/ITF dm-mages&clerics(lfm).html
2004.10.02 22:01 B E:\Projects\Creamy's Wonderland\itf\deities&magic_page(lfm).html --> hosting.gamespy.com /planetquake/polycount/cottages/iwow/ITF deities&magic_page(lfm).html
2004.10.02 22:01 B E:\Projects\Creamy's Wonderland\itf\Conlangs_Page(lfm).html --> hosting.gamespy.com /planetquake/polycount/cottages/iwow/ITF Conlangs_Page(lfm).html
2004.10.02 22:01 B E:\Projects\Creamy's Wonderland\itf\characters_page(lfm).html --> hosting.gamespy.com /planetquake/polycount/cottages/iwow/ITF characters_page(lfm).html
2004.10.02 22:01 B E:\Projects\Creamy's Wonderland\itf\bio-stardancer(lfm).html --> hosting.gamespy.com /planetquake/polycount/cottages/iwow/ITF bio-stardancer(lfm).html
2004.10.02 22:01 B E:\Projects\Creamy's Wonderland\itf\bio-oinkillune(lfm).html --> hosting.gamespy.com /planetquake/polycount/cottages/iwow/ITF bio-oinkillune(lfm).html
2004.10.02 22:02 B E:\Projects\Creamy's Wonderland\itf\bio-Jonny-V(lfm).html --> hosting.gamespy.com /planetquake/polycount/cottages/iwow/ITF bio-Jonny-V(lfm).html
2004.10.02 22:02 B E:\Projects\Creamy's Wonderland\itf\bio-binky(lfm).html --> hosting.gamespy.com /planetquake/polycount/cottages/iwow/ITF bio-binky(lfm).html
2004.10.02 22:02 B E:\Projects\Creamy's Wonderland\itf\bio-oinkillune(old03).html --> hosting.gamespy.com /planetquake/polycount/cottages/iwow/ITF bio-oinkillune(old03).html
2004.10.03 19:56 B E:\Projects\Creamy's Wonderland\itf\bio-Oinkillune.html --> hosting.gamespy.com /planetquake/polycount/cottages/iwow/ITF bio-Oinkillune.html
2004.10.03 19:56 B E:\Projects\Creamy's Wonderland\itf\bio-Jonny-V.html --> hosting.gamespy.com /planetquake/polycount/cottages/iwow/ITF bio-Jonny-V.html
2004.10.24 10:02 B E:\Projects\Creamy's Wonderland\itf\bio-Oinkillune.html --> hosting.gamespy.com /planetquake/polycount/cottages/iwow/ITF bio-Oinkillune.html
2004.10.24 10:02 B E:\Projects\Creamy's Wonderland\itf\dm-mages&clerics.html --> hosting.gamespy.com /planetquake/polycount/cottages/iwow/ITF dm-mages&clerics.html
2005.06.29 00:31 B E:\Projects\Creamy's Wonderland\itf\bio-stardancer.html --> hosting.gamespy.com /planetquake/polycount/cottages/iwow/ITF bio-stardancer.html
2005.06.29 00:32 B E:\Projects\Creamy's Wonderland\itf\bio-stardancer(old02).html --> hosting.gamespy.com /planetquake/polycount/cottages/iwow/ITF bio-stardancer(old02).html
2005.06.29 00:32 B E:\Projects\Creamy's Wonderland\itf\bio-Pekaioh(fs).html --> hosting.gamespy.com /planetquake/polycount/cottages/iwow/ITF bio-Pekaioh(fs).html
2005.06.29 00:32 B E:\Projects\Creamy's Wonderland\itf\characters_page(lfm).html --> hosting.gamespy.com /planetquake/polycount/cottages/iwow/ITF characters_page(lfm).html
2005.06.29 00:32 B E:\Projects\Creamy's Wonderland\itf\characters_page.html --> hosting.gamespy.com /planetquake/polycount/cottages/iwow/ITF characters_page.html
2005.06.29 00:32 B E:\Projects\Creamy's Wonderland\itf\bio-stardancer(lfm).html --> hosting.gamespy.com /planetquake/polycount/cottages/iwow/ITF bio-stardancer(lfm).html
2005.06.29 00:32 B E:\Projects\Creamy's Wonderland\itf\bio-Pekaioh(lfm).html --> hosting.gamespy.com /planetquake/polycount/cottages/iwow/ITF bio-Pekaioh(lfm).html
2005.06.29 00:32 B E:\Projects\Creamy's Wonderland\itf\bio-oinkillune(lfm).html --> hosting.gamespy.com /planetquake/polycount/cottages/iwow/ITF bio-oinkillune(lfm).html
2005.06.29 00:32 B E:\Projects\Creamy's Wonderland\itf\bio-Jonny-V(lfm).html --> hosting.gamespy.com /planetquake/polycount/cottages/iwow/ITF bio-Jonny-V(lfm).html
2005.06.29 00:32 B E:\Projects\Creamy's Wonderland\itf\bio-binky(lfm).html --> hosting.gamespy.com /planetquake/polycount/cottages/iwow/ITF bio-binky(lfm).html
2005.06.29 00:32 B E:\Projects\Creamy's Wonderland\itf\bio-stardancer(old01).html --> hosting.gamespy.com /planetquake/polycount/cottages/iwow/ITF bio-stardancer(old01).html
2005.06.29 00:32 B E:\Projects\Creamy's Wonderland\itf\bio-pekaioh.html --> hosting.gamespy.com /planetquake/polycount/cottages/iwow/ITF bio-pekaioh.html
2005.06.29 00:32 B E:\Projects\Creamy's Wonderland\itf\bio-Pekaioh_s!.html --> hosting.gamespy.com /planetquake/polycount/cottages/iwow/ITF bio-Pekaioh_s!.html
2005.06.29 00:32 B E:\Projects\Creamy's Wonderland\itf\bio-stardancer_s!.html --> hosting.gamespy.com /planetquake/polycount/cottages/iwow/ITF bio-stardancer_s!.html
2005.06.29 00:32 B E:\Projects\Creamy's Wonderland\itf\bio-Oinkillune.html --> hosting.gamespy.com /planetquake/polycount/cottages/iwow/ITF bio-Oinkillune.html
2005.06.29 01:34 B E:\Projects\Creamy's Wonderland\itf\characters_page(lfm).html --> hosting.gamespy.com /planetquake/polycount/cottages/iwow/ITF characters_page(lfm).html
2005.06.29 01:39 B E:\Projects\Creamy's Wonderland\itf\bio-stardancer(lfm).html --> hosting.gamespy.com /planetquake/polycount/cottages/iwow/ITF bio-stardancer(lfm).html
2005.06.29 01:39 B E:\Projects\Creamy's Wonderland\itf\bio-Jonny-V(lfm).html --> hosting.gamespy.com /planetquake/polycount/cottages/iwow/ITF bio-Jonny-V(lfm).html
2005.06.29 01:39 B E:\Projects\Creamy's Wonderland\itf\bio-oinkillune(lfm).html --> hosting.gamespy.com /planetquake/polycount/cottages/iwow/ITF bio-oinkillune(lfm).html
2005.06.29 01:39 B E:\Projects\Creamy's Wonderland\itf\bio-binky(lfm).html --> hosting.gamespy.com /planetquake/polycount/cottages/iwow/ITF bio-binky(lfm).html
2005.06.29 02:10 B E:\Projects\Creamy's Wonderland\itf\bio-Pekaioh_s!.html --> hosting.gamespy.com /planetquake/polycount/cottages/iwow/ITF bio-Pekaioh_s!.html
2005.07.19 05:20 B C:\Projects\Creamy's Wonderland\itf\bio-Pekaioh.html --> hosting.gamespy.com /planetquake/polycount/cottages/iwow/ITF bio-Pekaioh.html
2005.07.19 05:20 B C:\Projects\Creamy's Wonderland\itf\bio-Oinkillune.html --> hosting.gamespy.com /planetquake/polycount/cottages/iwow/ITF bio-Oinkillune.html
2005.07.19 05:20 B C:\Projects\Creamy's Wonderland\itf\bio-oinkillune(old03).html --> hosting.gamespy.com /planetquake/polycount/cottages/iwow/ITF bio-oinkillune(old03).html
2005.07.19 05:20 B C:\Projects\Creamy's Wonderland\itf\RN-Pandas.html --> hosting.gamespy.com /planetquake/polycount/cottages/iwow/ITF RN-Pandas.html
2005.07.19 05:20 B C:\Projects\Creamy's Wonderland\itf\bio-Pekaioh_s!.html --> hosting.gamespy.com /planetquake/polycount/cottages/iwow/ITF bio-Pekaioh_s!.html
2005.07.19 05:20 B C:\Projects\Creamy's Wonderland\itf\bio-Jonny-V.html --> hosting.gamespy.com /planetquake/polycount/cottages/iwow/ITF bio-Jonny-V.html
2005.07.19 05:20 B C:\Projects\Creamy's Wonderland\itf\characters_page.html --> hosting.gamespy.com /planetquake/polycount/cottages/iwow/ITF characters_page.html
2005.07.19 05:24 B C:\Projects\Creamy's Wonderland\itf\characters_page.html --> hosting.gamespy.com /planetquake/polycount/cottages/iwow/ITF characters_page.html
2005.07.19 05:26 B C:\Projects\Creamy's Wonderland\itf\characters_page.html --> hosting.gamespy.com /planetquake/polycount/cottages/iwow/ITF characters_page.html
2005.07.19 05:32 B C:\Projects\Creamy's Wonderland\itf\bio-Oinkillune.html --> hosting.gamespy.com /planetquake/polycount/cottages/iwow/ITF bio-Oinkillune.html
2005.09.05 15:28 B C:\Projects\Creamy's Wonderland\itf\dm-magic_techniques.html --> hosting.gamespy.com /planetquake/polycount/cottages/iwow/ITF dm-magic_techniques.html
2005.09.05 15:28 B C:\Projects\Creamy's Wonderland\itf\dm-magic_techniques(fs).html --> hosting.gamespy.com /planetquake/polycount/cottages/iwow/ITF dm-magic_techniques(fs).html
2005.09.05 15:28 B C:\Projects\Creamy's Wonderland\itf\deities&magic_page.html --> hosting.gamespy.com /planetquake/polycount/cottages/iwow/ITF deities&magic_page.html
2005.09.05 15:28 B C:\Projects\Creamy's Wonderland\itf\dm-magic_techniques(lfm).html --> hosting.gamespy.com /planetquake/polycount/cottages/iwow/ITF dm-magic_techniques(lfm).html
2005.09.05 15:28 B C:\Projects\Creamy's Wonderland\itf\deities&magic_page(lfm).html --> hosting.gamespy.com /planetquake/polycount/cottages/iwow/ITF deities&magic_page(lfm).html
2005.09.05 15:28 B C:\Projects\Creamy's Wonderland\itf\dm-mages&clerics(lfm).html --> hosting.gamespy.com /planetquake/polycount/cottages/iwow/ITF dm-mages&clerics(lfm).html
2005.09.05 15:28 B C:\Projects\Creamy's Wonderland\itf\Races_Page.html --> hosting.gamespy.com /planetquake/polycount/cottages/iwow/ITF Races_Page.html
2005.09.05 15:28 B C:\Projects\Creamy's Wonderland\itf\race-gwahrai_page.html --> hosting.gamespy.com /planetquake/polycount/cottages/iwow/ITF race-gwahrai_page.html
2005.09.05 15:28 B C:\Projects\Creamy's Wonderland\itf\RN-Pandas.html --> hosting.gamespy.com /planetquake/polycount/cottages/iwow/ITF RN-Pandas.html
2005.09.05 15:28 B C:\Projects\Creamy's Wonderland\itf\RN-Evidence.html --> hosting.gamespy.com /planetquake/polycount/cottages/iwow/ITF RN-Evidence.html
2005.09.05 15:28 B C:\Projects\Creamy's Wonderland\itf\Research_Page.html --> hosting.gamespy.com /planetquake/polycount/cottages/iwow/ITF Research_Page.html
2005.09.05 15:28 B C:\Projects\Creamy's Wonderland\itf\EB_Plot_Page_S!.html --> hosting.gamespy.com /planetquake/polycount/cottages/iwow/ITF EB_Plot_Page_S!.html
2005.09.05 15:28 B C:\Projects\Creamy's Wonderland\itf\EB_Alien_Invasion.html --> hosting.gamespy.com /planetquake/polycount/cottages/iwow/ITF EB_Alien_Invasion.html
2005.09.05 15:28 B C:\Projects\Creamy's Wonderland\itf\eb_zodian_threat.html --> hosting.gamespy.com /planetquake/polycount/cottages/iwow/ITF eb_zodian_threat.html
2005.09.05 15:28 B C:\Projects\Creamy's Wonderland\itf\eb_zodian_threat(old1).html --> hosting.gamespy.com /planetquake/polycount/cottages/iwow/ITF eb_zodian_threat(old1).html
2005.09.05 15:28 B C:\Projects\Creamy's Wonderland\itf\glossary_page.html --> hosting.gamespy.com /planetquake/polycount/cottages/iwow/ITF glossary_page.html
2005.09.05 15:28 B C:\Projects\Creamy's Wonderland\itf\eb_alien_invasion(old1).html --> hosting.gamespy.com /planetquake/polycount/cottages/iwow/ITF eb_alien_invasion(old1).html
2005.09.05 15:28 B C:\Projects\Creamy's Wonderland\itf\bio-stardancer.html --> hosting.gamespy.com /planetquake/polycount/cottages/iwow/ITF bio-stardancer.html
2005.09.05 15:28 B C:\Projects\Creamy's Wonderland\itf\bio-stardancer(old02).html --> hosting.gamespy.com /planetquake/polycount/cottages/iwow/ITF bio-stardancer(old02).html
2005.09.05 15:28 B C:\Projects\Creamy's Wonderland\itf\bio-stardancer_s!.html --> hosting.gamespy.com /planetquake/polycount/cottages/iwow/ITF bio-stardancer_s!.html
2005.09.05 15:28 B C:\Projects\Creamy's Wonderland\itf\bio-stardancer(old01).html --> hosting.gamespy.com /planetquake/polycount/cottages/iwow/ITF bio-stardancer(old01).html
2005.09.05 15:28 B C:\Projects\Creamy's Wonderland\itf\bio-Pekaioh_s!.html --> hosting.gamespy.com /planetquake/polycount/cottages/iwow/ITF bio-Pekaioh_s!.html
2005.09.05 15:28 B C:\Projects\Creamy's Wonderland\itf\dm-mages&clerics.html --> hosting.gamespy.com /planetquake/polycount/cottages/iwow/ITF dm-mages&clerics.html
2005.09.05 15:28 B C:\Projects\Creamy's Wonderland\itf\bio-oinkillune(old02).html --> hosting.gamespy.com /planetquake/polycount/cottages/iwow/ITF bio-oinkillune(old02).html
2005.09.05 15:28 B C:\Projects\Creamy's Wonderland\itf\bio-oinkillune(old01).html --> hosting.gamespy.com /planetquake/polycount/cottages/iwow/ITF bio-oinkillune(old01).html
2005.09.05 15:28 B C:\Projects\Creamy's Wonderland\itf\bio-Pekaioh.html --> hosting.gamespy.com /planetquake/polycount/cottages/iwow/ITF bio-Pekaioh.html
2005.09.05 15:28 B C:\Projects\Creamy's Wonderland\itf\bio-Oinkillune.html --> hosting.gamespy.com /planetquake/polycount/cottages/iwow/ITF bio-Oinkillune.html
2005.09.05 15:28 B C:\Projects\Creamy's Wonderland\itf\bio-oinkillune(old03).html --> hosting.gamespy.com /planetquake/polycount/cottages/iwow/ITF bio-oinkillune(old03).html
2005.09.05 15:28 B C:\Projects\Creamy's Wonderland\itf\characters_page.html --> hosting.gamespy.com /planetquake/polycount/cottages/iwow/ITF characters_page.html
2005.09.05 15:28 B C:\Projects\Creamy's Wonderland\itf\Conlangs_Page.html --> hosting.gamespy.com /planetquake/polycount/cottages/iwow/ITF Conlangs_Page.html
2005.09.05 15:28 B C:\Projects\Creamy's Wonderland\itf\itf_intro.html --> hosting.gamespy.com /planetquake/polycount/cottages/iwow/ITF itf_intro.html
2005.09.05 15:28 B C:\Projects\Creamy's Wonderland\itf\bio-Jonny-V.html --> hosting.gamespy.com /planetquake/polycount/cottages/iwow/ITF bio-Jonny-V.html
2005.09.05 15:28 B C:\Projects\Creamy's Wonderland\itf\bio-binky(old01).html --> hosting.gamespy.com /planetquake/polycount/cottages/iwow/ITF bio-binky(old01).html
2005.09.05 15:28 B C:\Projects\Creamy's Wonderland\itf\bio-Jonny-V(old02).html --> hosting.gamespy.com /planetquake/polycount/cottages/iwow/ITF bio-Jonny-V(old02).html
2005.09.05 15:28 B C:\Projects\Creamy's Wonderland\itf\bio-Jonny-V(old01).html --> hosting.gamespy.com /planetquake/polycount/cottages/iwow/ITF bio-Jonny-V(old01).html
2005.09.05 15:28 B C:\Projects\Creamy's Wonderland\itf\bio-binky_s!.html --> hosting.gamespy.com /planetquake/polycount/cottages/iwow/ITF bio-binky_s!.html
2005.09.05 15:28 B C:\Projects\Creamy's Wonderland\itf\bio-binky_s!(old2).html --> hosting.gamespy.com /planetquake/polycount/cottages/iwow/ITF bio-binky_s!(old2).html
2005.09.05 15:28 B C:\Projects\Creamy's Wonderland\itf\bio-binky_s!(old1).html --> hosting.gamespy.com /planetquake/polycount/cottages/iwow/ITF bio-binky_s!(old1).html
2005.09.05 15:28 B C:\Projects\Creamy's Wonderland\itf\bio-binky.html --> hosting.gamespy.com /planetquake/polycount/cottages/iwow/ITF bio-binky.html
2005.09.05 15:28 B C:\Projects\Creamy's Wonderland\itf\bio-binky(old02).html --> hosting.gamespy.com /planetquake/polycount/cottages/iwow/ITF bio-binky(old02).html
2005.09.05 15:48 B C:\Projects\Creamy's Wonderland\itf\dm-magic_techniques.html --> hosting.gamespy.com /planetquake/polycount/cottages/iwow/ITF dm-magic_techniques.html
2005.09.05 15:56 B C:\Projects\Creamy's Wonderland\itf\bio-binky(old02).html --> hosting.gamespy.com /planetquake/polycount/cottages/iwow/ITF bio-binky(old02).html
2005.09.05 15:56 B C:\Projects\Creamy's Wonderland\itf\bio-binky.html --> hosting.gamespy.com /planetquake/polycount/cottages/iwow/ITF bio-binky.html
2005.10.02 22:46 B C:\Projects\Creamy's Wonderland\itf\RN-Pandas(lfm).html --> hosting.gamespy.com /planetquake/polycount/cottages/iwow/ITF RN-Pandas(lfm).html
2005.10.02 22:46 B C:\Projects\Creamy's Wonderland\itf\RN-Evidence(lfm).html --> hosting.gamespy.com /planetquake/polycount/cottages/iwow/ITF RN-Evidence(lfm).html
2005.10.02 22:46 B C:\Projects\Creamy's Wonderland\itf\Research_Page(lfm).html --> hosting.gamespy.com /planetquake/polycount/cottages/iwow/ITF Research_Page(lfm).html
2005.10.02 22:46 B C:\Projects\Creamy's Wonderland\itf\Races_Page(lfm).html --> hosting.gamespy.com /planetquake/polycount/cottages/iwow/ITF Races_Page(lfm).html
2005.10.02 22:46 B C:\Projects\Creamy's Wonderland\itf\Race-Gwahrai_Page(lfm).html --> hosting.gamespy.com /planetquake/polycount/cottages/iwow/ITF Race-Gwahrai_Page(lfm).html
2005.10.02 22:46 B C:\Projects\Creamy's Wonderland\itf\itf_intro(lfm).html --> hosting.gamespy.com /planetquake/polycount/cottages/iwow/ITF itf_intro(lfm).html
2005.10.02 22:46 B C:\Projects\Creamy's Wonderland\itf\glossary_page(lfm).html --> hosting.gamespy.com /planetquake/polycount/cottages/iwow/ITF glossary_page(lfm).html
2005.10.02 22:46 B C:\Projects\Creamy's Wonderland\itf\eb_alien_invasion(old1)(lfm).html --> hosting.gamespy.com /planetquake/polycount/cottages/iwow/ITF eb_alien_invasion(old1)(lfm).html
2005.10.02 22:46 B C:\Projects\Creamy's Wonderland\itf\eb_alien_invasion(lfm).html --> hosting.gamespy.com /planetquake/polycount/cottages/iwow/ITF eb_alien_invasion(lfm).html
2005.10.02 22:46 B C:\Projects\Creamy's Wonderland\itf\dm-magic_techniques(lfm).html --> hosting.gamespy.com /planetquake/polycount/cottages/iwow/ITF dm-magic_techniques(lfm).html
2005.10.02 22:46 B C:\Projects\Creamy's Wonderland\itf\dm-mages&clerics(lfm).html --> hosting.gamespy.com /planetquake/polycount/cottages/iwow/ITF dm-mages&clerics(lfm).html
2005.10.02 22:46 B C:\Projects\Creamy's Wonderland\itf\deities&magic_page(lfm).html --> hosting.gamespy.com /planetquake/polycount/cottages/iwow/ITF deities&magic_page(lfm).html
2005.10.02 22:46 B C:\Projects\Creamy's Wonderland\itf\Conlangs_Page(lfm).html --> hosting.gamespy.com /planetquake/polycount/cottages/iwow/ITF Conlangs_Page(lfm).html
2005.10.02 22:46 B C:\Projects\Creamy's Wonderland\itf\characters_page(lfm).html --> hosting.gamespy.com /planetquake/polycount/cottages/iwow/ITF characters_page(lfm).html
2005.10.02 22:46 B C:\Projects\Creamy's Wonderland\itf\bio-stardancer(lfm).html --> hosting.gamespy.com /planetquake/polycount/cottages/iwow/ITF bio-stardancer(lfm).html
2005.10.02 22:46 B C:\Projects\Creamy's Wonderland\itf\bio-Pekaioh(lfm).html --> hosting.gamespy.com /planetquake/polycount/cottages/iwow/ITF bio-Pekaioh(lfm).html
2005.10.02 22:46 B C:\Projects\Creamy's Wonderland\itf\bio-Jonny-V(lfm).html --> hosting.gamespy.com /planetquake/polycount/cottages/iwow/ITF bio-Jonny-V(lfm).html
2005.10.02 22:46 B C:\Projects\Creamy's Wonderland\itf\bio-binky(lfm).html --> hosting.gamespy.com /planetquake/polycount/cottages/iwow/ITF bio-binky(lfm).html
2006.02.18 22:45 B C:\Projects\Creamy's Wonderland\itf\bio-Jonny-V(old03).html --> hosting.gamespy.com /planetquake/polycount/cottages/iwow/ITF bio-Jonny-V(old03).html
2006.02.18 22:45 B C:\Projects\Creamy's Wonderland\itf\bio-Oinkillune.html --> hosting.gamespy.com /planetquake/polycount/cottages/iwow/ITF bio-Oinkillune.html
2006.02.18 22:45 B C:\Projects\Creamy's Wonderland\itf\bio-binky.html --> hosting.gamespy.com /planetquake/polycount/cottages/iwow/ITF bio-binky.html
2006.02.18 22:45 B C:\Projects\Creamy's Wonderland\itf\bio-Jonny-V.html --> hosting.gamespy.com /planetquake/polycount/cottages/iwow/ITF bio-Jonny-V.html
2006.02.18 22:45 B C:\Projects\Creamy's Wonderland\itf\bio-Jonny-V(old02).html --> hosting.gamespy.com /planetquake/polycount/cottages/iwow/ITF bio-Jonny-V(old02).html
2006.02.18 22:45 B C:\Projects\Creamy's Wonderland\itf\bio-Pekaioh.html --> hosting.gamespy.com /planetquake/polycount/cottages/iwow/ITF bio-Pekaioh.html
2006.02.18 22:45 B C:\Projects\Creamy's Wonderland\itf\bio-Pekaioh(old01).html --> hosting.gamespy.com /planetquake/polycount/cottages/iwow/ITF bio-Pekaioh(old01).html
2006.02.18 22:45 B C:\Projects\Creamy's Wonderland\itf\bio-stardancer.html --> hosting.gamespy.com /planetquake/polycount/cottages/iwow/ITF bio-stardancer.html
2006.02.18 22:45 B C:\Projects\Creamy's Wonderland\itf\characters_page.html --> hosting.gamespy.com /planetquake/polycount/cottages/iwow/ITF characters_page.html
2006.02.18 22:45 B C:\Projects\Creamy's Wonderland\itf\characters_page_BKU02.html --> hosting.gamespy.com /planetquake/polycount/cottages/iwow/ITF characters_page_BKU02.html
2006.02.18 22:45 B C:\Projects\Creamy's Wonderland\itf\dm-magic_techniques.html --> hosting.gamespy.com /planetquake/polycount/cottages/iwow/ITF dm-magic_techniques.html
2006.02.18 22:45 B C:\Projects\Creamy's Wonderland\itf\dm-mages&clerics.html --> hosting.gamespy.com /planetquake/polycount/cottages/iwow/ITF dm-mages&clerics.html
2006.02.18 22:45 B C:\Projects\Creamy's Wonderland\itf\deities&magic_page.html --> hosting.gamespy.com /planetquake/polycount/cottages/iwow/ITF deities&magic_page.html
2006.02.18 22:45 B C:\Projects\Creamy's Wonderland\itf\EB_Alien_Invasion.html --> hosting.gamespy.com /planetquake/polycount/cottages/iwow/ITF EB_Alien_Invasion.html
2006.02.18 22:49 B C:\Projects\Creamy's Wonderland\itf\bio-Pekaioh(old01).html --> hosting.gamespy.com /planetquake/polycount/cottages/iwow/ITF bio-Pekaioh(old01).html
2006.02.18 22:49 B C:\Projects\Creamy's Wonderland\itf\bio-Pekaioh.html --> hosting.gamespy.com /planetquake/polycount/cottages/iwow/ITF bio-Pekaioh.html
2006.02.18 22:50 B C:\Projects\Creamy's Wonderland\itf\bio-Pekaioh.html --> hosting.gamespy.com /planetquake/polycount/cottages/iwow/ITF bio-Pekaioh.html
2006.02.18 22:52 B C:\Projects\Creamy's Wonderland\itf\bio-Pekaioh.html --> hosting.gamespy.com /planetquake/polycount/cottages/iwow/ITF bio-Pekaioh.html
2006.07.01 15:46 B E:\Projects\Creamy's Wonderland\ITF\Races_Page(fs).html --> web.planethosting.gamespy.com /iwow.cottages.polycount.com Races_Page(fs).html
2006.07.01 15:46 B E:\Projects\Creamy's Wonderland\ITF\Race-Gwahrai_Page(fs).html --> web.planethosting.gamespy.com /iwow.cottages.polycount.com Race-Gwahrai_Page(fs).html
2006.07.01 15:46 B E:\Projects\Creamy's Wonderland\ITF\ITF_Intro(fs).html --> web.planethosting.gamespy.com /iwow.cottages.polycount.com ITF_Intro(fs).html
2006.07.01 15:46 B E:\Projects\Creamy's Wonderland\ITF\Glossary_Page(fs).html --> web.planethosting.gamespy.com /iwow.cottages.polycount.com Glossary_Page(fs).html
2006.07.01 15:46 B E:\Projects\Creamy's Wonderland\ITF\EB_Zodian_Threat(Old01)(fs).html --> web.planethosting.gamespy.com /iwow.cottages.polycount.com EB_Zodian_Threat(Old01)(fs).html
2006.07.01 15:46 B E:\Projects\Creamy's Wonderland\ITF\EB_Zodian_Threat(fs).html --> web.planethosting.gamespy.com /iwow.cottages.polycount.com EB_Zodian_Threat(fs).html
2006.07.01 15:46 B E:\Projects\Creamy's Wonderland\ITF\EB_Alien_Invasion(Old01)(fs).html --> web.planethosting.gamespy.com /iwow.cottages.polycount.com EB_Alien_Invasion(Old01)(fs).html
2006.07.01 15:46 B E:\Projects\Creamy's Wonderland\ITF\EB_Alien_Invasion(fs).html --> web.planethosting.gamespy.com /iwow.cottages.polycount.com EB_Alien_Invasion(fs).html
2006.07.01 15:46 B E:\Projects\Creamy's Wonderland\ITF\DM-Magic_Techniques(fs).html --> web.planethosting.gamespy.com /iwow.cottages.polycount.com DM-Magic_Techniques(fs).html
2006.07.01 15:46 B E:\Projects\Creamy's Wonderland\ITF\DM-Mages&Clerics(fs).html --> web.planethosting.gamespy.com /iwow.cottages.polycount.com DM-Mages&Clerics(fs).html
2006.07.01 15:46 B E:\Projects\Creamy's Wonderland\ITF\Deities&Magic_Page(fs).html --> web.planethosting.gamespy.com /iwow.cottages.polycount.com Deities&Magic_Page(fs).html
2006.07.01 15:46 B E:\Projects\Creamy's Wonderland\ITF\Conlangs_Page(fs).html --> web.planethosting.gamespy.com /iwow.cottages.polycount.com Conlangs_Page(fs).html
2006.07.01 15:46 B E:\Projects\Creamy's Wonderland\ITF\Characters_Page(fs).html --> web.planethosting.gamespy.com /iwow.cottages.polycount.com Characters_Page(fs).html
2006.07.01 15:46 B E:\Projects\Creamy's Wonderland\ITF\Bio-Stardancer(fs).html --> web.planethosting.gamespy.com /iwow.cottages.polycount.com Bio-Stardancer(fs).html
2006.07.01 15:46 B E:\Projects\Creamy's Wonderland\ITF\Bio-Pekaioh(fs).html --> web.planethosting.gamespy.com /iwow.cottages.polycount.com Bio-Pekaioh(fs).html
2006.07.01 15:46 B E:\Projects\Creamy's Wonderland\ITF\Bio-Oinkillune(fs).html --> web.planethosting.gamespy.com /iwow.cottages.polycount.com Bio-Oinkillune(fs).html
2006.07.01 15:46 B E:\Projects\Creamy's Wonderland\ITF\Bio-Jonny-V(fs).html --> web.planethosting.gamespy.com /iwow.cottages.polycount.com Bio-Jonny-V(fs).html
2006.07.01 15:46 B E:\Projects\Creamy's Wonderland\ITF\Bio-Binky(fs).html --> web.planethosting.gamespy.com /iwow.cottages.polycount.com Bio-Binky(fs).html
2006.07.01 15:46 B E:\Projects\Creamy's Wonderland\ITF\EB_Alien_Invasion.html --> web.planethosting.gamespy.com /iwow.cottages.polycount.com EB_Alien_Invasion.html
2006.07.01 15:46 B E:\Projects\Creamy's Wonderland\ITF\EB_Alien_Invasion(lfm).html --> web.planethosting.gamespy.com /iwow.cottages.polycount.com EB_Alien_Invasion(lfm).html
2006.07.01 15:46 B E:\Projects\Creamy's Wonderland\ITF\EB_Zodian_Threat.html --> web.planethosting.gamespy.com /iwow.cottages.polycount.com EB_Zodian_Threat.html
2006.07.01 15:46 B E:\Projects\Creamy's Wonderland\ITF\EB_Zodian_Threat(lfm).html --> web.planethosting.gamespy.com /iwow.cottages.polycount.com EB_Zodian_Threat(lfm).html
2006.07.01 15:46 B E:\Projects\Creamy's Wonderland\ITF\Race-Gwahrai_Page(lfm).html --> web.planethosting.gamespy.com /iwow.cottages.polycount.com Race-Gwahrai_Page(lfm).html
2006.07.01 15:46 B E:\Projects\Creamy's Wonderland\ITF\Races_Page(lfm).html --> web.planethosting.gamespy.com /iwow.cottages.polycount.com Races_Page(lfm).html
2006.07.01 15:46 B E:\Projects\Creamy's Wonderland\ITF\Glossary_Page(lfm).html --> web.planethosting.gamespy.com /iwow.cottages.polycount.com Glossary_Page(lfm).html
2006.07.01 15:46 B E:\Projects\Creamy's Wonderland\ITF\EB_Zodian_Threat(Old01)(lfm).html --> web.planethosting.gamespy.com /iwow.cottages.polycount.com EB_Zodian_Threat(Old01)(lfm).html
2006.07.01 15:46 B E:\Projects\Creamy's Wonderland\ITF\EB_Alien_Invasion(Old01)(lfm).html --> web.planethosting.gamespy.com /iwow.cottages.polycount.com EB_Alien_Invasion(Old01)(lfm).html
2006.07.01 15:46 B E:\Projects\Creamy's Wonderland\ITF\DM-Magic_Techniques(lfm).html --> web.planethosting.gamespy.com /iwow.cottages.polycount.com DM-Magic_Techniques(lfm).html
2006.07.01 15:46 B E:\Projects\Creamy's Wonderland\ITF\DM-Mages&Clerics(lfm).html --> web.planethosting.gamespy.com /iwow.cottages.polycount.com DM-Mages&Clerics(lfm).html
2006.07.01 15:46 B E:\Projects\Creamy's Wonderland\ITF\Deities&Magic_Page(lfm).html --> web.planethosting.gamespy.com /iwow.cottages.polycount.com Deities&Magic_Page(lfm).html
2006.07.01 15:46 B E:\Projects\Creamy's Wonderland\ITF\Conlangs_Page(lfm).html --> web.planethosting.gamespy.com /iwow.cottages.polycount.com Conlangs_Page(lfm).html
2006.07.01 15:46 B E:\Projects\Creamy's Wonderland\ITF\Characters_Page(lfm).html --> web.planethosting.gamespy.com /iwow.cottages.polycount.com Characters_Page(lfm).html
2006.07.01 15:46 B E:\Projects\Creamy's Wonderland\ITF\Bio-Pekaioh(lfm).html --> web.planethosting.gamespy.com /iwow.cottages.polycount.com Bio-Pekaioh(lfm).html
2006.07.01 15:46 B E:\Projects\Creamy's Wonderland\ITF\Bio-Stardancer(lfm).html --> web.planethosting.gamespy.com /iwow.cottages.polycount.com Bio-Stardancer(lfm).html
2006.07.01 15:46 B E:\Projects\Creamy's Wonderland\ITF\Bio-Oinkillune(lfm).html --> web.planethosting.gamespy.com /iwow.cottages.polycount.com Bio-Oinkillune(lfm).html
2006.07.01 15:46 B E:\Projects\Creamy's Wonderland\ITF\Bio-Binky(lfm).html --> web.planethosting.gamespy.com /iwow.cottages.polycount.com Bio-Binky(lfm).html
2006.07.01 15:46 B E:\Projects\Creamy's Wonderland\ITF\Bio-Jonny-V(lfm).html --> web.planethosting.gamespy.com /iwow.cottages.polycount.com Bio-Jonny-V(lfm).html
2006.07.01 15:46 B E:\Projects\Creamy's Wonderland\ITF\ITF_Intro(lfm).html --> web.planethosting.gamespy.com /iwow.cottages.polycount.com ITF_Intro(lfm).html
2006.07.01 15:46 B E:\Projects\Creamy's Wonderland\ITF\ITF_Intro.html --> web.planethosting.gamespy.com /iwow.cottages.polycount.com ITF_Intro.html
2006.07.01 15:46 B E:\Projects\Creamy's Wonderland\ITF\Glossary_Page.html --> web.planethosting.gamespy.com /iwow.cottages.polycount.com Glossary_Page.html
2006.07.01 15:46 B E:\Projects\Creamy's Wonderland\ITF\Conlangs_Page.html --> web.planethosting.gamespy.com /iwow.cottages.polycount.com Conlangs_Page.html
2006.07.01 15:46 B E:\Projects\Creamy's Wonderland\ITF\EB_Alien_Invasion(Old01).html --> web.planethosting.gamespy.com /iwow.cottages.polycount.com EB_Alien_Invasion(Old01).html
2006.07.01 15:46 B E:\Projects\Creamy's Wonderland\ITF\EB_Plot_Page_S!.html --> web.planethosting.gamespy.com /iwow.cottages.polycount.com EB_Plot_Page_S!.html
2006.07.01 15:46 B E:\Projects\Creamy's Wonderland\ITF\EB_Zodian_Threat(Old01).html --> web.planethosting.gamespy.com /iwow.cottages.polycount.com EB_Zodian_Threat(Old01).html
2006.07.01 15:46 B E:\Projects\Creamy's Wonderland\ITF\Race-Gwahrai_Page.html --> web.planethosting.gamespy.com /iwow.cottages.polycount.com Race-Gwahrai_Page.html
2006.07.01 15:46 B E:\Projects\Creamy's Wonderland\ITF\Races_Page.html --> web.planethosting.gamespy.com /iwow.cottages.polycount.com Races_Page.html
2006.07.01 15:46 B E:\Projects\Creamy's Wonderland\ITF\DM-Magic_Techniques.html --> web.planethosting.gamespy.com /iwow.cottages.polycount.com DM-Magic_Techniques.html
2006.07.01 15:46 B E:\Projects\Creamy's Wonderland\ITF\DM-Mages&Clerics.html --> web.planethosting.gamespy.com /iwow.cottages.polycount.com DM-Mages&Clerics.html
2006.07.01 15:46 B E:\Projects\Creamy's Wonderland\ITF\Deities&Magic_Page.html --> web.planethosting.gamespy.com /iwow.cottages.polycount.com Deities&Magic_Page.html
2006.07.01 15:46 B E:\Projects\Creamy's Wonderland\ITF\Bio-Pekaioh.html --> web.planethosting.gamespy.com /iwow.cottages.polycount.com Bio-Pekaioh.html
2006.07.01 15:46 B E:\Projects\Creamy's Wonderland\ITF\Bio-Pekaioh(Old01).html --> web.planethosting.gamespy.com /iwow.cottages.polycount.com Bio-Pekaioh(Old01).html
2006.07.01 15:46 B E:\Projects\Creamy's Wonderland\ITF\Bio-Stardancer_S!.html --> web.planethosting.gamespy.com /iwow.cottages.polycount.com Bio-Stardancer_S!.html
2006.07.01 15:46 B E:\Projects\Creamy's Wonderland\ITF\Bio-Stardancer.html --> web.planethosting.gamespy.com /iwow.cottages.polycount.com Bio-Stardancer.html
2006.07.01 15:46 B E:\Projects\Creamy's Wonderland\ITF\Bio-Stardancer(Old02).html --> web.planethosting.gamespy.com /iwow.cottages.polycount.com Bio-Stardancer(Old02).html
2006.07.01 15:46 B E:\Projects\Creamy's Wonderland\ITF\Bio-Stardancer(Old01).html --> web.planethosting.gamespy.com /iwow.cottages.polycount.com Bio-Stardancer(Old01).html
2006.07.01 15:46 B E:\Projects\Creamy's Wonderland\ITF\Bio-Binky.html --> web.planethosting.gamespy.com /iwow.cottages.polycount.com Bio-Binky.html
2006.07.01 15:46 B E:\Projects\Creamy's Wonderland\ITF\Bio-Binky(Old02).html --> web.planethosting.gamespy.com /iwow.cottages.polycount.com Bio-Binky(Old02).html
2006.07.01 15:46 B E:\Projects\Creamy's Wonderland\ITF\Bio-Binky(Old01).html --> web.planethosting.gamespy.com /iwow.cottages.polycount.com Bio-Binky(Old01).html
2006.07.01 15:46 B E:\Projects\Creamy's Wonderland\ITF\Bio-Jonny-V.html --> web.planethosting.gamespy.com /iwow.cottages.polycount.com Bio-Jonny-V.html
2006.07.01 15:46 B E:\Projects\Creamy's Wonderland\ITF\Bio-Jonny-V(Old03).html --> web.planethosting.gamespy.com /iwow.cottages.polycount.com Bio-Jonny-V(Old03).html
2006.07.01 15:46 B E:\Projects\Creamy's Wonderland\ITF\Bio-Jonny-V(Old02).html --> web.planethosting.gamespy.com /iwow.cottages.polycount.com Bio-Jonny-V(Old02).html
2006.07.01 15:47 B E:\Projects\Creamy's Wonderland\ITF\Bio-Jonny-V(Old01).html --> web.planethosting.gamespy.com /iwow.cottages.polycount.com Bio-Jonny-V(Old01).html
2006.07.01 15:47 B E:\Projects\Creamy's Wonderland\ITF\Bio-Oinkillune(Old02).html --> web.planethosting.gamespy.com /iwow.cottages.polycount.com Bio-Oinkillune(Old02).html
2006.07.01 15:47 B E:\Projects\Creamy's Wonderland\ITF\Bio-Oinkillune(Old03).html --> web.planethosting.gamespy.com /iwow.cottages.polycount.com Bio-Oinkillune(Old03).html
2006.07.01 15:47 B E:\Projects\Creamy's Wonderland\ITF\Bio-Oinkillune(Old01).html --> web.planethosting.gamespy.com /iwow.cottages.polycount.com Bio-Oinkillune(Old01).html
2006.07.01 15:47 B E:\Projects\Creamy's Wonderland\ITF\Bio-Oinkillune.html --> web.planethosting.gamespy.com /iwow.cottages.polycount.com Bio-Oinkillune.html
2006.07.01 15:47 B E:\Projects\Creamy's Wonderland\ITF\Characters_Page.html --> web.planethosting.gamespy.com /iwow.cottages.polycount.com Characters_Page.html
2006.07.01 15:54 B E:\Projects\Creamy's Wonderland\ITF\Races_Page(fs).html --> web.planethosting.gamespy.com /iwow.cottages.polycount.com/ITF Races_Page(fs).html
2006.07.01 15:54 B E:\Projects\Creamy's Wonderland\ITF\Race-Gwahrai_Page(fs).html --> web.planethosting.gamespy.com /iwow.cottages.polycount.com/ITF Race-Gwahrai_Page(fs).html
2006.07.01 15:54 B E:\Projects\Creamy's Wonderland\ITF\ITF_Intro(fs).html --> web.planethosting.gamespy.com /iwow.cottages.polycount.com/ITF ITF_Intro(fs).html
2006.07.01 15:54 B E:\Projects\Creamy's Wonderland\ITF\Glossary_Page(fs).html --> web.planethosting.gamespy.com /iwow.cottages.polycount.com/ITF Glossary_Page(fs).html
2006.07.01 15:54 B E:\Projects\Creamy's Wonderland\ITF\EB_Zodian_Threat(Old01)(fs).html --> web.planethosting.gamespy.com /iwow.cottages.polycount.com/ITF EB_Zodian_Threat(Old01)(fs).html
2006.07.01 15:54 B E:\Projects\Creamy's Wonderland\ITF\EB_Zodian_Threat(fs).html --> web.planethosting.gamespy.com /iwow.cottages.polycount.com/ITF EB_Zodian_Threat(fs).html
2006.07.01 15:54 B E:\Projects\Creamy's Wonderland\ITF\EB_Alien_Invasion(Old01)(fs).html --> web.planethosting.gamespy.com /iwow.cottages.polycount.com/ITF EB_Alien_Invasion(Old01)(fs).html
2006.07.01 15:54 B E:\Projects\Creamy's Wonderland\ITF\EB_Alien_Invasion(fs).html --> web.planethosting.gamespy.com /iwow.cottages.polycount.com/ITF EB_Alien_Invasion(fs).html
2006.07.01 15:54 B E:\Projects\Creamy's Wonderland\ITF\DM-Magic_Techniques(fs).html --> web.planethosting.gamespy.com /iwow.cottages.polycount.com/ITF DM-Magic_Techniques(fs).html
2006.07.01 15:54 B E:\Projects\Creamy's Wonderland\ITF\DM-Mages&Clerics(fs).html --> web.planethosting.gamespy.com /iwow.cottages.polycount.com/ITF DM-Mages&Clerics(fs).html
2006.07.01 15:54 B E:\Projects\Creamy's Wonderland\ITF\Deities&Magic_Page(fs).html --> web.planethosting.gamespy.com /iwow.cottages.polycount.com/ITF Deities&Magic_Page(fs).html
2006.07.01 15:54 B E:\Projects\Creamy's Wonderland\ITF\Conlangs_Page(fs).html --> web.planethosting.gamespy.com /iwow.cottages.polycount.com/ITF Conlangs_Page(fs).html
2006.07.01 15:54 B E:\Projects\Creamy's Wonderland\ITF\Characters_Page(fs).html --> web.planethosting.gamespy.com /iwow.cottages.polycount.com/ITF Characters_Page(fs).html
2006.07.01 15:54 B E:\Projects\Creamy's Wonderland\ITF\Bio-Stardancer(fs).html --> web.planethosting.gamespy.com /iwow.cottages.polycount.com/ITF Bio-Stardancer(fs).html
2006.07.01 15:54 B E:\Projects\Creamy's Wonderland\ITF\Bio-Pekaioh(fs).html --> web.planethosting.gamespy.com /iwow.cottages.polycount.com/ITF Bio-Pekaioh(fs).html
2006.07.01 15:54 B E:\Projects\Creamy's Wonderland\ITF\Bio-Oinkillune(fs).html --> web.planethosting.gamespy.com /iwow.cottages.polycount.com/ITF Bio-Oinkillune(fs).html
2006.07.01 15:54 B E:\Projects\Creamy's Wonderland\ITF\Bio-Jonny-V(fs).html --> web.planethosting.gamespy.com /iwow.cottages.polycount.com/ITF Bio-Jonny-V(fs).html
2006.07.01 15:54 B E:\Projects\Creamy's Wonderland\ITF\Bio-Binky(fs).html --> web.planethosting.gamespy.com /iwow.cottages.polycount.com/ITF Bio-Binky(fs).html
2006.07.01 15:54 B E:\Projects\Creamy's Wonderland\ITF\EB_Alien_Invasion.html --> web.planethosting.gamespy.com /iwow.cottages.polycount.com/ITF EB_Alien_Invasion.html
2006.07.01 15:54 B E:\Projects\Creamy's Wonderland\ITF\EB_Alien_Invasion(lfm).html --> web.planethosting.gamespy.com /iwow.cottages.polycount.com/ITF EB_Alien_Invasion(lfm).html
2006.07.01 15:54 B E:\Projects\Creamy's Wonderland\ITF\EB_Zodian_Threat.html --> web.planethosting.gamespy.com /iwow.cottages.polycount.com/ITF EB_Zodian_Threat.html
2006.07.01 15:54 B E:\Projects\Creamy's Wonderland\ITF\EB_Zodian_Threat(lfm).html --> web.planethosting.gamespy.com /iwow.cottages.polycount.com/ITF EB_Zodian_Threat(lfm).html
2006.07.01 15:54 B E:\Projects\Creamy's Wonderland\ITF\Race-Gwahrai_Page(lfm).html --> web.planethosting.gamespy.com /iwow.cottages.polycount.com/ITF Race-Gwahrai_Page(lfm).html
2006.07.01 15:54 B E:\Projects\Creamy's Wonderland\ITF\Races_Page(lfm).html --> web.planethosting.gamespy.com /iwow.cottages.polycount.com/ITF Races_Page(lfm).html
2006.07.01 15:54 B E:\Projects\Creamy's Wonderland\ITF\Glossary_Page(lfm).html --> web.planethosting.gamespy.com /iwow.cottages.polycount.com/ITF Glossary_Page(lfm).html
2006.07.01 15:54 B E:\Projects\Creamy's Wonderland\ITF\EB_Zodian_Threat(Old01)(lfm).html --> web.planethosting.gamespy.com /iwow.cottages.polycount.com/ITF EB_Zodian_Threat(Old01)(lfm).html
2006.07.01 15:54 B E:\Projects\Creamy's Wonderland\ITF\EB_Alien_Invasion(Old01)(lfm).html --> web.planethosting.gamespy.com /iwow.cottages.polycount.com/ITF EB_Alien_Invasion(Old01)(lfm).html
2006.07.01 15:54 B E:\Projects\Creamy's Wonderland\ITF\DM-Magic_Techniques(lfm).html --> web.planethosting.gamespy.com /iwow.cottages.polycount.com/ITF DM-Magic_Techniques(lfm).html
2006.07.01 15:54 B E:\Projects\Creamy's Wonderland\ITF\DM-Mages&Clerics(lfm).html --> web.planethosting.gamespy.com /iwow.cottages.polycount.com/ITF DM-Mages&Clerics(lfm).html
2006.07.01 15:54 B E:\Projects\Creamy's Wonderland\ITF\Deities&Magic_Page(lfm).html --> web.planethosting.gamespy.com /iwow.cottages.polycount.com/ITF Deities&Magic_Page(lfm).html
2006.07.01 15:54 B E:\Projects\Creamy's Wonderland\ITF\Conlangs_Page(lfm).html --> web.planethosting.gamespy.com /iwow.cottages.polycount.com/ITF Conlangs_Page(lfm).html
2006.07.01 15:54 B E:\Projects\Creamy's Wonderland\ITF\Characters_Page(lfm).html --> web.planethosting.gamespy.com /iwow.cottages.polycount.com/ITF Characters_Page(lfm).html
2006.07.01 15:54 B E:\Projects\Creamy's Wonderland\ITF\Bio-Pekaioh(lfm).html --> web.planethosting.gamespy.com /iwow.cottages.polycount.com/ITF Bio-Pekaioh(lfm).html
2006.07.01 15:54 B E:\Projects\Creamy's Wonderland\ITF\Bio-Stardancer(lfm).html --> web.planethosting.gamespy.com /iwow.cottages.polycount.com/ITF Bio-Stardancer(lfm).html
2006.07.01 15:54 B E:\Projects\Creamy's Wonderland\ITF\Bio-Oinkillune(lfm).html --> web.planethosting.gamespy.com /iwow.cottages.polycount.com/ITF Bio-Oinkillune(lfm).html
2006.07.01 15:54 B E:\Projects\Creamy's Wonderland\ITF\Bio-Binky(lfm).html --> web.planethosting.gamespy.com /iwow.cottages.polycount.com/ITF Bio-Binky(lfm).html
2006.07.01 15:54 B E:\Projects\Creamy's Wonderland\ITF\Bio-Jonny-V(lfm).html --> web.planethosting.gamespy.com /iwow.cottages.polycount.com/ITF Bio-Jonny-V(lfm).html
2006.07.01 15:54 B E:\Projects\Creamy's Wonderland\ITF\ITF_Intro(lfm).html --> web.planethosting.gamespy.com /iwow.cottages.polycount.com/ITF ITF_Intro(lfm).html
2006.07.01 15:54 B E:\Projects\Creamy's Wonderland\ITF\ITF_Intro.html --> web.planethosting.gamespy.com /iwow.cottages.polycount.com/ITF ITF_Intro.html
2006.07.01 15:54 B E:\Projects\Creamy's Wonderland\ITF\Glossary_Page.html --> web.planethosting.gamespy.com /iwow.cottages.polycount.com/ITF Glossary_Page.html
2006.07.01 15:54 B E:\Projects\Creamy's Wonderland\ITF\Conlangs_Page.html --> web.planethosting.gamespy.com /iwow.cottages.polycount.com/ITF Conlangs_Page.html
2006.07.01 15:54 B E:\Projects\Creamy's Wonderland\ITF\EB_Alien_Invasion(Old01).html --> web.planethosting.gamespy.com /iwow.cottages.polycount.com/ITF EB_Alien_Invasion(Old01).html
2006.07.01 15:54 B E:\Projects\Creamy's Wonderland\ITF\EB_Plot_Page_S!.html --> web.planethosting.gamespy.com /iwow.cottages.polycount.com/ITF EB_Plot_Page_S!.html
2006.07.01 15:54 B E:\Projects\Creamy's Wonderland\ITF\EB_Zodian_Threat(Old01).html --> web.planethosting.gamespy.com /iwow.cottages.polycount.com/ITF EB_Zodian_Threat(Old01).html
2006.07.01 15:54 B E:\Projects\Creamy's Wonderland\ITF\Race-Gwahrai_Page.html --> web.planethosting.gamespy.com /iwow.cottages.polycount.com/ITF Race-Gwahrai_Page.html
2006.07.01 15:54 B E:\Projects\Creamy's Wonderland\ITF\Races_Page.html --> web.planethosting.gamespy.com /iwow.cottages.polycount.com/ITF Races_Page.html
2006.07.01 15:54 B E:\Projects\Creamy's Wonderland\ITF\DM-Magic_Techniques.html --> web.planethosting.gamespy.com /iwow.cottages.polycount.com/ITF DM-Magic_Techniques.html
2006.07.01 15:54 B E:\Projects\Creamy's Wonderland\ITF\DM-Mages&Clerics.html --> web.planethosting.gamespy.com /iwow.cottages.polycount.com/ITF DM-Mages&Clerics.html
2006.07.01 15:54 B E:\Projects\Creamy's Wonderland\ITF\Deities&Magic_Page.html --> web.planethosting.gamespy.com /iwow.cottages.polycount.com/ITF Deities&Magic_Page.html
2006.07.01 15:54 B E:\Projects\Creamy's Wonderland\ITF\Bio-Pekaioh.html --> web.planethosting.gamespy.com /iwow.cottages.polycount.com/ITF Bio-Pekaioh.html
2006.07.01 15:54 B E:\Projects\Creamy's Wonderland\ITF\Bio-Pekaioh(Old01).html --> web.planethosting.gamespy.com /iwow.cottages.polycount.com/ITF Bio-Pekaioh(Old01).html
2006.07.01 15:54 B E:\Projects\Creamy's Wonderland\ITF\Bio-Stardancer_S!.html --> web.planethosting.gamespy.com /iwow.cottages.polycount.com/ITF Bio-Stardancer_S!.html
2006.07.01 15:54 B E:\Projects\Creamy's Wonderland\ITF\Bio-Stardancer.html --> web.planethosting.gamespy.com /iwow.cottages.polycount.com/ITF Bio-Stardancer.html
2006.07.01 15:54 B E:\Projects\Creamy's Wonderland\ITF\Bio-Stardancer(Old02).html --> web.planethosting.gamespy.com /iwow.cottages.polycount.com/ITF Bio-Stardancer(Old02).html
2006.07.01 15:54 B E:\Projects\Creamy's Wonderland\ITF\Bio-Stardancer(Old01).html --> web.planethosting.gamespy.com /iwow.cottages.polycount.com/ITF Bio-Stardancer(Old01).html
2006.07.01 15:54 B E:\Projects\Creamy's Wonderland\ITF\Bio-Binky.html --> web.planethosting.gamespy.com /iwow.cottages.polycount.com/ITF Bio-Binky.html
2006.07.01 15:54 B E:\Projects\Creamy's Wonderland\ITF\Bio-Binky(Old02).html --> web.planethosting.gamespy.com /iwow.cottages.polycount.com/ITF Bio-Binky(Old02).html
2006.07.01 15:54 B E:\Projects\Creamy's Wonderland\ITF\Bio-Binky(Old01).html --> web.planethosting.gamespy.com /iwow.cottages.polycount.com/ITF Bio-Binky(Old01).html
2006.07.01 15:54 B E:\Projects\Creamy's Wonderland\ITF\Bio-Jonny-V.html --> web.planethosting.gamespy.com /iwow.cottages.polycount.com/ITF Bio-Jonny-V.html
2006.07.01 15:54 B E:\Projects\Creamy's Wonderland\ITF\Bio-Jonny-V(Old03).html --> web.planethosting.gamespy.com /iwow.cottages.polycount.com/ITF Bio-Jonny-V(Old03).html
2006.07.01 15:54 B E:\Projects\Creamy's Wonderland\ITF\Bio-Jonny-V(Old02).html --> web.planethosting.gamespy.com /iwow.cottages.polycount.com/ITF Bio-Jonny-V(Old02).html
2006.07.01 15:54 B E:\Projects\Creamy's Wonderland\ITF\Bio-Jonny-V(Old01).html --> web.planethosting.gamespy.com /iwow.cottages.polycount.com/ITF Bio-Jonny-V(Old01).html
2006.07.01 15:54 B E:\Projects\Creamy's Wonderland\ITF\Bio-Oinkillune(Old02).html --> web.planethosting.gamespy.com /iwow.cottages.polycount.com/ITF Bio-Oinkillune(Old02).html
2006.07.01 15:54 B E:\Projects\Creamy's Wonderland\ITF\Bio-Oinkillune(Old03).html --> web.planethosting.gamespy.com /iwow.cottages.polycount.com/ITF Bio-Oinkillune(Old03).html
2006.07.01 15:54 B E:\Projects\Creamy's Wonderland\ITF\Bio-Oinkillune(Old01).html --> web.planethosting.gamespy.com /iwow.cottages.polycount.com/ITF Bio-Oinkillune(Old01).html
2006.07.01 15:54 B E:\Projects\Creamy's Wonderland\ITF\Bio-Oinkillune.html --> web.planethosting.gamespy.com /iwow.cottages.polycount.com/ITF Bio-Oinkillune.html
2006.07.01 15:54 B E:\Projects\Creamy's Wonderland\ITF\Characters_Page.html --> web.planethosting.gamespy.com /iwow.cottages.polycount.com/ITF Characters_Page.html
2006.07.01 16:11 B E:\Projects\Creamy's Wonderland\ITF\Characters_Page(fs).html --> web.planethosting.gamespy.com /iwow.cottages.polycount.com/ITF Characters_Page(fs).html
2006.07.01 16:25 B E:\Projects\Creamy's Wonderland\ITF\Bio-Stardancer(lfm).html --> web.planethosting.gamespy.com /iwow.cottages.polycount.com/ITF Bio-Stardancer(lfm).html
2006.07.01 16:25 B E:\Projects\Creamy's Wonderland\ITF\Bio-Pekaioh(lfm).html --> web.planethosting.gamespy.com /iwow.cottages.polycount.com/ITF Bio-Pekaioh(lfm).html
2006.07.01 16:25 B E:\Projects\Creamy's Wonderland\ITF\Bio-Jonny-V(lfm).html --> web.planethosting.gamespy.com /iwow.cottages.polycount.com/ITF Bio-Jonny-V(lfm).html
2006.07.01 16:25 B E:\Projects\Creamy's Wonderland\ITF\Bio-Oinkillune(lfm).html --> web.planethosting.gamespy.com /iwow.cottages.polycount.com/ITF Bio-Oinkillune(lfm).html
2006.07.01 16:25 B E:\Projects\Creamy's Wonderland\ITF\Characters_Page(lfm).html --> web.planethosting.gamespy.com /iwow.cottages.polycount.com/ITF Characters_Page(lfm).html
2006.07.01 16:29 B E:\Projects\Creamy's Wonderland\ITF\Conlangs_Page(fs).html --> web.planethosting.gamespy.com /iwow.cottages.polycount.com/ITF Conlangs_Page(fs).html
2006.07.01 18:20 B E:\Projects\Creamy's Wonderland\ITF\Glossary_Page(lfm).html --> web.planethosting.gamespy.com /iwow.cottages.polycount.com/ITF Glossary_Page(lfm).html
2006.07.01 23:11 B E:\Projects\Creamy's Wonderland\ITF\Bio-Oinkillune.html --> web.planethosting.gamespy.com /iwow.cottages.polycount.com/ITF Bio-Oinkillune.html
2006.07.01 23:19 B E:\Projects\Creamy's Wonderland\ITF\ITF_Intro.html --> web.planethosting.gamespy.com /iwow.cottages.polycount.com/ITF ITF_Intro.html
2006.07.02 00:12 B E:\Projects\Creamy's Wonderland\ITF\Characters_Page(lfm).html --> web.planethosting.gamespy.com /iwow.cottages.polycount.com/ITF Characters_Page(lfm).html
2006.07.02 00:12 B E:\Projects\Creamy's Wonderland\ITF\Bio-Stardancer(lfm).html --> web.planethosting.gamespy.com /iwow.cottages.polycount.com/ITF Bio-Stardancer(lfm).html
2006.07.02 00:12 B E:\Projects\Creamy's Wonderland\ITF\Bio-Pekaioh(lfm).html --> web.planethosting.gamespy.com /iwow.cottages.polycount.com/ITF Bio-Pekaioh(lfm).html
2006.07.02 00:12 B E:\Projects\Creamy's Wonderland\ITF\Bio-Oinkillune(lfm).html --> web.planethosting.gamespy.com /iwow.cottages.polycount.com/ITF Bio-Oinkillune(lfm).html
2006.07.02 00:12 B E:\Projects\Creamy's Wonderland\ITF\Bio-Jonny-V(lfm).html --> web.planethosting.gamespy.com /iwow.cottages.polycount.com/ITF Bio-Jonny-V(lfm).html
2006.07.02 00:12 B E:\Projects\Creamy's Wonderland\ITF\Bio-Binky(lfm).html --> web.planethosting.gamespy.com /iwow.cottages.polycount.com/ITF Bio-Binky(lfm).html
2007.07.01 20:04 B E:\Projects\Creamy's Wonderland\ITF\Race-Gwahrai_Page.html --> web.planethosting.gamespy.com /iwow.cottages.polycount.com/ITF Race-Gwahrai_Page.html
2007.07.01 20:04 B E:\Projects\Creamy's Wonderland\ITF\Glossary_Page.html --> web.planethosting.gamespy.com /iwow.cottages.polycount.com/ITF Glossary_Page.html
2007.07.01 20:04 B E:\Projects\Creamy's Wonderland\ITF\EB_Plot_Page_S!.html --> web.planethosting.gamespy.com /iwow.cottages.polycount.com/ITF EB_Plot_Page_S!.html
2007.07.01 20:04 B E:\Projects\Creamy's Wonderland\ITF\EB_Zodian_Threat.html --> web.planethosting.gamespy.com /iwow.cottages.polycount.com/ITF EB_Zodian_Threat.html
2007.07.01 20:04 B E:\Projects\Creamy's Wonderland\ITF\DM-Magic_Techniques.html --> web.planethosting.gamespy.com /iwow.cottages.polycount.com/ITF DM-Magic_Techniques.html
2007.07.01 20:04 B E:\Projects\Creamy's Wonderland\ITF\DM-Mages&Clerics.html --> web.planethosting.gamespy.com /iwow.cottages.polycount.com/ITF DM-Mages&Clerics.html
2007.07.01 20:04 B E:\Projects\Creamy's Wonderland\ITF\Conlangs_Page.html --> web.planethosting.gamespy.com /iwow.cottages.polycount.com/ITF Conlangs_Page.html
2007.07.01 20:04 B E:\Projects\Creamy's Wonderland\ITF\Characters_Page.html --> web.planethosting.gamespy.com /iwow.cottages.polycount.com/ITF Characters_Page.html
2007.07.01 20:04 B E:\Projects\Creamy's Wonderland\ITF\Bio-Stardancer(Old02).html --> web.planethosting.gamespy.com /iwow.cottages.polycount.com/ITF Bio-Stardancer(Old02).html
2007.07.01 20:04 B E:\Projects\Creamy's Wonderland\ITF\Bio-Stardancer_S!.html --> web.planethosting.gamespy.com /iwow.cottages.polycount.com/ITF Bio-Stardancer_S!.html
2007.07.01 20:04 B E:\Projects\Creamy's Wonderland\ITF\Bio-Stardancer(Old01).html --> web.planethosting.gamespy.com /iwow.cottages.polycount.com/ITF Bio-Stardancer(Old01).html
2007.07.01 20:04 B E:\Projects\Creamy's Wonderland\ITF\Bio-Stardancer.html --> web.planethosting.gamespy.com /iwow.cottages.polycount.com/ITF Bio-Stardancer.html
2007.07.01 20:04 B E:\Projects\Creamy's Wonderland\ITF\Bio-Pekaioh(Old01).html --> web.planethosting.gamespy.com /iwow.cottages.polycount.com/ITF Bio-Pekaioh(Old01).html
2007.07.01 20:04 B E:\Projects\Creamy's Wonderland\ITF\Bio-Pekaioh.html --> web.planethosting.gamespy.com /iwow.cottages.polycount.com/ITF Bio-Pekaioh.html
2007.07.01 20:04 B E:\Projects\Creamy's Wonderland\ITF\Bio-Jonny-V(Old03).html --> web.planethosting.gamespy.com /iwow.cottages.polycount.com/ITF Bio-Jonny-V(Old03).html
2007.07.01 20:04 B E:\Projects\Creamy's Wonderland\ITF\Bio-Oinkillune(Old03).html --> web.planethosting.gamespy.com /iwow.cottages.polycount.com/ITF Bio-Oinkillune(Old03).html
2007.07.01 20:04 B E:\Projects\Creamy's Wonderland\ITF\Bio-Oinkillune(Old02).html --> web.planethosting.gamespy.com /iwow.cottages.polycount.com/ITF Bio-Oinkillune(Old02).html
2007.07.01 20:04 B E:\Projects\Creamy's Wonderland\ITF\Bio-Binky(Old01).html --> web.planethosting.gamespy.com /iwow.cottages.polycount.com/ITF Bio-Binky(Old01).html
2007.07.01 20:04 B E:\Projects\Creamy's Wonderland\ITF\Bio-Binky.html --> web.planethosting.gamespy.com /iwow.cottages.polycount.com/ITF Bio-Binky.html
2007.07.01 20:04 B E:\Projects\Creamy's Wonderland\ITF\Bio-Oinkillune(Old01).html --> web.planethosting.gamespy.com /iwow.cottages.polycount.com/ITF Bio-Oinkillune(Old01).html
2007.07.01 20:04 B E:\Projects\Creamy's Wonderland\ITF\Bio-Oinkillune.html --> web.planethosting.gamespy.com /iwow.cottages.polycount.com/ITF Bio-Oinkillune.html
2007.07.01 20:04 B E:\Projects\Creamy's Wonderland\ITF\Bio-Jonny-V(Old02).html --> web.planethosting.gamespy.com /iwow.cottages.polycount.com/ITF Bio-Jonny-V(Old02).html
2007.07.01 20:04 B E:\Projects\Creamy's Wonderland\ITF\Bio-Jonny-V(Old01).html --> web.planethosting.gamespy.com /iwow.cottages.polycount.com/ITF Bio-Jonny-V(Old01).html
2007.07.01 20:04 B E:\Projects\Creamy's Wonderland\ITF\Bio-Jonny-V.html --> web.planethosting.gamespy.com /iwow.cottages.polycount.com/ITF Bio-Jonny-V.html
2007.07.01 20:04 B E:\Projects\Creamy's Wonderland\ITF\Bio-Binky(Old02).html --> web.planethosting.gamespy.com /iwow.cottages.polycount.com/ITF Bio-Binky(Old02).html
2007.07.01 20:04 B E:\Projects\Creamy's Wonderland\ITF\ITF_Intro.html --> web.planethosting.gamespy.com /iwow.cottages.polycount.com/ITF ITF_Intro.html
