2009.09.30 23:47 B E:\Projects\Creamy's_Wonderland\Games\MUGEN\Characters\Edits\bubblesD(v1-01_CGX01).zip <-- Creamy's Wonderland /creamyg.planetquake.gamespy.com/Games/MUGEN/Edits/Characters bubblesD(v1-01_CGX01).zip
2009.09.30 23:47 B E:\Projects\Creamy's_Wonderland\Games\MUGEN\Characters\Edits\bubblesD(v1-01_CGX02).zip <-- Creamy's Wonderland /creamyg.planetquake.gamespy.com/Games/MUGEN/Edits/Characters bubblesD(v1-01_CGX02).zip
2009.09.30 23:47 B E:\Projects\Creamy's_Wonderland\Games\MUGEN\Characters\Edits\bubblesD(v1-01_CGX03).zip <-- Creamy's Wonderland /creamyg.planetquake.gamespy.com/Games/MUGEN/Edits/Characters bubblesD(v1-01_CGX03).zip
2009.09.30 23:47 B E:\Projects\Creamy's_Wonderland\Games\MUGEN\Characters\Edits\Dan(vCGX01).zip <-- Creamy's Wonderland /creamyg.planetquake.gamespy.com/Games/MUGEN/Edits/Characters Dan(vCGX01).zip
2009.09.30 23:47 B E:\Projects\Creamy's_Wonderland\Games\MUGEN\Characters\Edits\guile(v1.95_CGX01).zip <-- Creamy's Wonderland /creamyg.planetquake.gamespy.com/Games/MUGEN/Edits/Characters guile(v1.95_CGX01).zip
2009.09.30 23:47 B E:\Projects\Creamy's_Wonderland\Games\MUGEN\Characters\Edits\guile(v1.95_CGX02).zip <-- Creamy's Wonderland /creamyg.planetquake.gamespy.com/Games/MUGEN/Edits/Characters guile(v1.95_CGX02).zip
2009.09.30 23:47 B E:\Projects\Creamy's_Wonderland\Games\MUGEN\Characters\Edits\hikkoshi.zip <-- Creamy's Wonderland /creamyg.planetquake.gamespy.com/Games/MUGEN/Edits/Characters hikkoshi.zip
2009.09.30 23:48 B E:\Projects\Creamy's_Wonderland\Games\MUGEN\Characters\Edits\makoto(CGX01).zip <-- Creamy's Wonderland /creamyg.planetquake.gamespy.com/Games/MUGEN/Edits/Characters makoto(CGX01).zip
2009.09.30 23:48 B E:\Projects\Creamy's_Wonderland\Games\MUGEN\Characters\Edits\Ryoko_Izumo(v3.00_CGX01).zip <-- Creamy's Wonderland /creamyg.planetquake.gamespy.com/Games/MUGEN/Edits/Characters Ryoko_Izumo(v3.00_CGX01).zip
2009.09.30 23:48 B E:\Projects\Creamy's_Wonderland\Games\MUGEN\Characters\Edits\samurai_jack(CGX01).zip <-- Creamy's Wonderland /creamyg.planetquake.gamespy.com/Games/MUGEN/Edits/Characters samurai_jack(CGX01).zip
2009.09.30 23:48 B E:\Projects\Creamy's_Wonderland\Games\MUGEN\Characters\Edits\underdog(v97_CGX01).zip <-- Creamy's Wonderland /creamyg.planetquake.gamespy.com/Games/MUGEN/Edits/Characters underdog(v97_CGX01).zip
2009.10.01 00:17 B E:\Projects\Creamy's_Wonderland\Games\MUGEN\Characters\Edits\bubblesD(v1-01_CGX01).zip --> ftp.hugelaser.com /Games/MUGEN/Characters/Edits bubblesD(v1-01_CGX01).zip
2009.10.01 00:17 B E:\Projects\Creamy's_Wonderland\Games\MUGEN\Characters\Edits\bubblesD(v1-01_CGX02).zip --> ftp.hugelaser.com /Games/MUGEN/Characters/Edits bubblesD(v1-01_CGX02).zip
2009.10.01 00:17 B E:\Projects\Creamy's_Wonderland\Games\MUGEN\Characters\Edits\bubblesD(v1-01_CGX03).zip --> ftp.hugelaser.com /Games/MUGEN/Characters/Edits bubblesD(v1-01_CGX03).zip
2009.10.01 00:17 B E:\Projects\Creamy's_Wonderland\Games\MUGEN\Characters\Edits\Dan(vCGX01).zip --> ftp.hugelaser.com /Games/MUGEN/Characters/Edits Dan(vCGX01).zip
2009.10.01 00:18 B E:\Projects\Creamy's_Wonderland\Games\MUGEN\Characters\Edits\guile(v1.95_CGX01).zip --> ftp.hugelaser.com /Games/MUGEN/Characters/Edits guile(v1.95_CGX01).zip
2009.10.01 00:18 B E:\Projects\Creamy's_Wonderland\Games\MUGEN\Characters\Edits\guile(v1.95_CGX02).zip --> ftp.hugelaser.com /Games/MUGEN/Characters/Edits guile(v1.95_CGX02).zip
2009.10.01 00:18 B E:\Projects\Creamy's_Wonderland\Games\MUGEN\Characters\Edits\hikkoshi.zip --> ftp.hugelaser.com /Games/MUGEN/Characters/Edits hikkoshi.zip
2009.10.01 00:19 B E:\Projects\Creamy's_Wonderland\Games\MUGEN\Characters\Edits\makoto(CGX01).zip --> ftp.hugelaser.com /Games/MUGEN/Characters/Edits makoto(CGX01).zip
2009.10.01 00:20 B E:\Projects\Creamy's_Wonderland\Games\MUGEN\Characters\Edits\Ryoko_Izumo(v3.00_CGX01).zip --> ftp.hugelaser.com /Games/MUGEN/Characters/Edits Ryoko_Izumo(v3.00_CGX01).zip
2009.10.01 00:20 B E:\Projects\Creamy's_Wonderland\Games\MUGEN\Characters\Edits\samurai_jack(CGX01).zip --> ftp.hugelaser.com /Games/MUGEN/Characters/Edits samurai_jack(CGX01).zip
2009.10.01 00:20 B E:\Projects\Creamy's_Wonderland\Games\MUGEN\Characters\Edits\underdog(v97_CGX01).zip --> ftp.hugelaser.com /Games/MUGEN/Characters/Edits underdog(v97_CGX01).zip
2009.10.01 00:20 B E:\Projects\Creamy's_Wonderland\Games\MUGEN\Characters\Edits\WS_FTP.LOG --> ftp.hugelaser.com /Games/MUGEN/Characters/Edits WS_FTP.LOG
2013.01.01 16:35 B E:\Projects\Creamy's_Wonderland\Games\MUGEN\Characters\Edits\Valkyrie(CGX01).zip --> ftp.hugelaser.com /Games/mugen/Characters/Edits Valkyrie(CGX01).zip
2016.08.16 05:34 B E:\MX-LX Backup\Projects\Creamy's_Wonderland\Games\MUGEN\Characters\Edits\Rai(CGX01).zip --> www.jdluke.com /Games/MUGEN/Characters/Edits Rai(CGX01).zip
2016.08.16 05:34 B E:\MX-LX Backup\Projects\Creamy's_Wonderland\Games\MUGEN\Characters\Edits\arina(CGX01).zip --> www.jdluke.com /Games/MUGEN/Characters/Edits arina(CGX01).zip
2016.08.16 06:21 B E:\MX-LX Backup\Projects\Creamy's_Wonderland\Games\MUGEN\Characters\Edits\arina(CGX01).zip --> www.jdluke.com /Games/MUGEN/Characters/Edits arina(CGX01).zip
2016.08.16 08:01 B E:\MX-LX Backup\Projects\Creamy's_Wonderland\Games\MUGEN\Characters\Edits\Rai(CGX01).zip --> www.jdluke.com /Games/MUGEN/Characters/Edits Rai(CGX01).zip
2016.08.16 12:52 B K:\Projects\Creamy's_Wonderland\Games\MUGEN\Characters\Edits\arina(CGX01).zip --> www.jdluke.com /Games/MUGEN/Characters/Edits arina(CGX01).zip
2016.10.02 08:55 B F:\Projects\Creamy's_Wonderland\Games\MUGEN\Characters\Edits\Shartel(CGX01).zip --> www.jdluke.com /Games/MUGEN/Characters/Edits Shartel(CGX01).zip
2016.10.02 09:00 B F:\Projects\Creamy's_Wonderland\Games\MUGEN\Characters\Edits\Rucheca(CGX01).zip --> www.jdluke.com /Games/MUGEN/Characters/Edits Rucheca(CGX01).zip
2016.10.02 12:00 B F:\Projects\Creamy's_Wonderland\Games\MUGEN\Characters\Edits\Rucheca(CGX01).zip --> www.jdluke.com /Games/MUGEN/Characters/Edits Rucheca(CGX01).zip
