2014.01.07 13:24 B E:\Projects\Creamy's_Wonderland\CGF\VG_Longplays\CGF_-_VG_Longplays(fs).html --> www.jdluke.com /CGF/VG_Longplays CGF_-_VG_Longplays(fs).html
2014.01.07 13:24 B E:\Projects\Creamy's_Wonderland\CGF\VG_Longplays\CGF_-_VG_Longplays(lfm).html --> www.jdluke.com /CGF/VG_Longplays CGF_-_VG_Longplays(lfm).html
2014.01.07 13:24 B E:\Projects\Creamy's_Wonderland\CGF\VG_Longplays\Simpsons_Arcade(fs).html --> www.jdluke.com /CGF/VG_Longplays Simpsons_Arcade(fs).html
2014.01.07 13:24 B E:\Projects\Creamy's_Wonderland\CGF\VG_Longplays\Simpsons_Arcade(lfm).html --> www.jdluke.com /CGF/VG_Longplays Simpsons_Arcade(lfm).html
2014.01.12 18:01 B E:\Projects\Creamy's_Wonderland\CGF\VG_Longplays\Simpsons_Arcade.html --> www.jdluke.com /CGF/VG_Longplays Simpsons_Arcade.html
2014.01.12 18:01 B E:\Projects\Creamy's_Wonderland\CGF\VG_Longplays\CGF_-_VG_Longplays.html --> www.jdluke.com /CGF/VG_Longplays CGF_-_VG_Longplays.html
2014.01.12 22:01 B E:\Projects\Creamy's_Wonderland\cgf\VG_Longplays\Simpsons_Arcade(fs).html --> www.jdluke.com /CGF/VG_Longplays Simpsons_Arcade(fs).html
2014.01.12 22:01 B E:\Projects\Creamy's_Wonderland\cgf\VG_Longplays\CGF_-_VG_Longplays(fs).html --> www.jdluke.com /CGF/VG_Longplays CGF_-_VG_Longplays(fs).html
2014.01.12 22:15 B E:\Projects\Creamy's_Wonderland\cgf\VG_Longplays\CGF_-_VG_Longplays(fs).html --> www.jdluke.com /CGF/VG_Longplays CGF_-_VG_Longplays(fs).html
2014.01.12 22:15 B E:\Projects\Creamy's_Wonderland\cgf\VG_Longplays\Simpsons_Arcade(fs).html --> www.jdluke.com /CGF/VG_Longplays Simpsons_Arcade(fs).html
2015.01.24 22:45 B E:\Projects\Creamy's_Wonderland\CGF\VG_Longplays\Simpsons_Arcade.html --> www.jdluke.com /CGF/VG_Longplays Simpsons_Arcade.html
2015.06.13 11:55 B E:\Projects\Creamy's_Wonderland\CGF\VG_Longplays\CGF_-_VG_Longplays(fs).html --> www.jdluke.com /CGF/VG_Longplays CGF_-_VG_Longplays(fs).html
2015.06.13 11:55 B E:\Projects\Creamy's_Wonderland\CGF\VG_Longplays\Simpsons_Arcade(fs).html --> www.jdluke.com /CGF/VG_Longplays Simpsons_Arcade(fs).html
2015.06.13 11:55 B E:\Projects\Creamy's_Wonderland\CGF\VG_Longplays\Simpsons_Arcade.html --> www.jdluke.com /CGF/VG_Longplays Simpsons_Arcade.html
2015.06.13 11:55 B E:\Projects\Creamy's_Wonderland\CGF\VG_Longplays\Earthbound.html --> www.jdluke.com /CGF/VG_Longplays Earthbound.html
2015.06.13 11:55 B E:\Projects\Creamy's_Wonderland\CGF\VG_Longplays\Earthbound(lfm).html --> www.jdluke.com /CGF/VG_Longplays Earthbound(lfm).html
2015.06.13 11:55 B E:\Projects\Creamy's_Wonderland\CGF\VG_Longplays\Earthbound(fs).html --> www.jdluke.com /CGF/VG_Longplays Earthbound(fs).html
2015.06.13 11:58 B E:\Projects\Creamy's_Wonderland\CGF\VG_Longplays\CGF_-_VG_Longplays.html --> www.jdluke.com /CGF/VG_Longplays CGF_-_VG_Longplays.html
2015.06.13 11:58 B E:\Projects\Creamy's_Wonderland\CGF\VG_Longplays\CGF_-_VG_Longplays(lfm).html --> www.jdluke.com /CGF/VG_Longplays CGF_-_VG_Longplays(lfm).html
2015.06.13 11:59 B E:\Projects\Creamy's_Wonderland\CGF\VG_Longplays\Simpsons_Arcade(lfm).html --> www.jdluke.com /CGF/VG_Longplays Simpsons_Arcade(lfm).html
2015.06.14 12:29 B E:\Projects\Creamy's_Wonderland\CGF\VG_Longplays\Simpsons_Arcade.html --> www.jdluke.com /CGF/VG_Longplays Simpsons_Arcade.html
2015.06.14 12:29 B E:\Projects\Creamy's_Wonderland\CGF\VG_Longplays\Earthbound.html --> www.jdluke.com /CGF/VG_Longplays Earthbound.html
2015.06.14 12:44 B E:\Projects\Creamy's_Wonderland\CGF\VG_Longplays\CGF_-_VG_Longplays.html --> www.jdluke.com /CGF/VG_Longplays CGF_-_VG_Longplays.html
2015.06.24 23:36 B E:\Projects\Creamy's_Wonderland\CGF\VG_Longplays\Earthbound.html --> www.jdluke.com /CGF/VG_Longplays Earthbound.html
2015.07.05 23:49 B E:\Projects\Creamy's_Wonderland\CGF\VG_Longplays\Earthbound.html --> www.jdluke.com /CGF/VG_Longplays Earthbound.html
2015.07.15 23:32 B E:\Projects\Creamy's_Wonderland\CGF\VG_Longplays\Earthbound.html --> www.jdluke.com /CGF/VG_Longplays Earthbound.html
2015.07.26 23:45 B E:\Projects\Creamy's_Wonderland\CGF\VG_Longplays\Earthbound.html --> www.jdluke.com /CGF/VG_Longplays Earthbound.html
2015.08.16 23:27 B E:\Projects\Creamy's_Wonderland\CGF\VG_Longplays\Earthbound.html --> www.jdluke.com /CGF/VG_Longplays Earthbound.html
2015.08.26 00:47 B E:\Projects\Creamy's_Wonderland\CGF\VG_Longplays\Earthbound_BKU02.html --> www.jdluke.com /CGF/VG_Longplays Earthbound_BKU02.html
2015.08.26 01:21 B E:\Projects\Creamy's_Wonderland\CGF\VG_Longplays\Earthbound_BKU02.html --> www.jdluke.com /CGF/VG_Longplays Earthbound_BKU02.html
2015.08.26 01:26 B E:\Projects\Creamy's_Wonderland\CGF\VG_Longplays\Earthbound_BKU02.html --> www.jdluke.com /CGF/VG_Longplays Earthbound_BKU02.html
2015.08.26 01:26 B E:\Projects\Creamy's_Wonderland\CGF\VG_Longplays\Earthbound_BKU02.html --> www.jdluke.com /CGF/VG_Longplays Earthbound_BKU02.html
2015.08.26 23:37 B E:\Projects\Creamy's_Wonderland\CGF\VG_Longplays\Earthbound.html --> www.jdluke.com /CGF/VG_Longplays Earthbound.html
2015.08.26 23:55 B E:\Projects\Creamy's_Wonderland\CGF\VG_Longplays\Earthbound.html --> www.jdluke.com /CGF/VG_Longplays Earthbound.html
2015.08.26 23:57 B E:\Projects\Creamy's_Wonderland\CGF\VG_Longplays\Earthbound_BKU03.html --> www.jdluke.com /CGF/VG_Longplays Earthbound_BKU03.html
2015.08.27 00:02 B E:\Projects\Creamy's_Wonderland\CGF\VG_Longplays\Earthbound_BKU02.html --> www.jdluke.com /CGF/VG_Longplays Earthbound_BKU02.html
2015.08.27 00:05 B E:\Projects\Creamy's_Wonderland\CGF\VG_Longplays\Earthbound_BKU02.html --> www.jdluke.com /CGF/VG_Longplays Earthbound_BKU02.html
2015.08.27 00:08 B E:\Projects\Creamy's_Wonderland\CGF\VG_Longplays\Earthbound_BKU02.html --> www.jdluke.com /CGF/VG_Longplays Earthbound_BKU02.html
2015.08.27 00:33 B E:\Projects\Creamy's_Wonderland\CGF\VG_Longplays\Earthbound.html --> www.jdluke.com /CGF/VG_Longplays Earthbound.html
2015.08.27 00:34 B E:\Projects\Creamy's_Wonderland\CGF\VG_Longplays\Earthbound_BKU02.html --> www.jdluke.com /CGF/VG_Longplays Earthbound_BKU02.html
2015.08.27 00:38 B E:\Projects\Creamy's_Wonderland\CGF\VG_Longplays\Earthbound_BKU02.html --> www.jdluke.com /CGF/VG_Longplays Earthbound_BKU02.html
2015.08.27 00:41 B E:\Projects\Creamy's_Wonderland\CGF\VG_Longplays\Earthbound.html --> www.jdluke.com /CGF/VG_Longplays Earthbound.html
2015.08.27 00:43 B E:\Projects\Creamy's_Wonderland\CGF\VG_Longplays\Earthbound.html --> www.jdluke.com /CGF/VG_Longplays Earthbound.html
2015.08.27 00:44 B E:\Projects\Creamy's_Wonderland\CGF\VG_Longplays\Earthbound.html --> www.jdluke.com /CGF/VG_Longplays Earthbound.html
2015.08.27 00:45 B E:\Projects\Creamy's_Wonderland\CGF\VG_Longplays\Earthbound.html --> www.jdluke.com /CGF/VG_Longplays Earthbound.html
2015.08.27 00:45 B E:\Projects\Creamy's_Wonderland\CGF\VG_Longplays\Earthbound.html --> www.jdluke.com /CGF/VG_Longplays Earthbound.html
2015.08.27 00:46 B E:\Projects\Creamy's_Wonderland\CGF\VG_Longplays\Earthbound.html --> www.jdluke.com /CGF/VG_Longplays Earthbound.html
2015.08.27 00:46 B E:\Projects\Creamy's_Wonderland\CGF\VG_Longplays\Earthbound.html --> www.jdluke.com /CGF/VG_Longplays Earthbound.html
2015.09.06 23:42 B E:\Projects\Creamy's_Wonderland\CGF\VG_Longplays\Earthbound.html --> www.jdluke.com /CGF/VG_Longplays Earthbound.html
2015.10.17 15:02 B E:\Projects\Creamy's_Wonderland\CGF\VG_Longplays\Earthbound.html --> www.jdluke.com /CGF/VG_Longplays Earthbound.html
2015.10.17 20:20 B E:\Projects\Creamy's_Wonderland\CGF\VG_Longplays\Earthbound_BKU03.html --> www.jdluke.com /CGF/VG_Longplays Earthbound_BKU03.html
2015.10.17 20:23 B E:\Projects\Creamy's_Wonderland\CGF\VG_Longplays\Earthbound_BKU03.html --> www.jdluke.com /CGF/VG_Longplays Earthbound_BKU03.html
2015.10.17 20:29 B E:\Projects\Creamy's_Wonderland\CGF\VG_Longplays\Earthbound_BKU03.html --> www.jdluke.com /CGF/VG_Longplays Earthbound_BKU03.html
2015.10.17 20:57 B E:\Projects\Creamy's_Wonderland\CGF\VG_Longplays\Earthbound_BKU03.html --> www.jdluke.com /CGF/VG_Longplays Earthbound_BKU03.html
2015.10.17 21:00 B E:\Projects\Creamy's_Wonderland\CGF\VG_Longplays\Earthbound_BKU03.html --> www.jdluke.com /CGF/VG_Longplays Earthbound_BKU03.html
2015.10.17 21:11 B E:\Projects\Creamy's_Wonderland\CGF\VG_Longplays\Earthbound_BKU03.html --> www.jdluke.com /CGF/VG_Longplays Earthbound_BKU03.html
2015.10.17 21:16 B E:\Projects\Creamy's_Wonderland\CGF\VG_Longplays\Earthbound_BKU03.html --> www.jdluke.com /CGF/VG_Longplays Earthbound_BKU03.html
2015.10.17 21:21 B E:\Projects\Creamy's_Wonderland\CGF\VG_Longplays\Earthbound_BKU03.html --> www.jdluke.com /CGF/VG_Longplays Earthbound_BKU03.html
2015.10.17 21:25 B E:\Projects\Creamy's_Wonderland\CGF\VG_Longplays\Earthbound_BKU03.html --> www.jdluke.com /CGF/VG_Longplays Earthbound_BKU03.html
2015.10.17 21:30 B E:\Projects\Creamy's_Wonderland\CGF\VG_Longplays\Earthbound_BKU03.html --> www.jdluke.com /CGF/VG_Longplays Earthbound_BKU03.html
2015.10.17 21:32 B E:\Projects\Creamy's_Wonderland\CGF\VG_Longplays\Earthbound_BKU02.html --> www.jdluke.com /CGF/VG_Longplays Earthbound_BKU02.html
2015.10.18 08:43 B E:\Projects\Creamy's_Wonderland\CGF\VG_Longplays\Earthbound.html --> www.jdluke.com /CGF/VG_Longplays Earthbound.html
2015.11.08 23:45 B E:\Projects\Creamy's_Wonderland\CGF\VG_Longplays\Earthbound.html --> www.jdluke.com /CGF/VG_Longplays Earthbound.html
2015.11.08 23:48 B E:\Projects\Creamy's_Wonderland\CGF\VG_Longplays\Earthbound.html --> www.jdluke.com /CGF/VG_Longplays Earthbound.html
2015.11.18 20:29 B E:\Projects\Creamy's_Wonderland\CGF\VG_Longplays\Earthbound.html --> www.jdluke.com /CGF/VG_Longplays Earthbound.html
2015.11.30 00:04 B E:\Projects\Creamy's_Wonderland\CGF\VG_Longplays\Earthbound.html --> www.jdluke.com /CGF/VG_Longplays Earthbound.html
2016.01.10 23:21 B H:\Projects\Creamy's_Wonderland\CGF\VG_Longplays\Earthbound.html --> www.jdluke.com /CGF/VG_Longplays Earthbound.html
2016.01.10 23:27 B H:\Projects\Creamy's_Wonderland\CGF\VG_Longplays\Earthbound.html --> www.jdluke.com /CGF/VG_Longplays Earthbound.html
2016.01.20 22:33 B H:\Projects\Creamy's_Wonderland\CGF\VG_Longplays\Earthbound.html --> www.jdluke.com /CGF/VG_Longplays Earthbound.html
2016.03.02 21:33 B E:\Projects\Creamy's_Wonderland\CGF\VG_Longplays\Earthbound.html --> www.jdluke.com /CGF/VG_Longplays Earthbound.html
2016.03.13 19:10 B E:\Projects\Creamy's_Wonderland\CGF\VG_Longplays\Earthbound.html --> www.jdluke.com /CGF/VG_Longplays Earthbound.html
2016.03.23 23:29 B F:\Projects\Creamy's_Wonderland\CGF\VG_Longplays\Earthbound.html --> www.jdluke.com /CGF/VG_Longplays Earthbound.html
2016.04.03 19:29 B E:\Projects\Creamy's_Wonderland\CGF\VG_Longplays\Earthbound.html --> www.jdluke.com /CGF/VG_Longplays Earthbound.html
2016.04.25 18:44 B E:\Projects\Creamy's_Wonderland\CGF\VG_Longplays\Earthbound.html --> www.jdluke.com /CGF/VG_Longplays Earthbound.html
2016.05.19 06:14 B F:\Projects\Creamy's_Wonderland\CGF\VG_Longplays\Earthbound.html --> www.jdluke.com /CGF/VG_Longplays Earthbound.html
2016.05.25 13:34 B F:\Projects\Creamy's_Wonderland\CGF\VG_Longplays\Earthbound.html --> www.jdluke.com /CGF/VG_Longplays Earthbound.html
2016.07.26 22:23 B K:\Projects\Creamy's_Wonderland\CGF\VG_Longplays\Earthbound.html --> www.jdluke.com /CGF/VG_Longplays Earthbound.html
2016.07.26 22:38 B K:\Projects\Creamy's_Wonderland\CGF\VG_Longplays\Earthbound.html --> www.jdluke.com /CGF/VG_Longplays Earthbound.html
2016.08.17 23:44 B F:\Projects\Creamy's_Wonderland\CGF\VG_Longplays\Earthbound.html --> www.jdluke.com /CGF/VG_Longplays Earthbound.html
2016.08.17 23:45 B F:\Projects\Creamy's_Wonderland\CGF\VG_Longplays\Earthbound.html --> www.jdluke.com /CGF/VG_Longplays Earthbound.html
2016.08.18 00:43 B F:\Projects\Creamy's_Wonderland\CGF\VG_Longplays\Earthbound.html --> www.jdluke.com /CGF/VG_Longplays Earthbound.html
2016.08.29 01:11 B K:\Projects\Creamy's_Wonderland\CGF\VG_Longplays\Earthbound.html --> www.jdluke.com /CGF/VG_Longplays Earthbound.html
2016.08.29 01:34 B K:\Projects\Creamy's_Wonderland\CGF\VG_Longplays\Earthbound.html --> www.jdluke.com /CGF/VG_Longplays Earthbound.html
2016.09.18 21:59 B K:\Projects\Creamy's_Wonderland\CGF\VG_Longplays\Earthbound.html --> www.jdluke.com /CGF/VG_Longplays Earthbound.html
2016.09.18 22:13 B K:\Projects\Creamy's_Wonderland\CGF\VG_Longplays\Earthbound.html --> www.jdluke.com /CGF/VG_Longplays Earthbound.html
2016.09.18 22:16 B K:\Projects\Creamy's_Wonderland\CGF\VG_Longplays\Earthbound.html --> www.jdluke.com /CGF/VG_Longplays Earthbound.html
2016.09.18 22:57 B K:\Projects\Creamy's_Wonderland\CGF\VG_Longplays\Earthbound.html --> www.jdluke.com /CGF/VG_Longplays Earthbound.html
2016.09.28 23:01 B K:\Projects\Creamy's_Wonderland\CGF\VG_Longplays\Earthbound.html --> www.jdluke.com /CGF/VG_Longplays Earthbound.html
2016.09.28 23:05 B K:\Projects\Creamy's_Wonderland\CGF\VG_Longplays\Earthbound.html --> www.jdluke.com /CGF/VG_Longplays Earthbound.html
2016.09.28 23:10 B K:\Projects\Creamy's_Wonderland\CGF\VG_Longplays\Earthbound.html --> www.jdluke.com /CGF/VG_Longplays Earthbound.html
2016.09.28 23:21 B K:\Projects\Creamy's_Wonderland\CGF\VG_Longplays\Earthbound.html --> www.jdluke.com /CGF/VG_Longplays Earthbound.html
2016.10.05 04:57 B E:\Projects\Creamy's_Wonderland\CGF\VG_Longplays\Earthbound.html --> www.jdluke.com /CGF/VG_Longplays Earthbound.html
2016.10.05 05:07 B E:\Projects\Creamy's_Wonderland\CGF\VG_Longplays\Earthbound.html --> www.jdluke.com /CGF/VG_Longplays Earthbound.html
2016.10.05 05:13 B E:\Projects\Creamy's_Wonderland\CGF\VG_Longplays\Earthbound.html --> www.jdluke.com /CGF/VG_Longplays Earthbound.html
2016.10.09 12:48 B E:\Projects\Creamy's_Wonderland\CGF\VG_Longplays\Earthbound.html --> www.jdluke.com /CGF/VG_Longplays Earthbound.html
2016.10.09 12:55 B E:\Projects\Creamy's_Wonderland\CGF\VG_Longplays\Earthbound.html --> www.jdluke.com /CGF/VG_Longplays Earthbound.html
2016.10.09 13:00 B E:\Projects\Creamy's_Wonderland\CGF\VG_Longplays\Earthbound.html --> www.jdluke.com /CGF/VG_Longplays Earthbound.html
2016.10.09 13:01 B E:\Projects\Creamy's_Wonderland\CGF\VG_Longplays\Earthbound.html --> www.jdluke.com /CGF/VG_Longplays Earthbound.html
2016.10.09 13:04 B E:\Projects\Creamy's_Wonderland\CGF\VG_Longplays\Earthbound.html --> www.jdluke.com /CGF/VG_Longplays Earthbound.html
2016.10.09 13:04 B E:\Projects\Creamy's_Wonderland\CGF\VG_Longplays\Earthbound.html --> www.jdluke.com /CGF/VG_Longplays Earthbound.html
2016.10.09 13:05 B E:\Projects\Creamy's_Wonderland\CGF\VG_Longplays\Earthbound.html --> www.jdluke.com /CGF/VG_Longplays Earthbound.html
2016.10.09 13:37 B E:\Projects\Creamy's_Wonderland\CGF\VG_Longplays\Earthbound.html --> www.jdluke.com /CGF/VG_Longplays Earthbound.html
2016.10.09 13:51 B E:\Projects\Creamy's_Wonderland\CGF\VG_Longplays\Earthbound.html --> www.jdluke.com /CGF/VG_Longplays Earthbound.html
2016.10.09 13:56 B E:\Projects\Creamy's_Wonderland\CGF\VG_Longplays\Earthbound.html --> www.jdluke.com /CGF/VG_Longplays Earthbound.html
2016.10.09 13:58 B E:\Projects\Creamy's_Wonderland\CGF\VG_Longplays\Earthbound.html --> www.jdluke.com /CGF/VG_Longplays Earthbound.html
2016.10.09 13:58 B E:\Projects\Creamy's_Wonderland\CGF\VG_Longplays\Earthbound.html --> www.jdluke.com /CGF/VG_Longplays Earthbound.html
2016.10.09 14:02 B E:\Projects\Creamy's_Wonderland\CGF\VG_Longplays\Earthbound.html --> www.jdluke.com /CGF/VG_Longplays Earthbound.html
2016.10.09 14:48 B E:\Projects\Creamy's_Wonderland\CGF\VG_Longplays\Earthbound.html --> www.jdluke.com /CGF/VG_Longplays Earthbound.html
2016.10.22 17:54 B E:\Projects\Creamy's_Wonderland\CGF\VG_Longplays\Earthbound.html --> www.jdluke.com /CGF/VG_Longplays Earthbound.html
2016.10.22 18:05 B E:\Projects\Creamy's_Wonderland\CGF\VG_Longplays\Earthbound.html --> www.jdluke.com /CGF/VG_Longplays Earthbound.html
2016.10.22 20:02 B E:\Projects\Creamy's_Wonderland\CGF\VG_Longplays\Earthbound.html --> www.jdluke.com /CGF/VG_Longplays Earthbound.html
2016.10.30 22:41 B E:\Projects\Creamy's_Wonderland\CGF\VG_Longplays\Earthbound.html --> www.jdluke.com /CGF/VG_Longplays Earthbound.html
2016.10.30 22:47 B E:\Projects\Creamy's_Wonderland\CGF\VG_Longplays\Earthbound.html --> www.jdluke.com /CGF/VG_Longplays Earthbound.html
2016.10.30 22:54 B E:\Projects\Creamy's_Wonderland\CGF\VG_Longplays\Earthbound.html --> www.jdluke.com /CGF/VG_Longplays Earthbound.html
2016.11.24 13:26 B E:\Projects\Creamy's_Wonderland\CGF\VG_Longplays\Earthbound.html --> www.jdluke.com /CGF/VG_Longplays Earthbound.html
2016.12.01 02:48 B F:\Projects\Creamy's_Wonderland\CGF\VG_Longplays\Earthbound.html --> www.jdluke.com /CGF/VG_Longplays Earthbound.html
2016.12.01 20:30 B K:\Projects\Creamy's_Wonderland\CGF\VG_Longplays\Earthbound.html --> www.jdluke.com /CGF/VG_Longplays Earthbound.html
2016.12.01 20:32 B K:\Projects\Creamy's_Wonderland\CGF\VG_Longplays\Earthbound.html --> www.jdluke.com /CGF/VG_Longplays Earthbound.html
2016.12.01 20:44 B K:\Projects\Creamy's_Wonderland\CGF\VG_Longplays\Earthbound.html --> www.jdluke.com /CGF/VG_Longplays Earthbound.html
2016.12.11 23:47 B F:\Projects\Creamy's_Wonderland\CGF\VG_Longplays\Earthbound.html --> www.jdluke.com /CGF/VG_Longplays Earthbound.html
2016.12.23 03:26 B K:\Projects\Creamy's_Wonderland\CGF\VG_Longplays\Earthbound.html --> www.jdluke.com /CGF/VG_Longplays Earthbound.html
2017.01.03 14:35 B F:\Projects\Creamy's_Wonderland\CGF\VG_Longplays\Earthbound.html --> www.jdluke.com /CGF/VG_Longplays Earthbound.html
2017.01.03 14:48 B F:\Projects\Creamy's_Wonderland\CGF\VG_Longplays\Earthbound.html --> www.jdluke.com /CGF/VG_Longplays Earthbound.html
2017.01.03 14:52 B F:\Projects\Creamy's_Wonderland\CGF\VG_Longplays\Earthbound.html --> www.jdluke.com / Earthbound.html
2017.01.03 14:54 B F:\Projects\Creamy's_Wonderland\CGF\VG_Longplays\Earthbound.html --> www.jdluke.com / Earthbound.html
2017.01.03 14:54 B F:\Projects\Creamy's_Wonderland\CGF\VG_Longplays\Earthbound.html --> www.jdluke.com /CGF/VG_Longplays Earthbound.html
2017.01.03 15:08 B F:\Projects\Creamy's_Wonderland\CGF\VG_Longplays\Earthbound.html --> www.jdluke.com /CGF/VG_Longplays Earthbound.html
2017.01.22 18:17 B E:\Projects\Creamy's_Wonderland\CGF\VG_Longplays\Earthbound.html --> www.jdluke.com /CGF/VG_Longplays Earthbound.html
2017.01.22 18:58 B E:\Projects\Creamy's_Wonderland\CGF\VG_Longplays\Earthbound.html --> www.jdluke.com /CGF/VG_Longplays Earthbound.html
2017.01.22 19:17 B E:\Projects\Creamy's_Wonderland\CGF\VG_Longplays\Earthbound.html --> www.jdluke.com /CGF/VG_Longplays Earthbound.html
2017.02.01 23:11 B E:\Projects\Creamy's_Wonderland\CGF\VG_Longplays\Earthbound.html --> www.jdluke.com /CGF/VG_Longplays Earthbound.html
2017.02.01 23:22 B E:\Projects\Creamy's_Wonderland\CGF\VG_Longplays\Earthbound.html --> www.jdluke.com /CGF/VG_Longplays Earthbound.html
2017.02.01 23:44 B E:\Projects\Creamy's_Wonderland\CGF\VG_Longplays\Earthbound.html --> www.jdluke.com /CGF/VG_Longplays Earthbound.html
2017.02.22 16:43 B E:\Projects\Creamy's_Wonderland\CGF\VG_Longplays\Earthbound.html --> www.jdluke.com /CGF/VG_Longplays Earthbound.html
2017.02.22 16:44 B E:\Projects\Creamy's_Wonderland\CGF\VG_Longplays\Earthbound.html --> www.jdluke.com /CGF/VG_Longplays Earthbound.html
2017.02.22 16:45 B E:\Projects\Creamy's_Wonderland\CGF\VG_Longplays\Earthbound.html --> www.jdluke.com /CGF/VG_Longplays Earthbound.html
2017.02.22 16:46 B E:\Projects\Creamy's_Wonderland\CGF\VG_Longplays\Earthbound.html --> www.jdluke.com /CGF/VG_Longplays Earthbound.html
2017.02.22 16:48 B E:\Projects\Creamy's_Wonderland\CGF\VG_Longplays\Earthbound.html --> www.jdluke.com /CGF/VG_Longplays Earthbound.html
2017.03.06 02:56 B F:\Projects\Creamy's_Wonderland\CGF\VG_Longplays\Earthbound.html --> www.jdluke.com /CGF/VG_Longplays Earthbound.html
2017.03.06 03:24 B F:\Projects\Creamy's_Wonderland\CGF\VG_Longplays\Earthbound.html --> www.jdluke.com /CGF/VG_Longplays Earthbound.html
2017.03.28 16:31 B F:\Projects\Creamy's_Wonderland\CGF\VG_Longplays\Earthbound_-_Section02.html --> www.jdluke.com /CGF/VG_Longplays Earthbound_-_Section02.html
2017.03.28 16:31 B F:\Projects\Creamy's_Wonderland\CGF\VG_Longplays\Earthbound.html --> www.jdluke.com /CGF/VG_Longplays Earthbound.html
2017.03.28 16:31 B F:\Projects\Creamy's_Wonderland\CGF\VG_Longplays\Earthbound_-_Section01.html --> www.jdluke.com /CGF/VG_Longplays Earthbound_-_Section01.html
2017.03.28 16:39 B F:\Projects\Creamy's_Wonderland\CGF\VG_Longplays\Earthbound_-_Section02.html --> www.jdluke.com /CGF/VG_Longplays Earthbound_-_Section02.html
2017.03.28 16:39 B F:\Projects\Creamy's_Wonderland\CGF\VG_Longplays\Earthbound_-_Section01.html --> www.jdluke.com /CGF/VG_Longplays Earthbound_-_Section01.html
2017.03.28 16:52 B F:\Projects\Creamy's_Wonderland\CGF\VG_Longplays\Earthbound.html --> www.jdluke.com /CGF/VG_Longplays Earthbound.html
2017.04.05 22:51 B E:\Projects\Creamy's_Wonderland\CGF\VG_Longplays\Earthbound_-_Section02.html --> www.jdluke.com /CGF/VG_Longplays Earthbound_-_Section02.html
2017.04.16 23:44 B E:\Projects\Creamy's_Wonderland\CGF\VG_Longplays\Earthbound_-_Section02.html --> www.jdluke.com /CGF/VG_Longplays Earthbound_-_Section02.html
2017.04.16 23:46 B E:\Projects\Creamy's_Wonderland\CGF\VG_Longplays\Earthbound_-_Section02.html --> www.jdluke.com /CGF/VG_Longplays Earthbound_-_Section02.html
2017.04.16 23:53 B E:\Projects\Creamy's_Wonderland\CGF\VG_Longplays\Earthbound_-_Section02.html --> www.jdluke.com /CGF/VG_Longplays Earthbound_-_Section02.html
2017.04.27 23:38 B E:\Projects\Creamy's_Wonderland\CGF\VG_Longplays\Earthbound_-_Section02.html --> www.jdluke.com /CGF/VG_Longplays Earthbound_-_Section02.html
2017.04.27 23:40 B E:\Projects\Creamy's_Wonderland\CGF\VG_Longplays\Earthbound_-_Section02.html --> www.jdluke.com /CGF/VG_Longplays Earthbound_-_Section02.html
2017.04.27 23:41 B E:\Projects\Creamy's_Wonderland\CGF\VG_Longplays\Earthbound_-_Section02.html --> www.jdluke.com /CGF/VG_Longplays Earthbound_-_Section02.html
2017.05.07 23:30 B E:\Projects\Creamy's_Wonderland\CGF\VG_Longplays\Earthbound_-_Section02.html --> www.jdluke.com /CGF/VG_Longplays Earthbound_-_Section02.html
2017.05.07 23:32 B E:\Projects\Creamy's_Wonderland\CGF\VG_Longplays\Earthbound_-_Section02.html --> www.jdluke.com /CGF/VG_Longplays Earthbound_-_Section02.html
2017.05.07 23:34 B E:\Projects\Creamy's_Wonderland\CGF\VG_Longplays\Earthbound_-_Section02.html --> www.jdluke.com /CGF/VG_Longplays Earthbound_-_Section02.html
2017.09.11 00:24 B E:\MX-LX Backup\Projects\Creamy's_Wonderland\CGF\VG_Longplays\Earthbound_-_Section02.html --> www.jdluke.com /CGF/VG_Longplays Earthbound_-_Section02.html
2017.09.11 00:47 B E:\MX-LX Backup\Projects\Creamy's_Wonderland\CGF\VG_Longplays\Earthbound_-_Section02.html --> www.jdluke.com /CGF/VG_Longplays Earthbound_-_Section02.html
2017.09.11 00:50 B E:\MX-LX Backup\Projects\Creamy's_Wonderland\CGF\VG_Longplays\Earthbound_-_Section02.html --> www.jdluke.com /CGF/VG_Longplays Earthbound_-_Section02.html
2017.09.11 00:53 B E:\MX-LX Backup\Projects\Creamy's_Wonderland\CGF\VG_Longplays\Earthbound_-_Section02.html --> www.jdluke.com /CGF/VG_Longplays Earthbound_-_Section02.html
2017.09.11 00:56 B E:\MX-LX Backup\Projects\Creamy's_Wonderland\CGF\VG_Longplays\Earthbound_-_Section02.html --> www.jdluke.com /CGF/VG_Longplays Earthbound_-_Section02.html
2017.09.11 01:04 B E:\MX-LX Backup\Projects\Creamy's_Wonderland\CGF\VG_Longplays\Earthbound_-_Section02.html --> www.jdluke.com /CGF/VG_Longplays Earthbound_-_Section02.html
2017.09.20 23:44 B E:\MX-LX Backup\Projects\Creamy's_Wonderland\CGF\VG_Longplays\Earthbound_-_Section02.html --> www.jdluke.com /CGF/VG_Longplays Earthbound_-_Section02.html
2017.10.03 20:35 B E:\Projects\Creamy's_Wonderland\CGF\VG_Longplays\Earthbound_-_Section02.html --> www.jdluke.com /CGF/VG_Longplays Earthbound_-_Section02.html
2017.10.03 20:58 B E:\Projects\Creamy's_Wonderland\CGF\VG_Longplays\Earthbound_-_Section02.html --> www.jdluke.com /CGF/VG_Longplays Earthbound_-_Section02.html
2017.10.11 23:55 B E:\Projects\Creamy's_Wonderland\CGF\VG_Longplays\Earthbound_-_Section02.html --> www.jdluke.com /CGF/VG_Longplays Earthbound_-_Section02.html
2017.10.11 23:59 B E:\Projects\Creamy's_Wonderland\CGF\VG_Longplays\Earthbound_-_Section02.html --> www.jdluke.com /CGF/VG_Longplays Earthbound_-_Section02.html
2017.10.11 23:59 B E:\Projects\Creamy's_Wonderland\CGF\VG_Longplays\Earthbound_-_Section02.html --> www.jdluke.com /CGF/VG_Longplays Earthbound_-_Section02.html
2017.10.12 00:01 B E:\Projects\Creamy's_Wonderland\CGF\VG_Longplays\Earthbound_-_Section02.html --> www.jdluke.com /CGF/VG_Longplays Earthbound_-_Section02.html
2017.10.12 00:03 B E:\Projects\Creamy's_Wonderland\CGF\VG_Longplays\Earthbound_-_Section02.html --> www.jdluke.com /CGF/VG_Longplays Earthbound_-_Section02.html
2017.10.12 00:04 B E:\Projects\Creamy's_Wonderland\CGF\VG_Longplays\Earthbound_-_Section02.html --> www.jdluke.com /CGF/VG_Longplays Earthbound_-_Section02.html
2017.10.22 21:53 B E:\Projects\Creamy's_Wonderland\CGF\VG_Longplays\Earthbound_-_Section02(temp).html --> www.jdluke.com /CGF/VG_Longplays Earthbound_-_Section02(temp).html
2017.10.22 21:56 B E:\Projects\Creamy's_Wonderland\CGF\VG_Longplays\Earthbound_-_Section02(temp).html --> www.jdluke.com /CGF/VG_Longplays Earthbound_-_Section02(temp).html
2017.10.22 21:57 B E:\Projects\Creamy's_Wonderland\CGF\VG_Longplays\Earthbound_-_Section02(temp).html --> www.jdluke.com /CGF/VG_Longplays Earthbound_-_Section02(temp).html
2017.10.22 22:00 B E:\Projects\Creamy's_Wonderland\CGF\VG_Longplays\Earthbound_-_Section02(temp).html --> www.jdluke.com /CGF/VG_Longplays Earthbound_-_Section02(temp).html
2017.10.22 22:02 B E:\Projects\Creamy's_Wonderland\CGF\VG_Longplays\Earthbound_-_Section02(temp).html --> www.jdluke.com /CGF/VG_Longplays Earthbound_-_Section02(temp).html
2017.10.22 22:03 B E:\Projects\Creamy's_Wonderland\CGF\VG_Longplays\Earthbound_-_Section02(temp).html --> www.jdluke.com /CGF/VG_Longplays Earthbound_-_Section02(temp).html
2017.10.22 22:19 B E:\Projects\Creamy's_Wonderland\CGF\VG_Longplays\Earthbound_-_Section02.html --> www.jdluke.com /CGF/VG_Longplays Earthbound_-_Section02.html
2017.10.22 23:56 B E:\Projects\Creamy's_Wonderland\CGF\VG_Longplays\Earthbound_-_Section02.html --> www.jdluke.com /CGF/VG_Longplays Earthbound_-_Section02.html
2018.02.26 18:44 B E:\Projects\Creamy's_Wonderland\CGF\VG_Longplays\The_Simpsons_Arcade_Game.html --> www.jdluke.com /CGF/VG_Longplays The_Simpsons_Arcade_Game.html
2018.02.26 18:45 B E:\Projects\Creamy's_Wonderland\CGF\VG_Longplays\CGF_-_VG_Longplays.html --> www.jdluke.com /CGF/VG_Longplays CGF_-_VG_Longplays.html
2018.02.26 18:47 B E:\Projects\Creamy's_Wonderland\CGF\VG_Longplays\The_Simpsons_Arcade_Game(fs).html --> www.jdluke.com /CGF/VG_Longplays The_Simpsons_Arcade_Game(fs).html
2018.02.26 18:48 B E:\Projects\Creamy's_Wonderland\CGF\VG_Longplays\The_Simpsons_Arcade_Game.html --> www.jdluke.com /CGF/VG_Longplays The_Simpsons_Arcade_Game.html
2018.02.26 18:51 B E:\Projects\Creamy's_Wonderland\CGF\VG_Longplays\The_Simpsons_Arcade_Game.html --> www.jdluke.com /CGF/VG_Longplays The_Simpsons_Arcade_Game.html
2018.02.26 18:52 B E:\Projects\Creamy's_Wonderland\CGF\VG_Longplays\The_Simpsons_Arcade_Game.html --> www.jdluke.com /CGF/VG_Longplays The_Simpsons_Arcade_Game.html
2018.02.26 18:53 B E:\Projects\Creamy's_Wonderland\CGF\VG_Longplays\The_Simpsons_Arcade_Game.html --> www.jdluke.com /CGF/VG_Longplays The_Simpsons_Arcade_Game.html
2018.02.26 18:54 B E:\Projects\Creamy's_Wonderland\CGF\VG_Longplays\The_Simpsons_Arcade_Game.html --> www.jdluke.com /CGF/VG_Longplays The_Simpsons_Arcade_Game.html
2018.02.26 18:57 B E:\Projects\Creamy's_Wonderland\CGF\VG_Longplays\The_Simpsons_Arcade_Game.html --> www.jdluke.com /CGF/VG_Longplays The_Simpsons_Arcade_Game.html
2018.02.26 18:58 B E:\Projects\Creamy's_Wonderland\CGF\VG_Longplays\The_Simpsons_Arcade_Game.html --> www.jdluke.com /CGF/VG_Longplays The_Simpsons_Arcade_Game.html
2018.02.26 18:59 B E:\Projects\Creamy's_Wonderland\CGF\VG_Longplays\The_Simpsons_Arcade_Game.html --> www.jdluke.com /CGF/VG_Longplays The_Simpsons_Arcade_Game.html
2018.02.26 19:00 B E:\Projects\Creamy's_Wonderland\CGF\VG_Longplays\The_Simpsons_Arcade_Game.html --> www.jdluke.com /CGF/VG_Longplays The_Simpsons_Arcade_Game.html
2018.02.26 19:00 B E:\Projects\Creamy's_Wonderland\CGF\VG_Longplays\The_Simpsons_Arcade_Game.html --> www.jdluke.com /CGF/VG_Longplays The_Simpsons_Arcade_Game.html
2018.02.26 19:03 B E:\Projects\Creamy's_Wonderland\CGF\VG_Longplays\The_Simpsons_Arcade_Game.html --> www.jdluke.com /CGF/VG_Longplays The_Simpsons_Arcade_Game.html
2018.02.26 19:10 B E:\Projects\Creamy's_Wonderland\CGF\VG_Longplays\The_Simpsons_Arcade_Game.html --> www.jdluke.com /CGF/VG_Longplays The_Simpsons_Arcade_Game.html
2018.02.26 19:16 B E:\Projects\Creamy's_Wonderland\CGF\VG_Longplays\The_Simpsons_Arcade_Game.html --> www.jdluke.com /CGF/VG_Longplays The_Simpsons_Arcade_Game.html
2018.02.26 19:27 B E:\Projects\Creamy's_Wonderland\CGF\VG_Longplays\The_Simpsons_Arcade_Game.html --> www.jdluke.com /CGF/VG_Longplays The_Simpsons_Arcade_Game.html
2018.02.26 19:30 B E:\Projects\Creamy's_Wonderland\CGF\VG_Longplays\The_Simpsons_Arcade_Game.html --> www.jdluke.com /CGF/VG_Longplays The_Simpsons_Arcade_Game.html
2018.02.26 19:34 B E:\Projects\Creamy's_Wonderland\CGF\VG_Longplays\The_Simpsons_Arcade_Game.html --> www.jdluke.com /CGF/VG_Longplays The_Simpsons_Arcade_Game.html
2018.02.26 19:40 B E:\Projects\Creamy's_Wonderland\CGF\VG_Longplays\The_Simpsons_Arcade_Game.html --> www.jdluke.com /CGF/VG_Longplays The_Simpsons_Arcade_Game.html
2018.02.26 19:41 B E:\Projects\Creamy's_Wonderland\CGF\VG_Longplays\The_Simpsons_Arcade_Game.html --> www.jdluke.com /CGF/VG_Longplays The_Simpsons_Arcade_Game.html
2018.02.26 19:52 B E:\Projects\Creamy's_Wonderland\CGF\VG_Longplays\The_Simpsons_Arcade_Game.html --> www.jdluke.com /CGF/VG_Longplays The_Simpsons_Arcade_Game.html
2018.02.26 19:58 B E:\Projects\Creamy's_Wonderland\CGF\VG_Longplays\The_Simpsons_Arcade_Game.html --> www.jdluke.com /CGF/VG_Longplays The_Simpsons_Arcade_Game.html
2018.02.26 20:13 B E:\Projects\Creamy's_Wonderland\CGF\VG_Longplays\The_Simpsons_Arcade_Game.html --> www.jdluke.com /CGF/VG_Longplays The_Simpsons_Arcade_Game.html
2018.02.26 20:14 B E:\Projects\Creamy's_Wonderland\CGF\VG_Longplays\The_Simpsons_Arcade_Game.html --> www.jdluke.com /CGF/VG_Longplays The_Simpsons_Arcade_Game.html
2018.02.26 20:16 B E:\Projects\Creamy's_Wonderland\CGF\VG_Longplays\The_Simpsons_Arcade_Game.html --> www.jdluke.com /CGF/VG_Longplays The_Simpsons_Arcade_Game.html
2018.02.26 20:18 B E:\Projects\Creamy's_Wonderland\CGF\VG_Longplays\The_Simpsons_Arcade_Game.html --> www.jdluke.com /CGF/VG_Longplays The_Simpsons_Arcade_Game.html
2018.02.26 22:44 B E:\Projects\Creamy's_Wonderland\CGF\VG_Longplays\The_Simpsons_Arcade_Game.html --> www.jdluke.com /CGF/VG_Longplays The_Simpsons_Arcade_Game.html
2018.02.26 23:06 B E:\Projects\Creamy's_Wonderland\CGF\VG_Longplays\The_Simpsons_Arcade_Game.html --> www.jdluke.com /CGF/VG_Longplays The_Simpsons_Arcade_Game.html
2018.03.08 23:23 B E:\Projects\Creamy's_Wonderland\CGF\VG_Longplays\The_Simpsons_Arcade_Game.html --> www.jdluke.com /CGF/VG_Longplays The_Simpsons_Arcade_Game.html
2018.03.08 23:26 B E:\Projects\Creamy's_Wonderland\CGF\VG_Longplays\The_Simpsons_Arcade_Game.html --> www.jdluke.com /CGF/VG_Longplays The_Simpsons_Arcade_Game.html
2018.03.18 14:22 B E:\Projects\Creamy's_Wonderland\CGF\VG_Longplays\The_Simpsons_Arcade_Game.html --> www.jdluke.com /CGF/VG_Longplays The_Simpsons_Arcade_Game.html
2018.03.18 18:23 B E:\Projects\Creamy's_Wonderland\CGF\VG_Longplays\The_Simpsons_Arcade_Game.html --> www.jdluke.com /CGF/VG_Longplays The_Simpsons_Arcade_Game.html
2018.03.29 20:46 B E:\Projects\Creamy's_Wonderland\CGF\VG_Longplays\The_Simpsons_Arcade_Game.html --> www.jdluke.com /CGF/VG_Longplays The_Simpsons_Arcade_Game.html
2018.04.08 21:26 B E:\Projects\Creamy's_Wonderland\CGF\VG_Longplays\The_Simpsons_Arcade_Game.html --> www.jdluke.com /CGF/VG_Longplays The_Simpsons_Arcade_Game.html
2018.04.18 16:30 B E:\Projects\Creamy's_Wonderland\CGF\VG_Longplays\The_Simpsons_Arcade_Game.html --> www.jdluke.com /CGF/VG_Longplays The_Simpsons_Arcade_Game.html
2018.04.29 16:48 B E:\Projects\Creamy's_Wonderland\CGF\VG_Longplays\The_Simpsons_Arcade_Game.html --> www.jdluke.com /CGF/VG_Longplays The_Simpsons_Arcade_Game.html
2018.05.09 23:47 B E:\Projects\Creamy's_Wonderland\CGF\VG_Longplays\The_Simpsons_Arcade_Game.html --> www.jdluke.com /CGF/VG_Longplays The_Simpsons_Arcade_Game.html
