2009.09.12 18:05 B E:\Projects\Creamy's_Wonderland\Live_Events\QuakeCon\Live_Events_-_QuakeCon(fs).html --> ftp.hugelaser.com /Live_Events/QuakeCon Live_Events_-_QuakeCon(fs).html
2009.09.12 18:05 B E:\Projects\Creamy's_Wonderland\Live_Events\QuakeCon\Live_Events_-_QuakeCon(lfm).html --> ftp.hugelaser.com /Live_Events/QuakeCon Live_Events_-_QuakeCon(lfm).html
2009.09.12 18:05 B E:\Projects\Creamy's_Wonderland\Live_Events\QuakeCon\Movies(fs).html --> ftp.hugelaser.com /Live_Events/QuakeCon Movies(fs).html
2009.09.12 18:05 B E:\Projects\Creamy's_Wonderland\Live_Events\QuakeCon\Movies(lfm).html --> ftp.hugelaser.com /Live_Events/QuakeCon Movies(lfm).html
2009.09.12 18:05 B E:\Projects\Creamy's_Wonderland\Live_Events\QuakeCon\Photo_Log(fs).html --> ftp.hugelaser.com /Live_Events/QuakeCon Photo_Log(fs).html
2009.09.12 18:05 B E:\Projects\Creamy's_Wonderland\Live_Events\QuakeCon\Photo_Log(lfm).html --> ftp.hugelaser.com /Live_Events/QuakeCon Photo_Log(lfm).html
2009.09.12 18:05 B E:\Projects\Creamy's_Wonderland\Live_Events\QuakeCon\Rec_Games(fs).html --> ftp.hugelaser.com /Live_Events/QuakeCon Rec_Games(fs).html
2009.09.12 18:05 B E:\Projects\Creamy's_Wonderland\Live_Events\QuakeCon\Rec_Games(lfm).html --> ftp.hugelaser.com /Live_Events/QuakeCon Rec_Games(lfm).html
2009.09.12 18:05 B E:\Projects\Creamy's_Wonderland\Live_Events\QuakeCon\Written_Log(fs).html --> ftp.hugelaser.com /Live_Events/QuakeCon Written_Log(fs).html
2009.09.12 18:05 B E:\Projects\Creamy's_Wonderland\Live_Events\QuakeCon\Written_Log(lfm).html --> ftp.hugelaser.com /Live_Events/QuakeCon Written_Log(lfm).html
2009.09.12 20:59 B E:\Projects\Creamy's_Wonderland\Live_Events\QuakeCon\Photo_Log(lfm).html --> ftp.hugelaser.com /Live_Events/QuakeCon Photo_Log(lfm).html
2009.09.12 20:59 B E:\Projects\Creamy's_Wonderland\Live_Events\QuakeCon\Movies(lfm).html --> ftp.hugelaser.com /Live_Events/QuakeCon Movies(lfm).html
2009.09.12 20:59 B E:\Projects\Creamy's_Wonderland\Live_Events\QuakeCon\Written_Log(lfm).html --> ftp.hugelaser.com /Live_Events/QuakeCon Written_Log(lfm).html
2009.09.12 20:59 B E:\Projects\Creamy's_Wonderland\Live_Events\QuakeCon\Live_Events_-_QuakeCon(lfm).html --> ftp.hugelaser.com /Live_Events/QuakeCon Live_Events_-_QuakeCon(lfm).html
2009.09.12 20:59 B E:\Projects\Creamy's_Wonderland\Live_Events\QuakeCon\Rec_Games(lfm).html --> ftp.hugelaser.com /Live_Events/QuakeCon Rec_Games(lfm).html
2009.09.13 01:45 B E:\Projects\Creamy's_Wonderland\Live_Events\QuakeCon\Rec_Games(fs).html --> ftp.hugelaser.com /Live_Events/QuakeCon Rec_Games(fs).html
2009.09.13 01:45 B E:\Projects\Creamy's_Wonderland\Live_Events\QuakeCon\Photo_Log(fs).html --> ftp.hugelaser.com /Live_Events/QuakeCon Photo_Log(fs).html
2009.09.13 01:45 B E:\Projects\Creamy's_Wonderland\Live_Events\QuakeCon\Movies(fs).html --> ftp.hugelaser.com /Live_Events/QuakeCon Movies(fs).html
2009.09.13 01:45 B E:\Projects\Creamy's_Wonderland\Live_Events\QuakeCon\Written_Log(fs).html --> ftp.hugelaser.com /Live_Events/QuakeCon Written_Log(fs).html
2009.09.13 01:46 B E:\Projects\Creamy's_Wonderland\Live_Events\QuakeCon\Live_Events_-_QuakeCon(fs).html --> ftp.hugelaser.com /Live_Events/QuakeCon Live_Events_-_QuakeCon(fs).html
2009.11.29 23:35 B E:\Projects\Creamy's_Wonderland\Live_Events\QuakeCon\RecGames.html --> ftp.hugelaser.com /Live_Events/QuakeCon RecGames.html
2009.11.29 23:35 B E:\Projects\Creamy's_Wonderland\Live_Events\QuakeCon\Written_Log_-_QC2003_-_Day03.html --> ftp.hugelaser.com /Live_Events/QuakeCon Written_Log_-_QC2003_-_Day03.html
2009.11.29 23:35 B E:\Projects\Creamy's_Wonderland\Live_Events\QuakeCon\Written_Log_-_QC2003_-_Day02.html --> ftp.hugelaser.com /Live_Events/QuakeCon Written_Log_-_QC2003_-_Day02.html
2009.11.29 23:35 B E:\Projects\Creamy's_Wonderland\Live_Events\QuakeCon\Movies_-_QC2008.html --> ftp.hugelaser.com /Live_Events/QuakeCon Movies_-_QC2008.html
2009.11.29 23:35 B E:\Projects\Creamy's_Wonderland\Live_Events\QuakeCon\Movies_-_QC2006.html --> ftp.hugelaser.com /Live_Events/QuakeCon Movies_-_QC2006.html
2009.11.29 23:35 B E:\Projects\Creamy's_Wonderland\Live_Events\QuakeCon\Movies.html --> ftp.hugelaser.com /Live_Events/QuakeCon Movies.html
2009.11.29 23:35 B E:\Projects\Creamy's_Wonderland\Live_Events\QuakeCon\Photo_Log.html --> ftp.hugelaser.com /Live_Events/QuakeCon Photo_Log.html
2009.11.29 23:35 B E:\Projects\Creamy's_Wonderland\Live_Events\QuakeCon\Photo_Log_-_QC2008.html --> ftp.hugelaser.com /Live_Events/QuakeCon Photo_Log_-_QC2008.html
2009.11.29 23:35 B E:\Projects\Creamy's_Wonderland\Live_Events\QuakeCon\Photo_Log_-_QC2006.html --> ftp.hugelaser.com /Live_Events/QuakeCon Photo_Log_-_QC2006.html
2009.11.29 23:35 B E:\Projects\Creamy's_Wonderland\Live_Events\QuakeCon\Photo_Log_-_QC2003.html --> ftp.hugelaser.com /Live_Events/QuakeCon Photo_Log_-_QC2003.html
2009.11.29 23:35 B E:\Projects\Creamy's_Wonderland\Live_Events\QuakeCon\Photo_Log_-_QC2001.html --> ftp.hugelaser.com /Live_Events/QuakeCon Photo_Log_-_QC2001.html
2009.11.29 23:35 B E:\Projects\Creamy's_Wonderland\Live_Events\QuakeCon\Written_Log.html --> ftp.hugelaser.com /Live_Events/QuakeCon Written_Log.html
2009.11.29 23:36 B E:\Projects\Creamy's_Wonderland\Live_Events\QuakeCon\Live_Events_-_QuakeCon.html --> ftp.hugelaser.com /Live_Events/QuakeCon Live_Events_-_QuakeCon.html
2009.11.29 23:36 B E:\Projects\Creamy's_Wonderland\Live_Events\QuakeCon\Written_Log_-_QC2008_-_Day04.html --> ftp.hugelaser.com /Live_Events/QuakeCon Written_Log_-_QC2008_-_Day04.html
2009.11.29 23:36 B E:\Projects\Creamy's_Wonderland\Live_Events\QuakeCon\Written_Log_-_QC2008_-_Day03.html --> ftp.hugelaser.com /Live_Events/QuakeCon Written_Log_-_QC2008_-_Day03.html
2009.11.29 23:36 B E:\Projects\Creamy's_Wonderland\Live_Events\QuakeCon\Written_Log_-_QC2008_-_Day02.html --> ftp.hugelaser.com /Live_Events/QuakeCon Written_Log_-_QC2008_-_Day02.html
2009.11.29 23:36 B E:\Projects\Creamy's_Wonderland\Live_Events\QuakeCon\Written_Log_-_QC2008_-_Day01.html --> ftp.hugelaser.com /Live_Events/QuakeCon Written_Log_-_QC2008_-_Day01.html
2009.11.29 23:36 B E:\Projects\Creamy's_Wonderland\Live_Events\QuakeCon\Written_Log_-_QC2003_-_Day04.html --> ftp.hugelaser.com /Live_Events/QuakeCon Written_Log_-_QC2003_-_Day04.html
2009.11.29 23:36 B E:\Projects\Creamy's_Wonderland\Live_Events\QuakeCon\Written_Log_-_QC2003_-_Day01.html --> ftp.hugelaser.com /Live_Events/QuakeCon Written_Log_-_QC2003_-_Day01.html
2009.11.29 23:36 B E:\Projects\Creamy's_Wonderland\Live_Events\QuakeCon\Written_Log_-_QC2001_-_Day03.html --> ftp.hugelaser.com /Live_Events/QuakeCon Written_Log_-_QC2001_-_Day03.html
2009.11.29 23:36 B E:\Projects\Creamy's_Wonderland\Live_Events\QuakeCon\Written_Log_-_QC2001_-_Day02.html --> ftp.hugelaser.com /Live_Events/QuakeCon Written_Log_-_QC2001_-_Day02.html
2009.11.29 23:36 B E:\Projects\Creamy's_Wonderland\Live_Events\QuakeCon\Written_Log_-_QC2006_-_Day04.html --> ftp.hugelaser.com /Live_Events/QuakeCon Written_Log_-_QC2006_-_Day04.html
2009.11.29 23:36 B E:\Projects\Creamy's_Wonderland\Live_Events\QuakeCon\Written_Log_-_QC2006_-_Day02.html --> ftp.hugelaser.com /Live_Events/QuakeCon Written_Log_-_QC2006_-_Day02.html
2009.11.29 23:36 B E:\Projects\Creamy's_Wonderland\Live_Events\QuakeCon\Written_Log_-_QC2006_-_Day03.html --> ftp.hugelaser.com /Live_Events/QuakeCon Written_Log_-_QC2006_-_Day03.html
2009.11.29 23:36 B E:\Projects\Creamy's_Wonderland\Live_Events\QuakeCon\Written_Log_-_QC2006_-_Day01.html --> ftp.hugelaser.com /Live_Events/QuakeCon Written_Log_-_QC2006_-_Day01.html
2009.11.29 23:36 B E:\Projects\Creamy's_Wonderland\Live_Events\QuakeCon\Written_Log_-_QC2001_-_Day01.html --> ftp.hugelaser.com /Live_Events/QuakeCon Written_Log_-_QC2001_-_Day01.html
2009.11.29 23:36 B E:\Projects\Creamy's_Wonderland\Live_Events\QuakeCon\Written_Log_-_QC2001_-_Closing.html --> ftp.hugelaser.com /Live_Events/QuakeCon Written_Log_-_QC2001_-_Closing.html
2009.11.29 23:43 B E:\Projects\Creamy's_Wonderland\Live_Events\QuakeCon\Written_Log_-_QC2006_-_Day02.html --> ftp.hugelaser.com /Live_Events/QuakeCon Written_Log_-_QC2006_-_Day02.html
2009.11.29 23:49 B E:\Projects\Creamy's_Wonderland\Live_Events\QuakeCon\Written_Log_-_QC2006_-_Day04.html --> ftp.hugelaser.com /Live_Events/QuakeCon Written_Log_-_QC2006_-_Day04.html
2009.11.29 23:49 B E:\Projects\Creamy's_Wonderland\Live_Events\QuakeCon\Written_Log_-_QC2006_-_Day01.html --> ftp.hugelaser.com /Live_Events/QuakeCon Written_Log_-_QC2006_-_Day01.html
2009.11.29 23:49 B E:\Projects\Creamy's_Wonderland\Live_Events\QuakeCon\Written_Log_-_QC2006_-_Day03.html --> ftp.hugelaser.com /Live_Events/QuakeCon Written_Log_-_QC2006_-_Day03.html
2009.11.29 23:50 B E:\Projects\Creamy's_Wonderland\Live_Events\QuakeCon\Written_Log_-_QC2006_-_Day02.html --> ftp.hugelaser.com /Live_Events/QuakeCon Written_Log_-_QC2006_-_Day02.html
2009.11.30 01:45 B E:\Projects\Creamy's_Wonderland\Live_Events\QuakeCon\Written_Log_-_QC2003_-_Day03.html --> ftp.hugelaser.com /Live_Events/QuakeCon Written_Log_-_QC2003_-_Day03.html
2009.11.30 01:52 B E:\Projects\Creamy's_Wonderland\Live_Events\QuakeCon\Written_Log_-_QC2006_-_Day04.html --> ftp.hugelaser.com /Live_Events/QuakeCon Written_Log_-_QC2006_-_Day04.html
2010.09.28 23:46 B E:\Projects\Creamy's_Wonderland\Live_Events\QuakeCon\Written_Log_-_QC2010_-_Day04.html --> ftp.hugelaser.com /Live_Events/QuakeCon Written_Log_-_QC2010_-_Day04.html
2010.09.28 23:46 B E:\Projects\Creamy's_Wonderland\Live_Events\QuakeCon\Written_Log_-_QC2010_-_Day02.html --> ftp.hugelaser.com /Live_Events/QuakeCon Written_Log_-_QC2010_-_Day02.html
2010.09.28 23:46 B E:\Projects\Creamy's_Wonderland\Live_Events\QuakeCon\Written_Log_-_QC2010_-_Day03.html --> ftp.hugelaser.com /Live_Events/QuakeCon Written_Log_-_QC2010_-_Day03.html
2010.09.28 23:46 B E:\Projects\Creamy's_Wonderland\Live_Events\QuakeCon\Written_Log_-_QC2010_-_Day01.html --> ftp.hugelaser.com /Live_Events/QuakeCon Written_Log_-_QC2010_-_Day01.html
2010.09.28 23:46 B E:\Projects\Creamy's_Wonderland\Live_Events\QuakeCon\Written_Log.html --> ftp.hugelaser.com /Live_Events/QuakeCon Written_Log.html
2010.09.28 23:46 B E:\Projects\Creamy's_Wonderland\Live_Events\QuakeCon\Photo_Log_-_QC2010.html --> ftp.hugelaser.com /Live_Events/QuakeCon Photo_Log_-_QC2010.html
2010.09.28 23:46 B E:\Projects\Creamy's_Wonderland\Live_Events\QuakeCon\Photo_Log.html --> ftp.hugelaser.com /Live_Events/QuakeCon Photo_Log.html
2010.09.28 23:46 B E:\Projects\Creamy's_Wonderland\Live_Events\QuakeCon\Movies.html --> ftp.hugelaser.com /Live_Events/QuakeCon Movies.html
2010.09.28 23:46 B E:\Projects\Creamy's_Wonderland\Live_Events\QuakeCon\Rec_Games.html --> ftp.hugelaser.com /Live_Events/QuakeCon Rec_Games.html
2010.09.28 23:46 B E:\Projects\Creamy's_Wonderland\Live_Events\QuakeCon\Movies_-_QC2010.html --> ftp.hugelaser.com /Live_Events/QuakeCon Movies_-_QC2010.html
2010.09.28 23:59 B E:\Projects\Creamy's_Wonderland\Live_Events\QuakeCon\Written_Log_-_QC2010_-_Day04.html --> ftp.hugelaser.com /Live_Events/QuakeCon Written_Log_-_QC2010_-_Day04.html
2010.09.29 00:34 B E:\Projects\Creamy's_Wonderland\Live_Events\QuakeCon\Movies_-_QC2010.html --> ftp.hugelaser.com /Live_Events/QuakeCon Movies_-_QC2010.html
2010.10.02 14:31 B E:\Projects\Creamy's_Wonderland\Live_Events\QuakeCon\Written_Log_-_QC2003_-_Day02.html --> ftp.hugelaser.com /Live_Events/QuakeCon Written_Log_-_QC2003_-_Day02.html
2010.10.02 14:31 B E:\Projects\Creamy's_Wonderland\Live_Events\QuakeCon\Rec_Games.html --> ftp.hugelaser.com /Live_Events/QuakeCon Rec_Games.html
2010.10.02 14:31 B E:\Projects\Creamy's_Wonderland\Live_Events\QuakeCon\Written_Log_-_QC2008_-_Day04.html --> ftp.hugelaser.com /Live_Events/QuakeCon Written_Log_-_QC2008_-_Day04.html
2010.10.02 14:31 B E:\Projects\Creamy's_Wonderland\Live_Events\QuakeCon\Written_Log_-_QC2008_-_Day02.html --> ftp.hugelaser.com /Live_Events/QuakeCon Written_Log_-_QC2008_-_Day02.html
2010.10.02 14:31 B E:\Projects\Creamy's_Wonderland\Live_Events\QuakeCon\Written_Log_-_QC2003_-_Day03.html --> ftp.hugelaser.com /Live_Events/QuakeCon Written_Log_-_QC2003_-_Day03.html
2010.10.02 14:31 B E:\Projects\Creamy's_Wonderland\Live_Events\QuakeCon\Written_Log_-_QC2001_-_Day03.html --> ftp.hugelaser.com /Live_Events/QuakeCon Written_Log_-_QC2001_-_Day03.html
2010.10.02 14:31 B E:\Projects\Creamy's_Wonderland\Live_Events\QuakeCon\Written_Log_-_QC2001_-_Day02.html --> ftp.hugelaser.com /Live_Events/QuakeCon Written_Log_-_QC2001_-_Day02.html
2013.01.06 20:06 B E:\Projects\Creamy's_Wonderland\Live_Events\QuakeCon\Movies.html --> ftp.hugelaser.com /Live_Events/QuakeCon Movies.html
2013.01.07 11:02 B E:\Projects\Creamy's_Wonderland\Live_Events\QuakeCon\Photo_Log_-_QC2008.html --> ftp.hugelaser.com /Live_Events/QuakeCon Photo_Log_-_QC2008.html
2013.01.07 11:21 B E:\Projects\Creamy's_Wonderland\Live_Events\QuakeCon\Photo_Log_-_QC2010.html --> ftp.hugelaser.com /Live_Events/QuakeCon Photo_Log_-_QC2010.html
2013.01.07 13:05 B E:\Projects\Creamy's_Wonderland\Live_Events\QuakeCon\Movies_-_QC2006.html --> ftp.hugelaser.com /Live_Events/QuakeCon Movies_-_QC2006.html
2013.01.07 13:52 B E:\Projects\Creamy's_Wonderland\Live_Events\QuakeCon\Photo_Log_-_QC2006.html --> ftp.hugelaser.com /Live_Events/QuakeCon Photo_Log_-_QC2006.html
2013.01.07 14:10 B E:\Projects\Creamy's_Wonderland\Live_Events\QuakeCon\Photo_Log_-_QC2003.html --> ftp.hugelaser.com /Live_Events/QuakeCon Photo_Log_-_QC2003.html
2013.01.07 15:02 B E:\Projects\Creamy's_Wonderland\Live_Events\QuakeCon\Movies_-_QC2010.html --> ftp.hugelaser.com /Live_Events/QuakeCon Movies_-_QC2010.html
2013.01.07 15:02 B E:\Projects\Creamy's_Wonderland\Live_Events\QuakeCon\Movies_-_QC2008.html --> ftp.hugelaser.com /Live_Events/QuakeCon Movies_-_QC2008.html
2013.01.07 15:12 B E:\Projects\Creamy's_Wonderland\Live_Events\QuakeCon\Movies_-_QC2008.html --> ftp.hugelaser.com /Live_Events/QuakeCon Movies_-_QC2008.html
2013.01.07 15:12 B E:\Projects\Creamy's_Wonderland\Live_Events\QuakeCon\Movies_-_QC2010.html --> ftp.hugelaser.com /Live_Events/QuakeCon Movies_-_QC2010.html
2013.01.07 19:59 B E:\Projects\Creamy's_Wonderland\Live_Events\QuakeCon\Rec_Games.html --> ftp.hugelaser.com /Live_Events/QuakeCon Rec_Games.html
2013.01.07 19:59 B E:\Projects\Creamy's_Wonderland\Live_Events\QuakeCon\Movies_-_QC2012.html --> ftp.hugelaser.com /Live_Events/QuakeCon Movies_-_QC2012.html
2013.12.12 18:12 B E:\Projects\Creamy's_Wonderland\Live_Events\QuakeCon\Written_Log_-_QC2001_-_Closing.html <-- Creamy's Wonderland(JDL) /Live_Events/QuakeCon Written_Log_-_QC2001_-_Closing.html
2013.12.12 18:12 B E:\Projects\Creamy's_Wonderland\Live_Events\QuakeCon\Written_Log_-_QC2001_-_Day01.html <-- Creamy's Wonderland(JDL) /Live_Events/QuakeCon Written_Log_-_QC2001_-_Day01.html
2013.12.12 18:12 B E:\Projects\Creamy's_Wonderland\Live_Events\QuakeCon\Written_Log_-_QC2001_-_Day02.html <-- Creamy's Wonderland(JDL) /Live_Events/QuakeCon Written_Log_-_QC2001_-_Day02.html
2013.12.12 18:12 B E:\Projects\Creamy's_Wonderland\Live_Events\QuakeCon\Written_Log_-_QC2001_-_Day03.html <-- Creamy's Wonderland(JDL) /Live_Events/QuakeCon Written_Log_-_QC2001_-_Day03.html
2013.12.12 18:12 B E:\Projects\Creamy's_Wonderland\Live_Events\QuakeCon\Written_Log_-_QC2003_-_Day01.html <-- Creamy's Wonderland(JDL) /Live_Events/QuakeCon Written_Log_-_QC2003_-_Day01.html
2013.12.12 18:12 B E:\Projects\Creamy's_Wonderland\Live_Events\QuakeCon\Written_Log_-_QC2003_-_Day02.html <-- Creamy's Wonderland(JDL) /Live_Events/QuakeCon Written_Log_-_QC2003_-_Day02.html
2013.12.12 18:12 B E:\Projects\Creamy's_Wonderland\Live_Events\QuakeCon\Written_Log_-_QC2003_-_Day03.html <-- Creamy's Wonderland(JDL) /Live_Events/QuakeCon Written_Log_-_QC2003_-_Day03.html
2013.12.12 18:12 B E:\Projects\Creamy's_Wonderland\Live_Events\QuakeCon\Written_Log_-_QC2003_-_Day04.html <-- Creamy's Wonderland(JDL) /Live_Events/QuakeCon Written_Log_-_QC2003_-_Day04.html
2013.12.12 21:14 B E:\Projects\Creamy's_Wonderland\Live_Events\QuakeCon\Live_Events_-_QuakeCon(fs).html --> www.jdluke.com /Live_Events/QuakeCon Live_Events_-_QuakeCon(fs).html
2013.12.12 21:14 B E:\Projects\Creamy's_Wonderland\Live_Events\QuakeCon\Live_Events_-_QuakeCon(lfm).html --> www.jdluke.com /Live_Events/QuakeCon Live_Events_-_QuakeCon(lfm).html
2013.12.12 21:14 B E:\Projects\Creamy's_Wonderland\Live_Events\QuakeCon\Live_Events_-_QuakeCon.html --> www.jdluke.com /Live_Events/QuakeCon Live_Events_-_QuakeCon.html
2013.12.12 21:14 B E:\Projects\Creamy's_Wonderland\Live_Events\QuakeCon\Movies(fs).html --> www.jdluke.com /Live_Events/QuakeCon Movies(fs).html
2013.12.12 21:14 B E:\Projects\Creamy's_Wonderland\Live_Events\QuakeCon\Movies(lfm).html --> www.jdluke.com /Live_Events/QuakeCon Movies(lfm).html
2013.12.12 21:14 B E:\Projects\Creamy's_Wonderland\Live_Events\QuakeCon\Movies.html --> www.jdluke.com /Live_Events/QuakeCon Movies.html
2013.12.12 21:14 B E:\Projects\Creamy's_Wonderland\Live_Events\QuakeCon\Movies_-_QC2006.html --> www.jdluke.com /Live_Events/QuakeCon Movies_-_QC2006.html
2013.12.12 21:14 B E:\Projects\Creamy's_Wonderland\Live_Events\QuakeCon\Movies_-_QC2008.html --> www.jdluke.com /Live_Events/QuakeCon Movies_-_QC2008.html
2013.12.12 21:14 B E:\Projects\Creamy's_Wonderland\Live_Events\QuakeCon\Movies_-_QC2010.html --> www.jdluke.com /Live_Events/QuakeCon Movies_-_QC2010.html
2013.12.12 21:14 B E:\Projects\Creamy's_Wonderland\Live_Events\QuakeCon\Movies_-_QC2012.html --> www.jdluke.com /Live_Events/QuakeCon Movies_-_QC2012.html
2013.12.12 21:14 B E:\Projects\Creamy's_Wonderland\Live_Events\QuakeCon\Photo_Log(fs).html --> www.jdluke.com /Live_Events/QuakeCon Photo_Log(fs).html
2013.12.12 21:14 B E:\Projects\Creamy's_Wonderland\Live_Events\QuakeCon\Photo_Log(lfm).html --> www.jdluke.com /Live_Events/QuakeCon Photo_Log(lfm).html
2013.12.12 21:14 B E:\Projects\Creamy's_Wonderland\Live_Events\QuakeCon\Photo_Log.html --> www.jdluke.com /Live_Events/QuakeCon Photo_Log.html
2013.12.12 21:14 B E:\Projects\Creamy's_Wonderland\Live_Events\QuakeCon\Photo_Log_-_QC2001.html --> www.jdluke.com /Live_Events/QuakeCon Photo_Log_-_QC2001.html
2013.12.12 21:14 B E:\Projects\Creamy's_Wonderland\Live_Events\QuakeCon\Photo_Log_-_QC2003.html --> www.jdluke.com /Live_Events/QuakeCon Photo_Log_-_QC2003.html
2013.12.12 21:14 B E:\Projects\Creamy's_Wonderland\Live_Events\QuakeCon\Photo_Log_-_QC2006.html --> www.jdluke.com /Live_Events/QuakeCon Photo_Log_-_QC2006.html
2013.12.12 21:14 B E:\Projects\Creamy's_Wonderland\Live_Events\QuakeCon\Photo_Log_-_QC2008.html --> www.jdluke.com /Live_Events/QuakeCon Photo_Log_-_QC2008.html
2013.12.12 21:14 B E:\Projects\Creamy's_Wonderland\Live_Events\QuakeCon\Photo_Log_-_QC2010.html --> www.jdluke.com /Live_Events/QuakeCon Photo_Log_-_QC2010.html
2013.12.12 21:14 B E:\Projects\Creamy's_Wonderland\Live_Events\QuakeCon\Photo_Log_-_QC2012.html --> www.jdluke.com /Live_Events/QuakeCon Photo_Log_-_QC2012.html
2013.12.12 21:14 B E:\Projects\Creamy's_Wonderland\Live_Events\QuakeCon\Rec_Games(fs).html --> www.jdluke.com /Live_Events/QuakeCon Rec_Games(fs).html
2013.12.12 21:14 B E:\Projects\Creamy's_Wonderland\Live_Events\QuakeCon\Rec_Games(lfm).html --> www.jdluke.com /Live_Events/QuakeCon Rec_Games(lfm).html
2013.12.12 21:14 B E:\Projects\Creamy's_Wonderland\Live_Events\QuakeCon\Rec_Games.html --> www.jdluke.com /Live_Events/QuakeCon Rec_Games.html
2013.12.12 21:14 B E:\Projects\Creamy's_Wonderland\Live_Events\QuakeCon\Written_Log(fs).html --> www.jdluke.com /Live_Events/QuakeCon Written_Log(fs).html
2013.12.12 21:14 B E:\Projects\Creamy's_Wonderland\Live_Events\QuakeCon\Written_Log(lfm).html --> www.jdluke.com /Live_Events/QuakeCon Written_Log(lfm).html
2013.12.12 21:14 B E:\Projects\Creamy's_Wonderland\Live_Events\QuakeCon\Written_Log.html --> www.jdluke.com /Live_Events/QuakeCon Written_Log.html
2013.12.12 21:14 B E:\Projects\Creamy's_Wonderland\Live_Events\QuakeCon\Written_Log_-_QC2001_-_Closing.html --> www.jdluke.com /Live_Events/QuakeCon Written_Log_-_QC2001_-_Closing.html
2013.12.12 21:14 B E:\Projects\Creamy's_Wonderland\Live_Events\QuakeCon\Written_Log_-_QC2001_-_Day01.html --> www.jdluke.com /Live_Events/QuakeCon Written_Log_-_QC2001_-_Day01.html
2013.12.12 21:14 B E:\Projects\Creamy's_Wonderland\Live_Events\QuakeCon\Written_Log_-_QC2001_-_Day02.html --> www.jdluke.com /Live_Events/QuakeCon Written_Log_-_QC2001_-_Day02.html
2013.12.12 21:14 B E:\Projects\Creamy's_Wonderland\Live_Events\QuakeCon\Written_Log_-_QC2001_-_Day03.html --> www.jdluke.com /Live_Events/QuakeCon Written_Log_-_QC2001_-_Day03.html
2013.12.12 21:14 B E:\Projects\Creamy's_Wonderland\Live_Events\QuakeCon\Written_Log_-_QC2003_-_Day01.html --> www.jdluke.com /Live_Events/QuakeCon Written_Log_-_QC2003_-_Day01.html
2013.12.12 21:14 B E:\Projects\Creamy's_Wonderland\Live_Events\QuakeCon\Written_Log_-_QC2003_-_Day02.html --> www.jdluke.com /Live_Events/QuakeCon Written_Log_-_QC2003_-_Day02.html
2013.12.12 21:14 B E:\Projects\Creamy's_Wonderland\Live_Events\QuakeCon\Written_Log_-_QC2003_-_Day03.html --> www.jdluke.com /Live_Events/QuakeCon Written_Log_-_QC2003_-_Day03.html
2013.12.12 21:14 B E:\Projects\Creamy's_Wonderland\Live_Events\QuakeCon\Written_Log_-_QC2003_-_Day04.html --> www.jdluke.com /Live_Events/QuakeCon Written_Log_-_QC2003_-_Day04.html
2013.12.12 21:14 B E:\Projects\Creamy's_Wonderland\Live_Events\QuakeCon\Written_Log_-_QC2006_-_Day01.html --> www.jdluke.com /Live_Events/QuakeCon Written_Log_-_QC2006_-_Day01.html
2013.12.12 21:14 B E:\Projects\Creamy's_Wonderland\Live_Events\QuakeCon\Written_Log_-_QC2006_-_Day02.html --> www.jdluke.com /Live_Events/QuakeCon Written_Log_-_QC2006_-_Day02.html
2013.12.12 21:14 B E:\Projects\Creamy's_Wonderland\Live_Events\QuakeCon\Written_Log_-_QC2006_-_Day03.html --> www.jdluke.com /Live_Events/QuakeCon Written_Log_-_QC2006_-_Day03.html
2013.12.12 21:14 B E:\Projects\Creamy's_Wonderland\Live_Events\QuakeCon\Written_Log_-_QC2006_-_Day04.html --> www.jdluke.com /Live_Events/QuakeCon Written_Log_-_QC2006_-_Day04.html
2013.12.12 21:14 B E:\Projects\Creamy's_Wonderland\Live_Events\QuakeCon\Written_Log_-_QC2008_-_Day01.html --> www.jdluke.com /Live_Events/QuakeCon Written_Log_-_QC2008_-_Day01.html
2013.12.12 21:14 B E:\Projects\Creamy's_Wonderland\Live_Events\QuakeCon\Written_Log_-_QC2008_-_Day02.html --> www.jdluke.com /Live_Events/QuakeCon Written_Log_-_QC2008_-_Day02.html
2013.12.12 21:14 B E:\Projects\Creamy's_Wonderland\Live_Events\QuakeCon\Written_Log_-_QC2008_-_Day03.html --> www.jdluke.com /Live_Events/QuakeCon Written_Log_-_QC2008_-_Day03.html
2013.12.12 21:14 B E:\Projects\Creamy's_Wonderland\Live_Events\QuakeCon\Written_Log_-_QC2008_-_Day04.html --> www.jdluke.com /Live_Events/QuakeCon Written_Log_-_QC2008_-_Day04.html
2013.12.12 21:14 B E:\Projects\Creamy's_Wonderland\Live_Events\QuakeCon\Written_Log_-_QC2010_-_Day01.html --> www.jdluke.com /Live_Events/QuakeCon Written_Log_-_QC2010_-_Day01.html
2013.12.12 21:14 B E:\Projects\Creamy's_Wonderland\Live_Events\QuakeCon\Written_Log_-_QC2010_-_Day02.html --> www.jdluke.com /Live_Events/QuakeCon Written_Log_-_QC2010_-_Day02.html
2013.12.12 21:14 B E:\Projects\Creamy's_Wonderland\Live_Events\QuakeCon\Written_Log_-_QC2010_-_Day03.html --> www.jdluke.com /Live_Events/QuakeCon Written_Log_-_QC2010_-_Day03.html
2013.12.12 21:14 B E:\Projects\Creamy's_Wonderland\Live_Events\QuakeCon\Written_Log_-_QC2010_-_Day04.html --> www.jdluke.com /Live_Events/QuakeCon Written_Log_-_QC2010_-_Day04.html
2013.12.12 21:14 B E:\Projects\Creamy's_Wonderland\Live_Events\QuakeCon\Written_Log_-_QC2012_-_Day01.html --> www.jdluke.com /Live_Events/QuakeCon Written_Log_-_QC2012_-_Day01.html
2013.12.12 21:14 B E:\Projects\Creamy's_Wonderland\Live_Events\QuakeCon\Written_Log_-_QC2012_-_Day02.html --> www.jdluke.com /Live_Events/QuakeCon Written_Log_-_QC2012_-_Day02.html
2013.12.12 21:14 B E:\Projects\Creamy's_Wonderland\Live_Events\QuakeCon\Written_Log_-_QC2012_-_Day03.html --> www.jdluke.com /Live_Events/QuakeCon Written_Log_-_QC2012_-_Day03.html
2013.12.12 21:14 B E:\Projects\Creamy's_Wonderland\Live_Events\QuakeCon\Written_Log_-_QC2012_-_Day04.html --> www.jdluke.com /Live_Events/QuakeCon Written_Log_-_QC2012_-_Day04.html
2014.01.12 22:21 B E:\Projects\Creamy's_Wonderland\Live_Events\QuakeCon\Written_Log(lfm).html --> www.jdluke.com /Live_Events/QuakeCon Written_Log(lfm).html
2014.01.12 22:21 B E:\Projects\Creamy's_Wonderland\Live_Events\QuakeCon\Rec_Games(lfm).html --> www.jdluke.com /Live_Events/QuakeCon Rec_Games(lfm).html
2014.01.12 22:21 B E:\Projects\Creamy's_Wonderland\Live_Events\QuakeCon\Photo_Log(lfm).html --> www.jdluke.com /Live_Events/QuakeCon Photo_Log(lfm).html
2014.01.12 22:21 B E:\Projects\Creamy's_Wonderland\Live_Events\QuakeCon\Movies(lfm).html --> www.jdluke.com /Live_Events/QuakeCon Movies(lfm).html
2014.01.12 22:21 B E:\Projects\Creamy's_Wonderland\Live_Events\QuakeCon\Live_Events_-_QuakeCon(lfm).html --> www.jdluke.com /Live_Events/QuakeCon Live_Events_-_QuakeCon(lfm).html
2014.01.12 23:52 B E:\Projects\Creamy's_Wonderland\Live_Events\QuakeCon\Written_Log(lfm).html --> www.jdluke.com /Live_Events/QuakeCon Written_Log(lfm).html
2014.01.12 23:52 B E:\Projects\Creamy's_Wonderland\Live_Events\QuakeCon\Rec_Games(lfm).html --> www.jdluke.com /Live_Events/QuakeCon Rec_Games(lfm).html
2014.01.12 23:52 B E:\Projects\Creamy's_Wonderland\Live_Events\QuakeCon\Photo_Log(lfm).html --> www.jdluke.com /Live_Events/QuakeCon Photo_Log(lfm).html
2014.01.12 23:52 B E:\Projects\Creamy's_Wonderland\Live_Events\QuakeCon\Movies(lfm).html --> www.jdluke.com /Live_Events/QuakeCon Movies(lfm).html
2014.01.12 23:52 B E:\Projects\Creamy's_Wonderland\Live_Events\QuakeCon\Live_Events_-_QuakeCon(lfm).html --> www.jdluke.com /Live_Events/QuakeCon Live_Events_-_QuakeCon(lfm).html
2015.01.24 22:49 B E:\Projects\Creamy's_Wonderland\Live_Events\QuakeCon\Written_Log_-_QC2014_-_Day04.html --> www.jdluke.com /Live_Events/QuakeCon Written_Log_-_QC2014_-_Day04.html
2015.01.24 22:49 B E:\Projects\Creamy's_Wonderland\Live_Events\QuakeCon\Written_Log_-_QC2014_-_Day01.html --> www.jdluke.com /Live_Events/QuakeCon Written_Log_-_QC2014_-_Day01.html
2015.01.24 22:49 B E:\Projects\Creamy's_Wonderland\Live_Events\QuakeCon\Written_Log_-_QC2014_-_Day03.html --> www.jdluke.com /Live_Events/QuakeCon Written_Log_-_QC2014_-_Day03.html
2015.01.24 22:49 B E:\Projects\Creamy's_Wonderland\Live_Events\QuakeCon\Written_Log_-_QC2014_-_Day02.html --> www.jdluke.com /Live_Events/QuakeCon Written_Log_-_QC2014_-_Day02.html
2015.01.24 22:49 B E:\Projects\Creamy's_Wonderland\Live_Events\QuakeCon\Written_Log_-_QC2012_-_Day03.html --> www.jdluke.com /Live_Events/QuakeCon Written_Log_-_QC2012_-_Day03.html
2015.01.24 22:49 B E:\Projects\Creamy's_Wonderland\Live_Events\QuakeCon\Movies_-_QC2014.html --> www.jdluke.com /Live_Events/QuakeCon Movies_-_QC2014.html
2015.01.24 22:49 B E:\Projects\Creamy's_Wonderland\Live_Events\QuakeCon\Written_Log_-_QC2008_-_Day01.html --> www.jdluke.com /Live_Events/QuakeCon Written_Log_-_QC2008_-_Day01.html
2015.01.24 22:49 B E:\Projects\Creamy's_Wonderland\Live_Events\QuakeCon\Written_Log_-_QC2010_-_Day03.html --> www.jdluke.com /Live_Events/QuakeCon Written_Log_-_QC2010_-_Day03.html
2015.01.24 22:49 B E:\Projects\Creamy's_Wonderland\Live_Events\QuakeCon\Written_Log.html --> www.jdluke.com /Live_Events/QuakeCon Written_Log.html
2015.01.24 22:49 B E:\Projects\Creamy's_Wonderland\Live_Events\QuakeCon\Photo_Log_-_QC2014.html --> www.jdluke.com /Live_Events/QuakeCon Photo_Log_-_QC2014.html
2015.01.24 22:49 B E:\Projects\Creamy's_Wonderland\Live_Events\QuakeCon\Photo_Log_-_QC2012.html --> www.jdluke.com /Live_Events/QuakeCon Photo_Log_-_QC2012.html
2015.01.24 22:49 B E:\Projects\Creamy's_Wonderland\Live_Events\QuakeCon\Photo_Log.html --> www.jdluke.com /Live_Events/QuakeCon Photo_Log.html
2015.01.24 22:49 B E:\Projects\Creamy's_Wonderland\Live_Events\QuakeCon\Movies.html --> www.jdluke.com /Live_Events/QuakeCon Movies.html
2015.01.24 22:56 B E:\Projects\Creamy's_Wonderland\Live_Events\QuakeCon\Written_Log_-_QC2014_-_Day01.html --> www.jdluke.com /Live_Events/QuakeCon Written_Log_-_QC2014_-_Day01.html
2017.11.21 19:26 B E:\Projects\Creamy's_Wonderland\Live_Events\QuakeCon\Written_Log_-_QC2012_-_Day03.html --> www.jdluke.com /Live_Events/QuakeCon Written_Log_-_QC2012_-_Day03.html
