2009.09.29 01:29 B E:\Projects\Creamy's_Wonderland\Games\Stepmania\Pics\CAGYL01.jpg <-- Creamy's Wonderland /creamyg.planetquake.gamespy.com/Games/Stepmania CAGYL01.jpg
2009.09.29 01:29 B E:\Projects\Creamy's_Wonderland\Games\Stepmania\Pics\CAGYL02.jpg <-- Creamy's Wonderland /creamyg.planetquake.gamespy.com/Games/Stepmania CAGYL02.jpg
2009.09.29 01:29 B E:\Projects\Creamy's_Wonderland\Games\Stepmania\Pics\ColdHearted.jpg <-- Creamy's Wonderland /creamyg.planetquake.gamespy.com/Games/Stepmania ColdHearted.jpg
2009.09.29 01:29 B E:\Projects\Creamy's_Wonderland\Games\Stepmania\Pics\Conscious01.jpg <-- Creamy's Wonderland /creamyg.planetquake.gamespy.com/Games/Stepmania Conscious01.jpg
2009.09.29 01:29 B E:\Projects\Creamy's_Wonderland\Games\Stepmania\Pics\Conscious02.jpg <-- Creamy's Wonderland /creamyg.planetquake.gamespy.com/Games/Stepmania Conscious02.jpg
2009.09.29 01:29 B E:\Projects\Creamy's_Wonderland\Games\Stepmania\Pics\CreamyMix_1.jpg <-- Creamy's Wonderland /creamyg.planetquake.gamespy.com/Games/Stepmania CreamyMix_1.jpg
2009.09.29 01:29 B E:\Projects\Creamy's_Wonderland\Games\Stepmania\Pics\DancingWipEout01.jpg <-- Creamy's Wonderland /creamyg.planetquake.gamespy.com/Games/Stepmania DancingWipEout01.jpg
2009.09.29 01:29 B E:\Projects\Creamy's_Wonderland\Games\Stepmania\Pics\DancingWipEout02.jpg <-- Creamy's Wonderland /creamyg.planetquake.gamespy.com/Games/Stepmania DancingWipEout02.jpg
2009.09.29 01:29 B E:\Projects\Creamy's_Wonderland\Games\Stepmania\Pics\DWI_Extreme.jpg <-- Creamy's Wonderland /creamyg.planetquake.gamespy.com/Games/Stepmania DWI_Extreme.jpg
2009.09.29 01:29 B E:\Projects\Creamy's_Wonderland\Games\Stepmania\Pics\EE.jpg <-- Creamy's Wonderland /creamyg.planetquake.gamespy.com/Games/Stepmania EE.jpg
2009.09.29 01:29 B E:\Projects\Creamy's_Wonderland\Games\Stepmania\Pics\Emulated.jpg <-- Creamy's Wonderland /creamyg.planetquake.gamespy.com/Games/Stepmania Emulated.jpg
2009.09.29 01:29 B E:\Projects\Creamy's_Wonderland\Games\Stepmania\Pics\GIITH.jpg <-- Creamy's Wonderland /creamyg.planetquake.gamespy.com/Games/Stepmania GIITH.jpg
2009.09.29 01:29 B E:\Projects\Creamy's_Wonderland\Games\Stepmania\Pics\HRCR.jpg <-- Creamy's Wonderland /creamyg.planetquake.gamespy.com/Games/Stepmania HRCR.jpg
2009.09.29 01:29 B E:\Projects\Creamy's_Wonderland\Games\Stepmania\Pics\Hyperchase.jpg <-- Creamy's Wonderland /creamyg.planetquake.gamespy.com/Games/Stepmania Hyperchase.jpg
2009.09.29 01:29 B E:\Projects\Creamy's_Wonderland\Games\Stepmania\Pics\Jaunt.jpg <-- Creamy's Wonderland /creamyg.planetquake.gamespy.com/Games/Stepmania Jaunt.jpg
2009.09.29 01:29 B E:\Projects\Creamy's_Wonderland\Games\Stepmania\Pics\Macadamia.jpg <-- Creamy's Wonderland /creamyg.planetquake.gamespy.com/Games/Stepmania Macadamia.jpg
2009.09.29 01:29 B E:\Projects\Creamy's_Wonderland\Games\Stepmania\Pics\Marelle.jpg <-- Creamy's Wonderland /creamyg.planetquake.gamespy.com/Games/Stepmania Marelle.jpg
2009.09.29 01:29 B E:\Projects\Creamy's_Wonderland\Games\Stepmania\Pics\meter-beginner.gif <-- Creamy's Wonderland /creamyg.planetquake.gamespy.com/Games/Stepmania meter-beginner.gif
2009.09.29 01:29 B E:\Projects\Creamy's_Wonderland\Games\Stepmania\Pics\meter-challenge.gif <-- Creamy's Wonderland /creamyg.planetquake.gamespy.com/Games/Stepmania meter-challenge.gif
2009.09.29 01:29 B E:\Projects\Creamy's_Wonderland\Games\Stepmania\Pics\meter-heavy.gif <-- Creamy's Wonderland /creamyg.planetquake.gamespy.com/Games/Stepmania meter-heavy.gif
2009.09.29 01:29 B E:\Projects\Creamy's_Wonderland\Games\Stepmania\Pics\meter-light.gif <-- Creamy's Wonderland /creamyg.planetquake.gamespy.com/Games/Stepmania meter-light.gif
2009.09.29 01:29 B E:\Projects\Creamy's_Wonderland\Games\Stepmania\Pics\meter-standard.gif <-- Creamy's Wonderland /creamyg.planetquake.gamespy.com/Games/Stepmania meter-standard.gif
2009.09.29 01:29 B E:\Projects\Creamy's_Wonderland\Games\Stepmania\Pics\nDDRo.jpg <-- Creamy's Wonderland /creamyg.planetquake.gamespy.com/Games/Stepmania nDDRo.jpg
2009.09.29 01:29 B E:\Projects\Creamy's_Wonderland\Games\Stepmania\Pics\Plaguemix_Series.jpg <-- Creamy's Wonderland /creamyg.planetquake.gamespy.com/Games/Stepmania Plaguemix_Series.jpg
2009.09.29 01:29 B E:\Projects\Creamy's_Wonderland\Games\Stepmania\Pics\PoR.jpg <-- Creamy's Wonderland /creamyg.planetquake.gamespy.com/Games/Stepmania PoR.jpg
2009.09.29 01:29 B E:\Projects\Creamy's_Wonderland\Games\Stepmania\Pics\Tomboy.jpg <-- Creamy's Wonderland /creamyg.planetquake.gamespy.com/Games/Stepmania Tomboy.jpg
2009.09.29 01:29 B E:\Projects\Creamy's_Wonderland\Games\Stepmania\Pics\Westin.jpg <-- Creamy's Wonderland /creamyg.planetquake.gamespy.com/Games/Stepmania Westin.jpg
2009.09.29 01:29 B E:\Projects\Creamy's_Wonderland\Games\Stepmania\Pics\WildChild.jpg <-- Creamy's Wonderland /creamyg.planetquake.gamespy.com/Games/Stepmania WildChild.jpg
2009.09.29 01:29 B E:\Projects\Creamy's_Wonderland\Games\Stepmania\Pics\Zim.jpg <-- Creamy's Wonderland /creamyg.planetquake.gamespy.com/Games/Stepmania Zim.jpg
2009.09.29 01:44 B E:\Projects\Creamy's_Wonderland\Games\Stepmania\Song_Packs\Pics\nDDRo.jpg --> ftp.hugelaser.com /Games/Stepmania/Song_Packs/Pics nDDRo.jpg
2009.09.29 01:44 B E:\Projects\Creamy's_Wonderland\Games\Stepmania\Song_Packs\Pics\Jaunt.jpg --> ftp.hugelaser.com /Games/Stepmania/Song_Packs/Pics Jaunt.jpg
2009.09.29 01:44 B E:\Projects\Creamy's_Wonderland\Games\Stepmania\Song_Packs\Pics\EE.jpg --> ftp.hugelaser.com /Games/Stepmania/Song_Packs/Pics EE.jpg
2009.09.29 01:44 B E:\Projects\Creamy's_Wonderland\Games\Stepmania\Song_Packs\Pics\CAGYL02.jpg --> ftp.hugelaser.com /Games/Stepmania/Song_Packs/Pics CAGYL02.jpg
2009.09.29 01:44 B E:\Projects\Creamy's_Wonderland\Games\Stepmania\Song_Packs\Pics\CAGYL01.jpg --> ftp.hugelaser.com /Games/Stepmania/Song_Packs/Pics CAGYL01.jpg
2009.09.29 01:44 B E:\Projects\Creamy's_Wonderland\Games\Stepmania\Song_Packs\Pics\WildChild.jpg --> ftp.hugelaser.com /Games/Stepmania/Song_Packs/Pics WildChild.jpg
2009.09.29 01:44 B E:\Projects\Creamy's_Wonderland\Games\Stepmania\Song_Packs\Pics\PoR.jpg --> ftp.hugelaser.com /Games/Stepmania/Song_Packs/Pics PoR.jpg
2009.09.29 01:44 B E:\Projects\Creamy's_Wonderland\Games\Stepmania\Song_Packs\Pics\Conscious02.jpg --> ftp.hugelaser.com /Games/Stepmania/Song_Packs/Pics Conscious02.jpg
2009.09.29 01:44 B E:\Projects\Creamy's_Wonderland\Games\Stepmania\Song_Packs\Pics\Tomboy.jpg --> ftp.hugelaser.com /Games/Stepmania/Song_Packs/Pics Tomboy.jpg
2009.09.29 01:44 B E:\Projects\Creamy's_Wonderland\Games\Stepmania\Song_Packs\Pics\Hyperchase.jpg --> ftp.hugelaser.com /Games/Stepmania/Song_Packs/Pics Hyperchase.jpg
2009.09.29 01:44 B E:\Projects\Creamy's_Wonderland\Games\Stepmania\Song_Packs\Pics\Zim.jpg --> ftp.hugelaser.com /Games/Stepmania/Song_Packs/Pics Zim.jpg
2009.09.29 01:44 B E:\Projects\Creamy's_Wonderland\Games\Stepmania\Song_Packs\Pics\Westin.jpg --> ftp.hugelaser.com /Games/Stepmania/Song_Packs/Pics Westin.jpg
2009.09.29 01:44 B E:\Projects\Creamy's_Wonderland\Games\Stepmania\Song_Packs\Pics\Plaguemix_Series.jpg --> ftp.hugelaser.com /Games/Stepmania/Song_Packs/Pics Plaguemix_Series.jpg
2009.09.29 01:44 B E:\Projects\Creamy's_Wonderland\Games\Stepmania\Song_Packs\Pics\meter-standard.gif --> ftp.hugelaser.com /Games/Stepmania/Song_Packs/Pics meter-standard.gif
2009.09.29 01:44 B E:\Projects\Creamy's_Wonderland\Games\Stepmania\Song_Packs\Pics\meter-light.gif --> ftp.hugelaser.com /Games/Stepmania/Song_Packs/Pics meter-light.gif
2009.09.29 01:44 B E:\Projects\Creamy's_Wonderland\Games\Stepmania\Song_Packs\Pics\meter-heavy.gif --> ftp.hugelaser.com /Games/Stepmania/Song_Packs/Pics meter-heavy.gif
2009.09.29 01:44 B E:\Projects\Creamy's_Wonderland\Games\Stepmania\Song_Packs\Pics\meter-challenge.gif --> ftp.hugelaser.com /Games/Stepmania/Song_Packs/Pics meter-challenge.gif
2009.09.29 01:44 B E:\Projects\Creamy's_Wonderland\Games\Stepmania\Song_Packs\Pics\meter-beginner.gif --> ftp.hugelaser.com /Games/Stepmania/Song_Packs/Pics meter-beginner.gif
2009.09.29 01:44 B E:\Projects\Creamy's_Wonderland\Games\Stepmania\Song_Packs\Pics\Marelle.jpg --> ftp.hugelaser.com /Games/Stepmania/Song_Packs/Pics Marelle.jpg
2009.09.29 01:44 B E:\Projects\Creamy's_Wonderland\Games\Stepmania\Song_Packs\Pics\Macadamia.jpg --> ftp.hugelaser.com /Games/Stepmania/Song_Packs/Pics Macadamia.jpg
2009.09.29 01:44 B E:\Projects\Creamy's_Wonderland\Games\Stepmania\Song_Packs\Pics\HRCR.jpg --> ftp.hugelaser.com /Games/Stepmania/Song_Packs/Pics HRCR.jpg
2009.09.29 01:44 B E:\Projects\Creamy's_Wonderland\Games\Stepmania\Song_Packs\Pics\GIITH.jpg --> ftp.hugelaser.com /Games/Stepmania/Song_Packs/Pics GIITH.jpg
2009.09.29 01:44 B E:\Projects\Creamy's_Wonderland\Games\Stepmania\Song_Packs\Pics\Emulated.jpg --> ftp.hugelaser.com /Games/Stepmania/Song_Packs/Pics Emulated.jpg
2009.09.29 01:44 B E:\Projects\Creamy's_Wonderland\Games\Stepmania\Song_Packs\Pics\DWI_Extreme.jpg --> ftp.hugelaser.com /Games/Stepmania/Song_Packs/Pics DWI_Extreme.jpg
2009.09.29 01:44 B E:\Projects\Creamy's_Wonderland\Games\Stepmania\Song_Packs\Pics\DancingWipEout02.jpg --> ftp.hugelaser.com /Games/Stepmania/Song_Packs/Pics DancingWipEout02.jpg
2009.09.29 01:44 B E:\Projects\Creamy's_Wonderland\Games\Stepmania\Song_Packs\Pics\DancingWipEout01.jpg --> ftp.hugelaser.com /Games/Stepmania/Song_Packs/Pics DancingWipEout01.jpg
2009.09.29 01:44 B E:\Projects\Creamy's_Wonderland\Games\Stepmania\Song_Packs\Pics\CreamyMix_1.jpg --> ftp.hugelaser.com /Games/Stepmania/Song_Packs/Pics CreamyMix_1.jpg
2009.09.29 01:44 B E:\Projects\Creamy's_Wonderland\Games\Stepmania\Song_Packs\Pics\Conscious01.jpg --> ftp.hugelaser.com /Games/Stepmania/Song_Packs/Pics Conscious01.jpg
2009.09.29 01:44 B E:\Projects\Creamy's_Wonderland\Games\Stepmania\Song_Packs\Pics\ColdHearted.jpg --> ftp.hugelaser.com /Games/Stepmania/Song_Packs/Pics ColdHearted.jpg
2009.09.30 00:04 B E:\Projects\Creamy's_Wonderland\Games\Stepmania\Song_Packs\Pics\BTL.jpg <-- Creamy's Wonderland /creamyg.planetquake.gamespy.com/Games/Stepmania BTL.jpg
2009.09.30 00:04 B E:\Projects\Creamy's_Wonderland\Games\Stepmania\Song_Packs\Pics\BTL.jpg --> ftp.hugelaser.com /Games/Stepmania/Song_Packs/Pics BTL.jpg
