2004.10.02 22:07 B E:\Projects\Creamy's Wonderland\Builds\CES\Scans_Page.html --> hosting.gamespy.com /planetquake/polycount/cottages/iwow/Builds/CES Scans_Page.html
2004.10.02 22:07 B E:\Projects\Creamy's Wonderland\Builds\CES\Report_Page.html --> hosting.gamespy.com /planetquake/polycount/cottages/iwow/Builds/CES Report_Page.html
2004.10.02 22:07 B E:\Projects\Creamy's Wonderland\Builds\CES\Pics_Page.html --> hosting.gamespy.com /planetquake/polycount/cottages/iwow/Builds/CES Pics_Page.html
2004.10.02 22:07 B E:\Projects\Creamy's Wonderland\Builds\CES\Photos_Page.html --> hosting.gamespy.com /planetquake/polycount/cottages/iwow/Builds/CES Photos_Page.html
2004.10.02 22:07 B E:\Projects\Creamy's Wonderland\Builds\CES\CES_Report07_Page.html --> hosting.gamespy.com /planetquake/polycount/cottages/iwow/Builds/CES CES_Report07_Page.html
2004.10.02 22:07 B E:\Projects\Creamy's Wonderland\Builds\CES\CES_Report06_Page.html --> hosting.gamespy.com /planetquake/polycount/cottages/iwow/Builds/CES CES_Report06_Page.html
2004.10.02 22:07 B E:\Projects\Creamy's Wonderland\Builds\CES\CES_Report05_Page.html --> hosting.gamespy.com /planetquake/polycount/cottages/iwow/Builds/CES CES_Report05_Page.html
2004.10.02 22:07 B E:\Projects\Creamy's Wonderland\Builds\CES\CES_Report04_Page.html --> hosting.gamespy.com /planetquake/polycount/cottages/iwow/Builds/CES CES_Report04_Page.html
2004.10.02 22:07 B E:\Projects\Creamy's Wonderland\Builds\CES\CES_Report03_Page.html --> hosting.gamespy.com /planetquake/polycount/cottages/iwow/Builds/CES CES_Report03_Page.html
2004.10.02 22:07 B E:\Projects\Creamy's Wonderland\Builds\CES\CES_Report02_Page.html --> hosting.gamespy.com /planetquake/polycount/cottages/iwow/Builds/CES CES_Report02_Page.html
2004.10.02 22:07 B E:\Projects\Creamy's Wonderland\Builds\CES\CES_Report01_Page.html --> hosting.gamespy.com /planetquake/polycount/cottages/iwow/Builds/CES CES_Report01_Page.html
2004.10.02 22:07 B E:\Projects\Creamy's Wonderland\Builds\CES\Report_Page(fs).html --> hosting.gamespy.com /planetquake/polycount/cottages/iwow/Builds/CES Report_Page(fs).html
2004.10.02 22:07 B E:\Projects\Creamy's Wonderland\Builds\CES\Pics_Page(fs).html --> hosting.gamespy.com /planetquake/polycount/cottages/iwow/Builds/CES Pics_Page(fs).html
2004.10.02 22:08 B E:\Projects\Creamy's Wonderland\Builds\CES\Photos_Page_BKU04.html --> hosting.gamespy.com /planetquake/polycount/cottages/iwow/Builds/CES Photos_Page_BKU04.html
2004.10.02 22:08 B E:\Projects\Creamy's Wonderland\Builds\CES\AnimGIFs_Page.html --> hosting.gamespy.com /planetquake/polycount/cottages/iwow/Builds/CES AnimGIFs_Page.html
2004.10.02 22:08 B E:\Projects\Creamy's Wonderland\Builds\CES\Photos_Page_BKU03.html --> hosting.gamespy.com /planetquake/polycount/cottages/iwow/Builds/CES Photos_Page_BKU03.html
2004.10.02 22:08 B E:\Projects\Creamy's Wonderland\Builds\CES\Photos_Page_BKU01.html --> hosting.gamespy.com /planetquake/polycount/cottages/iwow/Builds/CES Photos_Page_BKU01.html
2004.10.02 22:08 B E:\Projects\Creamy's Wonderland\Builds\CES\Photos_Page_BKU02.html --> hosting.gamespy.com /planetquake/polycount/cottages/iwow/Builds/CES Photos_Page_BKU02.html
2004.10.02 22:08 B E:\Projects\Creamy's Wonderland\Builds\CES\Report_Page(lfm).html --> hosting.gamespy.com /planetquake/polycount/cottages/iwow/Builds/CES Report_Page(lfm).html
2004.10.02 22:08 B E:\Projects\Creamy's Wonderland\Builds\CES\Pics_Page(lfm).html --> hosting.gamespy.com /planetquake/polycount/cottages/iwow/Builds/CES Pics_Page(lfm).html
2004.10.02 22:08 B E:\Projects\Creamy's Wonderland\Builds\CES\tiny_line[1].gif --> hosting.gamespy.com /planetquake/polycount/cottages/iwow/Builds/CES tiny_line[1].gif
2004.10.02 22:08 B E:\Projects\Creamy's Wonderland\Builds\CES\rule02.gif --> hosting.gamespy.com /planetquake/polycount/cottages/iwow/Builds/CES rule02.gif
2004.10.22 22:50 B E:\Projects\Creamy's Wonderland\Builds\CES\CES_Report08_Page.html --> hosting.gamespy.com /planetquake/polycount/cottages/iwow/Builds/CES CES_Report08_Page.html
2004.10.22 22:50 B E:\Projects\Creamy's Wonderland\Builds\CES\CES_Report07_Page.html --> hosting.gamespy.com /planetquake/polycount/cottages/iwow/Builds/CES CES_Report07_Page.html
2004.10.22 22:50 B E:\Projects\Creamy's Wonderland\Builds\CES\CES_Report06_Page.html --> hosting.gamespy.com /planetquake/polycount/cottages/iwow/Builds/CES CES_Report06_Page.html
2004.10.22 22:50 B E:\Projects\Creamy's Wonderland\Builds\CES\CES_Report05_Page.html --> hosting.gamespy.com /planetquake/polycount/cottages/iwow/Builds/CES CES_Report05_Page.html
2004.10.22 22:50 B E:\Projects\Creamy's Wonderland\Builds\CES\CES_Report03_Page.html --> hosting.gamespy.com /planetquake/polycount/cottages/iwow/Builds/CES CES_Report03_Page.html
2004.10.23 23:26 B E:\Projects\Creamy's Wonderland\Builds\CES\Report_Page.html --> hosting.gamespy.com /planetquake/polycount/cottages/iwow/Builds/CES Report_Page.html
2005.06.29 00:33 B E:\Projects\Creamy's Wonderland\Builds\CES\Photos_Page.html --> hosting.gamespy.com /planetquake/polycount/cottages/iwow/Builds/CES Photos_Page.html
2005.06.29 00:33 B E:\Projects\Creamy's Wonderland\Builds\CES\CES_Report09_Page.html --> hosting.gamespy.com /planetquake/polycount/cottages/iwow/Builds/CES CES_Report09_Page.html
2005.06.29 00:33 B E:\Projects\Creamy's Wonderland\Builds\CES\Report_Page.html --> hosting.gamespy.com /planetquake/polycount/cottages/iwow/Builds/CES Report_Page.html
2005.06.29 00:33 B E:\Projects\Creamy's Wonderland\Builds\CES\CES_Report08_Page.html --> hosting.gamespy.com /planetquake/polycount/cottages/iwow/Builds/CES CES_Report08_Page.html
2005.06.29 00:33 B E:\Projects\Creamy's Wonderland\Builds\CES\CES_Report07_Page.html --> hosting.gamespy.com /planetquake/polycount/cottages/iwow/Builds/CES CES_Report07_Page.html
2005.06.29 00:33 B E:\Projects\Creamy's Wonderland\Builds\CES\CES_Report06_Page.html --> hosting.gamespy.com /planetquake/polycount/cottages/iwow/Builds/CES CES_Report06_Page.html
2005.06.29 00:33 B E:\Projects\Creamy's Wonderland\Builds\CES\CES_Report05_Page.html --> hosting.gamespy.com /planetquake/polycount/cottages/iwow/Builds/CES CES_Report05_Page.html
2005.06.29 00:34 B E:\Projects\Creamy's Wonderland\Builds\CES\CES_Report04_Page.html --> hosting.gamespy.com /planetquake/polycount/cottages/iwow/Builds/CES CES_Report04_Page.html
2005.06.29 00:34 B E:\Projects\Creamy's Wonderland\Builds\CES\CES_Report03_Page.html --> hosting.gamespy.com /planetquake/polycount/cottages/iwow/Builds/CES CES_Report03_Page.html
2005.06.29 00:34 B E:\Projects\Creamy's Wonderland\Builds\CES\CES_Report02_Page.html --> hosting.gamespy.com /planetquake/polycount/cottages/iwow/Builds/CES CES_Report02_Page.html
2005.06.29 00:34 B E:\Projects\Creamy's Wonderland\Builds\CES\CES_Report01_Page.html --> hosting.gamespy.com /planetquake/polycount/cottages/iwow/Builds/CES CES_Report01_Page.html
2005.09.05 15:21 B C:\Projects\Creamy's Wonderland\Builds\CES\Report_Page.html --> hosting.gamespy.com /planetquake/polycount/cottages/iwow/Builds/CES Report_Page.html
2005.09.05 15:21 B C:\Projects\Creamy's Wonderland\Builds\CES\CES_Report11_Page.html --> hosting.gamespy.com /planetquake/polycount/cottages/iwow/Builds/CES CES_Report11_Page.html
2005.09.05 15:21 B C:\Projects\Creamy's Wonderland\Builds\CES\CES_Report09_Page.html --> hosting.gamespy.com /planetquake/polycount/cottages/iwow/Builds/CES CES_Report09_Page.html
2005.09.05 15:21 B C:\Projects\Creamy's Wonderland\Builds\CES\CES_Report08_Page.html --> hosting.gamespy.com /planetquake/polycount/cottages/iwow/Builds/CES CES_Report08_Page.html
2005.09.05 15:21 B C:\Projects\Creamy's Wonderland\Builds\CES\CES_Report07_Page.html --> hosting.gamespy.com /planetquake/polycount/cottages/iwow/Builds/CES CES_Report07_Page.html
2005.09.05 15:21 B C:\Projects\Creamy's Wonderland\Builds\CES\CES_Report06_Page.html --> hosting.gamespy.com /planetquake/polycount/cottages/iwow/Builds/CES CES_Report06_Page.html
2005.09.05 15:22 B C:\Projects\Creamy's Wonderland\Builds\CES\CES_Report05_Page.html --> hosting.gamespy.com /planetquake/polycount/cottages/iwow/Builds/CES CES_Report05_Page.html
2005.09.05 15:22 B C:\Projects\Creamy's Wonderland\Builds\CES\CES_Report04_Page.html --> hosting.gamespy.com /planetquake/polycount/cottages/iwow/Builds/CES CES_Report04_Page.html
2005.09.05 15:22 B C:\Projects\Creamy's Wonderland\Builds\CES\CES_Report03_Page.html --> hosting.gamespy.com /planetquake/polycount/cottages/iwow/Builds/CES CES_Report03_Page.html
2005.09.05 15:22 B C:\Projects\Creamy's Wonderland\Builds\CES\CES_Report10_Page.html --> hosting.gamespy.com /planetquake/polycount/cottages/iwow/Builds/CES CES_Report10_Page.html
2005.10.02 22:45 B C:\Projects\Creamy's Wonderland\Builds\CES\Report_Page(lfm).html --> hosting.gamespy.com /planetquake/polycount/cottages/iwow/Builds/CES Report_Page(lfm).html
2005.10.02 22:45 B C:\Projects\Creamy's Wonderland\Builds\CES\Pics_Page(lfm).html --> hosting.gamespy.com /planetquake/polycount/cottages/iwow/Builds/CES Pics_Page(lfm).html
2005.10.02 22:45 B C:\Projects\Creamy's Wonderland\Builds\CES\Report_Page.html --> hosting.gamespy.com /planetquake/polycount/cottages/iwow/Builds/CES Report_Page.html
2006.02.18 22:21 B C:\Projects\Creamy's Wonderland\Builds\CES\Report_Page.html --> hosting.gamespy.com /planetquake/polycount/cottages/iwow/Builds/CES Report_Page.html
2006.02.18 22:21 B C:\Projects\Creamy's Wonderland\Builds\CES\CES_Report13_Page.html --> hosting.gamespy.com /planetquake/polycount/cottages/iwow/Builds/CES CES_Report13_Page.html
2006.02.18 22:21 B C:\Projects\Creamy's Wonderland\Builds\CES\CES_Report12_Page.html --> hosting.gamespy.com /planetquake/polycount/cottages/iwow/Builds/CES CES_Report12_Page.html
2006.02.18 22:21 B C:\Projects\Creamy's Wonderland\Builds\CES\CES_Report11_Page.html --> hosting.gamespy.com /planetquake/polycount/cottages/iwow/Builds/CES CES_Report11_Page.html
2006.02.18 22:21 B C:\Projects\Creamy's Wonderland\Builds\CES\CES_Report09_Page.html --> hosting.gamespy.com /planetquake/polycount/cottages/iwow/Builds/CES CES_Report09_Page.html
2006.02.18 22:21 B C:\Projects\Creamy's Wonderland\Builds\CES\CES_Report08_Page.html --> hosting.gamespy.com /planetquake/polycount/cottages/iwow/Builds/CES CES_Report08_Page.html
2006.02.18 22:21 B C:\Projects\Creamy's Wonderland\Builds\CES\CES_Report07_Page.html --> hosting.gamespy.com /planetquake/polycount/cottages/iwow/Builds/CES CES_Report07_Page.html
2006.02.18 22:21 B C:\Projects\Creamy's Wonderland\Builds\CES\Photos_Page.html --> hosting.gamespy.com /planetquake/polycount/cottages/iwow/Builds/CES Photos_Page.html
2006.07.01 15:55 B E:\Projects\Creamy's Wonderland\Builds\CES\Report_Page.html --> web.planethosting.gamespy.com /iwow.cottages.polycount.com/Builds/CES Report_Page.html
2006.07.01 15:55 B E:\Projects\Creamy's Wonderland\Builds\CES\Report_Page(fs).html --> web.planethosting.gamespy.com /iwow.cottages.polycount.com/Builds/CES Report_Page(fs).html
2006.07.01 15:55 B E:\Projects\Creamy's Wonderland\Builds\CES\Pics_Page(fs).html --> web.planethosting.gamespy.com /iwow.cottages.polycount.com/Builds/CES Pics_Page(fs).html
2006.07.01 15:55 B E:\Projects\Creamy's Wonderland\Builds\CES\Report_Page(lfm).html --> web.planethosting.gamespy.com /iwow.cottages.polycount.com/Builds/CES Report_Page(lfm).html
2006.07.01 15:55 B E:\Projects\Creamy's Wonderland\Builds\CES\Pics_Page(lfm).html --> web.planethosting.gamespy.com /iwow.cottages.polycount.com/Builds/CES Pics_Page(lfm).html
2006.07.01 15:55 B E:\Projects\Creamy's Wonderland\Builds\CES\CES_Report13_Page.html --> web.planethosting.gamespy.com /iwow.cottages.polycount.com/Builds/CES CES_Report13_Page.html
2006.07.01 15:55 B E:\Projects\Creamy's Wonderland\Builds\CES\CES_Report12_Page.html --> web.planethosting.gamespy.com /iwow.cottages.polycount.com/Builds/CES CES_Report12_Page.html
2006.07.01 15:55 B E:\Projects\Creamy's Wonderland\Builds\CES\CES_Report03_Page.html --> web.planethosting.gamespy.com /iwow.cottages.polycount.com/Builds/CES CES_Report03_Page.html
2006.07.01 15:55 B E:\Projects\Creamy's Wonderland\Builds\CES\CES_Report11_Page.html --> web.planethosting.gamespy.com /iwow.cottages.polycount.com/Builds/CES CES_Report11_Page.html
2006.07.01 15:55 B E:\Projects\Creamy's Wonderland\Builds\CES\CES_Report09_Page.html --> web.planethosting.gamespy.com /iwow.cottages.polycount.com/Builds/CES CES_Report09_Page.html
2006.07.01 15:55 B E:\Projects\Creamy's Wonderland\Builds\CES\CES_Report08_Page.html --> web.planethosting.gamespy.com /iwow.cottages.polycount.com/Builds/CES CES_Report08_Page.html
2006.07.01 15:55 B E:\Projects\Creamy's Wonderland\Builds\CES\CES_Report04_Page.html --> web.planethosting.gamespy.com /iwow.cottages.polycount.com/Builds/CES CES_Report04_Page.html
2006.07.01 15:55 B E:\Projects\Creamy's Wonderland\Builds\CES\CES_Report02_Page.html --> web.planethosting.gamespy.com /iwow.cottages.polycount.com/Builds/CES CES_Report02_Page.html
2006.07.01 15:55 B E:\Projects\Creamy's Wonderland\Builds\CES\CES_Report07_Page.html --> web.planethosting.gamespy.com /iwow.cottages.polycount.com/Builds/CES CES_Report07_Page.html
2006.07.01 15:55 B E:\Projects\Creamy's Wonderland\Builds\CES\CES_Report06_Page.html --> web.planethosting.gamespy.com /iwow.cottages.polycount.com/Builds/CES CES_Report06_Page.html
2006.07.01 15:56 B E:\Projects\Creamy's Wonderland\Builds\CES\CES_Report05_Page.html --> web.planethosting.gamespy.com /iwow.cottages.polycount.com/Builds/CES CES_Report05_Page.html
2006.07.01 15:56 B E:\Projects\Creamy's Wonderland\Builds\CES\CES_Report10_Page.html --> web.planethosting.gamespy.com /iwow.cottages.polycount.com/Builds/CES CES_Report10_Page.html
2006.07.01 15:56 B E:\Projects\Creamy's Wonderland\Builds\CES\CES_Report01_Page.html --> web.planethosting.gamespy.com /iwow.cottages.polycount.com/Builds/CES CES_Report01_Page.html
2006.07.01 15:56 B E:\Projects\Creamy's Wonderland\Builds\CES\Scans_Page.html --> web.planethosting.gamespy.com /iwow.cottages.polycount.com/Builds/CES Scans_Page.html
2006.07.01 15:56 B E:\Projects\Creamy's Wonderland\Builds\CES\AnimGIFs_Page.html --> web.planethosting.gamespy.com /iwow.cottages.polycount.com/Builds/CES AnimGIFs_Page.html
2006.07.01 15:56 B E:\Projects\Creamy's Wonderland\Builds\CES\Photos_Page.html --> web.planethosting.gamespy.com /iwow.cottages.polycount.com/Builds/CES Photos_Page.html
2006.07.01 15:56 B E:\Projects\Creamy's Wonderland\Builds\CES\Pics_Page.html --> web.planethosting.gamespy.com /iwow.cottages.polycount.com/Builds/CES Pics_Page.html
2006.07.01 23:36 B E:\Projects\Creamy's Wonderland\Builds\CES\Scans_Page.html --> web.planethosting.gamespy.com /iwow.cottages.polycount.com/Builds/CES Scans_Page.html
2006.07.01 23:36 B E:\Projects\Creamy's Wonderland\Builds\CES\Report_Page.html --> web.planethosting.gamespy.com /iwow.cottages.polycount.com/Builds/CES Report_Page.html
2006.07.01 23:36 B E:\Projects\Creamy's Wonderland\Builds\CES\Pics_Page.html --> web.planethosting.gamespy.com /iwow.cottages.polycount.com/Builds/CES Pics_Page.html
2006.07.01 23:36 B E:\Projects\Creamy's Wonderland\Builds\CES\Photos_Page.html --> web.planethosting.gamespy.com /iwow.cottages.polycount.com/Builds/CES Photos_Page.html
2006.07.01 23:36 B E:\Projects\Creamy's Wonderland\Builds\CES\CES_Report12_Page.html --> web.planethosting.gamespy.com /iwow.cottages.polycount.com/Builds/CES CES_Report12_Page.html
2006.07.01 23:36 B E:\Projects\Creamy's Wonderland\Builds\CES\CES_Report11_Page.html --> web.planethosting.gamespy.com /iwow.cottages.polycount.com/Builds/CES CES_Report11_Page.html
2006.07.01 23:36 B E:\Projects\Creamy's Wonderland\Builds\CES\CES_Report10_Page.html --> web.planethosting.gamespy.com /iwow.cottages.polycount.com/Builds/CES CES_Report10_Page.html
2006.07.01 23:36 B E:\Projects\Creamy's Wonderland\Builds\CES\CES_Report09_Page.html --> web.planethosting.gamespy.com /iwow.cottages.polycount.com/Builds/CES CES_Report09_Page.html
2006.07.01 23:36 B E:\Projects\Creamy's Wonderland\Builds\CES\CES_Report08_Page.html --> web.planethosting.gamespy.com /iwow.cottages.polycount.com/Builds/CES CES_Report08_Page.html
2006.07.01 23:36 B E:\Projects\Creamy's Wonderland\Builds\CES\CES_Report07_Page.html --> web.planethosting.gamespy.com /iwow.cottages.polycount.com/Builds/CES CES_Report07_Page.html
2006.07.01 23:36 B E:\Projects\Creamy's Wonderland\Builds\CES\CES_Report06_Page.html --> web.planethosting.gamespy.com /iwow.cottages.polycount.com/Builds/CES CES_Report06_Page.html
2006.07.01 23:36 B E:\Projects\Creamy's Wonderland\Builds\CES\CES_Report13_Page.html --> web.planethosting.gamespy.com /iwow.cottages.polycount.com/Builds/CES CES_Report13_Page.html
2006.07.01 23:37 B E:\Projects\Creamy's Wonderland\Builds\CES\CES_Report05_Page.html --> web.planethosting.gamespy.com /iwow.cottages.polycount.com/Builds/CES CES_Report05_Page.html
2006.07.01 23:37 B E:\Projects\Creamy's Wonderland\Builds\CES\CES_Report04_Page.html --> web.planethosting.gamespy.com /iwow.cottages.polycount.com/Builds/CES CES_Report04_Page.html
2006.07.01 23:37 B E:\Projects\Creamy's Wonderland\Builds\CES\CES_Report03_Page.html --> web.planethosting.gamespy.com /iwow.cottages.polycount.com/Builds/CES CES_Report03_Page.html
2006.07.01 23:37 B E:\Projects\Creamy's Wonderland\Builds\CES\CES_Report02_Page.html --> web.planethosting.gamespy.com /iwow.cottages.polycount.com/Builds/CES CES_Report02_Page.html
2006.07.01 23:37 B E:\Projects\Creamy's Wonderland\Builds\CES\CES_Report01_Page.html --> web.planethosting.gamespy.com /iwow.cottages.polycount.com/Builds/CES CES_Report01_Page.html
2006.07.01 23:37 B E:\Projects\Creamy's Wonderland\Builds\CES\AnimGIFs_Page.html --> web.planethosting.gamespy.com /iwow.cottages.polycount.com/Builds/CES AnimGIFs_Page.html
2006.08.30 23:25 B E:\Projects\Creamy's Wonderland\Builds\CES\Report_Page.html --> web.planethosting.gamespy.com /iwow.cottages.polycount.com/Builds/CES Report_Page.html
2006.08.30 23:25 B E:\Projects\Creamy's Wonderland\Builds\CES\Scans_Page.html --> web.planethosting.gamespy.com /iwow.cottages.polycount.com/Builds/CES Scans_Page.html
2006.08.30 23:25 B E:\Projects\Creamy's Wonderland\Builds\CES\CES_Report14_Page.html --> web.planethosting.gamespy.com /iwow.cottages.polycount.com/Builds/CES CES_Report14_Page.html
2006.08.30 23:25 B E:\Projects\Creamy's Wonderland\Builds\CES\CES_Report12_Page.html --> web.planethosting.gamespy.com /iwow.cottages.polycount.com/Builds/CES CES_Report12_Page.html
2007.07.01 20:07 B E:\Projects\Creamy's Wonderland\Builds\CES\CES_Report15_Page.html --> web.planethosting.gamespy.com /iwow.cottages.polycount.com/Builds/CES CES_Report15_Page.html
2007.07.01 20:07 B E:\Projects\Creamy's Wonderland\Builds\CES\CES_Report14_Page.html --> web.planethosting.gamespy.com /iwow.cottages.polycount.com/Builds/CES CES_Report14_Page.html
2007.07.01 20:07 B E:\Projects\Creamy's Wonderland\Builds\CES\CES_Report13_Page.html --> web.planethosting.gamespy.com /iwow.cottages.polycount.com/Builds/CES CES_Report13_Page.html
2007.07.01 20:07 B E:\Projects\Creamy's Wonderland\Builds\CES\CES_Report12_Page.html --> web.planethosting.gamespy.com /iwow.cottages.polycount.com/Builds/CES CES_Report12_Page.html
2007.07.01 20:07 B E:\Projects\Creamy's Wonderland\Builds\CES\CES_Report11_Page.html --> web.planethosting.gamespy.com /iwow.cottages.polycount.com/Builds/CES CES_Report11_Page.html
2007.07.01 20:07 B E:\Projects\Creamy's Wonderland\Builds\CES\CES_Report10_Page.html --> web.planethosting.gamespy.com /iwow.cottages.polycount.com/Builds/CES CES_Report10_Page.html
2007.07.01 20:07 B E:\Projects\Creamy's Wonderland\Builds\CES\CES_Report09_Page.html --> web.planethosting.gamespy.com /iwow.cottages.polycount.com/Builds/CES CES_Report09_Page.html
2007.07.01 20:07 B E:\Projects\Creamy's Wonderland\Builds\CES\CES_Report08_Page.html --> web.planethosting.gamespy.com /iwow.cottages.polycount.com/Builds/CES CES_Report08_Page.html
2007.07.01 20:07 B E:\Projects\Creamy's Wonderland\Builds\CES\CES_Report07_Page.html --> web.planethosting.gamespy.com /iwow.cottages.polycount.com/Builds/CES CES_Report07_Page.html
2007.07.01 20:07 B E:\Projects\Creamy's Wonderland\Builds\CES\CES_Report05_Page.html --> web.planethosting.gamespy.com /iwow.cottages.polycount.com/Builds/CES CES_Report05_Page.html
2007.07.01 20:07 B E:\Projects\Creamy's Wonderland\Builds\CES\CES_Report06_Page.html --> web.planethosting.gamespy.com /iwow.cottages.polycount.com/Builds/CES CES_Report06_Page.html
2007.07.01 20:07 B E:\Projects\Creamy's Wonderland\Builds\CES\CES_Report02_Page.html --> web.planethosting.gamespy.com /iwow.cottages.polycount.com/Builds/CES CES_Report02_Page.html
2007.07.01 20:07 B E:\Projects\Creamy's Wonderland\Builds\CES\CES_Report04_Page.html --> web.planethosting.gamespy.com /iwow.cottages.polycount.com/Builds/CES CES_Report04_Page.html
2007.07.01 20:07 B E:\Projects\Creamy's Wonderland\Builds\CES\CES_Report03_Page.html --> web.planethosting.gamespy.com /iwow.cottages.polycount.com/Builds/CES CES_Report03_Page.html
2007.07.01 20:07 B E:\Projects\Creamy's Wonderland\Builds\CES\CES_Report01_Page.html --> web.planethosting.gamespy.com /iwow.cottages.polycount.com/Builds/CES CES_Report01_Page.html
2007.07.01 20:07 B E:\Projects\Creamy's Wonderland\Builds\CES\Scans_Page.html --> web.planethosting.gamespy.com /iwow.cottages.polycount.com/Builds/CES Scans_Page.html
2007.07.01 20:07 B E:\Projects\Creamy's Wonderland\Builds\CES\Report_Page.html --> web.planethosting.gamespy.com /iwow.cottages.polycount.com/Builds/CES Report_Page.html
2007.07.01 20:07 B E:\Projects\Creamy's Wonderland\Builds\CES\Pics_Page.html --> web.planethosting.gamespy.com /iwow.cottages.polycount.com/Builds/CES Pics_Page.html
2007.07.01 20:07 B E:\Projects\Creamy's Wonderland\Builds\CES\Photos_Page.html --> web.planethosting.gamespy.com /iwow.cottages.polycount.com/Builds/CES Photos_Page.html
2007.07.01 20:07 B E:\Projects\Creamy's Wonderland\Builds\CES\AnimGIFs_Page.html --> web.planethosting.gamespy.com /iwow.cottages.polycount.com/Builds/CES AnimGIFs_Page.html
2007.10.02 21:15 B E:\Projects\Creamy's Wonderland\Builds\CES\Report_Page.html --> web.planethosting.gamespy.com /iwow.cottages.polycount.com/Builds/CES Report_Page.html
2007.10.02 21:15 B E:\Projects\Creamy's Wonderland\Builds\CES\CES_Report16_Page.html --> web.planethosting.gamespy.com /iwow.cottages.polycount.com/Builds/CES CES_Report16_Page.html
2007.10.02 21:15 B E:\Projects\Creamy's Wonderland\Builds\CES\CES_Report11_Page.html --> web.planethosting.gamespy.com /iwow.cottages.polycount.com/Builds/CES CES_Report11_Page.html
2007.10.02 21:15 B E:\Projects\Creamy's Wonderland\Builds\CES\CES_Report10_Page.html --> web.planethosting.gamespy.com /iwow.cottages.polycount.com/Builds/CES CES_Report10_Page.html
2007.10.02 21:15 B E:\Projects\Creamy's Wonderland\Builds\CES\CES_Report09_Page.html --> web.planethosting.gamespy.com /iwow.cottages.polycount.com/Builds/CES CES_Report09_Page.html
2007.10.02 21:15 B E:\Projects\Creamy's Wonderland\Builds\CES\CES_Report08_Page.html --> web.planethosting.gamespy.com /iwow.cottages.polycount.com/Builds/CES CES_Report08_Page.html
2007.10.02 21:15 B E:\Projects\Creamy's Wonderland\Builds\CES\CES_Report06_Page.html --> web.planethosting.gamespy.com /iwow.cottages.polycount.com/Builds/CES CES_Report06_Page.html
2007.10.02 21:15 B E:\Projects\Creamy's Wonderland\Builds\CES\CES_Report04_Page.html --> web.planethosting.gamespy.com /iwow.cottages.polycount.com/Builds/CES CES_Report04_Page.html
2008.08.15 22:25 B E:\Projects\Creamy's Wonderland\Builds\CES\CES_Report16_Page.html <-- Creamy's Wonderland /iwow.cottages.polycount.com/Builds/CES CES_Report16_Page.html
2009.04.10 01:34 B E:\Projects\Creamy's Wonderland\Builds\CES\Report_Page.html <-- Creamy's Wonderland /creamyg.planetquake.gamespy.com/Builds/CES Report_Page.html
2009.04.10 01:37 B E:\Projects\Creamy's Wonderland\Builds\CES\Report_Page.html --> web.planethosting.gamespy.com /creamyg.planetquake.gamespy.com/Builds/CES Report_Page.html
2009.04.10 12:17 B E:\Projects\Creamy's Wonderland\Builds\CES\CES_Report01_Page.html <-- Creamy's Wonderland /creamyg.planetquake.gamespy.com/Builds/CES CES_Report01_Page.html
2009.04.10 12:19 B E:\Projects\Creamy's Wonderland\Builds\CES\CES_Report01_Page.html <-- Creamy's Wonderland /creamyg.planetquake.gamespy.com/Builds/CES CES_Report01_Page.html
2009.04.10 12:19 B E:\Projects\Creamy's Wonderland\Builds\CES\CES_Report02_Page.html <-- Creamy's Wonderland /creamyg.planetquake.gamespy.com/Builds/CES CES_Report02_Page.html
2009.04.10 12:19 B E:\Projects\Creamy's Wonderland\Builds\CES\CES_Report03_Page.html <-- Creamy's Wonderland /creamyg.planetquake.gamespy.com/Builds/CES CES_Report03_Page.html
2009.04.10 12:19 B E:\Projects\Creamy's Wonderland\Builds\CES\CES_Report04_Page.html <-- Creamy's Wonderland /creamyg.planetquake.gamespy.com/Builds/CES CES_Report04_Page.html
2009.04.10 12:19 B E:\Projects\Creamy's Wonderland\Builds\CES\CES_Report05_Page.html <-- Creamy's Wonderland /creamyg.planetquake.gamespy.com/Builds/CES CES_Report05_Page.html
2009.04.10 12:19 B E:\Projects\Creamy's Wonderland\Builds\CES\CES_Report06_Page.html <-- Creamy's Wonderland /creamyg.planetquake.gamespy.com/Builds/CES CES_Report06_Page.html
2009.04.10 12:19 B E:\Projects\Creamy's Wonderland\Builds\CES\CES_Report07_Page.html <-- Creamy's Wonderland /creamyg.planetquake.gamespy.com/Builds/CES CES_Report07_Page.html
2009.04.10 12:19 B E:\Projects\Creamy's Wonderland\Builds\CES\CES_Report08_Page.html <-- Creamy's Wonderland /creamyg.planetquake.gamespy.com/Builds/CES CES_Report08_Page.html
2009.04.10 12:19 B E:\Projects\Creamy's Wonderland\Builds\CES\CES_Report09_Page.html <-- Creamy's Wonderland /creamyg.planetquake.gamespy.com/Builds/CES CES_Report09_Page.html
2009.04.10 12:19 B E:\Projects\Creamy's Wonderland\Builds\CES\CES_Report10_Page.html <-- Creamy's Wonderland /creamyg.planetquake.gamespy.com/Builds/CES CES_Report10_Page.html
2009.04.10 12:19 B E:\Projects\Creamy's Wonderland\Builds\CES\CES_Report11_Page.html <-- Creamy's Wonderland /creamyg.planetquake.gamespy.com/Builds/CES CES_Report11_Page.html
2009.04.10 12:19 B E:\Projects\Creamy's Wonderland\Builds\CES\CES_Report12_Page.html <-- Creamy's Wonderland /creamyg.planetquake.gamespy.com/Builds/CES CES_Report12_Page.html
2009.04.10 12:19 B E:\Projects\Creamy's Wonderland\Builds\CES\CES_Report13_Page.html <-- Creamy's Wonderland /creamyg.planetquake.gamespy.com/Builds/CES CES_Report13_Page.html
2009.04.10 12:19 B E:\Projects\Creamy's Wonderland\Builds\CES\CES_Report14_Page.html <-- Creamy's Wonderland /creamyg.planetquake.gamespy.com/Builds/CES CES_Report14_Page.html
2009.04.10 12:19 B E:\Projects\Creamy's Wonderland\Builds\CES\CES_Report15_Page.html <-- Creamy's Wonderland /creamyg.planetquake.gamespy.com/Builds/CES CES_Report15_Page.html
2009.04.10 12:19 B E:\Projects\Creamy's Wonderland\Builds\CES\CES_Report16_Page.html <-- Creamy's Wonderland /creamyg.planetquake.gamespy.com/Builds/CES CES_Report16_Page.html
2009.04.10 12:46 B E:\Projects\Creamy's Wonderland\Builds\CES\CES_Report01_Page.html --> web.planethosting.gamespy.com /creamyg.planetquake.gamespy.com/Builds/CES CES_Report01_Page.html
2009.04.10 12:47 B E:\Projects\Creamy's Wonderland\Builds\CES\CES_Report01_Page.html --> web.planethosting.gamespy.com /creamyg.planetquake.gamespy.com/Builds/CES CES_Report01_Page.html
2009.04.10 13:04 B E:\Projects\Creamy's Wonderland\Builds\CES\CES_Report01_Page.html --> web.planethosting.gamespy.com /creamyg.planetquake.gamespy.com/Builds/CES CES_Report01_Page.html
2009.04.10 13:13 B E:\Projects\Creamy's Wonderland\Builds\CES\CES_Report01_Page.html --> web.planethosting.gamespy.com /creamyg.planetquake.gamespy.com/Builds/CES CES_Report01_Page.html
2009.04.10 13:18 B E:\Projects\Creamy's Wonderland\Builds\CES\CES_Report02_Page.html --> web.planethosting.gamespy.com /creamyg.planetquake.gamespy.com/Builds/CES CES_Report02_Page.html
2009.04.10 13:45 B E:\Projects\Creamy's Wonderland\Builds\CES\CES_Report02_Page.html --> web.planethosting.gamespy.com /creamyg.planetquake.gamespy.com/Builds/CES CES_Report02_Page.html
2009.04.10 13:52 B E:\Projects\Creamy's Wonderland\Builds\CES\CES_Report03_Page.html --> web.planethosting.gamespy.com /creamyg.planetquake.gamespy.com/Builds/CES CES_Report03_Page.html
2009.04.10 13:53 B E:\Projects\Creamy's Wonderland\Builds\CES\CES_Report03_Page.html --> web.planethosting.gamespy.com /creamyg.planetquake.gamespy.com/Builds/CES CES_Report03_Page.html
2009.04.10 14:26 B E:\Projects\Creamy's Wonderland\Builds\CES\CES_Report03_Page.html --> web.planethosting.gamespy.com /creamyg.planetquake.gamespy.com/Builds/CES CES_Report03_Page.html
2009.04.10 15:18 B E:\Projects\Creamy's Wonderland\Builds\CES\CES_Report04_Page.html --> web.planethosting.gamespy.com /creamyg.planetquake.gamespy.com/Builds/CES CES_Report04_Page.html
2009.04.10 17:40 B E:\Projects\Creamy's Wonderland\Builds\CES\CES_Report04_Page.html --> web.planethosting.gamespy.com /creamyg.planetquake.gamespy.com/Builds/CES CES_Report04_Page.html
2009.04.10 22:13 B E:\Projects\Creamy's Wonderland\Builds\CES\CES_Report05_Page.html --> web.planethosting.gamespy.com /creamyg.planetquake.gamespy.com/Builds/CES CES_Report05_Page.html
2009.04.10 23:52 B E:\Projects\Creamy's Wonderland\Builds\CES\CES_Report06_Page.html --> web.planethosting.gamespy.com /creamyg.planetquake.gamespy.com/Builds/CES CES_Report06_Page.html
2009.04.10 23:52 B E:\Projects\Creamy's Wonderland\Builds\CES\CES_Report01_Page.html --> web.planethosting.gamespy.com /creamyg.planetquake.gamespy.com/Builds/CES CES_Report01_Page.html
2009.04.10 23:52 B E:\Projects\Creamy's Wonderland\Builds\CES\CES_Report05_Page.html --> web.planethosting.gamespy.com /creamyg.planetquake.gamespy.com/Builds/CES CES_Report05_Page.html
2009.04.11 04:23 B E:\Projects\Creamy's Wonderland\Builds\CES\CES_Report07_Page.html --> web.planethosting.gamespy.com /creamyg.planetquake.gamespy.com/Builds/CES CES_Report07_Page.html
2009.04.11 04:25 B E:\Projects\Creamy's Wonderland\Builds\CES\CES_Report07_Page.html --> web.planethosting.gamespy.com /creamyg.planetquake.gamespy.com/Builds/CES CES_Report07_Page.html
2009.04.11 04:28 B E:\Projects\Creamy's Wonderland\Builds\CES\CES_Report07_Page.html --> web.planethosting.gamespy.com /creamyg.planetquake.gamespy.com/Builds/CES CES_Report07_Page.html
2009.04.11 12:41 B E:\Projects\Creamy's Wonderland\Builds\CES\CES_Report08_Page.html --> web.planethosting.gamespy.com /creamyg.planetquake.gamespy.com/Builds/CES CES_Report08_Page.html
2009.04.11 12:56 B E:\Projects\Creamy's Wonderland\Builds\CES\CES_Report08_Page.html --> web.planethosting.gamespy.com / CES_Report08_Page.html
2009.04.11 12:57 B E:\Projects\Creamy's Wonderland\Builds\CES\CES_Report08_Page.html --> web.planethosting.gamespy.com /creamyg.planetquake.gamespy.com/Builds/CES CES_Report08_Page.html
2009.04.11 13:01 B E:\Projects\Creamy's Wonderland\Builds\CES\CES_Report08_Page.html --> web.planethosting.gamespy.com /creamyg.planetquake.gamespy.com/Builds/CES CES_Report08_Page.html
2009.04.11 13:15 B E:\Projects\Creamy's Wonderland\Builds\CES\CES_Report08_Page.html --> web.planethosting.gamespy.com /creamyg.planetquake.gamespy.com/Builds/CES CES_Report08_Page.html
2009.04.11 13:20 B E:\Projects\Creamy's Wonderland\Builds\CES\CES_Report08_Page.html --> web.planethosting.gamespy.com /creamyg.planetquake.gamespy.com/Builds/CES CES_Report08_Page.html
2009.04.11 14:09 B E:\Projects\Creamy's Wonderland\Builds\CES\CES_Report08_Page.html --> web.planethosting.gamespy.com /creamyg.planetquake.gamespy.com/Builds/CES CES_Report08_Page.html
2009.04.11 14:11 B E:\Projects\Creamy's Wonderland\Builds\CES\CES_Report08_Page.html --> web.planethosting.gamespy.com /creamyg.planetquake.gamespy.com/Builds/CES CES_Report08_Page.html
2009.04.11 14:14 B E:\Projects\Creamy's Wonderland\Builds\CES\CES_Report08_Page.html --> web.planethosting.gamespy.com /creamyg.planetquake.gamespy.com/Builds/CES CES_Report08_Page.html
2009.04.11 14:14 B E:\Projects\Creamy's Wonderland\Builds\CES\CES_Report08_Page.html --> web.planethosting.gamespy.com /creamyg.planetquake.gamespy.com/Builds/CES CES_Report08_Page.html
2009.04.11 14:37 B E:\Projects\Creamy's Wonderland\Builds\CES\CES_Report08_Page.html --> web.planethosting.gamespy.com /creamyg.planetquake.gamespy.com/Builds/CES CES_Report08_Page.html
2009.04.11 14:39 B E:\Projects\Creamy's Wonderland\Builds\CES\CES_Report09_Page.html --> web.planethosting.gamespy.com /creamyg.planetquake.gamespy.com/Builds/CES CES_Report09_Page.html
2009.04.11 15:06 B E:\Projects\Creamy's Wonderland\Builds\CES\CES_Report09_Page.html --> web.planethosting.gamespy.com /creamyg.planetquake.gamespy.com/Builds/CES CES_Report09_Page.html
2009.04.11 15:42 B E:\Projects\Creamy's Wonderland\Builds\CES\CES_Report09_Page.html --> web.planethosting.gamespy.com /creamyg.planetquake.gamespy.com/Builds/CES CES_Report09_Page.html
2009.04.11 15:56 B E:\Projects\Creamy's Wonderland\Builds\CES\CES_Report09_Page.html --> web.planethosting.gamespy.com /creamyg.planetquake.gamespy.com/Builds/CES CES_Report09_Page.html
2009.04.11 16:13 B E:\Projects\Creamy's Wonderland\Builds\CES\CES_Report09_Page.html --> web.planethosting.gamespy.com /creamyg.planetquake.gamespy.com/Builds/CES CES_Report09_Page.html
2009.04.11 19:52 B E:\Projects\Creamy's Wonderland\Builds\CES\CES_Report10_Page.html --> web.planethosting.gamespy.com /creamyg.planetquake.gamespy.com/Builds/CES CES_Report10_Page.html
2009.04.17 21:26 B E:\Projects\Creamy's Wonderland\Builds\CES\CES_Report11_Page.html --> web.planethosting.gamespy.com /creamyg.planetquake.gamespy.com/Builds/CES CES_Report11_Page.html
2009.04.17 21:37 B E:\Projects\Creamy's Wonderland\Builds\CES\CES_Report11_Page.html --> web.planethosting.gamespy.com /creamyg.planetquake.gamespy.com/Builds/CES CES_Report11_Page.html
2009.04.18 00:57 B E:\Projects\Creamy's Wonderland\Builds\CES\CES_Report12_Page.html --> web.planethosting.gamespy.com /creamyg.planetquake.gamespy.com/Builds/CES CES_Report12_Page.html
2009.04.18 11:35 B E:\Projects\Creamy's Wonderland\Builds\CES\CES_Report12_Page.html --> web.planethosting.gamespy.com /creamyg.planetquake.gamespy.com/Builds/CES CES_Report12_Page.html
2009.04.18 11:35 B E:\Projects\Creamy's Wonderland\Builds\CES\CES_Report10_Page.html --> web.planethosting.gamespy.com /creamyg.planetquake.gamespy.com/Builds/CES CES_Report10_Page.html
2009.04.18 13:28 B E:\Projects\Creamy's Wonderland\Builds\CES\CES_Report13_Page.html --> web.planethosting.gamespy.com /creamyg.planetquake.gamespy.com/Builds/CES CES_Report13_Page.html
2009.04.18 16:17 B E:\Projects\Creamy's Wonderland\Builds\CES\CES_Report14_Page.html --> web.planethosting.gamespy.com /creamyg.planetquake.gamespy.com/Builds/CES CES_Report14_Page.html
2009.04.18 16:17 B E:\Projects\Creamy's Wonderland\Builds\CES\CES_Report14_Page.html --> web.planethosting.gamespy.com /creamyg.planetquake.gamespy.com/Builds/CES CES_Report14_Page.html
2009.04.18 16:18 B E:\Projects\Creamy's Wonderland\Builds\CES\CES_Report14_Page.html --> web.planethosting.gamespy.com /creamyg.planetquake.gamespy.com/Builds/CES CES_Report14_Page.html
2009.04.18 16:45 B E:\Projects\Creamy's Wonderland\Builds\CES\CES_Report04_Page.html --> web.planethosting.gamespy.com /creamyg.planetquake.gamespy.com/Builds/CES CES_Report04_Page.html
2009.04.18 16:45 B E:\Projects\Creamy's Wonderland\Builds\CES\CES_Report06_Page.html --> web.planethosting.gamespy.com /creamyg.planetquake.gamespy.com/Builds/CES CES_Report06_Page.html
2009.04.18 16:46 B E:\Projects\Creamy's Wonderland\Builds\CES\CES_Report05_Page.html --> web.planethosting.gamespy.com /creamyg.planetquake.gamespy.com/Builds/CES CES_Report05_Page.html
2009.04.18 16:46 B E:\Projects\Creamy's Wonderland\Builds\CES\CES_Report07_Page.html --> web.planethosting.gamespy.com /creamyg.planetquake.gamespy.com/Builds/CES CES_Report07_Page.html
2009.04.18 16:46 B E:\Projects\Creamy's Wonderland\Builds\CES\CES_Report08_Page.html --> web.planethosting.gamespy.com /creamyg.planetquake.gamespy.com/Builds/CES CES_Report08_Page.html
2009.04.18 16:46 B E:\Projects\Creamy's Wonderland\Builds\CES\CES_Report09_Page.html --> web.planethosting.gamespy.com /creamyg.planetquake.gamespy.com/Builds/CES CES_Report09_Page.html
2009.04.18 16:46 B E:\Projects\Creamy's Wonderland\Builds\CES\CES_Report13_Page.html --> web.planethosting.gamespy.com /creamyg.planetquake.gamespy.com/Builds/CES CES_Report13_Page.html
2009.04.18 16:46 B E:\Projects\Creamy's Wonderland\Builds\CES\CES_Report12_Page.html --> web.planethosting.gamespy.com /creamyg.planetquake.gamespy.com/Builds/CES CES_Report12_Page.html
2009.04.18 16:46 B E:\Projects\Creamy's Wonderland\Builds\CES\CES_Report11_Page.html --> web.planethosting.gamespy.com /creamyg.planetquake.gamespy.com/Builds/CES CES_Report11_Page.html
2009.04.18 16:46 B E:\Projects\Creamy's Wonderland\Builds\CES\CES_Report14_Page.html --> web.planethosting.gamespy.com /creamyg.planetquake.gamespy.com/Builds/CES CES_Report14_Page.html
2009.04.18 17:00 B E:\Projects\Creamy's Wonderland\Builds\CES\CES_Report15_Page.html --> web.planethosting.gamespy.com /creamyg.planetquake.gamespy.com/Builds/CES CES_Report15_Page.html
2009.04.18 17:00 B E:\Projects\Creamy's Wonderland\Builds\CES\CES_Report14_Page.html --> web.planethosting.gamespy.com /creamyg.planetquake.gamespy.com/Builds/CES CES_Report14_Page.html
2009.04.19 01:11 B E:\Projects\Creamy's Wonderland\Builds\CES\CES_Report15_Page.html --> web.planethosting.gamespy.com /creamyg.planetquake.gamespy.com/Builds/CES CES_Report15_Page.html
2009.04.19 01:11 B E:\Projects\Creamy's Wonderland\Builds\CES\CES_Report14_Page.html --> web.planethosting.gamespy.com /creamyg.planetquake.gamespy.com/Builds/CES CES_Report14_Page.html
2009.04.19 01:11 B E:\Projects\Creamy's Wonderland\Builds\CES\CES_Report13_Page.html --> web.planethosting.gamespy.com /creamyg.planetquake.gamespy.com/Builds/CES CES_Report13_Page.html
2009.04.19 02:29 B E:\Projects\Creamy's Wonderland\Builds\CES\CES_Report15_Page.html --> web.planethosting.gamespy.com /creamyg.planetquake.gamespy.com/Builds/CES CES_Report15_Page.html
2009.04.19 10:53 B E:\Projects\Creamy's Wonderland\Builds\CES\CES_Report16_Page.html --> web.planethosting.gamespy.com /creamyg.planetquake.gamespy.com/Builds/CES CES_Report16_Page.html
2009.04.19 11:33 B E:\Projects\Creamy's Wonderland\Builds\CES\CES_Report16_Page.html --> web.planethosting.gamespy.com /creamyg.planetquake.gamespy.com/Builds/CES CES_Report16_Page.html
2009.04.19 11:47 B E:\Projects\Creamy's Wonderland\Builds\CES\CES_Report16_Page.html --> web.planethosting.gamespy.com /creamyg.planetquake.gamespy.com/Builds/CES CES_Report16_Page.html
2009.04.19 11:49 B E:\Projects\Creamy's Wonderland\Builds\CES\CES_Report16_Page.html --> web.planethosting.gamespy.com /creamyg.planetquake.gamespy.com/Builds/CES CES_Report16_Page.html
2009.04.19 11:54 B E:\Projects\Creamy's Wonderland\Builds\CES\CES_Report13_Page.html --> web.planethosting.gamespy.com /creamyg.planetquake.gamespy.com/Builds/CES CES_Report13_Page.html
2009.04.19 11:54 B E:\Projects\Creamy's Wonderland\Builds\CES\CES_Report12_Page.html --> web.planethosting.gamespy.com /creamyg.planetquake.gamespy.com/Builds/CES CES_Report12_Page.html
2009.04.19 11:55 B E:\Projects\Creamy's Wonderland\Builds\CES\CES_Report13_Page.html --> web.planethosting.gamespy.com /creamyg.planetquake.gamespy.com/Builds/CES CES_Report13_Page.html
2009.04.19 11:56 B E:\Projects\Creamy's Wonderland\Builds\CES\CES_Report13_Page.html --> web.planethosting.gamespy.com /creamyg.planetquake.gamespy.com/Builds/CES CES_Report13_Page.html
2009.04.19 12:01 B E:\Projects\Creamy's Wonderland\Builds\CES\CES_Report13_Page.html --> web.planethosting.gamespy.com /creamyg.planetquake.gamespy.com/Builds/CES CES_Report13_Page.html
2009.05.03 18:43 B E:\Projects\Creamy's Wonderland\Builds\CES\AnimGIFs_Page.html <-- Creamy's Wonderland /creamyg.planetquake.gamespy.com/Builds/CES AnimGIFs_Page.html
2009.05.03 18:43 B E:\Projects\Creamy's Wonderland\Builds\CES\Photos_Page.html <-- Creamy's Wonderland /creamyg.planetquake.gamespy.com/Builds/CES Photos_Page.html
2009.05.03 18:43 B E:\Projects\Creamy's Wonderland\Builds\CES\Pics_Page.html <-- Creamy's Wonderland /creamyg.planetquake.gamespy.com/Builds/CES Pics_Page.html
2009.05.03 18:43 B E:\Projects\Creamy's Wonderland\Builds\CES\Scans_Page.html <-- Creamy's Wonderland /creamyg.planetquake.gamespy.com/Builds/CES Scans_Page.html
2009.05.03 20:17 B E:\Projects\Creamy's Wonderland\Builds\CES\Pics_Page.html --> web.planethosting.gamespy.com /creamyg.planetquake.gamespy.com/Builds/CES Pics_Page.html
2009.05.03 21:02 B E:\Projects\Creamy's Wonderland\Builds\CES\Scans_Page.html --> web.planethosting.gamespy.com /creamyg.planetquake.gamespy.com/Builds/CES Scans_Page.html
2009.05.03 21:02 B E:\Projects\Creamy's Wonderland\Builds\CES\AnimGIFs_Page.html --> web.planethosting.gamespy.com /creamyg.planetquake.gamespy.com/Builds/CES AnimGIFs_Page.html
2009.05.03 21:02 B E:\Projects\Creamy's Wonderland\Builds\CES\Photos_Page.html --> web.planethosting.gamespy.com /creamyg.planetquake.gamespy.com/Builds/CES Photos_Page.html
