2009.09.11 22:23 B E:\Projects\Creamy's_Wonderland\Builds\CES\Builds_-_CES(fs).html --> ftp.hugelaser.com /Builds/CES Builds_-_CES(fs).html
2009.09.11 22:23 B E:\Projects\Creamy's_Wonderland\Builds\CES\Builds_-_CES(lfm).html --> ftp.hugelaser.com /Builds/CES Builds_-_CES(lfm).html
2009.09.11 22:38 B E:\Projects\Creamy's_Wonderland\Builds\CES\Builds_-_CES(fs).html --> ftp.hugelaser.com /Builds/CES Builds_-_CES(fs).html
2009.09.11 22:47 B E:\Projects\Creamy's_Wonderland\Builds\CES\Builds_-_CES(fs).html --> ftp.hugelaser.com /Builds/CES Builds_-_CES(fs).html
2009.09.11 22:47 B E:\Projects\Creamy's_Wonderland\Builds\CES\Builds_-_CES(lfm).html --> ftp.hugelaser.com /Builds/CES Builds_-_CES(lfm).html
2009.09.11 22:52 B E:\Projects\Creamy's_Wonderland\Builds\CES\Builds_-_CES(fs).html --> ftp.hugelaser.com /Builds/CES Builds_-_CES(fs).html
2009.09.11 22:52 B E:\Projects\Creamy's_Wonderland\Builds\CES\Builds_-_CES(lfm).html --> ftp.hugelaser.com /Builds/CES Builds_-_CES(lfm).html
2009.09.11 22:52 B E:\Projects\Creamy's_Wonderland\Builds\CES\Builds_-_CES(fs).html --> ftp.hugelaser.com /Builds/CES Builds_-_CES(fs).html
2009.09.11 22:52 B E:\Projects\Creamy's_Wonderland\Builds\CES\Builds_-_CES(lfm).html --> ftp.hugelaser.com /Builds/CES Builds_-_CES(lfm).html
2009.09.11 22:58 B E:\Projects\Creamy's_Wonderland\Builds\CES\Builds_-_CES(fs).html --> ftp.hugelaser.com /Builds/CES Builds_-_CES(fs).html
2009.09.11 22:58 B E:\Projects\Creamy's_Wonderland\Builds\CES\Builds_-_CES(lfm).html --> ftp.hugelaser.com /Builds/CES Builds_-_CES(lfm).html
2009.09.11 23:11 B E:\Projects\Creamy's_Wonderland\Builds\CES\Builds_-_CES(fs).html --> ftp.hugelaser.com /Builds/CES Builds_-_CES(fs).html
2009.09.11 23:11 B E:\Projects\Creamy's_Wonderland\Builds\CES\Builds_-_CES(lfm).html --> ftp.hugelaser.com /Builds/CES Builds_-_CES(lfm).html
2009.09.11 23:11 B E:\Projects\Creamy's_Wonderland\Builds\CES\Pics(fs).html --> ftp.hugelaser.com /Builds/CES Pics(fs).html
2009.09.11 23:11 B E:\Projects\Creamy's_Wonderland\Builds\CES\Pics(lfm).html --> ftp.hugelaser.com /Builds/CES Pics(lfm).html
2009.09.11 23:11 B E:\Projects\Creamy's_Wonderland\Builds\CES\Written_Log(fs).html --> ftp.hugelaser.com /Builds/CES Written_Log(fs).html
2009.09.11 23:11 B E:\Projects\Creamy's_Wonderland\Builds\CES\Written_Log(lfm).html --> ftp.hugelaser.com /Builds/CES Written_Log(lfm).html
2009.09.12 20:59 B E:\Projects\Creamy's_Wonderland\Builds\CES\Pics(lfm).html --> ftp.hugelaser.com /Builds/CES Pics(lfm).html
2009.09.12 20:59 B E:\Projects\Creamy's_Wonderland\Builds\CES\Written_Log(lfm).html --> ftp.hugelaser.com /Builds/CES Written_Log(lfm).html
2009.09.12 20:59 B E:\Projects\Creamy's_Wonderland\Builds\CES\Builds_-_CES(lfm).html --> ftp.hugelaser.com /Builds/CES Builds_-_CES(lfm).html
2009.09.13 01:45 B E:\Projects\Creamy's_Wonderland\Builds\CES\Pics(fs).html --> ftp.hugelaser.com /Builds/CES Pics(fs).html
2009.09.13 01:45 B E:\Projects\Creamy's_Wonderland\Builds\CES\Written_Log(fs).html --> ftp.hugelaser.com /Builds/CES Written_Log(fs).html
2009.09.13 01:45 B E:\Projects\Creamy's_Wonderland\Builds\CES\Builds_-_CES(fs).html --> ftp.hugelaser.com /Builds/CES Builds_-_CES(fs).html
2009.09.13 20:39 B E:\Projects\Creamy's_Wonderland\Builds\CES\Builds_-_CES.html --> ftp.hugelaser.com /Builds/CES Builds_-_CES.html
2009.09.13 20:43 B E:\Projects\Creamy's_Wonderland\Builds\CES\Builds_-_CES.html --> ftp.hugelaser.com /Builds/CES Builds_-_CES.html
2009.09.13 21:24 B E:\Projects\Creamy's_Wonderland\Builds\CES\Written_Log.html --> ftp.hugelaser.com /Builds/CES Written_Log.html
2009.09.13 21:46 B E:\Projects\Creamy's_Wonderland\Builds\CES\Written_Log.html --> ftp.hugelaser.com /Builds/CES Written_Log.html
2009.09.14 02:30 B E:\Projects\Creamy's_Wonderland\Builds\CES\Written_Log.html --> ftp.hugelaser.com /Builds/CES Written_Log.html
2009.09.14 02:30 B E:\Projects\Creamy's_Wonderland\Builds\CES\Written_Log_-_Block02.html --> ftp.hugelaser.com /Builds/CES Written_Log_-_Block02.html
2009.09.14 02:30 B E:\Projects\Creamy's_Wonderland\Builds\CES\Written_Log_-_Block01.html --> ftp.hugelaser.com /Builds/CES Written_Log_-_Block01.html
2009.09.15 00:45 B E:\Projects\Creamy's_Wonderland\Builds\CES\Written_Log_-_Block02.html --> ftp.hugelaser.com /Builds/CES Written_Log_-_Block02.html
2009.09.15 00:45 B E:\Projects\Creamy's_Wonderland\Builds\CES\Written_Log_-_Block01.html --> ftp.hugelaser.com /Builds/CES Written_Log_-_Block01.html
2009.09.15 00:51 B E:\Projects\Creamy's_Wonderland\Builds\CES\Written_Log.html --> ftp.hugelaser.com /Builds/CES Written_Log.html
2009.09.18 15:15 B E:\Projects\Creamy's_Wonderland\Builds\CES\Written_Log_-_Section01.html --> ftp.hugelaser.com /Builds/CES Written_Log_-_Section01.html
2009.09.18 15:15 B E:\Projects\Creamy's_Wonderland\Builds\CES\Written_Log_-_Section02.html --> ftp.hugelaser.com /Builds/CES Written_Log_-_Section02.html
2009.09.18 15:16 B E:\Projects\Creamy's_Wonderland\Builds\CES\Written_Log_-_Block02.html --> ftp.hugelaser.com /Builds/CES Written_Log_-_Block02.html
2009.09.18 15:16 B E:\Projects\Creamy's_Wonderland\Builds\CES\Written_Log_-_Block01.html --> ftp.hugelaser.com /Builds/CES Written_Log_-_Block01.html
2009.09.18 15:20 B E:\Projects\Creamy's_Wonderland\Builds\CES\Written_Log_-_Section02.html --> ftp.hugelaser.com /Builds/CES Written_Log_-_Section02.html
2009.11.01 15:20 B E:\Projects\Creamy's_Wonderland\Builds\CES\Written_Log_-_Section16.html --> ftp.hugelaser.com /Builds/CES Written_Log_-_Section16.html
2009.11.01 15:20 B E:\Projects\Creamy's_Wonderland\Builds\CES\Written_Log_-_Section15.html --> ftp.hugelaser.com /Builds/CES Written_Log_-_Section15.html
2009.11.01 15:20 B E:\Projects\Creamy's_Wonderland\Builds\CES\Written_Log_-_Section14.html --> ftp.hugelaser.com /Builds/CES Written_Log_-_Section14.html
2009.11.01 15:20 B E:\Projects\Creamy's_Wonderland\Builds\CES\Written_Log_-_Section13.html --> ftp.hugelaser.com /Builds/CES Written_Log_-_Section13.html
2009.11.01 15:20 B E:\Projects\Creamy's_Wonderland\Builds\CES\Written_Log_-_Section09.html --> ftp.hugelaser.com /Builds/CES Written_Log_-_Section09.html
2009.11.01 15:20 B E:\Projects\Creamy's_Wonderland\Builds\CES\Written_Log_-_Section08.html --> ftp.hugelaser.com /Builds/CES Written_Log_-_Section08.html
2009.11.01 15:20 B E:\Projects\Creamy's_Wonderland\Builds\CES\Written_Log_-_Section12.html --> ftp.hugelaser.com /Builds/CES Written_Log_-_Section12.html
2009.11.01 15:20 B E:\Projects\Creamy's_Wonderland\Builds\CES\Written_Log_-_Section11.html --> ftp.hugelaser.com /Builds/CES Written_Log_-_Section11.html
2009.11.01 15:20 B E:\Projects\Creamy's_Wonderland\Builds\CES\Pics_-_Side_Panels.html --> ftp.hugelaser.com /Builds/CES Pics_-_Side_Panels.html
2009.11.01 15:20 B E:\Projects\Creamy's_Wonderland\Builds\CES\Pics_-_Tools.html --> ftp.hugelaser.com /Builds/CES Pics_-_Tools.html
2009.11.01 15:20 B E:\Projects\Creamy's_Wonderland\Builds\CES\Written_Log_-_Section10.html --> ftp.hugelaser.com /Builds/CES Written_Log_-_Section10.html
2009.11.01 15:20 B E:\Projects\Creamy's_Wonderland\Builds\CES\Written_Log_-_Section06.html --> ftp.hugelaser.com /Builds/CES Written_Log_-_Section06.html
2009.11.01 15:20 B E:\Projects\Creamy's_Wonderland\Builds\CES\Pics_-_Fans&Grills.html --> ftp.hugelaser.com /Builds/CES Pics_-_Fans&Grills.html
2009.11.01 15:20 B E:\Projects\Creamy's_Wonderland\Builds\CES\Written_Log_-_Section07.html --> ftp.hugelaser.com /Builds/CES Written_Log_-_Section07.html
2009.11.01 15:20 B E:\Projects\Creamy's_Wonderland\Builds\CES\Written_Log_-_Section02.html --> ftp.hugelaser.com /Builds/CES Written_Log_-_Section02.html
2009.11.01 15:20 B E:\Projects\Creamy's_Wonderland\Builds\CES\Written_Log_-_Section04.html --> ftp.hugelaser.com /Builds/CES Written_Log_-_Section04.html
2009.11.01 15:20 B E:\Projects\Creamy's_Wonderland\Builds\CES\Written_Log_-_Section03.html --> ftp.hugelaser.com /Builds/CES Written_Log_-_Section03.html
2009.11.01 15:20 B E:\Projects\Creamy's_Wonderland\Builds\CES\Written_Log_-_Section05.html --> ftp.hugelaser.com /Builds/CES Written_Log_-_Section05.html
2009.11.01 15:20 B E:\Projects\Creamy's_Wonderland\Builds\CES\Pics_-_Front_Panel.html --> ftp.hugelaser.com /Builds/CES Pics_-_Front_Panel.html
2009.11.01 15:20 B E:\Projects\Creamy's_Wonderland\Builds\CES\Written_Log_-_Section01.html --> ftp.hugelaser.com /Builds/CES Written_Log_-_Section01.html
2009.11.01 15:20 B E:\Projects\Creamy's_Wonderland\Builds\CES\Pics_-_Power&HDD_LEDs.html --> ftp.hugelaser.com /Builds/CES Pics_-_Power&HDD_LEDs.html
2009.11.01 15:20 B E:\Projects\Creamy's_Wonderland\Builds\CES\Pics_-_AnimGIFs.html --> ftp.hugelaser.com /Builds/CES Pics_-_AnimGIFs.html
2009.11.01 15:20 B E:\Projects\Creamy's_Wonderland\Builds\CES\Pics_-_Scans.html --> ftp.hugelaser.com /Builds/CES Pics_-_Scans.html
2009.11.01 15:20 B E:\Projects\Creamy's_Wonderland\Builds\CES\Pics_-_Miscellaneous.html --> ftp.hugelaser.com /Builds/CES Pics_-_Miscellaneous.html
2009.11.01 15:20 B E:\Projects\Creamy's_Wonderland\Builds\CES\Pics_-_The_Mess.html --> ftp.hugelaser.com /Builds/CES Pics_-_The_Mess.html
2009.11.01 15:20 B E:\Projects\Creamy's_Wonderland\Builds\CES\Pics_-_Wires&Cables.html --> ftp.hugelaser.com /Builds/CES Pics_-_Wires&Cables.html
2009.11.01 15:20 B E:\Projects\Creamy's_Wonderland\Builds\CES\Pics_-_Drives.html --> ftp.hugelaser.com /Builds/CES Pics_-_Drives.html
2009.11.01 15:20 B E:\Projects\Creamy's_Wonderland\Builds\CES\Pics_-_Top_Hatch.html --> ftp.hugelaser.com /Builds/CES Pics_-_Top_Hatch.html
2009.11.01 15:20 B E:\Projects\Creamy's_Wonderland\Builds\CES\Pics_-_Power&Reset_Buttons.html --> ftp.hugelaser.com /Builds/CES Pics_-_Power&Reset_Buttons.html
2009.11.01 15:20 B E:\Projects\Creamy's_Wonderland\Builds\CES\Pics_-_Photo_Log.html --> ftp.hugelaser.com /Builds/CES Pics_-_Photo_Log.html
2009.11.01 15:20 B E:\Projects\Creamy's_Wonderland\Builds\CES\Pics_-_Chassis_Construction.html --> ftp.hugelaser.com /Builds/CES Pics_-_Chassis_Construction.html
2009.11.01 15:20 B E:\Projects\Creamy's_Wonderland\Builds\CES\Pics_-_AI_Patterns.html --> ftp.hugelaser.com /Builds/CES Pics_-_AI_Patterns.html
2009.11.01 15:20 B E:\Projects\Creamy's_Wonderland\Builds\CES\Pics_-_Coating_Tests.html --> ftp.hugelaser.com /Builds/CES Pics_-_Coating_Tests.html
2009.11.01 15:20 B E:\Projects\Creamy's_Wonderland\Builds\CES\Pics.html --> ftp.hugelaser.com /Builds/CES Pics.html
2009.11.01 15:20 B E:\Projects\Creamy's_Wonderland\Builds\CES\Photo_Log.html --> ftp.hugelaser.com /Builds/CES Photo_Log.html
2009.11.01 15:20 B E:\Projects\Creamy's_Wonderland\Builds\CES\Written_Log_-_Block02.html --> ftp.hugelaser.com /Builds/CES Written_Log_-_Block02.html
2009.11.01 15:20 B E:\Projects\Creamy's_Wonderland\Builds\CES\Written_Log_-_Block01.html --> ftp.hugelaser.com /Builds/CES Written_Log_-_Block01.html
2009.11.01 15:20 B E:\Projects\Creamy's_Wonderland\Builds\CES\Written_Log.html --> ftp.hugelaser.com /Builds/CES Written_Log.html
2009.11.01 15:20 B E:\Projects\Creamy's_Wonderland\Builds\CES\Builds_-_CES.html --> ftp.hugelaser.com /Builds/CES Builds_-_CES.html
2013.01.06 13:38 B E:\Projects\Creamy's_Wonderland\Builds\CES\Pics_-_Scans.html --> ftp.hugelaser.com /Builds/ces Pics_-_Scans.html
2013.01.06 14:29 B E:\Projects\Creamy's_Wonderland\Builds\CES\Pics_-_The_Mess.html --> ftp.hugelaser.com /Builds/ces Pics_-_The_Mess.html
2013.01.06 14:29 B E:\Projects\Creamy's_Wonderland\Builds\CES\Written_Log_-_Section11.html --> ftp.hugelaser.com /Builds/ces Written_Log_-_Section11.html
2013.01.06 15:11 B E:\Projects\Creamy's_Wonderland\Builds\CES\Pics_-_Tools.html --> ftp.hugelaser.com /Builds/ces Pics_-_Tools.html
2013.01.06 15:52 B E:\Projects\Creamy's_Wonderland\Builds\CES\Written_Log_-_Section15.html --> ftp.hugelaser.com /Builds/ces Written_Log_-_Section15.html
2013.01.06 16:07 B E:\Projects\Creamy's_Wonderland\Builds\CES\Written_Log_-_Section15.html --> ftp.hugelaser.com /Builds/ces Written_Log_-_Section15.html
2013.01.06 16:13 B E:\Projects\Creamy's_Wonderland\Builds\CES\Written_Log_-_Section15.html --> ftp.hugelaser.com /Builds/ces Written_Log_-_Section15.html
2013.01.06 16:16 B E:\Projects\Creamy's_Wonderland\Builds\CES\Written_Log_-_Section15.html --> ftp.hugelaser.com /Builds/ces Written_Log_-_Section15.html
2013.01.08 12:07 B E:\Projects\Creamy's_Wonderland\Builds\CES\Written_Log_-_Section01.html --> ftp.hugelaser.com /Builds/ces Written_Log_-_Section01.html
2013.01.08 12:44 B E:\Projects\Creamy's_Wonderland\Builds\CES\Written_Log_-_Section02.html --> ftp.hugelaser.com /Builds/ces Written_Log_-_Section02.html
2013.01.08 18:00 B E:\Projects\Creamy's_Wonderland\Builds\CES\Written_Log_-_Section02.html --> ftp.hugelaser.com /Builds/ces Written_Log_-_Section02.html
2013.01.09 22:04 B E:\Projects\Creamy's_Wonderland\Builds\CES\Written_Log_-_Section04.html --> ftp.hugelaser.com /Builds/ces Written_Log_-_Section04.html
2013.01.10 11:56 B E:\Projects\Creamy's_Wonderland\Builds\CES\Written_Log_-_Section03.html --> ftp.hugelaser.com /Builds/ces Written_Log_-_Section03.html
2013.01.10 12:07 B E:\Projects\Creamy's_Wonderland\Builds\CES\Written_Log_-_Section01.html --> ftp.hugelaser.com /Builds/ces Written_Log_-_Section01.html
2013.01.10 14:54 B E:\Projects\Creamy's_Wonderland\Builds\CES\Written_Log_-_Section05.html --> ftp.hugelaser.com /Builds/ces Written_Log_-_Section05.html
2013.01.12 17:55 B E:\Projects\Creamy's_Wonderland\Builds\CES\Written_Log_-_Section07.html --> ftp.hugelaser.com /Builds/ces Written_Log_-_Section07.html
2013.01.13 12:09 B E:\Projects\Creamy's_Wonderland\Builds\CES\Written_Log_-_Section08.html --> ftp.hugelaser.com /Builds/ces Written_Log_-_Section08.html
2013.01.13 12:09 B E:\Projects\Creamy's_Wonderland\Builds\CES\Written_Log_-_Section07.html --> ftp.hugelaser.com /Builds/ces Written_Log_-_Section07.html
2013.01.15 15:35 B E:\Projects\Creamy's_Wonderland\Builds\CES\Written_Log_-_Section10.html --> ftp.hugelaser.com /Builds/ces Written_Log_-_Section10.html
2013.01.15 15:35 B E:\Projects\Creamy's_Wonderland\Builds\CES\Written_Log_-_Section15.html --> ftp.hugelaser.com /Builds/ces Written_Log_-_Section15.html
2013.01.15 15:35 B E:\Projects\Creamy's_Wonderland\Builds\CES\Written_Log_-_Section14.html --> ftp.hugelaser.com /Builds/ces Written_Log_-_Section14.html
2013.01.15 15:35 B E:\Projects\Creamy's_Wonderland\Builds\CES\Written_Log_-_Section13.html --> ftp.hugelaser.com /Builds/ces Written_Log_-_Section13.html
2013.01.15 15:35 B E:\Projects\Creamy's_Wonderland\Builds\CES\Written_Log_-_Section12.html --> ftp.hugelaser.com /Builds/ces Written_Log_-_Section12.html
2013.01.15 15:35 B E:\Projects\Creamy's_Wonderland\Builds\CES\Written_Log_-_Section11.html --> ftp.hugelaser.com /Builds/ces Written_Log_-_Section11.html
2013.01.15 19:49 B E:\Projects\Creamy's_Wonderland\Builds\CES\Written_Log_-_Section10.html --> ftp.hugelaser.com /Builds/ces Written_Log_-_Section10.html
2013.01.15 19:49 B E:\Projects\Creamy's_Wonderland\Builds\CES\Written_Log_-_Section04.html --> ftp.hugelaser.com /Builds/ces Written_Log_-_Section04.html
2013.01.15 19:49 B E:\Projects\Creamy's_Wonderland\Builds\CES\Written_Log_-_Section01.html --> ftp.hugelaser.com /Builds/ces Written_Log_-_Section01.html
2013.01.15 19:49 B E:\Projects\Creamy's_Wonderland\Builds\CES\Written_Log_-_Section15.html --> ftp.hugelaser.com /Builds/ces Written_Log_-_Section15.html
2013.01.15 19:49 B E:\Projects\Creamy's_Wonderland\Builds\CES\Written_Log_-_Section14.html --> ftp.hugelaser.com /Builds/ces Written_Log_-_Section14.html
2013.01.15 19:49 B E:\Projects\Creamy's_Wonderland\Builds\CES\Written_Log_-_Section13.html --> ftp.hugelaser.com /Builds/ces Written_Log_-_Section13.html
2013.01.15 19:49 B E:\Projects\Creamy's_Wonderland\Builds\CES\Written_Log_-_Section12.html --> ftp.hugelaser.com /Builds/ces Written_Log_-_Section12.html
2013.01.15 19:49 B E:\Projects\Creamy's_Wonderland\Builds\CES\Written_Log_-_Section11.html --> ftp.hugelaser.com /Builds/ces Written_Log_-_Section11.html
2013.01.18 16:26 B E:\Projects\Creamy's_Wonderland\Builds\CES\Written_Log_-_Section11.html --> ftp.hugelaser.com /Builds/ces Written_Log_-_Section11.html
2013.01.18 16:26 B E:\Projects\Creamy's_Wonderland\Builds\CES\Written_Log_-_Section16.html --> ftp.hugelaser.com /Builds/ces Written_Log_-_Section16.html
2013.01.18 16:26 B E:\Projects\Creamy's_Wonderland\Builds\CES\Written_Log_-_Section15.html --> ftp.hugelaser.com /Builds/ces Written_Log_-_Section15.html
2013.01.18 16:26 B E:\Projects\Creamy's_Wonderland\Builds\CES\Written_Log_-_Section13.html --> ftp.hugelaser.com /Builds/ces Written_Log_-_Section13.html
2013.01.18 16:26 B E:\Projects\Creamy's_Wonderland\Builds\CES\Written_Log_-_Section12.html --> ftp.hugelaser.com /Builds/ces Written_Log_-_Section12.html
2013.01.18 16:26 B E:\Projects\Creamy's_Wonderland\Builds\CES\Written_Log_-_Section04.html --> ftp.hugelaser.com /Builds/ces Written_Log_-_Section04.html
2013.01.18 16:26 B E:\Projects\Creamy's_Wonderland\Builds\CES\Written_Log_-_Section09.html --> ftp.hugelaser.com /Builds/ces Written_Log_-_Section09.html
2013.01.30 04:46 B E:\Projects\Creamy's_Wonderland\Builds\CES\Written_Log_-_Section15.html --> ftp.hugelaser.com /Builds/ces Written_Log_-_Section15.html
2013.01.30 04:46 B E:\Projects\Creamy's_Wonderland\Builds\CES\Written_Log_-_Section14.html --> ftp.hugelaser.com /Builds/ces Written_Log_-_Section14.html
2013.01.30 04:46 B E:\Projects\Creamy's_Wonderland\Builds\CES\Written_Log_-_Section13.html --> ftp.hugelaser.com /Builds/ces Written_Log_-_Section13.html
2013.12.12 21:13 B E:\Projects\Creamy's_Wonderland\Builds\CES\Builds_-_CES(fs).html --> www.jdluke.com /Builds/CES Builds_-_CES(fs).html
2013.12.12 21:13 B E:\Projects\Creamy's_Wonderland\Builds\CES\Builds_-_CES(lfm).html --> www.jdluke.com /Builds/CES Builds_-_CES(lfm).html
2013.12.12 21:13 B E:\Projects\Creamy's_Wonderland\Builds\CES\Builds_-_CES.html --> www.jdluke.com /Builds/CES Builds_-_CES.html
2013.12.12 21:13 B E:\Projects\Creamy's_Wonderland\Builds\CES\Photo_Log.html --> www.jdluke.com /Builds/CES Photo_Log.html
2013.12.12 21:13 B E:\Projects\Creamy's_Wonderland\Builds\CES\Pics(fs).html --> www.jdluke.com /Builds/CES Pics(fs).html
2013.12.12 21:13 B E:\Projects\Creamy's_Wonderland\Builds\CES\Pics(lfm).html --> www.jdluke.com /Builds/CES Pics(lfm).html
2013.12.12 21:13 B E:\Projects\Creamy's_Wonderland\Builds\CES\Pics.html --> www.jdluke.com /Builds/CES Pics.html
2013.12.12 21:13 B E:\Projects\Creamy's_Wonderland\Builds\CES\Pics_-_AI_Patterns.html --> www.jdluke.com /Builds/CES Pics_-_AI_Patterns.html
2013.12.12 21:13 B E:\Projects\Creamy's_Wonderland\Builds\CES\Pics_-_Animated_GIFs.html --> www.jdluke.com /Builds/CES Pics_-_Animated_GIFs.html
2013.12.12 21:13 B E:\Projects\Creamy's_Wonderland\Builds\CES\Pics_-_Chassis_Construction.html --> www.jdluke.com /Builds/CES Pics_-_Chassis_Construction.html
2013.12.12 21:13 B E:\Projects\Creamy's_Wonderland\Builds\CES\Pics_-_Coating_Tests.html --> www.jdluke.com /Builds/CES Pics_-_Coating_Tests.html
2013.12.12 21:13 B E:\Projects\Creamy's_Wonderland\Builds\CES\Pics_-_Drives.html --> www.jdluke.com /Builds/CES Pics_-_Drives.html
2013.12.12 21:13 B E:\Projects\Creamy's_Wonderland\Builds\CES\Pics_-_Fans&Grills.html --> www.jdluke.com /Builds/CES Pics_-_Fans&Grills.html
2013.12.12 21:13 B E:\Projects\Creamy's_Wonderland\Builds\CES\Pics_-_Front_Panel.html --> www.jdluke.com /Builds/CES Pics_-_Front_Panel.html
2013.12.12 21:13 B E:\Projects\Creamy's_Wonderland\Builds\CES\Pics_-_Miscellaneous.html --> www.jdluke.com /Builds/CES Pics_-_Miscellaneous.html
2013.12.12 21:13 B E:\Projects\Creamy's_Wonderland\Builds\CES\Pics_-_Photo_Log.html --> www.jdluke.com /Builds/CES Pics_-_Photo_Log.html
2013.12.12 21:13 B E:\Projects\Creamy's_Wonderland\Builds\CES\Pics_-_Power&HDD_LEDs.html --> www.jdluke.com /Builds/CES Pics_-_Power&HDD_LEDs.html
2013.12.12 21:13 B E:\Projects\Creamy's_Wonderland\Builds\CES\Pics_-_Power&Reset_Buttons.html --> www.jdluke.com /Builds/CES Pics_-_Power&Reset_Buttons.html
2013.12.12 21:13 B E:\Projects\Creamy's_Wonderland\Builds\CES\Pics_-_Scans.html --> www.jdluke.com /Builds/CES Pics_-_Scans.html
2013.12.12 21:13 B E:\Projects\Creamy's_Wonderland\Builds\CES\Pics_-_Side_Panels.html --> www.jdluke.com /Builds/CES Pics_-_Side_Panels.html
2013.12.12 21:13 B E:\Projects\Creamy's_Wonderland\Builds\CES\Pics_-_The_Mess.html --> www.jdluke.com /Builds/CES Pics_-_The_Mess.html
2013.12.12 21:13 B E:\Projects\Creamy's_Wonderland\Builds\CES\Pics_-_Tools.html --> www.jdluke.com /Builds/CES Pics_-_Tools.html
2013.12.12 21:13 B E:\Projects\Creamy's_Wonderland\Builds\CES\Pics_-_Top_Hatch.html --> www.jdluke.com /Builds/CES Pics_-_Top_Hatch.html
2013.12.12 21:13 B E:\Projects\Creamy's_Wonderland\Builds\CES\Pics_-_Wires&Cables.html --> www.jdluke.com /Builds/CES Pics_-_Wires&Cables.html
2013.12.12 21:13 B E:\Projects\Creamy's_Wonderland\Builds\CES\Written_Log(fs).html --> www.jdluke.com /Builds/CES Written_Log(fs).html
2013.12.12 21:13 B E:\Projects\Creamy's_Wonderland\Builds\CES\Written_Log(lfm).html --> www.jdluke.com /Builds/CES Written_Log(lfm).html
2013.12.12 21:13 B E:\Projects\Creamy's_Wonderland\Builds\CES\Written_Log.html --> www.jdluke.com /Builds/CES Written_Log.html
2013.12.12 21:13 B E:\Projects\Creamy's_Wonderland\Builds\CES\Written_Log_-_Block01.html --> www.jdluke.com /Builds/CES Written_Log_-_Block01.html
2013.12.12 21:13 B E:\Projects\Creamy's_Wonderland\Builds\CES\Written_Log_-_Block02.html --> www.jdluke.com /Builds/CES Written_Log_-_Block02.html
2013.12.12 21:13 B E:\Projects\Creamy's_Wonderland\Builds\CES\Written_Log_-_Section01.html --> www.jdluke.com /Builds/CES Written_Log_-_Section01.html
2013.12.12 21:13 B E:\Projects\Creamy's_Wonderland\Builds\CES\Written_Log_-_Section02.html --> www.jdluke.com /Builds/CES Written_Log_-_Section02.html
2013.12.12 21:13 B E:\Projects\Creamy's_Wonderland\Builds\CES\Written_Log_-_Section03.html --> www.jdluke.com /Builds/CES Written_Log_-_Section03.html
2013.12.12 21:13 B E:\Projects\Creamy's_Wonderland\Builds\CES\Written_Log_-_Section04.html --> www.jdluke.com /Builds/CES Written_Log_-_Section04.html
2013.12.12 21:13 B E:\Projects\Creamy's_Wonderland\Builds\CES\Written_Log_-_Section05.html --> www.jdluke.com /Builds/CES Written_Log_-_Section05.html
2013.12.12 21:13 B E:\Projects\Creamy's_Wonderland\Builds\CES\Written_Log_-_Section06.html --> www.jdluke.com /Builds/CES Written_Log_-_Section06.html
2013.12.12 21:13 B E:\Projects\Creamy's_Wonderland\Builds\CES\Written_Log_-_Section07.html --> www.jdluke.com /Builds/CES Written_Log_-_Section07.html
2013.12.12 21:13 B E:\Projects\Creamy's_Wonderland\Builds\CES\Written_Log_-_Section08.html --> www.jdluke.com /Builds/CES Written_Log_-_Section08.html
2013.12.12 21:13 B E:\Projects\Creamy's_Wonderland\Builds\CES\Written_Log_-_Section09.html --> www.jdluke.com /Builds/CES Written_Log_-_Section09.html
2013.12.12 21:13 B E:\Projects\Creamy's_Wonderland\Builds\CES\Written_Log_-_Section10.html --> www.jdluke.com /Builds/CES Written_Log_-_Section10.html
2013.12.12 21:13 B E:\Projects\Creamy's_Wonderland\Builds\CES\Written_Log_-_Section11.html --> www.jdluke.com /Builds/CES Written_Log_-_Section11.html
2013.12.12 21:13 B E:\Projects\Creamy's_Wonderland\Builds\CES\Written_Log_-_Section12.html --> www.jdluke.com /Builds/CES Written_Log_-_Section12.html
2013.12.12 21:13 B E:\Projects\Creamy's_Wonderland\Builds\CES\Written_Log_-_Section13.html --> www.jdluke.com /Builds/CES Written_Log_-_Section13.html
2013.12.12 21:13 B E:\Projects\Creamy's_Wonderland\Builds\CES\Written_Log_-_Section14.html --> www.jdluke.com /Builds/CES Written_Log_-_Section14.html
2013.12.12 21:13 B E:\Projects\Creamy's_Wonderland\Builds\CES\Written_Log_-_Section15.html --> www.jdluke.com /Builds/CES Written_Log_-_Section15.html
2013.12.12 21:13 B E:\Projects\Creamy's_Wonderland\Builds\CES\Written_Log_-_Section16.html --> www.jdluke.com /Builds/CES Written_Log_-_Section16.html
2014.01.12 22:19 B E:\Projects\Creamy's_Wonderland\Builds\CES\Written_Log(lfm).html --> www.jdluke.com /Builds/CES Written_Log(lfm).html
2014.01.12 22:19 B E:\Projects\Creamy's_Wonderland\Builds\CES\Pics(lfm).html --> www.jdluke.com /Builds/CES Pics(lfm).html
2014.01.12 22:19 B E:\Projects\Creamy's_Wonderland\Builds\CES\Builds_-_CES(lfm).html --> www.jdluke.com /Builds/CES Builds_-_CES(lfm).html
2014.01.12 23:53 B E:\Projects\Creamy's_Wonderland\Builds\CES\Pics(lfm).html --> www.jdluke.com /Builds/CES Pics(lfm).html
2014.01.12 23:53 B E:\Projects\Creamy's_Wonderland\Builds\CES\Builds_-_CES(lfm).html --> www.jdluke.com /Builds/CES Builds_-_CES(lfm).html
