2009.09.26 23:14 B E:\Projects\Creamy's_Wonderland\Games\Quake2\Model_Tut\Pics\3D_Dark.gif --> ftp.hugelaser.com /Games/Quake2/Model_Tut/Pics 3D_Dark.gif
2009.09.26 23:14 B E:\Projects\Creamy's_Wonderland\Games\Quake2\Model_Tut\Pics\3D_Flat_Shaded.gif --> ftp.hugelaser.com /Games/Quake2/Model_Tut/Pics 3D_Flat_Shaded.gif
2009.09.26 23:14 B E:\Projects\Creamy's_Wonderland\Games\Quake2\Model_Tut\Pics\3D_Light.gif --> ftp.hugelaser.com /Games/Quake2/Model_Tut/Pics 3D_Light.gif
2009.09.26 23:14 B E:\Projects\Creamy's_Wonderland\Games\Quake2\Model_Tut\Pics\3D_Wireframe.gif --> ftp.hugelaser.com /Games/Quake2/Model_Tut/Pics 3D_Wireframe.gif
2009.09.26 23:14 B E:\Projects\Creamy's_Wonderland\Games\Quake2\Model_Tut\Pics\3ds_Plugin.gif --> ftp.hugelaser.com /Games/Quake2/Model_Tut/Pics 3ds_Plugin.gif
2009.09.26 23:14 B E:\Projects\Creamy's_Wonderland\Games\Quake2\Model_Tut\Pics\AddLock.gif --> ftp.hugelaser.com /Games/Quake2/Model_Tut/Pics AddLock.gif
2009.09.26 23:14 B E:\Projects\Creamy's_Wonderland\Games\Quake2\Model_Tut\Pics\AM_Front.gif --> ftp.hugelaser.com /Games/Quake2/Model_Tut/Pics AM_Front.gif
2009.09.26 23:14 B E:\Projects\Creamy's_Wonderland\Games\Quake2\Model_Tut\Pics\Animations_Icon.gif --> ftp.hugelaser.com /Games/Quake2/Model_Tut/Pics Animations_Icon.gif
2009.09.26 23:14 B E:\Projects\Creamy's_Wonderland\Games\Quake2\Model_Tut\Pics\C_Tab_Build_Face.gif --> ftp.hugelaser.com /Games/Quake2/Model_Tut/Pics C_Tab_Build_Face.gif
2009.09.26 23:14 B E:\Projects\Creamy's_Wonderland\Games\Quake2\Model_Tut\Pics\Cell_Number.gif --> ftp.hugelaser.com /Games/Quake2/Model_Tut/Pics Cell_Number.gif
2009.09.26 23:14 B E:\Projects\Creamy's_Wonderland\Games\Quake2\Model_Tut\Pics\Channel_Lin.gif --> ftp.hugelaser.com /Games/Quake2/Model_Tut/Pics Channel_Lin.gif
2009.09.26 23:14 B E:\Projects\Creamy's_Wonderland\Games\Quake2\Model_Tut\Pics\Coat_Fix01.gif --> ftp.hugelaser.com /Games/Quake2/Model_Tut/Pics Coat_Fix01.gif
2009.09.26 23:14 B E:\Projects\Creamy's_Wonderland\Games\Quake2\Model_Tut\Pics\Coat_Fix02.gif --> ftp.hugelaser.com /Games/Quake2/Model_Tut/Pics Coat_Fix02.gif
2009.09.26 23:14 B E:\Projects\Creamy's_Wonderland\Games\Quake2\Model_Tut\Pics\Coat_Fix03.gif --> ftp.hugelaser.com /Games/Quake2/Model_Tut/Pics Coat_Fix03.gif
2009.09.26 23:14 B E:\Projects\Creamy's_Wonderland\Games\Quake2\Model_Tut\Pics\Coat_Fix04.gif --> ftp.hugelaser.com /Games/Quake2/Model_Tut/Pics Coat_Fix04.gif
2009.09.26 23:14 B E:\Projects\Creamy's_Wonderland\Games\Quake2\Model_Tut\Pics\Coat_Fix05.gif --> ftp.hugelaser.com /Games/Quake2/Model_Tut/Pics Coat_Fix05.gif
2009.09.26 23:14 B E:\Projects\Creamy's_Wonderland\Games\Quake2\Model_Tut\Pics\Coat_Fix06.gif --> ftp.hugelaser.com /Games/Quake2/Model_Tut/Pics Coat_Fix06.gif
2009.09.26 23:14 B E:\Projects\Creamy's_Wonderland\Games\Quake2\Model_Tut\Pics\Coat_Fix07.gif --> ftp.hugelaser.com /Games/Quake2/Model_Tut/Pics Coat_Fix07.gif
2009.09.26 23:14 B E:\Projects\Creamy's_Wonderland\Games\Quake2\Model_Tut\Pics\Coat_Fix08.gif --> ftp.hugelaser.com /Games/Quake2/Model_Tut/Pics Coat_Fix08.gif
2009.09.26 23:14 B E:\Projects\Creamy's_Wonderland\Games\Quake2\Model_Tut\Pics\Coat_Fix09.gif --> ftp.hugelaser.com /Games/Quake2/Model_Tut/Pics Coat_Fix09.gif
2009.09.26 23:14 B E:\Projects\Creamy's_Wonderland\Games\Quake2\Model_Tut\Pics\Config_Colors.gif --> ftp.hugelaser.com /Games/Quake2/Model_Tut/Pics Config_Colors.gif
2009.09.26 23:14 B E:\Projects\Creamy's_Wonderland\Games\Quake2\Model_Tut\Pics\CRM.gif --> ftp.hugelaser.com /Games/Quake2/Model_Tut/Pics CRM.gif
2009.09.26 23:14 B E:\Projects\Creamy's_Wonderland\Games\Quake2\Model_Tut\Pics\Delete_Yes.gif --> ftp.hugelaser.com /Games/Quake2/Model_Tut/Pics Delete_Yes.gif
2009.09.26 23:14 B E:\Projects\Creamy's_Wonderland\Games\Quake2\Model_Tut\Pics\EC_Spline01.gif --> ftp.hugelaser.com /Games/Quake2/Model_Tut/Pics EC_Spline01.gif
2009.09.26 23:14 B E:\Projects\Creamy's_Wonderland\Games\Quake2\Model_Tut\Pics\EC_Spline02.gif --> ftp.hugelaser.com /Games/Quake2/Model_Tut/Pics EC_Spline02.gif
2009.09.26 23:14 B E:\Projects\Creamy's_Wonderland\Games\Quake2\Model_Tut\Pics\Edit_Channels.gif --> ftp.hugelaser.com /Games/Quake2/Model_Tut/Pics Edit_Channels.gif
2009.09.26 23:14 B E:\Projects\Creamy's_Wonderland\Games\Quake2\Model_Tut\Pics\EE1_01.gif --> ftp.hugelaser.com /Games/Quake2/Model_Tut/Pics EE1_01.gif
2009.09.26 23:14 B E:\Projects\Creamy's_Wonderland\Games\Quake2\Model_Tut\Pics\EE1_02.gif --> ftp.hugelaser.com /Games/Quake2/Model_Tut/Pics EE1_02.gif
2009.09.26 23:14 B E:\Projects\Creamy's_Wonderland\Games\Quake2\Model_Tut\Pics\EE1_03(Original).gif --> ftp.hugelaser.com /Games/Quake2/Model_Tut/Pics EE1_03(Original).gif
2009.09.26 23:14 B E:\Projects\Creamy's_Wonderland\Games\Quake2\Model_Tut\Pics\EE1_03.gif --> ftp.hugelaser.com /Games/Quake2/Model_Tut/Pics EE1_03.gif
2009.09.26 23:14 B E:\Projects\Creamy's_Wonderland\Games\Quake2\Model_Tut\Pics\EE1_04(Original).gif --> ftp.hugelaser.com /Games/Quake2/Model_Tut/Pics EE1_04(Original).gif
2009.09.26 23:14 B E:\Projects\Creamy's_Wonderland\Games\Quake2\Model_Tut\Pics\EE1_04.gif --> ftp.hugelaser.com /Games/Quake2/Model_Tut/Pics EE1_04.gif
2009.09.26 23:14 B E:\Projects\Creamy's_Wonderland\Games\Quake2\Model_Tut\Pics\EE1_05(Original).gif --> ftp.hugelaser.com /Games/Quake2/Model_Tut/Pics EE1_05(Original).gif
2009.09.26 23:14 B E:\Projects\Creamy's_Wonderland\Games\Quake2\Model_Tut\Pics\EE1_05.gif --> ftp.hugelaser.com /Games/Quake2/Model_Tut/Pics EE1_05.gif
2009.09.26 23:14 B E:\Projects\Creamy's_Wonderland\Games\Quake2\Model_Tut\Pics\EE2_01.gif --> ftp.hugelaser.com /Games/Quake2/Model_Tut/Pics EE2_01.gif
2009.09.26 23:14 B E:\Projects\Creamy's_Wonderland\Games\Quake2\Model_Tut\Pics\EE2_02.gif --> ftp.hugelaser.com /Games/Quake2/Model_Tut/Pics EE2_02.gif
2009.09.26 23:14 B E:\Projects\Creamy's_Wonderland\Games\Quake2\Model_Tut\Pics\EE2_03.gif --> ftp.hugelaser.com /Games/Quake2/Model_Tut/Pics EE2_03.gif
2009.09.26 23:14 B E:\Projects\Creamy's_Wonderland\Games\Quake2\Model_Tut\Pics\EE2_04.gif --> ftp.hugelaser.com /Games/Quake2/Model_Tut/Pics EE2_04.gif
2009.09.26 23:14 B E:\Projects\Creamy's_Wonderland\Games\Quake2\Model_Tut\Pics\EMA3ds.gif --> ftp.hugelaser.com /Games/Quake2/Model_Tut/Pics EMA3ds.gif
2009.09.26 23:14 B E:\Projects\Creamy's_Wonderland\Games\Quake2\Model_Tut\Pics\EO_PPP1.gif --> ftp.hugelaser.com /Games/Quake2/Model_Tut/Pics EO_PPP1.gif
2009.09.26 23:14 B E:\Projects\Creamy's_Wonderland\Games\Quake2\Model_Tut\Pics\EtMd2.gif --> ftp.hugelaser.com /Games/Quake2/Model_Tut/Pics EtMd2.gif
2009.09.26 23:14 B E:\Projects\Creamy's_Wonderland\Games\Quake2\Model_Tut\Pics\Four_Views01.gif --> ftp.hugelaser.com /Games/Quake2/Model_Tut/Pics Four_Views01.gif
2009.09.26 23:14 B E:\Projects\Creamy's_Wonderland\Games\Quake2\Model_Tut\Pics\Four_Views02.gif --> ftp.hugelaser.com /Games/Quake2/Model_Tut/Pics Four_Views02.gif
2009.09.26 23:14 B E:\Projects\Creamy's_Wonderland\Games\Quake2\Model_Tut\Pics\FR01.gif --> ftp.hugelaser.com /Games/Quake2/Model_Tut/Pics FR01.gif
2009.09.26 23:14 B E:\Projects\Creamy's_Wonderland\Games\Quake2\Model_Tut\Pics\FR02.gif --> ftp.hugelaser.com /Games/Quake2/Model_Tut/Pics FR02.gif
2009.09.26 23:14 B E:\Projects\Creamy's_Wonderland\Games\Quake2\Model_Tut\Pics\Frame1_Sel.gif --> ftp.hugelaser.com /Games/Quake2/Model_Tut/Pics Frame1_Sel.gif
2009.09.26 23:14 B E:\Projects\Creamy's_Wonderland\Games\Quake2\Model_Tut\Pics\Frames_Corrected.gif --> ftp.hugelaser.com /Games/Quake2/Model_Tut/Pics Frames_Corrected.gif
2009.09.26 23:14 B E:\Projects\Creamy's_Wonderland\Games\Quake2\Model_Tut\Pics\Frames_Original.gif --> ftp.hugelaser.com /Games/Quake2/Model_Tut/Pics Frames_Original.gif
2009.09.26 23:14 B E:\Projects\Creamy's_Wonderland\Games\Quake2\Model_Tut\Pics\Hand_Fix01.gif --> ftp.hugelaser.com /Games/Quake2/Model_Tut/Pics Hand_Fix01.gif
2009.09.26 23:14 B E:\Projects\Creamy's_Wonderland\Games\Quake2\Model_Tut\Pics\Hand_Fix02.gif --> ftp.hugelaser.com /Games/Quake2/Model_Tut/Pics Hand_Fix02.gif
2009.09.26 23:14 B E:\Projects\Creamy's_Wonderland\Games\Quake2\Model_Tut\Pics\Hand_Fix03.gif --> ftp.hugelaser.com /Games/Quake2/Model_Tut/Pics Hand_Fix03.gif
2009.09.26 23:14 B E:\Projects\Creamy's_Wonderland\Games\Quake2\Model_Tut\Pics\Hand_Fix04.gif --> ftp.hugelaser.com /Games/Quake2/Model_Tut/Pics Hand_Fix04.gif
2009.09.26 23:14 B E:\Projects\Creamy's_Wonderland\Games\Quake2\Model_Tut\Pics\Hand_Fix05.gif --> ftp.hugelaser.com /Games/Quake2/Model_Tut/Pics Hand_Fix05.gif
2009.09.26 23:14 B E:\Projects\Creamy's_Wonderland\Games\Quake2\Model_Tut\Pics\Head_Fix01.gif --> ftp.hugelaser.com /Games/Quake2/Model_Tut/Pics Head_Fix01.gif
2009.09.26 23:14 B E:\Projects\Creamy's_Wonderland\Games\Quake2\Model_Tut\Pics\Head_Fix02.gif --> ftp.hugelaser.com /Games/Quake2/Model_Tut/Pics Head_Fix02.gif
2009.09.26 23:15 B E:\Projects\Creamy's_Wonderland\Games\Quake2\Model_Tut\Pics\Head_Fix03.gif --> ftp.hugelaser.com /Games/Quake2/Model_Tut/Pics Head_Fix03.gif
2009.09.26 23:15 B E:\Projects\Creamy's_Wonderland\Games\Quake2\Model_Tut\Pics\Head_Fix04.gif --> ftp.hugelaser.com /Games/Quake2/Model_Tut/Pics Head_Fix04.gif
2009.09.26 23:15 B E:\Projects\Creamy's_Wonderland\Games\Quake2\Model_Tut\Pics\Head_Fix05.gif --> ftp.hugelaser.com /Games/Quake2/Model_Tut/Pics Head_Fix05.gif
2009.09.26 23:15 B E:\Projects\Creamy's_Wonderland\Games\Quake2\Model_Tut\Pics\Head_Fix06.gif --> ftp.hugelaser.com /Games/Quake2/Model_Tut/Pics Head_Fix06.gif
2009.09.26 23:15 B E:\Projects\Creamy's_Wonderland\Games\Quake2\Model_Tut\Pics\Head_Fix07.gif --> ftp.hugelaser.com /Games/Quake2/Model_Tut/Pics Head_Fix07.gif
2009.09.26 23:15 B E:\Projects\Creamy's_Wonderland\Games\Quake2\Model_Tut\Pics\IAF.gif --> ftp.hugelaser.com /Games/Quake2/Model_Tut/Pics IAF.gif
2009.09.26 23:15 B E:\Projects\Creamy's_Wonderland\Games\Quake2\Model_Tut\Pics\IAV.gif --> ftp.hugelaser.com /Games/Quake2/Model_Tut/Pics IAV.gif
2009.09.26 23:15 B E:\Projects\Creamy's_Wonderland\Games\Quake2\Model_Tut\Pics\Import_Frames.gif --> ftp.hugelaser.com /Games/Quake2/Model_Tut/Pics Import_Frames.gif
2009.09.26 23:15 B E:\Projects\Creamy's_Wonderland\Games\Quake2\Model_Tut\Pics\Import_Verts.gif --> ftp.hugelaser.com /Games/Quake2/Model_Tut/Pics Import_Verts.gif
2009.09.26 23:15 B E:\Projects\Creamy's_Wonderland\Games\Quake2\Model_Tut\Pics\INYA.gif --> ftp.hugelaser.com /Games/Quake2/Model_Tut/Pics INYA.gif
2009.09.26 23:15 B E:\Projects\Creamy's_Wonderland\Games\Quake2\Model_Tut\Pics\Isolation01.gif --> ftp.hugelaser.com /Games/Quake2/Model_Tut/Pics Isolation01.gif
2009.09.26 23:15 B E:\Projects\Creamy's_Wonderland\Games\Quake2\Model_Tut\Pics\Isolation02.gif --> ftp.hugelaser.com /Games/Quake2/Model_Tut/Pics Isolation02.gif
2009.09.26 23:15 B E:\Projects\Creamy's_Wonderland\Games\Quake2\Model_Tut\Pics\Isolation03.gif --> ftp.hugelaser.com /Games/Quake2/Model_Tut/Pics Isolation03.gif
2009.09.26 23:15 B E:\Projects\Creamy's_Wonderland\Games\Quake2\Model_Tut\Pics\Isolation04.gif --> ftp.hugelaser.com /Games/Quake2/Model_Tut/Pics Isolation04.gif
2009.09.26 23:15 B E:\Projects\Creamy's_Wonderland\Games\Quake2\Model_Tut\Pics\Isolation05.gif --> ftp.hugelaser.com /Games/Quake2/Model_Tut/Pics Isolation05.gif
2009.09.26 23:15 B E:\Projects\Creamy's_Wonderland\Games\Quake2\Model_Tut\Pics\JTHM_Front.gif --> ftp.hugelaser.com /Games/Quake2/Model_Tut/Pics JTHM_Front.gif
2009.09.26 23:15 B E:\Projects\Creamy's_Wonderland\Games\Quake2\Model_Tut\Pics\JTHM_Top.gif --> ftp.hugelaser.com /Games/Quake2/Model_Tut/Pics JTHM_Top.gif
2009.09.26 23:15 B E:\Projects\Creamy's_Wonderland\Games\Quake2\Model_Tut\Pics\Key_Muscle.gif --> ftp.hugelaser.com /Games/Quake2/Model_Tut/Pics Key_Muscle.gif
2009.09.26 23:15 B E:\Projects\Creamy's_Wonderland\Games\Quake2\Model_Tut\Pics\KMM.gif --> ftp.hugelaser.com /Games/Quake2/Model_Tut/Pics KMM.gif
2009.09.26 23:15 B E:\Projects\Creamy's_Wonderland\Games\Quake2\Model_Tut\Pics\KSR.gif --> ftp.hugelaser.com /Games/Quake2/Model_Tut/Pics KSR.gif
2009.09.26 23:15 B E:\Projects\Creamy's_Wonderland\Games\Quake2\Model_Tut\Pics\Male_Ref.gif --> ftp.hugelaser.com /Games/Quake2/Model_Tut/Pics Male_Ref.gif
2009.09.26 23:15 B E:\Projects\Creamy's_Wonderland\Games\Quake2\Model_Tut\Pics\Male_Side.gif --> ftp.hugelaser.com /Games/Quake2/Model_Tut/Pics Male_Side.gif
2009.09.26 23:15 B E:\Projects\Creamy's_Wonderland\Games\Quake2\Model_Tut\Pics\Mesh&Bones_Icon.gif --> ftp.hugelaser.com /Games/Quake2/Model_Tut/Pics Mesh&Bones_Icon.gif
2009.09.26 23:15 B E:\Projects\Creamy's_Wonderland\Games\Quake2\Model_Tut\Pics\NoSS_Elbow135.gif --> ftp.hugelaser.com /Games/Quake2/Model_Tut/Pics NoSS_Elbow135.gif
2009.09.26 23:15 B E:\Projects\Creamy's_Wonderland\Games\Quake2\Model_Tut\Pics\NoSS_Elbow90.gif --> ftp.hugelaser.com /Games/Quake2/Model_Tut/Pics NoSS_Elbow90.gif
2009.09.26 23:15 B E:\Projects\Creamy's_Wonderland\Games\Quake2\Model_Tut\Pics\Open_Skin.gif --> ftp.hugelaser.com /Games/Quake2/Model_Tut/Pics Open_Skin.gif
2009.09.26 23:15 B E:\Projects\Creamy's_Wonderland\Games\Quake2\Model_Tut\Pics\Optimization_Icon.gif --> ftp.hugelaser.com /Games/Quake2/Model_Tut/Pics Optimization_Icon.gif
2009.09.26 23:15 B E:\Projects\Creamy's_Wonderland\Games\Quake2\Model_Tut\Pics\Origin_Center.gif --> ftp.hugelaser.com /Games/Quake2/Model_Tut/Pics Origin_Center.gif
2009.09.26 23:15 B E:\Projects\Creamy's_Wonderland\Games\Quake2\Model_Tut\Pics\Pan_Views.gif --> ftp.hugelaser.com /Games/Quake2/Model_Tut/Pics Pan_Views.gif
2009.09.26 23:15 B E:\Projects\Creamy's_Wonderland\Games\Quake2\Model_Tut\Pics\Play_Cam.gif --> ftp.hugelaser.com /Games/Quake2/Model_Tut/Pics Play_Cam.gif
2009.09.26 23:15 B E:\Projects\Creamy's_Wonderland\Games\Quake2\Model_Tut\Pics\PrevKey.gif --> ftp.hugelaser.com /Games/Quake2/Model_Tut/Pics PrevKey.gif
2009.09.26 23:15 B E:\Projects\Creamy's_Wonderland\Games\Quake2\Model_Tut\Pics\Rot_Correct.gif --> ftp.hugelaser.com /Games/Quake2/Model_Tut/Pics Rot_Correct.gif
2009.09.26 23:15 B E:\Projects\Creamy's_Wonderland\Games\Quake2\Model_Tut\Pics\Rot_Dif.gif --> ftp.hugelaser.com /Games/Quake2/Model_Tut/Pics Rot_Dif.gif
2009.09.26 23:15 B E:\Projects\Creamy's_Wonderland\Games\Quake2\Model_Tut\Pics\Rotate_Fix01.gif --> ftp.hugelaser.com /Games/Quake2/Model_Tut/Pics Rotate_Fix01.gif
2009.09.26 23:15 B E:\Projects\Creamy's_Wonderland\Games\Quake2\Model_Tut\Pics\Rotate_Fix02.gif --> ftp.hugelaser.com /Games/Quake2/Model_Tut/Pics Rotate_Fix02.gif
2009.09.26 23:15 B E:\Projects\Creamy's_Wonderland\Games\Quake2\Model_Tut\Pics\Rotate_Fix03.gif --> ftp.hugelaser.com /Games/Quake2/Model_Tut/Pics Rotate_Fix03.gif
2009.09.26 23:15 B E:\Projects\Creamy's_Wonderland\Games\Quake2\Model_Tut\Pics\Save_No.gif --> ftp.hugelaser.com /Games/Quake2/Model_Tut/Pics Save_No.gif
2009.09.26 23:15 B E:\Projects\Creamy's_Wonderland\Games\Quake2\Model_Tut\Pics\Scale_Fix01.gif --> ftp.hugelaser.com /Games/Quake2/Model_Tut/Pics Scale_Fix01.gif
2009.09.26 23:15 B E:\Projects\Creamy's_Wonderland\Games\Quake2\Model_Tut\Pics\Scale_Fix02.gif --> ftp.hugelaser.com /Games/Quake2/Model_Tut/Pics Scale_Fix02.gif
2009.09.26 23:15 B E:\Projects\Creamy's_Wonderland\Games\Quake2\Model_Tut\Pics\Scale_Fix03.gif --> ftp.hugelaser.com /Games/Quake2/Model_Tut/Pics Scale_Fix03.gif
2009.09.26 23:15 B E:\Projects\Creamy's_Wonderland\Games\Quake2\Model_Tut\Pics\Scale_Fix04.gif --> ftp.hugelaser.com /Games/Quake2/Model_Tut/Pics Scale_Fix04.gif
2009.09.26 23:15 B E:\Projects\Creamy's_Wonderland\Games\Quake2\Model_Tut\Pics\SS_Elbow.gif --> ftp.hugelaser.com /Games/Quake2/Model_Tut/Pics SS_Elbow.gif
2009.09.26 23:15 B E:\Projects\Creamy's_Wonderland\Games\Quake2\Model_Tut\Pics\SS_Elbow135.gif --> ftp.hugelaser.com /Games/Quake2/Model_Tut/Pics SS_Elbow135.gif
2009.09.26 23:15 B E:\Projects\Creamy's_Wonderland\Games\Quake2\Model_Tut\Pics\SS_Elbow90.gif --> ftp.hugelaser.com /Games/Quake2/Model_Tut/Pics SS_Elbow90.gif
2009.09.26 23:15 B E:\Projects\Creamy's_Wonderland\Games\Quake2\Model_Tut\Pics\SS_Knee.gif --> ftp.hugelaser.com /Games/Quake2/Model_Tut/Pics SS_Knee.gif
2009.09.26 23:15 B E:\Projects\Creamy's_Wonderland\Games\Quake2\Model_Tut\Pics\Suggested_Height.gif --> ftp.hugelaser.com /Games/Quake2/Model_Tut/Pics Suggested_Height.gif
2009.09.26 23:15 B E:\Projects\Creamy's_Wonderland\Games\Quake2\Model_Tut\Pics\Tut1_1.gif --> ftp.hugelaser.com /Games/Quake2/Model_Tut/Pics Tut1_1.gif
2009.09.26 23:15 B E:\Projects\Creamy's_Wonderland\Games\Quake2\Model_Tut\Pics\Tut1_2.gif --> ftp.hugelaser.com /Games/Quake2/Model_Tut/Pics Tut1_2.gif
2009.09.26 23:15 B E:\Projects\Creamy's_Wonderland\Games\Quake2\Model_Tut\Pics\Tut1_3.gif --> ftp.hugelaser.com /Games/Quake2/Model_Tut/Pics Tut1_3.gif
2009.09.26 23:15 B E:\Projects\Creamy's_Wonderland\Games\Quake2\Model_Tut\Pics\Tut1_4.gif --> ftp.hugelaser.com /Games/Quake2/Model_Tut/Pics Tut1_4.gif
2009.09.26 23:15 B E:\Projects\Creamy's_Wonderland\Games\Quake2\Model_Tut\Pics\Tut1_5.gif --> ftp.hugelaser.com /Games/Quake2/Model_Tut/Pics Tut1_5.gif
2009.09.26 23:15 B E:\Projects\Creamy's_Wonderland\Games\Quake2\Model_Tut\Pics\Tut1_6.gif --> ftp.hugelaser.com /Games/Quake2/Model_Tut/Pics Tut1_6.gif
2009.09.26 23:15 B E:\Projects\Creamy's_Wonderland\Games\Quake2\Model_Tut\Pics\Tut2_07.gif --> ftp.hugelaser.com /Games/Quake2/Model_Tut/Pics Tut2_07.gif
2009.09.26 23:15 B E:\Projects\Creamy's_Wonderland\Games\Quake2\Model_Tut\Pics\Tut2_08.gif --> ftp.hugelaser.com /Games/Quake2/Model_Tut/Pics Tut2_08.gif
2009.09.26 23:15 B E:\Projects\Creamy's_Wonderland\Games\Quake2\Model_Tut\Pics\Tut2_09.gif --> ftp.hugelaser.com /Games/Quake2/Model_Tut/Pics Tut2_09.gif
2009.09.26 23:15 B E:\Projects\Creamy's_Wonderland\Games\Quake2\Model_Tut\Pics\Tut2_1.gif --> ftp.hugelaser.com /Games/Quake2/Model_Tut/Pics Tut2_1.gif
2009.09.26 23:15 B E:\Projects\Creamy's_Wonderland\Games\Quake2\Model_Tut\Pics\Tut2_10.gif --> ftp.hugelaser.com /Games/Quake2/Model_Tut/Pics Tut2_10.gif
2009.09.26 23:15 B E:\Projects\Creamy's_Wonderland\Games\Quake2\Model_Tut\Pics\Tut2_11.gif --> ftp.hugelaser.com /Games/Quake2/Model_Tut/Pics Tut2_11.gif
2009.09.26 23:15 B E:\Projects\Creamy's_Wonderland\Games\Quake2\Model_Tut\Pics\Tut2_12.gif --> ftp.hugelaser.com /Games/Quake2/Model_Tut/Pics Tut2_12.gif
2009.09.26 23:15 B E:\Projects\Creamy's_Wonderland\Games\Quake2\Model_Tut\Pics\Tut2_2.gif --> ftp.hugelaser.com /Games/Quake2/Model_Tut/Pics Tut2_2.gif
2009.09.26 23:15 B E:\Projects\Creamy's_Wonderland\Games\Quake2\Model_Tut\Pics\Tut2_3.gif --> ftp.hugelaser.com /Games/Quake2/Model_Tut/Pics Tut2_3.gif
2009.09.26 23:15 B E:\Projects\Creamy's_Wonderland\Games\Quake2\Model_Tut\Pics\Tut2_4.gif --> ftp.hugelaser.com /Games/Quake2/Model_Tut/Pics Tut2_4.gif
2009.09.26 23:15 B E:\Projects\Creamy's_Wonderland\Games\Quake2\Model_Tut\Pics\Tut2_5.gif --> ftp.hugelaser.com /Games/Quake2/Model_Tut/Pics Tut2_5.gif
2009.09.26 23:15 B E:\Projects\Creamy's_Wonderland\Games\Quake2\Model_Tut\Pics\Tut2_6.gif --> ftp.hugelaser.com /Games/Quake2/Model_Tut/Pics Tut2_6.gif
2009.09.26 23:15 B E:\Projects\Creamy's_Wonderland\Games\Quake2\Model_Tut\Pics\WristTwist-180.gif --> ftp.hugelaser.com /Games/Quake2/Model_Tut/Pics WristTwist-180.gif
2009.09.26 23:15 B E:\Projects\Creamy's_Wonderland\Games\Quake2\Model_Tut\Pics\WristTwist-90.gif --> ftp.hugelaser.com /Games/Quake2/Model_Tut/Pics WristTwist-90.gif
2009.09.26 23:15 B E:\Projects\Creamy's_Wonderland\Games\Quake2\Model_Tut\Pics\WristTwist180.gif --> ftp.hugelaser.com /Games/Quake2/Model_Tut/Pics WristTwist180.gif
2009.09.26 23:15 B E:\Projects\Creamy's_Wonderland\Games\Quake2\Model_Tut\Pics\WristTwist90.gif --> ftp.hugelaser.com /Games/Quake2/Model_Tut/Pics WristTwist90.gif
2009.09.26 23:15 B E:\Projects\Creamy's_Wonderland\Games\Quake2\Model_Tut\Pics\Y_Adjust01.gif --> ftp.hugelaser.com /Games/Quake2/Model_Tut/Pics Y_Adjust01.gif
2009.09.26 23:15 B E:\Projects\Creamy's_Wonderland\Games\Quake2\Model_Tut\Pics\Y_Adjust02.gif --> ftp.hugelaser.com /Games/Quake2/Model_Tut/Pics Y_Adjust02.gif
2009.09.26 23:15 B E:\Projects\Creamy's_Wonderland\Games\Quake2\Model_Tut\Pics\Y_Adjust03.gif --> ftp.hugelaser.com /Games/Quake2/Model_Tut/Pics Y_Adjust03.gif
