2009.09.07 09:20 B E:\Projects\Creamy's_Wonderland\LFM\Art_Gallery_-_BCC_Projects(ua).gif --> ftp.hugelaser.com /LFM Art_Gallery_-_BCC_Projects(ua).gif
2009.09.07 09:20 B E:\Projects\Creamy's_Wonderland\LFM\Art_Gallery_-_BCC_Projects.gif --> ftp.hugelaser.com /LFM Art_Gallery_-_BCC_Projects.gif
2009.09.07 09:20 B E:\Projects\Creamy's_Wonderland\LFM\Art_Gallery_-_Fan_Art(ua).gif --> ftp.hugelaser.com /LFM Art_Gallery_-_Fan_Art(ua).gif
2009.09.07 09:20 B E:\Projects\Creamy's_Wonderland\LFM\Art_Gallery_-_Fan_Art.gif --> ftp.hugelaser.com /LFM Art_Gallery_-_Fan_Art.gif
2009.09.07 09:20 B E:\Projects\Creamy's_Wonderland\LFM\Art_Gallery_-_Front_Page_Murals(ua).gif --> ftp.hugelaser.com /LFM Art_Gallery_-_Front_Page_Murals(ua).gif
2009.09.07 09:20 B E:\Projects\Creamy's_Wonderland\LFM\Art_Gallery_-_Front_Page_Murals.gif --> ftp.hugelaser.com /LFM Art_Gallery_-_Front_Page_Murals.gif
2009.09.07 09:20 B E:\Projects\Creamy's_Wonderland\LFM\Art_Gallery_-_Gift_Art(ua).gif --> ftp.hugelaser.com /LFM Art_Gallery_-_Gift_Art(ua).gif
2009.09.07 09:20 B E:\Projects\Creamy's_Wonderland\LFM\Art_Gallery_-_Gift_Art.gif --> ftp.hugelaser.com /LFM Art_Gallery_-_Gift_Art.gif
2009.09.07 09:20 B E:\Projects\Creamy's_Wonderland\LFM\Builds_-_CES(ua).gif --> ftp.hugelaser.com /LFM Builds_-_CES(ua).gif
2009.09.07 09:20 B E:\Projects\Creamy's_Wonderland\LFM\Builds_-_CES.gif --> ftp.hugelaser.com /LFM Builds_-_CES.gif
2009.09.07 09:20 B E:\Projects\Creamy's_Wonderland\LFM\Games_-_MUGEN(ua).gif --> ftp.hugelaser.com /LFM Games_-_MUGEN(ua).gif
2009.09.07 09:20 B E:\Projects\Creamy's_Wonderland\LFM\Games_-_MUGEN.gif --> ftp.hugelaser.com /LFM Games_-_MUGEN.gif
2009.09.07 09:20 B E:\Projects\Creamy's_Wonderland\LFM\Games_-_Quake2(ua).gif --> ftp.hugelaser.com /LFM Games_-_Quake2(ua).gif
2009.09.07 09:20 B E:\Projects\Creamy's_Wonderland\LFM\Games_-_Quake2.gif --> ftp.hugelaser.com /LFM Games_-_Quake2.gif
2009.09.07 09:20 B E:\Projects\Creamy's_Wonderland\LFM\Games_-_Stepmania(ua).gif --> ftp.hugelaser.com /LFM Games_-_Stepmania(ua).gif
2009.09.07 09:20 B E:\Projects\Creamy's_Wonderland\LFM\Games_-_Stepmania.gif --> ftp.hugelaser.com /LFM Games_-_Stepmania.gif
2009.09.07 09:20 B E:\Projects\Creamy's_Wonderland\LFM\LFM_-_Art_Gallery(ua).gif --> ftp.hugelaser.com /LFM LFM_-_Art_Gallery(ua).gif
2009.09.07 09:20 B E:\Projects\Creamy's_Wonderland\LFM\LFM_-_Art_Gallery.gif --> ftp.hugelaser.com /LFM LFM_-_Art_Gallery.gif
2009.09.07 09:20 B E:\Projects\Creamy's_Wonderland\LFM\LFM_-_Builds(ua).gif --> ftp.hugelaser.com /LFM LFM_-_Builds(ua).gif
2009.09.07 09:20 B E:\Projects\Creamy's_Wonderland\LFM\LFM_-_Builds.gif --> ftp.hugelaser.com /LFM LFM_-_Builds.gif
2009.09.07 09:20 B E:\Projects\Creamy's_Wonderland\LFM\LFM_-_Creamy's_Wonderland(ua).gif --> ftp.hugelaser.com /LFM LFM_-_Creamy's_Wonderland(ua).gif
2009.09.07 09:20 B E:\Projects\Creamy's_Wonderland\LFM\LFM_-_Creamy's_Wonderland.gif --> ftp.hugelaser.com /LFM LFM_-_Creamy's_Wonderland.gif
2009.09.07 09:20 B E:\Projects\Creamy's_Wonderland\LFM\LFM_-_Games(ua).gif --> ftp.hugelaser.com /LFM LFM_-_Games(ua).gif
2009.09.07 09:20 B E:\Projects\Creamy's_Wonderland\LFM\LFM_-_Games.gif --> ftp.hugelaser.com /LFM LFM_-_Games.gif
2009.09.07 09:20 B E:\Projects\Creamy's_Wonderland\LFM\LFM_-_Links(ua).gif --> ftp.hugelaser.com /LFM LFM_-_Links(ua).gif
2009.09.07 09:20 B E:\Projects\Creamy's_Wonderland\LFM\LFM_-_Links.gif --> ftp.hugelaser.com /LFM LFM_-_Links.gif
2009.09.07 09:20 B E:\Projects\Creamy's_Wonderland\LFM\LFM_-_Live_Events(ua).gif --> ftp.hugelaser.com /LFM LFM_-_Live_Events(ua).gif
2009.09.07 09:20 B E:\Projects\Creamy's_Wonderland\LFM\LFM_-_Live_Events.gif --> ftp.hugelaser.com /LFM LFM_-_Live_Events.gif
2009.09.07 09:20 B E:\Projects\Creamy's_Wonderland\LFM\LFM_-_News_Archive(ua).gif --> ftp.hugelaser.com /LFM LFM_-_News_Archive(ua).gif
2009.09.07 09:20 B E:\Projects\Creamy's_Wonderland\LFM\LFM_-_News_Archive.gif --> ftp.hugelaser.com /LFM LFM_-_News_Archive.gif
2009.09.07 09:20 B E:\Projects\Creamy's_Wonderland\LFM\Live_Events_-_QuakeCon(ua).gif --> ftp.hugelaser.com /LFM Live_Events_-_QuakeCon(ua).gif
2009.09.07 09:20 B E:\Projects\Creamy's_Wonderland\LFM\Live_Events_-_QuakeCon.gif --> ftp.hugelaser.com /LFM Live_Events_-_QuakeCon.gif
2009.09.07 09:20 B E:\Projects\Creamy's_Wonderland\LFM\Thumbs.db --> ftp.hugelaser.com /LFM Thumbs.db
2009.09.07 12:25 B E:\Projects\Creamy's_Wonderland\LFM\LFM_Background.gif --> ftp.hugelaser.com /LFM LFM_Background.gif
2009.09.07 12:29 B E:\Projects\Creamy's_Wonderland\LFM\Background.gif --> ftp.hugelaser.com /LFM Background.gif
2009.09.07 12:30 B E:\Projects\Creamy's_Wonderland\LFM\Background.gif --> ftp.hugelaser.com /LFM Background.gif
2009.09.07 12:30 B E:\Projects\Creamy's_Wonderland\LFM\Background.gif --> ftp.hugelaser.com /LFM Background.gif
2009.09.07 12:33 B E:\Projects\Creamy's_Wonderland\LFM\LFM_Background.gif --> ftp.hugelaser.com /LFM LFM_Background.gif
2009.09.07 14:26 B E:\Projects\Creamy's_Wonderland\LFM\LFM_-_Contact(ua).gif --> ftp.hugelaser.com /LFM LFM_-_Contact(ua).gif
2009.09.07 14:26 B E:\Projects\Creamy's_Wonderland\LFM\LFM_-_Contact.gif --> ftp.hugelaser.com /LFM LFM_-_Contact.gif
2009.09.08 01:11 B E:\Projects\Creamy's_Wonderland\LFM\LFM_-_Contact(ua).gif --> ftp.hugelaser.com /LFM LFM_-_Contact(ua).gif
2009.09.08 01:11 B E:\Projects\Creamy's_Wonderland\LFM\LFM_-_Contact.gif --> ftp.hugelaser.com /LFM LFM_-_Contact.gif
2009.09.12 19:51 B E:\Projects\Creamy's_Wonderland\LFM\News_Archive_-_S11-20(ua).gif --> ftp.hugelaser.com /LFM News_Archive_-_S11-20(ua).gif
2009.09.12 19:51 B E:\Projects\Creamy's_Wonderland\LFM\News_Archive_-_S01-10(ua).gif --> ftp.hugelaser.com /LFM News_Archive_-_S01-10(ua).gif
2009.09.12 19:51 B E:\Projects\Creamy's_Wonderland\LFM\News_Archive_-_S11-20.gif --> ftp.hugelaser.com /LFM News_Archive_-_S11-20.gif
2009.09.12 19:51 B E:\Projects\Creamy's_Wonderland\LFM\News_Archive_-_S01-10.gif --> ftp.hugelaser.com /LFM News_Archive_-_S01-10.gif
2009.09.12 20:46 B E:\Projects\Creamy's_Wonderland\LFM\News_Archive_-_S11-20(ua).gif --> ftp.hugelaser.com /LFM News_Archive_-_S11-20(ua).gif
2009.09.12 20:46 B E:\Projects\Creamy's_Wonderland\LFM\News_Archive_-_S11-20.gif --> ftp.hugelaser.com /LFM News_Archive_-_S11-20.gif
2009.09.14 01:01 B E:\Projects\Creamy's_Wonderland\LFM\News_Archive_-_Block01(ua).gif --> ftp.hugelaser.com /LFM News_Archive_-_Block01(ua).gif
2009.09.14 01:01 B E:\Projects\Creamy's_Wonderland\LFM\News_Archive_-_Block01.gif --> ftp.hugelaser.com /LFM News_Archive_-_Block01.gif
2009.09.14 01:01 B E:\Projects\Creamy's_Wonderland\LFM\News_Archive_-_Block02(ua).gif --> ftp.hugelaser.com /LFM News_Archive_-_Block02(ua).gif
2009.09.14 01:01 B E:\Projects\Creamy's_Wonderland\LFM\News_Archive_-_Block02.gif --> ftp.hugelaser.com /LFM News_Archive_-_Block02.gif
