2014.01.07 13:24 B E:\Projects\Creamy's_Wonderland\CGF\VG_Longplays\Thumbs\Simpsons_Arcade_-_4PR01(Part01).jpg --> www.jdluke.com /CGF/VG_Longplays/Thumbs Simpsons_Arcade_-_4PR01(Part01).jpg
2014.01.07 13:24 B E:\Projects\Creamy's_Wonderland\CGF\VG_Longplays\Thumbs\Simpsons_Arcade_-_4PR01(Part02).jpg --> www.jdluke.com /CGF/VG_Longplays/Thumbs Simpsons_Arcade_-_4PR01(Part02).jpg
2014.01.07 13:24 B E:\Projects\Creamy's_Wonderland\CGF\VG_Longplays\Thumbs\Simpsons_Arcade_-_4PR01(Part03).jpg --> www.jdluke.com /CGF/VG_Longplays/Thumbs Simpsons_Arcade_-_4PR01(Part03).jpg
2014.01.07 13:24 B E:\Projects\Creamy's_Wonderland\CGF\VG_Longplays\Thumbs\Simpsons_Arcade_-_4PR01(Part04).jpg --> www.jdluke.com /CGF/VG_Longplays/Thumbs Simpsons_Arcade_-_4PR01(Part04).jpg
2014.01.07 13:24 B E:\Projects\Creamy's_Wonderland\CGF\VG_Longplays\Thumbs\Simpsons_Arcade_-_4PR01(Part05).jpg --> www.jdluke.com /CGF/VG_Longplays/Thumbs Simpsons_Arcade_-_4PR01(Part05).jpg
2014.01.07 13:24 B E:\Projects\Creamy's_Wonderland\CGF\VG_Longplays\Thumbs\Simpsons_Arcade_-_4PR01(Part06).jpg --> www.jdluke.com /CGF/VG_Longplays/Thumbs Simpsons_Arcade_-_4PR01(Part06).jpg
2014.01.07 13:24 B E:\Projects\Creamy's_Wonderland\CGF\VG_Longplays\Thumbs\Simpsons_Arcade_-_4PR01(Part07).jpg --> www.jdluke.com /CGF/VG_Longplays/Thumbs Simpsons_Arcade_-_4PR01(Part07).jpg
2014.01.07 13:24 B E:\Projects\Creamy's_Wonderland\CGF\VG_Longplays\Thumbs\Simpsons_Arcade_-_4PR01(Part08).jpg --> www.jdluke.com /CGF/VG_Longplays/Thumbs Simpsons_Arcade_-_4PR01(Part08).jpg
2014.01.07 13:24 B E:\Projects\Creamy's_Wonderland\CGF\VG_Longplays\Thumbs\Thumbs.db --> www.jdluke.com /CGF/VG_Longplays/Thumbs Thumbs.db
2015.06.13 10:49 B E:\Projects\Creamy's_Wonderland\CGF\VG_Longplays\Thumbs\Earthbound_-_Blind_Run(Part01).jpg --> www.jdluke.com /CGF/VG_Longplays/Thumbs Earthbound_-_Blind_Run(Part01).jpg
2015.06.13 10:49 B E:\Projects\Creamy's_Wonderland\CGF\VG_Longplays\Thumbs\Earthbound_-_Blind_Run(Part02).jpg --> www.jdluke.com /CGF/VG_Longplays/Thumbs Earthbound_-_Blind_Run(Part02).jpg
2015.06.13 10:49 B E:\Projects\Creamy's_Wonderland\CGF\VG_Longplays\Thumbs\Earthbound_-_Blind_Run(Part03).jpg --> www.jdluke.com /CGF/VG_Longplays/Thumbs Earthbound_-_Blind_Run(Part03).jpg
2015.06.13 10:49 B E:\Projects\Creamy's_Wonderland\CGF\VG_Longplays\Thumbs\Earthbound_-_Blind_Run(Part04).jpg --> www.jdluke.com /CGF/VG_Longplays/Thumbs Earthbound_-_Blind_Run(Part04).jpg
2015.06.13 10:49 B E:\Projects\Creamy's_Wonderland\CGF\VG_Longplays\Thumbs\Earthbound_-_Blind_Run(Part05).jpg --> www.jdluke.com /CGF/VG_Longplays/Thumbs Earthbound_-_Blind_Run(Part05).jpg
2015.06.13 10:49 B E:\Projects\Creamy's_Wonderland\CGF\VG_Longplays\Thumbs\Earthbound_-_Blind_Run(Part06).jpg --> www.jdluke.com /CGF/VG_Longplays/Thumbs Earthbound_-_Blind_Run(Part06).jpg
2015.06.13 10:49 B E:\Projects\Creamy's_Wonderland\CGF\VG_Longplays\Thumbs\Earthbound_-_Blind_Run(Part07).jpg --> www.jdluke.com /CGF/VG_Longplays/Thumbs Earthbound_-_Blind_Run(Part07).jpg
2015.06.13 10:49 B E:\Projects\Creamy's_Wonderland\CGF\VG_Longplays\Thumbs\Earthbound_-_Blind_Run(Part08).jpg --> www.jdluke.com /CGF/VG_Longplays/Thumbs Earthbound_-_Blind_Run(Part08).jpg
2015.06.13 10:49 B E:\Projects\Creamy's_Wonderland\CGF\VG_Longplays\Thumbs\Earthbound_-_Blind_Run(Part09).jpg --> www.jdluke.com /CGF/VG_Longplays/Thumbs Earthbound_-_Blind_Run(Part09).jpg
2015.06.13 10:49 B E:\Projects\Creamy's_Wonderland\CGF\VG_Longplays\Thumbs\Earthbound_-_Blind_Run(Part10).jpg --> www.jdluke.com /CGF/VG_Longplays/Thumbs Earthbound_-_Blind_Run(Part10).jpg
2015.06.13 10:49 B E:\Projects\Creamy's_Wonderland\CGF\VG_Longplays\Thumbs\Earthbound_-_Blind_Run(Part11).jpg --> www.jdluke.com /CGF/VG_Longplays/Thumbs Earthbound_-_Blind_Run(Part11).jpg
2015.06.13 10:49 B E:\Projects\Creamy's_Wonderland\CGF\VG_Longplays\Thumbs\Earthbound_-_Blind_Run(Part12).jpg --> www.jdluke.com /CGF/VG_Longplays/Thumbs Earthbound_-_Blind_Run(Part12).jpg
2015.06.13 10:49 B E:\Projects\Creamy's_Wonderland\CGF\VG_Longplays\Thumbs\Earthbound_-_Blind_Run(Part13).jpg --> www.jdluke.com /CGF/VG_Longplays/Thumbs Earthbound_-_Blind_Run(Part13).jpg
2015.06.13 10:49 B E:\Projects\Creamy's_Wonderland\CGF\VG_Longplays\Thumbs\Earthbound_-_Blind_Run(Part14).jpg --> www.jdluke.com /CGF/VG_Longplays/Thumbs Earthbound_-_Blind_Run(Part14).jpg
2015.06.13 10:49 B E:\Projects\Creamy's_Wonderland\CGF\VG_Longplays\Thumbs\Earthbound_-_Blind_Run(Part15).jpg --> www.jdluke.com /CGF/VG_Longplays/Thumbs Earthbound_-_Blind_Run(Part15).jpg
2015.06.13 10:49 B E:\Projects\Creamy's_Wonderland\CGF\VG_Longplays\Thumbs\Earthbound_-_Blind_Run(Part16).jpg --> www.jdluke.com /CGF/VG_Longplays/Thumbs Earthbound_-_Blind_Run(Part16).jpg
2015.06.13 10:49 B E:\Projects\Creamy's_Wonderland\CGF\VG_Longplays\Thumbs\Earthbound_-_Blind_Run(Part17).jpg --> www.jdluke.com /CGF/VG_Longplays/Thumbs Earthbound_-_Blind_Run(Part17).jpg
2015.06.13 10:49 B E:\Projects\Creamy's_Wonderland\CGF\VG_Longplays\Thumbs\Earthbound_-_Blind_Run(Part18).jpg --> www.jdluke.com /CGF/VG_Longplays/Thumbs Earthbound_-_Blind_Run(Part18).jpg
2015.06.13 10:49 B E:\Projects\Creamy's_Wonderland\CGF\VG_Longplays\Thumbs\Earthbound_-_Blind_Run(Part19).jpg --> www.jdluke.com /CGF/VG_Longplays/Thumbs Earthbound_-_Blind_Run(Part19).jpg
2015.06.13 10:49 B E:\Projects\Creamy's_Wonderland\CGF\VG_Longplays\Thumbs\Earthbound_-_Blind_Run(Part20).jpg --> www.jdluke.com /CGF/VG_Longplays/Thumbs Earthbound_-_Blind_Run(Part20).jpg
2016.01.20 20:02 B H:\Projects\Creamy's_Wonderland\CGF\VG_Longplays\Thumbs\Earthbound_-_Blind_Run(Part21).jpg --> www.jdluke.com /CGF/VG_Longplays/Thumbs Earthbound_-_Blind_Run(Part21).jpg
2016.01.20 20:02 B H:\Projects\Creamy's_Wonderland\CGF\VG_Longplays\Thumbs\Earthbound_-_Blind_Run(Part22).jpg --> www.jdluke.com /CGF/VG_Longplays/Thumbs Earthbound_-_Blind_Run(Part22).jpg
2016.01.20 20:02 B H:\Projects\Creamy's_Wonderland\CGF\VG_Longplays\Thumbs\Earthbound_-_Blind_Run(Part23).jpg --> www.jdluke.com /CGF/VG_Longplays/Thumbs Earthbound_-_Blind_Run(Part23).jpg
2016.01.20 20:02 B H:\Projects\Creamy's_Wonderland\CGF\VG_Longplays\Thumbs\Earthbound_-_Blind_Run(Part24).jpg --> www.jdluke.com /CGF/VG_Longplays/Thumbs Earthbound_-_Blind_Run(Part24).jpg
2016.01.20 20:02 B H:\Projects\Creamy's_Wonderland\CGF\VG_Longplays\Thumbs\Earthbound_-_Blind_Run(Part25).jpg --> www.jdluke.com /CGF/VG_Longplays/Thumbs Earthbound_-_Blind_Run(Part25).jpg
2016.01.20 20:02 B H:\Projects\Creamy's_Wonderland\CGF\VG_Longplays\Thumbs\Earthbound_-_Blind_Run(Part26).jpg --> www.jdluke.com /CGF/VG_Longplays/Thumbs Earthbound_-_Blind_Run(Part26).jpg
2016.01.20 20:02 B H:\Projects\Creamy's_Wonderland\CGF\VG_Longplays\Thumbs\Earthbound_-_Blind_Run(Part27).jpg --> www.jdluke.com /CGF/VG_Longplays/Thumbs Earthbound_-_Blind_Run(Part27).jpg
2016.01.20 20:02 B H:\Projects\Creamy's_Wonderland\CGF\VG_Longplays\Thumbs\Earthbound_-_Blind_Run(Part28).jpg --> www.jdluke.com /CGF/VG_Longplays/Thumbs Earthbound_-_Blind_Run(Part28).jpg
2016.01.20 20:02 B H:\Projects\Creamy's_Wonderland\CGF\VG_Longplays\Thumbs\Earthbound_-_Blind_Run(Part29).jpg --> www.jdluke.com /CGF/VG_Longplays/Thumbs Earthbound_-_Blind_Run(Part29).jpg
2016.01.20 20:02 B H:\Projects\Creamy's_Wonderland\CGF\VG_Longplays\Thumbs\Earthbound_-_Blind_Run(Part30).jpg --> www.jdluke.com /CGF/VG_Longplays/Thumbs Earthbound_-_Blind_Run(Part30).jpg
2016.01.20 20:02 B H:\Projects\Creamy's_Wonderland\CGF\VG_Longplays\Thumbs\Earthbound_-_Blind_Run(Part31).jpg --> www.jdluke.com /CGF/VG_Longplays/Thumbs Earthbound_-_Blind_Run(Part31).jpg
2016.01.20 20:02 B H:\Projects\Creamy's_Wonderland\CGF\VG_Longplays\Thumbs\Earthbound_-_Blind_Run(Part32).jpg --> www.jdluke.com /CGF/VG_Longplays/Thumbs Earthbound_-_Blind_Run(Part32).jpg
2016.01.20 20:02 B H:\Projects\Creamy's_Wonderland\CGF\VG_Longplays\Thumbs\Earthbound_-_Blind_Run(Part33).jpg --> www.jdluke.com /CGF/VG_Longplays/Thumbs Earthbound_-_Blind_Run(Part33).jpg
2016.01.20 20:02 B H:\Projects\Creamy's_Wonderland\CGF\VG_Longplays\Thumbs\Earthbound_-_Blind_Run(Part34).jpg --> www.jdluke.com /CGF/VG_Longplays/Thumbs Earthbound_-_Blind_Run(Part34).jpg
2016.01.20 20:02 B H:\Projects\Creamy's_Wonderland\CGF\VG_Longplays\Thumbs\Earthbound_-_Blind_Run(Part35).jpg --> www.jdluke.com /CGF/VG_Longplays/Thumbs Earthbound_-_Blind_Run(Part35).jpg
2016.01.20 20:02 B H:\Projects\Creamy's_Wonderland\CGF\VG_Longplays\Thumbs\Earthbound_-_Blind_Run(Part36).jpg --> www.jdluke.com /CGF/VG_Longplays/Thumbs Earthbound_-_Blind_Run(Part36).jpg
2016.01.20 20:02 B H:\Projects\Creamy's_Wonderland\CGF\VG_Longplays\Thumbs\Earthbound_-_Blind_Run(Part37).jpg --> www.jdluke.com /CGF/VG_Longplays/Thumbs Earthbound_-_Blind_Run(Part37).jpg
2016.01.20 20:02 B H:\Projects\Creamy's_Wonderland\CGF\VG_Longplays\Thumbs\Earthbound_-_Blind_Run(Part38).jpg --> www.jdluke.com /CGF/VG_Longplays/Thumbs Earthbound_-_Blind_Run(Part38).jpg
2016.01.20 20:02 B H:\Projects\Creamy's_Wonderland\CGF\VG_Longplays\Thumbs\Earthbound_-_Blind_Run(Part39).jpg --> www.jdluke.com /CGF/VG_Longplays/Thumbs Earthbound_-_Blind_Run(Part39).jpg
2016.01.20 20:02 B H:\Projects\Creamy's_Wonderland\CGF\VG_Longplays\Thumbs\Earthbound_-_Blind_Run(Part40).jpg --> www.jdluke.com /CGF/VG_Longplays/Thumbs Earthbound_-_Blind_Run(Part40).jpg
2016.11.24 05:31 B E:\Projects\Creamy's_Wonderland\CGF\VG_Longplays\Thumbs\Earthbound_-_Blind_Run(Part041).jpg --> www.jdluke.com /CGF/VG_Longplays/Thumbs Earthbound_-_Blind_Run(Part041).jpg
2016.11.24 05:31 B E:\Projects\Creamy's_Wonderland\CGF\VG_Longplays\Thumbs\Earthbound_-_Blind_Run(Part042).jpg --> www.jdluke.com /CGF/VG_Longplays/Thumbs Earthbound_-_Blind_Run(Part042).jpg
2016.11.24 05:31 B E:\Projects\Creamy's_Wonderland\CGF\VG_Longplays\Thumbs\Earthbound_-_Blind_Run(Part043).jpg --> www.jdluke.com /CGF/VG_Longplays/Thumbs Earthbound_-_Blind_Run(Part043).jpg
2016.11.24 05:31 B E:\Projects\Creamy's_Wonderland\CGF\VG_Longplays\Thumbs\Earthbound_-_Blind_Run(Part044).jpg --> www.jdluke.com /CGF/VG_Longplays/Thumbs Earthbound_-_Blind_Run(Part044).jpg
2016.11.24 05:31 B E:\Projects\Creamy's_Wonderland\CGF\VG_Longplays\Thumbs\Earthbound_-_Blind_Run(Part045).jpg --> www.jdluke.com /CGF/VG_Longplays/Thumbs Earthbound_-_Blind_Run(Part045).jpg
2016.11.24 05:32 B E:\Projects\Creamy's_Wonderland\CGF\VG_Longplays\Thumbs\Earthbound_-_Blind_Run(Part046).jpg --> www.jdluke.com /CGF/VG_Longplays/Thumbs Earthbound_-_Blind_Run(Part046).jpg
2016.11.24 05:32 B E:\Projects\Creamy's_Wonderland\CGF\VG_Longplays\Thumbs\Earthbound_-_Blind_Run(Part047).jpg --> www.jdluke.com /CGF/VG_Longplays/Thumbs Earthbound_-_Blind_Run(Part047).jpg
2016.11.24 05:32 B E:\Projects\Creamy's_Wonderland\CGF\VG_Longplays\Thumbs\Earthbound_-_Blind_Run(Part048).jpg --> www.jdluke.com /CGF/VG_Longplays/Thumbs Earthbound_-_Blind_Run(Part048).jpg
2016.11.24 05:32 B E:\Projects\Creamy's_Wonderland\CGF\VG_Longplays\Thumbs\Earthbound_-_Blind_Run(Part049).jpg --> www.jdluke.com /CGF/VG_Longplays/Thumbs Earthbound_-_Blind_Run(Part049).jpg
2016.11.24 05:32 B E:\Projects\Creamy's_Wonderland\CGF\VG_Longplays\Thumbs\Earthbound_-_Blind_Run(Part050).jpg --> www.jdluke.com /CGF/VG_Longplays/Thumbs Earthbound_-_Blind_Run(Part050).jpg
2016.11.24 05:32 B E:\Projects\Creamy's_Wonderland\CGF\VG_Longplays\Thumbs\Earthbound_-_Blind_Run(Part051).jpg --> www.jdluke.com /CGF/VG_Longplays/Thumbs Earthbound_-_Blind_Run(Part051).jpg
2016.11.24 05:32 B E:\Projects\Creamy's_Wonderland\CGF\VG_Longplays\Thumbs\Earthbound_-_Blind_Run(Part052).jpg --> www.jdluke.com /CGF/VG_Longplays/Thumbs Earthbound_-_Blind_Run(Part052).jpg
2016.11.24 05:32 B E:\Projects\Creamy's_Wonderland\CGF\VG_Longplays\Thumbs\Earthbound_-_Blind_Run(Part053).jpg --> www.jdluke.com /CGF/VG_Longplays/Thumbs Earthbound_-_Blind_Run(Part053).jpg
2016.11.24 05:32 B E:\Projects\Creamy's_Wonderland\CGF\VG_Longplays\Thumbs\Earthbound_-_Blind_Run(Part054).jpg --> www.jdluke.com /CGF/VG_Longplays/Thumbs Earthbound_-_Blind_Run(Part054).jpg
2016.11.24 05:32 B E:\Projects\Creamy's_Wonderland\CGF\VG_Longplays\Thumbs\Earthbound_-_Blind_Run(Part055).jpg --> www.jdluke.com /CGF/VG_Longplays/Thumbs Earthbound_-_Blind_Run(Part055).jpg
2016.11.24 05:32 B E:\Projects\Creamy's_Wonderland\CGF\VG_Longplays\Thumbs\Earthbound_-_Blind_Run(Part056).jpg --> www.jdluke.com /CGF/VG_Longplays/Thumbs Earthbound_-_Blind_Run(Part056).jpg
2016.11.24 05:32 B E:\Projects\Creamy's_Wonderland\CGF\VG_Longplays\Thumbs\Earthbound_-_Blind_Run(Part057).jpg --> www.jdluke.com /CGF/VG_Longplays/Thumbs Earthbound_-_Blind_Run(Part057).jpg
2016.11.24 05:32 B E:\Projects\Creamy's_Wonderland\CGF\VG_Longplays\Thumbs\Earthbound_-_Blind_Run(Part058).jpg --> www.jdluke.com /CGF/VG_Longplays/Thumbs Earthbound_-_Blind_Run(Part058).jpg
2016.11.24 05:32 B E:\Projects\Creamy's_Wonderland\CGF\VG_Longplays\Thumbs\Earthbound_-_Blind_Run(Part059).jpg --> www.jdluke.com /CGF/VG_Longplays/Thumbs Earthbound_-_Blind_Run(Part059).jpg
2016.11.24 05:32 B E:\Projects\Creamy's_Wonderland\CGF\VG_Longplays\Thumbs\Earthbound_-_Blind_Run(Part060).jpg --> www.jdluke.com /CGF/VG_Longplays/Thumbs Earthbound_-_Blind_Run(Part060).jpg
2018.02.26 17:29 B E:\Projects\Creamy's_Wonderland\CGF\VG_Longplays\Thumbs\The_Simpsons_Arcade_Game_-_4PR02(Part01).jpg --> www.jdluke.com /CGF/VG_Longplays/Thumbs The_Simpsons_Arcade_Game_-_4PR02(Part01).jpg
2018.02.26 17:29 B E:\Projects\Creamy's_Wonderland\CGF\VG_Longplays\Thumbs\The_Simpsons_Arcade_Game_-_4PR02(Part02).jpg --> www.jdluke.com /CGF/VG_Longplays/Thumbs The_Simpsons_Arcade_Game_-_4PR02(Part02).jpg
2018.02.26 17:29 B E:\Projects\Creamy's_Wonderland\CGF\VG_Longplays\Thumbs\The_Simpsons_Arcade_Game_-_4PR02(Part03).jpg --> www.jdluke.com /CGF/VG_Longplays/Thumbs The_Simpsons_Arcade_Game_-_4PR02(Part03).jpg
2018.02.26 17:29 B E:\Projects\Creamy's_Wonderland\CGF\VG_Longplays\Thumbs\The_Simpsons_Arcade_Game_-_4PR02(Part04).jpg --> www.jdluke.com /CGF/VG_Longplays/Thumbs The_Simpsons_Arcade_Game_-_4PR02(Part04).jpg
2018.02.26 17:29 B E:\Projects\Creamy's_Wonderland\CGF\VG_Longplays\Thumbs\The_Simpsons_Arcade_Game_-_4PR02(Part05).jpg --> www.jdluke.com /CGF/VG_Longplays/Thumbs The_Simpsons_Arcade_Game_-_4PR02(Part05).jpg
2018.02.26 17:29 B E:\Projects\Creamy's_Wonderland\CGF\VG_Longplays\Thumbs\The_Simpsons_Arcade_Game_-_4PR02(Part06).jpg --> www.jdluke.com /CGF/VG_Longplays/Thumbs The_Simpsons_Arcade_Game_-_4PR02(Part06).jpg
2018.02.26 17:29 B E:\Projects\Creamy's_Wonderland\CGF\VG_Longplays\Thumbs\The_Simpsons_Arcade_Game_-_4PR02(Part07).jpg --> www.jdluke.com /CGF/VG_Longplays/Thumbs The_Simpsons_Arcade_Game_-_4PR02(Part07).jpg
2018.02.26 17:29 B E:\Projects\Creamy's_Wonderland\CGF\VG_Longplays\Thumbs\The_Simpsons_Arcade_Game_-_4PR02(Part08).jpg --> www.jdluke.com /CGF/VG_Longplays/Thumbs The_Simpsons_Arcade_Game_-_4PR02(Part08).jpg
