2000.06.12 19:30 B E:\Creamy\Quake2\Model_Tut\Mesh&Bones_Icon.gif --> ftp.nis.net /u/home/toptenn/public.html/Quake2/Model_Tut Mesh&Bones_Icon.gif
2000.06.12 19:32 B E:\Creamy\Quake2\Model_Tut\AddLock.gif --> ftp.nis.net /u/home/toptenn/public.html/Quake2/Model_Tut AddLock.gif
2000.06.12 19:33 B E:\Creamy\Quake2\Model_Tut\Tut1_1.gif --> ftp.nis.net /u/home/toptenn/public.html/Quake2/Model_Tut Tut1_1.gif
2000.06.12 19:33 B E:\Creamy\Quake2\Model_Tut\Tut1_2.gif --> ftp.nis.net /u/home/toptenn/public.html/Quake2/Model_Tut Tut1_2.gif
2000.06.12 19:33 B E:\Creamy\Quake2\Model_Tut\Tut1_3.gif --> ftp.nis.net /u/home/toptenn/public.html/Quake2/Model_Tut Tut1_3.gif
2000.06.12 19:33 B E:\Creamy\Quake2\Model_Tut\Tut1_4.gif --> ftp.nis.net /u/home/toptenn/public.html/Quake2/Model_Tut Tut1_4.gif
2000.06.12 19:33 B E:\Creamy\Quake2\Model_Tut\Tut1_5.gif --> ftp.nis.net /u/home/toptenn/public.html/Quake2/Model_Tut Tut1_5.gif
2000.06.12 19:33 B E:\Creamy\Quake2\Model_Tut\Tut1_6.gif --> ftp.nis.net /u/home/toptenn/public.html/Quake2/Model_Tut Tut1_6.gif
2000.06.14 13:05 B E:\Creamy\Quake2\Model_Tut\WristTwist-180.gif --> ftp.fortunecity.com /Public.html/Quake2/Model_Tut WristTwist-180.gif
2000.06.14 13:05 B E:\Creamy\Quake2\Model_Tut\WristTwist90.gif --> ftp.fortunecity.com /Public.html/Quake2/Model_Tut WristTwist90.gif
2000.06.14 13:06 B E:\Creamy\Quake2\Model_Tut\WristTwist180.gif --> ftp.fortunecity.com /Public.html/Quake2/Model_Tut WristTwist180.gif
2000.06.14 13:06 B E:\Creamy\Quake2\Model_Tut\WristTwist-90.gif --> ftp.fortunecity.com /Public.html/Quake2/Model_Tut WristTwist-90.gif
2000.06.14 13:06 B E:\Creamy\Quake2\Model_Tut\SS_Elbow90.gif --> ftp.fortunecity.com /Public.html/Quake2/Model_Tut SS_Elbow90.gif
2000.06.14 13:06 B E:\Creamy\Quake2\Model_Tut\NoSS_Elbow90.gif --> ftp.fortunecity.com /Public.html/Quake2/Model_Tut NoSS_Elbow90.gif
2000.06.14 13:06 B E:\Creamy\Quake2\Model_Tut\SS_Elbow135.gif --> ftp.fortunecity.com /Public.html/Quake2/Model_Tut SS_Elbow135.gif
2000.06.14 13:06 B E:\Creamy\Quake2\Model_Tut\NoSS_Elbow135.gif --> ftp.fortunecity.com /Public.html/Quake2/Model_Tut NoSS_Elbow135.gif
2000.06.14 13:06 B E:\Creamy\Quake2\Model_Tut\SS_Elbow.gif --> ftp.fortunecity.com /Public.html/Quake2/Model_Tut SS_Elbow.gif
2000.06.14 13:07 B E:\Creamy\Quake2\Model_Tut\SS_Knee.gif --> ftp.fortunecity.com /Public.html/Quake2/Model_Tut SS_Knee.gif
2000.06.14 13:07 B E:\Creamy\Quake2\Model_Tut\Tut1_6.gif --> ftp.fortunecity.com /Public.html/Quake2/Model_Tut Tut1_6.gif
2000.06.14 13:07 B E:\Creamy\Quake2\Model_Tut\Tut1_5.gif --> ftp.fortunecity.com /Public.html/Quake2/Model_Tut Tut1_5.gif
2000.06.14 13:07 B E:\Creamy\Quake2\Model_Tut\Tut1_4.gif --> ftp.fortunecity.com /Public.html/Quake2/Model_Tut Tut1_4.gif
2000.06.14 13:07 B E:\Creamy\Quake2\Model_Tut\Tut1_3.gif --> ftp.fortunecity.com /Public.html/Quake2/Model_Tut Tut1_3.gif
2000.06.14 13:08 B E:\Creamy\Quake2\Model_Tut\Tut1_2.gif --> ftp.fortunecity.com /Public.html/Quake2/Model_Tut Tut1_2.gif
2000.06.14 13:08 B E:\Creamy\Quake2\Model_Tut\Tut1_1.gif --> ftp.fortunecity.com /Public.html/Quake2/Model_Tut Tut1_1.gif
2000.06.14 13:08 B E:\Creamy\Quake2\Model_Tut\AddLock.gif --> ftp.fortunecity.com /Public.html/Quake2/Model_Tut AddLock.gif
2000.06.14 14:34 B E:\Creamy\Quake2\Model_Tut\Mesh&Bones_Page.html --> ftp.nis.net /u/home/toptenn/public.html/Quake2/Model_Tut Mesh&Bones_Page.html
2000.06.14 14:35 B E:\Creamy\Quake2\Model_Tut\Mesh&Bones_Page.html --> ftp.nis.net /u/home/toptenn/public.html/Quake2/Model_Tut Mesh&Bones_Page.html
2000.06.14 15:01 B E:\Creamy\Quake2\Model_Tut\AddLock.gif --> ftp.nis.net /u/home/toptenn/public.html/Quake2/Model_Tut AddLock.gif
2000.06.14 15:01 B E:\Creamy\Quake2\Model_Tut\NoSS_Elbow135.gif --> ftp.nis.net /u/home/toptenn/public.html/Quake2/Model_Tut NoSS_Elbow135.gif
2000.06.14 15:01 B E:\Creamy\Quake2\Model_Tut\NoSS_Elbow90.gif --> ftp.nis.net /u/home/toptenn/public.html/Quake2/Model_Tut NoSS_Elbow90.gif
2000.06.14 15:01 B E:\Creamy\Quake2\Model_Tut\SS_Elbow.gif --> ftp.nis.net /u/home/toptenn/public.html/Quake2/Model_Tut SS_Elbow.gif
2000.06.14 15:01 B E:\Creamy\Quake2\Model_Tut\SS_Elbow135.gif --> ftp.nis.net /u/home/toptenn/public.html/Quake2/Model_Tut SS_Elbow135.gif
2000.06.14 15:01 B E:\Creamy\Quake2\Model_Tut\SS_Elbow90.gif --> ftp.nis.net /u/home/toptenn/public.html/Quake2/Model_Tut SS_Elbow90.gif
2000.06.14 15:01 B E:\Creamy\Quake2\Model_Tut\SS_Knee.gif --> ftp.nis.net /u/home/toptenn/public.html/Quake2/Model_Tut SS_Knee.gif
2000.06.14 15:01 B E:\Creamy\Quake2\Model_Tut\WristTwist-180.gif --> ftp.nis.net /u/home/toptenn/public.html/Quake2/Model_Tut WristTwist-180.gif
2000.06.14 15:01 B E:\Creamy\Quake2\Model_Tut\WristTwist-90.gif --> ftp.nis.net /u/home/toptenn/public.html/Quake2/Model_Tut WristTwist-90.gif
2000.06.14 15:01 B E:\Creamy\Quake2\Model_Tut\WristTwist180.gif --> ftp.nis.net /u/home/toptenn/public.html/Quake2/Model_Tut WristTwist180.gif
2000.06.14 15:01 B E:\Creamy\Quake2\Model_Tut\WristTwist90.gif --> ftp.nis.net /u/home/toptenn/public.html/Quake2/Model_Tut WristTwist90.gif
2000.06.14 15:24 B E:\Creamy\Quake2\Model_Tut\Mesh&Bones_Page.html --> ftp.nis.net /u/home/toptenn/public.html/Quake2/Model_Tut Mesh&Bones_Page.html
2000.06.14 19:38 B E:\Creamy\Quake2\Model_Tut\Mesh&Bones_Page.html --> ftp.nis.net /u/home/toptenn/public.html/Quake2/Model_Tut Mesh&Bones_Page.html
2000.10.14 00:41 B E:\Creamy\Quake2\Model_Tut\Mesh&Bones_Page.html --> planetquake.com /polycount/cottages/iwow/Quake2/Model_Tut Mesh&Bones_Page.html
2003.01.03 07:33 B C:\Projects\Creamy's_Wonderland\Quake2\model_tut\ws_ftp.log <-- Creamy's Wonderland /polycount/cottages/iwow/quake2/model_tut ws_ftp.log
2003.01.03 19:18 B C:\Projects\Creamy's_Wonderland\Quake2\model_tut\mesh&bones_page.html --> www.planetquake.com /polycount/cottages/iwow/quake2/model_tut mesh&bones_page.html
2003.03.06 20:19 B E:\Projects\Creamy's Wonderland\Quake2\model_tut\AddLock.gif <-- Creamy's Wonderland /polycount/cottages/iwow/Quake2/Model_Tut AddLock.gif
2003.03.06 20:19 B E:\Projects\Creamy's Wonderland\Quake2\model_tut\NoSS_Elbow135.gif <-- Creamy's Wonderland /polycount/cottages/iwow/Quake2/Model_Tut NoSS_Elbow135.gif
2003.03.06 20:19 B E:\Projects\Creamy's Wonderland\Quake2\model_tut\NoSS_Elbow90.gif <-- Creamy's Wonderland /polycount/cottages/iwow/Quake2/Model_Tut NoSS_Elbow90.gif
2003.03.06 20:19 B E:\Projects\Creamy's Wonderland\Quake2\model_tut\SS_Elbow.gif <-- Creamy's Wonderland /polycount/cottages/iwow/Quake2/Model_Tut SS_Elbow.gif
2003.03.06 20:19 B E:\Projects\Creamy's Wonderland\Quake2\model_tut\SS_Elbow135.gif <-- Creamy's Wonderland /polycount/cottages/iwow/Quake2/Model_Tut SS_Elbow135.gif
2003.03.06 20:19 B E:\Projects\Creamy's Wonderland\Quake2\model_tut\SS_Elbow90.gif <-- Creamy's Wonderland /polycount/cottages/iwow/Quake2/Model_Tut SS_Elbow90.gif
2003.03.06 20:20 B E:\Projects\Creamy's Wonderland\Quake2\model_tut\SS_Knee.gif <-- Creamy's Wonderland /polycount/cottages/iwow/Quake2/Model_Tut SS_Knee.gif
2003.03.06 20:20 B E:\Projects\Creamy's Wonderland\Quake2\model_tut\Tut1_1.gif <-- Creamy's Wonderland /polycount/cottages/iwow/Quake2/Model_Tut Tut1_1.gif
2003.03.06 20:21 B E:\Projects\Creamy's Wonderland\Quake2\model_tut\Tut1_2.gif <-- Creamy's Wonderland /polycount/cottages/iwow/Quake2/Model_Tut Tut1_2.gif
2003.03.06 20:23 B E:\Projects\Creamy's Wonderland\Quake2\model_tut\AddLock.gif <-- Creamy's Wonderland /polycount/cottages/iwow/Quake2/Model_Tut AddLock.gif
2003.03.06 20:25 B E:\Projects\Creamy's Wonderland\Quake2\model_tut\AddLock.gif <-- Creamy's Wonderland /polycount/cottages/iwow/Quake2/Model_Tut AddLock.gif
2003.03.06 20:25 B E:\Projects\Creamy's Wonderland\Quake2\model_tut\Mesh&Bones_Icon.gif <-- Creamy's Wonderland /polycount/cottages/iwow/Quake2/Model_Tut Mesh&Bones_Icon.gif
2003.03.06 20:25 B E:\Projects\Creamy's Wonderland\Quake2\model_tut\NoSS_Elbow135.gif <-- Creamy's Wonderland /polycount/cottages/iwow/Quake2/Model_Tut NoSS_Elbow135.gif
2003.03.06 20:25 B E:\Projects\Creamy's Wonderland\Quake2\model_tut\NoSS_Elbow90.gif <-- Creamy's Wonderland /polycount/cottages/iwow/Quake2/Model_Tut NoSS_Elbow90.gif
2003.03.06 20:25 B E:\Projects\Creamy's Wonderland\Quake2\model_tut\SS_Elbow.gif <-- Creamy's Wonderland /polycount/cottages/iwow/Quake2/Model_Tut SS_Elbow.gif
2003.03.06 20:25 B E:\Projects\Creamy's Wonderland\Quake2\model_tut\SS_Elbow135.gif <-- Creamy's Wonderland /polycount/cottages/iwow/Quake2/Model_Tut SS_Elbow135.gif
2003.03.06 20:25 B E:\Projects\Creamy's Wonderland\Quake2\model_tut\SS_Elbow90.gif <-- Creamy's Wonderland /polycount/cottages/iwow/Quake2/Model_Tut SS_Elbow90.gif
2003.03.06 20:25 B E:\Projects\Creamy's Wonderland\Quake2\model_tut\SS_Knee.gif <-- Creamy's Wonderland /polycount/cottages/iwow/Quake2/Model_Tut SS_Knee.gif
2003.03.06 20:25 B E:\Projects\Creamy's Wonderland\Quake2\model_tut\Tut1_1.gif <-- Creamy's Wonderland /polycount/cottages/iwow/Quake2/Model_Tut Tut1_1.gif
2003.03.06 20:25 B E:\Projects\Creamy's Wonderland\Quake2\model_tut\Tut1_2.gif <-- Creamy's Wonderland /polycount/cottages/iwow/Quake2/Model_Tut Tut1_2.gif
2003.03.06 20:25 B E:\Projects\Creamy's Wonderland\Quake2\model_tut\Tut1_3.gif <-- Creamy's Wonderland /polycount/cottages/iwow/Quake2/Model_Tut Tut1_3.gif
2003.03.06 20:25 B E:\Projects\Creamy's Wonderland\Quake2\model_tut\Tut1_4.gif <-- Creamy's Wonderland /polycount/cottages/iwow/Quake2/Model_Tut Tut1_4.gif
2003.03.06 20:25 B E:\Projects\Creamy's Wonderland\Quake2\model_tut\Tut1_5.gif <-- Creamy's Wonderland /polycount/cottages/iwow/Quake2/Model_Tut Tut1_5.gif
2003.03.06 20:25 B E:\Projects\Creamy's Wonderland\Quake2\model_tut\Tut1_6.gif <-- Creamy's Wonderland /polycount/cottages/iwow/Quake2/Model_Tut Tut1_6.gif
2003.03.06 20:25 B E:\Projects\Creamy's Wonderland\Quake2\model_tut\WristTwist-180.gif <-- Creamy's Wonderland /polycount/cottages/iwow/Quake2/Model_Tut WristTwist-180.gif
2003.03.06 20:26 B E:\Projects\Creamy's Wonderland\Quake2\model_tut\WristTwist-90.gif <-- Creamy's Wonderland /polycount/cottages/iwow/Quake2/Model_Tut WristTwist-90.gif
2003.03.06 20:26 B E:\Projects\Creamy's Wonderland\Quake2\model_tut\WristTwist180.gif <-- Creamy's Wonderland /polycount/cottages/iwow/Quake2/Model_Tut WristTwist180.gif
2003.03.06 20:26 B E:\Projects\Creamy's Wonderland\Quake2\model_tut\WristTwist90.gif <-- Creamy's Wonderland /polycount/cottages/iwow/Quake2/Model_Tut WristTwist90.gif
2003.04.28 03:08 B E:\Projects\Creamy's Wonderland\Quake2\model_tut\INYA.gif --> www.planetquake.com /polycount/cottages/iwow/Quake2/Model_Tut INYA.gif
2003.04.28 03:08 B E:\Projects\Creamy's Wonderland\Quake2\model_tut\Tut2_6.gif --> www.planetquake.com /polycount/cottages/iwow/Quake2/Model_Tut Tut2_6.gif
2003.04.28 03:08 B E:\Projects\Creamy's Wonderland\Quake2\model_tut\Tut2_5.gif --> www.planetquake.com /polycount/cottages/iwow/Quake2/Model_Tut Tut2_5.gif
2003.04.28 03:08 B E:\Projects\Creamy's Wonderland\Quake2\model_tut\Tut2_4.gif --> www.planetquake.com /polycount/cottages/iwow/Quake2/Model_Tut Tut2_4.gif
2003.04.28 03:08 B E:\Projects\Creamy's Wonderland\Quake2\model_tut\Tut2_3.gif --> www.planetquake.com /polycount/cottages/iwow/Quake2/Model_Tut Tut2_3.gif
2003.04.28 03:08 B E:\Projects\Creamy's Wonderland\Quake2\model_tut\Tut2_2.gif --> www.planetquake.com /polycount/cottages/iwow/Quake2/Model_Tut Tut2_2.gif
2003.04.28 03:08 B E:\Projects\Creamy's Wonderland\Quake2\model_tut\Tut2_1.gif --> www.planetquake.com /polycount/cottages/iwow/Quake2/Model_Tut Tut2_1.gif
2003.04.28 03:08 B E:\Projects\Creamy's Wonderland\Quake2\model_tut\KMM.gif --> www.planetquake.com /polycount/cottages/iwow/Quake2/Model_Tut KMM.gif
2003.04.28 23:21 B E:\Projects\Creamy's Wonderland\Quake2\model_tut\Animations_Icon.gif --> www.planetquake.com /polycount/cottages/iwow/Quake2/Model_Tut Animations_Icon.gif
2003.04.28 23:52 B E:\Projects\Creamy's Wonderland\Quake2\model_tut\Animations_Page(fs).html --> www.planetquake.com /polycount/cottages/iwow/Quake2/Model_Tut Animations_Page(fs).html
2003.04.28 23:52 B E:\Projects\Creamy's Wonderland\Quake2\model_tut\Mesh&Bones_Page(lfm).html --> www.planetquake.com /polycount/cottages/iwow/Quake2/Model_Tut Mesh&Bones_Page(lfm).html
2003.04.29 00:28 B E:\Projects\Creamy's Wonderland\Quake2\model_tut\Animations_Page.html --> www.planetquake.com /polycount/cottages/iwow/Quake2/Model_Tut Animations_Page.html
2003.04.29 00:28 B E:\Projects\Creamy's Wonderland\Quake2\model_tut\Animations_Page(lfm).html --> www.planetquake.com /polycount/cottages/iwow/Quake2/Model_Tut Animations_Page(lfm).html
2003.04.29 00:35 B E:\Projects\Creamy's Wonderland\Quake2\model_tut\Animations_Page.html --> www.planetquake.com /polycount/cottages/iwow/Quake2/BJQ2T Animations_Page.html
2003.04.29 00:36 B E:\Projects\Creamy's Wonderland\Quake2\model_tut\Animations_Page.html --> www.planetquake.com /polycount/cottages/iwow/Quake2/Model_Tut Animations_Page.html
2003.05.24 01:43 B E:\Projects\Creamy's Wonderland\Quake2\model_tut\Animations_Page.html --> www.planetquake.com /polycount/cottages/iwow/Quake2/Model_Tut Animations_Page.html
2003.05.28 17:00 B E:\Projects\Creamy's Wonderland\Quake2\model_tut\Animations_Icon.gif --> www.planetquake.com /polycount/cottages/iwow/Quake2/Model_Tut Animations_Icon.gif
2003.05.28 19:29 B E:\Projects\Creamy's Wonderland\Quake2\model_tut\Animations_Page.html --> www.planetquake.com /polycount/cottages/iwow/Quake2/Model_Tut Animations_Page.html
2003.06.06 00:22 B E:\Projects\Creamy's Wonderland\Quake2\model_tut\Animations_Page.html --> www.planetquake.com /polycount/cottages/iwow/Quake2/Model_Tut Animations_Page.html
2003.06.06 00:24 B E:\Projects\Creamy's Wonderland\Quake2\model_tut\Animations_Page.html --> www.planetquake.com /polycount/cottages/iwow/Quake2/Model_Tut Animations_Page.html
2003.06.08 02:59 B E:\Projects\Creamy's Wonderland\Quake2\model_tut\EE1_05.gif --> www.planetquake.com /polycount/cottages/iwow/Quake2/Model_Tut EE1_05.gif
2003.06.08 02:59 B E:\Projects\Creamy's Wonderland\Quake2\model_tut\EE1_04.gif --> www.planetquake.com /polycount/cottages/iwow/Quake2/Model_Tut EE1_04.gif
2003.06.08 02:59 B E:\Projects\Creamy's Wonderland\Quake2\model_tut\EE1_03.gif --> www.planetquake.com /polycount/cottages/iwow/Quake2/Model_Tut EE1_03.gif
2003.06.08 02:59 B E:\Projects\Creamy's Wonderland\Quake2\model_tut\EE1_02.gif --> www.planetquake.com /polycount/cottages/iwow/Quake2/Model_Tut EE1_02.gif
2003.06.08 02:59 B E:\Projects\Creamy's Wonderland\Quake2\model_tut\EE1_01.gif --> www.planetquake.com /polycount/cottages/iwow/Quake2/Model_Tut EE1_01.gif
2003.06.08 03:24 B E:\Projects\Creamy's Wonderland\Quake2\model_tut\EE1_05.gif --> www.planetquake.com /polycount/cottages/iwow/Quake2/Model_Tut EE1_05.gif
2003.06.08 03:24 B E:\Projects\Creamy's Wonderland\Quake2\model_tut\EE1_04.gif --> www.planetquake.com /polycount/cottages/iwow/Quake2/Model_Tut EE1_04.gif
2003.06.08 03:24 B E:\Projects\Creamy's Wonderland\Quake2\model_tut\EE1_03.gif --> www.planetquake.com /polycount/cottages/iwow/Quake2/Model_Tut EE1_03.gif
2003.07.03 21:17 B E:\Projects\Creamy's Wonderland\Quake2\model_tut\EE2_04.gif --> www.planetquake.com /polycount/cottages/iwow/Quake2/Model_Tut EE2_04.gif
2003.07.03 21:17 B E:\Projects\Creamy's Wonderland\Quake2\model_tut\EE2_03.gif --> www.planetquake.com /polycount/cottages/iwow/Quake2/Model_Tut EE2_03.gif
2003.07.03 21:17 B E:\Projects\Creamy's Wonderland\Quake2\model_tut\EE2_02.gif --> www.planetquake.com /polycount/cottages/iwow/Quake2/Model_Tut EE2_02.gif
2003.07.03 21:17 B E:\Projects\Creamy's Wonderland\Quake2\model_tut\EE2_01.gif --> www.planetquake.com /polycount/cottages/iwow/Quake2/Model_Tut EE2_01.gif
2003.07.03 21:49 B E:\Projects\Creamy's Wonderland\Quake2\model_tut\Channel_Lin.gif --> www.planetquake.com /polycount/cottages/iwow/Quake2/Model_Tut Channel_Lin.gif
2003.07.03 21:56 B E:\Projects\Creamy's Wonderland\Quake2\model_tut\Edit_Channels.gif --> www.planetquake.com /polycount/cottages/iwow/Quake2/Model_Tut Edit_Channels.gif
2003.07.10 23:03 B E:\Projects\Creamy's Wonderland\Quake2\model_tut\Mesh&Bones_Page.html --> www.planetquake.com /polycount/cottages/iwow/Quake2/Model_Tut Mesh&Bones_Page.html
2003.07.11 00:02 B E:\Projects\Creamy's Wonderland\Quake2\model_tut\Mesh&Bones_Page.html --> www.planetquake.com /polycount/cottages/iwow/Quake2/Model_Tut Mesh&Bones_Page.html
2003.07.11 00:10 B E:\Projects\Creamy's Wonderland\Quake2\model_tut\Mesh&Bones_Page.html --> www.planetquake.com /polycount/cottages/iwow/Quake2/Model_Tut Mesh&Bones_Page.html
2003.07.11 00:11 B E:\Projects\Creamy's Wonderland\Quake2\model_tut\Mesh&Bones_Page.html --> www.planetquake.com /polycount/cottages/iwow/Quake2/Model_Tut Mesh&Bones_Page.html
2003.07.11 00:12 B E:\Projects\Creamy's Wonderland\Quake2\model_tut\Mesh&Bones_Page.html --> www.planetquake.com /polycount/cottages/iwow/Quake2/Model_Tut Mesh&Bones_Page.html
2003.07.30 23:00 B E:\Projects\Creamy's Wonderland\Quake2\model_tut\Tut2_12.gif --> www.planetquake.com /polycount/cottages/iwow/Quake2/Model_Tut Tut2_12.gif
2003.07.30 23:00 B E:\Projects\Creamy's Wonderland\Quake2\model_tut\Tut2_11.gif --> www.planetquake.com /polycount/cottages/iwow/Quake2/Model_Tut Tut2_11.gif
2003.07.30 23:00 B E:\Projects\Creamy's Wonderland\Quake2\model_tut\Tut2_10.gif --> www.planetquake.com /polycount/cottages/iwow/Quake2/Model_Tut Tut2_10.gif
2003.07.30 23:00 B E:\Projects\Creamy's Wonderland\Quake2\model_tut\Tut2_09.gif --> www.planetquake.com /polycount/cottages/iwow/Quake2/Model_Tut Tut2_09.gif
2003.07.30 23:00 B E:\Projects\Creamy's Wonderland\Quake2\model_tut\Tut2_08.gif --> www.planetquake.com /polycount/cottages/iwow/Quake2/Model_Tut Tut2_08.gif
2003.07.30 23:00 B E:\Projects\Creamy's Wonderland\Quake2\model_tut\Tut2_07.gif --> www.planetquake.com /polycount/cottages/iwow/Quake2/Model_Tut Tut2_07.gif
2003.07.30 23:00 B E:\Projects\Creamy's Wonderland\Quake2\model_tut\PrevKey.gif --> www.planetquake.com /polycount/cottages/iwow/Quake2/Model_Tut PrevKey.gif
2003.07.30 23:08 B E:\Projects\Creamy's Wonderland\Quake2\model_tut\PrevKey.gif --> www.planetquake.com /polycount/cottages/iwow/Quake2/Model_Tut PrevKey.gif
2003.07.30 23:59 B E:\Projects\Creamy's Wonderland\Quake2\model_tut\Animations_Page.html --> www.planetquake.com /polycount/cottages/iwow/Quake2/Model_Tut Animations_Page.html
2003.12.23 22:14 B E:\Projects\Creamy's Wonderland\Quake2\model_tut\Animations_Page.html --> www.planetquake.com /polycount/cottages/iwow/Quake2/Model_Tut Animations_Page.html
2003.12.23 22:16 B E:\Projects\Creamy's Wonderland\Quake2\model_tut\Animations_Page(lfm).html --> www.planetquake.com /polycount/cottages/iwow/Quake2/Model_Tut Animations_Page(lfm).html
2004.02.09 17:07 B E:\Projects\Creamy's Wonderland\Quake2\model_tut\Optimization_Page.html --> www.planetquake.com /polycount/cottages/iwow/Quake2/Model_Tut Optimization_Page.html
2004.02.09 17:18 B E:\Projects\Creamy's Wonderland\Quake2\model_tut\Optimization_Page.html --> www.planetquake.com /polycount/cottages/iwow/Quake2/Model_Tut Optimization_Page.html
2004.02.09 17:19 B E:\Projects\Creamy's Wonderland\Quake2\model_tut\Optimization_Page.html --> www.planetquake.com /polycount/cottages/iwow/Quake2/Model_Tut Optimization_Page.html
2004.02.09 17:27 B E:\Projects\Creamy's Wonderland\Quake2\model_tut\Optimization_Page.html --> www.planetquake.com /polycount/cottages/iwow/Quake2/Model_Tut Optimization_Page.html
2004.05.02 13:22 B E:\Projects\Creamy's Wonderland\Quake2\model_tut\Frames_Corrected.gif --> www.planetquake.com /polycount/cottages/iwow/Quake2/Model_Tut Frames_Corrected.gif
2004.05.02 13:22 B E:\Projects\Creamy's Wonderland\Quake2\model_tut\Frames_Original.gif --> www.planetquake.com /polycount/cottages/iwow/Quake2/Model_Tut Frames_Original.gif
2004.05.02 13:22 B E:\Projects\Creamy's Wonderland\Quake2\model_tut\EC_Spline02.gif --> www.planetquake.com /polycount/cottages/iwow/Quake2/Model_Tut EC_Spline02.gif
2004.05.02 13:23 B E:\Projects\Creamy's Wonderland\Quake2\model_tut\EC_Spline01.gif --> www.planetquake.com /polycount/cottages/iwow/Quake2/Model_Tut EC_Spline01.gif
2004.05.02 13:23 B E:\Projects\Creamy's Wonderland\Quake2\model_tut\Rot_Correct.gif --> www.planetquake.com /polycount/cottages/iwow/Quake2/Model_Tut Rot_Correct.gif
2004.05.02 13:31 B E:\Projects\Creamy's Wonderland\Quake2\model_tut\Optimization_Page.html --> www.planetquake.com /polycount/cottages/iwow/Quake2/Model_Tut Optimization_Page.html
2004.10.02 18:30 B E:\Projects\Creamy's Wonderland\Quake2\model_tut\Optimization_Icon.gif --> hosting.gamespy.com /planetquake/polycount/cottages/iwow/Quake2/Model_Tut Optimization_Icon.gif
2004.10.02 22:03 B E:\Projects\Creamy's Wonderland\Quake2\model_tut\Mesh&Bones_Page(lfm).html --> hosting.gamespy.com /planetquake/polycount/cottages/iwow/Quake2/Model_Tut Mesh&Bones_Page(lfm).html
2004.10.02 22:03 B E:\Projects\Creamy's Wonderland\Quake2\model_tut\Optimization_Page(lfm).html --> hosting.gamespy.com /planetquake/polycount/cottages/iwow/Quake2/Model_Tut Optimization_Page(lfm).html
2004.10.02 22:03 B E:\Projects\Creamy's Wonderland\Quake2\model_tut\Animations_Page(lfm).html --> hosting.gamespy.com /planetquake/polycount/cottages/iwow/Quake2/Model_Tut Animations_Page(lfm).html
2004.10.02 22:03 B E:\Projects\Creamy's Wonderland\Quake2\model_tut\Optimization_Page(fs).html --> hosting.gamespy.com /planetquake/polycount/cottages/iwow/Quake2/Model_Tut Optimization_Page(fs).html
2004.10.22 22:48 B E:\Projects\Creamy's Wonderland\Quake2\model_tut\Optimization_Page.html --> hosting.gamespy.com /planetquake/polycount/cottages/iwow/Quake2/Model_Tut Optimization_Page.html
2004.10.22 22:48 B E:\Projects\Creamy's Wonderland\Quake2\model_tut\Animations_Page.html --> hosting.gamespy.com /planetquake/polycount/cottages/iwow/Quake2/Model_Tut Animations_Page.html
2004.10.22 22:48 B E:\Projects\Creamy's Wonderland\Quake2\model_tut\Mesh&Bones_Page.html --> hosting.gamespy.com /planetquake/polycount/cottages/iwow/Quake2/Model_Tut Mesh&Bones_Page.html
2005.10.02 22:45 B C:\Projects\Creamy's Wonderland\Games\Quake2\model_tut\Optimization_Page.html --> hosting.gamespy.com /planetquake/polycount/cottages/iwow/Games/Quake2/Model_Tut Optimization_Page.html
2005.10.02 22:45 B C:\Projects\Creamy's Wonderland\Games\Quake2\model_tut\Animations_Page.html --> hosting.gamespy.com /planetquake/polycount/cottages/iwow/Games/Quake2/Model_Tut Animations_Page.html
2005.10.02 22:45 B C:\Projects\Creamy's Wonderland\Games\Quake2\model_tut\Mesh&Bones_Page.html --> hosting.gamespy.com /planetquake/polycount/cottages/iwow/Games/Quake2/Model_Tut Mesh&Bones_Page.html
2006.07.01 16:01 B E:\Projects\Creamy's Wonderland\Games\Quake2\model_tut\Mesh&Bones_Page.html --> web.planethosting.gamespy.com /iwow.cottages.polycount.com/Games/Quake2/Model_Tut Mesh&Bones_Page.html
2006.07.01 16:01 B E:\Projects\Creamy's Wonderland\Games\Quake2\model_tut\Optimization_Page.html --> web.planethosting.gamespy.com /iwow.cottages.polycount.com/Games/Quake2/Model_Tut Optimization_Page.html
2006.07.01 16:01 B E:\Projects\Creamy's Wonderland\Games\Quake2\model_tut\Animations_Page.html --> web.planethosting.gamespy.com /iwow.cottages.polycount.com/Games/Quake2/Model_Tut Animations_Page.html
2007.07.01 20:06 B E:\Projects\Creamy's Wonderland\Games\Quake2\model_tut\Optimization_Page.html --> web.planethosting.gamespy.com /iwow.cottages.polycount.com/Games/Quake2/Model_Tut Optimization_Page.html
2007.07.01 20:06 B E:\Projects\Creamy's Wonderland\Games\Quake2\model_tut\Mesh&Bones_Page.html --> web.planethosting.gamespy.com /iwow.cottages.polycount.com/Games/Quake2/Model_Tut Mesh&Bones_Page.html
2007.07.01 20:06 B E:\Projects\Creamy's Wonderland\Games\Quake2\model_tut\Animations_Page.html --> web.planethosting.gamespy.com /iwow.cottages.polycount.com/Games/Quake2/Model_Tut Animations_Page.html
2009.04.08 21:19 B E:\Projects\Creamy's Wonderland\Games\Quake2\model_tut\Mesh&Bones_Page.html <-- Creamy's Wonderland /creamyg.planetquake.gamespy.com/Games/Quake2/Model_Tut Mesh&Bones_Page.html
2009.04.08 21:26 B E:\Projects\Creamy's Wonderland\Games\Quake2\model_tut\Mesh&Bones_Page.html --> web.planethosting.gamespy.com /creamyg.planetquake.gamespy.com/Games/Quake2/Model_Tut Mesh&Bones_Page.html
2009.04.08 21:28 B E:\Projects\Creamy's Wonderland\Games\Quake2\model_tut\Mesh&Bones_Page.html --> web.planethosting.gamespy.com /creamyg.planetquake.gamespy.com/Games/Quake2/Model_Tut Mesh&Bones_Page.html
2009.04.08 21:30 B E:\Projects\Creamy's Wonderland\Games\Quake2\model_tut\Mesh&Bones_Page.html --> web.planethosting.gamespy.com /creamyg.planetquake.gamespy.com/Games/Quake2/Model_Tut Mesh&Bones_Page.html
2009.04.08 21:34 B E:\Projects\Creamy's Wonderland\Games\Quake2\model_tut\Animations_Page.html <-- Creamy's Wonderland /creamyg.planetquake.gamespy.com/Games/Quake2/Model_Tut Animations_Page.html
2009.04.08 21:38 B E:\Projects\Creamy's Wonderland\Games\Quake2\model_tut\Animations_Page.html --> web.planethosting.gamespy.com /creamyg.planetquake.gamespy.com/Games/Quake2/Model_Tut Animations_Page.html
2009.04.08 21:48 B E:\Projects\Creamy's Wonderland\Games\Quake2\model_tut\Animations_Page.html --> web.planethosting.gamespy.com /creamyg.planetquake.gamespy.com/Games/Quake2/Model_Tut Animations_Page.html
2009.04.08 21:54 B E:\Projects\Creamy's Wonderland\Games\Quake2\model_tut\Optimization_Page.html <-- Creamy's Wonderland /creamyg.planetquake.gamespy.com/Games/Quake2/Model_Tut Optimization_Page.html
2009.04.08 21:57 B E:\Projects\Creamy's Wonderland\Games\Quake2\model_tut\Optimization_Page.html --> web.planethosting.gamespy.com /creamyg.planetquake.gamespy.com/Games/Quake2/Model_Tut Optimization_Page.html
2009.04.08 22:04 B E:\Projects\Creamy's Wonderland\Games\Quake2\model_tut\Optimization_Page.html --> web.planethosting.gamespy.com /creamyg.planetquake.gamespy.com/Games/Quake2/Model_Tut Optimization_Page.html
